[9.190s] Invoking command in '/home/nvidia/Desktop/code/ros2-test/face-robot-01/src/eye_cmds': PYTHONPATH=/home/nvidia/Desktop/code/ros2-test/face-robot-01/build/eye_cmds/prefix_override:/home/nvidia/Desktop/code/ros2-test/face-robot-01/install/eye_cmds/lib/python3.8/site-packages:${PYTHONPATH} /usr/bin/python3 setup.py egg_info --egg-base ../../build/eye_cmds build --build-base /home/nvidia/Desktop/code/ros2-test/face-robot-01/build/eye_cmds/build install --record /home/nvidia/Desktop/code/ros2-test/face-robot-01/build/eye_cmds/install.log --single-version-externally-managed
[10.395s] running egg_info
[10.398s] writing ../../build/eye_cmds/eye_cmds.egg-info/PKG-INFO
[10.400s] writing dependency_links to ../../build/eye_cmds/eye_cmds.egg-info/dependency_links.txt
[10.404s] writing entry points to ../../build/eye_cmds/eye_cmds.egg-info/entry_points.txt
[10.406s] writing requirements to ../../build/eye_cmds/eye_cmds.egg-info/requires.txt
[10.410s] writing top-level names to ../../build/eye_cmds/eye_cmds.egg-info/top_level.txt
[10.628s] reading manifest file '../../build/eye_cmds/eye_cmds.egg-info/SOURCES.txt'
[10.635s] writing manifest file '../../build/eye_cmds/eye_cmds.egg-info/SOURCES.txt'
[10.637s] running build
[10.638s] running build_py
[10.641s] running install
[10.646s] running install_lib
[10.654s] running install_data
[10.659s] running install_egg_info
[10.669s] removing '/home/nvidia/Desktop/code/ros2-test/face-robot-01/install/eye_cmds/lib/python3.8/site-packages/eye_cmds-0.0.0-py3.8.egg-info' (and everything under it)
[10.678s] Copying ../../build/eye_cmds/eye_cmds.egg-info to /home/nvidia/Desktop/code/ros2-test/face-robot-01/install/eye_cmds/lib/python3.8/site-packages/eye_cmds-0.0.0-py3.8.egg-info
[10.692s] running install_scripts
[10.822s] Installing eye_node script to /home/nvidia/Desktop/code/ros2-test/face-robot-01/install/eye_cmds/bin
[10.827s] writing list of installed files to '/home/nvidia/Desktop/code/ros2-test/face-robot-01/build/eye_cmds/install.log'
[11.142s] Invoked command in '/home/nvidia/Desktop/code/ros2-test/face-robot-01/src/eye_cmds' returned '0': PYTHONPATH=/home/nvidia/Desktop/code/ros2-test/face-robot-01/build/eye_cmds/prefix_override:/home/nvidia/Desktop/code/ros2-test/face-robot-01/install/eye_cmds/lib/python3.8/site-packages:${PYTHONPATH} /usr/bin/python3 setup.py egg_info --egg-base ../../build/eye_cmds build --build-base /home/nvidia/Desktop/code/ros2-test/face-robot-01/build/eye_cmds/build install --record /home/nvidia/Desktop/code/ros2-test/face-robot-01/build/eye_cmds/install.log --single-version-externally-managed
