[9.632s] Invoking command in '/home/nvidia/Desktop/code/ros2-test/face-robot-01/src/neck_cmds': PYTHONPATH=/home/nvidia/Desktop/code/ros2-test/face-robot-01/build/neck_cmds/prefix_override:/home/nvidia/Desktop/code/ros2-test/face-robot-01/install/neck_cmds/lib/python3.8/site-packages:${PYTHONPATH} /usr/bin/python3 setup.py egg_info --egg-base ../../build/neck_cmds build --build-base /home/nvidia/Desktop/code/ros2-test/face-robot-01/build/neck_cmds/build install --record /home/nvidia/Desktop/code/ros2-test/face-robot-01/build/neck_cmds/install.log --single-version-externally-managed
[11.053s] running egg_info
[11.056s] writing ../../build/neck_cmds/neck_cmds.egg-info/PKG-INFO
[11.058s] writing dependency_links to ../../build/neck_cmds/neck_cmds.egg-info/dependency_links.txt
[11.059s] writing entry points to ../../build/neck_cmds/neck_cmds.egg-info/entry_points.txt
[11.060s] writing requirements to ../../build/neck_cmds/neck_cmds.egg-info/requires.txt
[11.061s] writing top-level names to ../../build/neck_cmds/neck_cmds.egg-info/top_level.txt
[11.263s] reading manifest file '../../build/neck_cmds/neck_cmds.egg-info/SOURCES.txt'
[11.268s] writing manifest file '../../build/neck_cmds/neck_cmds.egg-info/SOURCES.txt'
[11.269s] running build
[11.269s] running build_py
[11.271s] running install
[11.275s] running install_lib
[11.285s] running install_data
[11.288s] running install_egg_info
[11.297s] removing '/home/nvidia/Desktop/code/ros2-test/face-robot-01/install/neck_cmds/lib/python3.8/site-packages/neck_cmds-0.0.0-py3.8.egg-info' (and everything under it)
[11.299s] Copying ../../build/neck_cmds/neck_cmds.egg-info to /home/nvidia/Desktop/code/ros2-test/face-robot-01/install/neck_cmds/lib/python3.8/site-packages/neck_cmds-0.0.0-py3.8.egg-info
[11.308s] running install_scripts
[11.406s] Installing neck_node script to /home/nvidia/Desktop/code/ros2-test/face-robot-01/install/neck_cmds/bin
[11.409s] writing list of installed files to '/home/nvidia/Desktop/code/ros2-test/face-robot-01/build/neck_cmds/install.log'
[11.730s] Invoked command in '/home/nvidia/Desktop/code/ros2-test/face-robot-01/src/neck_cmds' returned '0': PYTHONPATH=/home/nvidia/Desktop/code/ros2-test/face-robot-01/build/neck_cmds/prefix_override:/home/nvidia/Desktop/code/ros2-test/face-robot-01/install/neck_cmds/lib/python3.8/site-packages:${PYTHONPATH} /usr/bin/python3 setup.py egg_info --egg-base ../../build/neck_cmds build --build-base /home/nvidia/Desktop/code/ros2-test/face-robot-01/build/neck_cmds/build install --record /home/nvidia/Desktop/code/ros2-test/face-robot-01/build/neck_cmds/install.log --single-version-externally-managed
