[0.415s] Invoking command in '/home/parallels/code/ros2-test/camera-test/src/nn_computer': CONDA_PROMPT_MODIFIER=(base) PYTHONPATH=/home/parallels/code/ros2-test/camera-test/install/nn_computer/lib/python3.8/site-packages:${PYTHONPATH} /usr/bin/python3 setup.py egg_info --egg-base ../../build/nn_computer build --build-base /home/parallels/code/ros2-test/camera-test/build/nn_computer/build install --prefix /home/parallels/code/ros2-test/camera-test/install/nn_computer --record /home/parallels/code/ros2-test/camera-test/build/nn_computer/install.log --single-version-externally-managed
[0.517s] running egg_info
[0.518s] creating ../../build/nn_computer/nn_computer.egg-info
[0.518s] writing ../../build/nn_computer/nn_computer.egg-info/PKG-INFO
[0.518s] writing dependency_links to ../../build/nn_computer/nn_computer.egg-info/dependency_links.txt
[0.518s] writing entry points to ../../build/nn_computer/nn_computer.egg-info/entry_points.txt
[0.518s] writing requirements to ../../build/nn_computer/nn_computer.egg-info/requires.txt
[0.518s] writing top-level names to ../../build/nn_computer/nn_computer.egg-info/top_level.txt
[0.519s] writing manifest file '../../build/nn_computer/nn_computer.egg-info/SOURCES.txt'
[0.535s] reading manifest file '../../build/nn_computer/nn_computer.egg-info/SOURCES.txt'
[0.535s] writing manifest file '../../build/nn_computer/nn_computer.egg-info/SOURCES.txt'
[0.535s] running build
[0.535s] running build_py
[0.535s] creating /home/parallels/code/ros2-test/camera-test/build/nn_computer/build
[0.535s] creating /home/parallels/code/ros2-test/camera-test/build/nn_computer/build/lib
[0.535s] creating /home/parallels/code/ros2-test/camera-test/build/nn_computer/build/lib/nn_computer
[0.535s] copying nn_computer/nncomputer.py -> /home/parallels/code/ros2-test/camera-test/build/nn_computer/build/lib/nn_computer
[0.536s] copying nn_computer/__init__.py -> /home/parallels/code/ros2-test/camera-test/build/nn_computer/build/lib/nn_computer
[0.536s] running install
[0.536s] running install_lib
[0.536s] creating /home/parallels/code/ros2-test/camera-test/install/nn_computer/lib/python3.8/site-packages/nn_computer
[0.536s] copying /home/parallels/code/ros2-test/camera-test/build/nn_computer/build/lib/nn_computer/nncomputer.py -> /home/parallels/code/ros2-test/camera-test/install/nn_computer/lib/python3.8/site-packages/nn_computer
[0.536s] copying /home/parallels/code/ros2-test/camera-test/build/nn_computer/build/lib/nn_computer/__init__.py -> /home/parallels/code/ros2-test/camera-test/install/nn_computer/lib/python3.8/site-packages/nn_computer
[0.536s] byte-compiling /home/parallels/code/ros2-test/camera-test/install/nn_computer/lib/python3.8/site-packages/nn_computer/nncomputer.py to nncomputer.cpython-38.pyc
[0.537s] byte-compiling /home/parallels/code/ros2-test/camera-test/install/nn_computer/lib/python3.8/site-packages/nn_computer/__init__.py to __init__.cpython-38.pyc
[0.537s] running install_data
[0.538s] creating /home/parallels/code/ros2-test/camera-test/install/nn_computer/share/ament_index
[0.538s] creating /home/parallels/code/ros2-test/camera-test/install/nn_computer/share/ament_index/resource_index
[0.538s] creating /home/parallels/code/ros2-test/camera-test/install/nn_computer/share/ament_index/resource_index/packages
[0.538s] copying resource/nn_computer -> /home/parallels/code/ros2-test/camera-test/install/nn_computer/share/ament_index/resource_index/packages
[0.538s] copying package.xml -> /home/parallels/code/ros2-test/camera-test/install/nn_computer/share/nn_computer
[0.538s] running install_egg_info
[0.538s] Copying ../../build/nn_computer/nn_computer.egg-info to /home/parallels/code/ros2-test/camera-test/install/nn_computer/lib/python3.8/site-packages/nn_computer-0.0.0-py3.8.egg-info
[0.539s] running install_scripts
[0.548s] Installing nn_node script to /home/parallels/code/ros2-test/camera-test/install/nn_computer/lib/nn_computer
[0.548s] writing list of installed files to '/home/parallels/code/ros2-test/camera-test/build/nn_computer/install.log'
[0.562s] Invoked command in '/home/parallels/code/ros2-test/camera-test/src/nn_computer' returned '0': CONDA_PROMPT_MODIFIER=(base) PYTHONPATH=/home/parallels/code/ros2-test/camera-test/install/nn_computer/lib/python3.8/site-packages:${PYTHONPATH} /usr/bin/python3 setup.py egg_info --egg-base ../../build/nn_computer build --build-base /home/parallels/code/ros2-test/camera-test/build/nn_computer/build install --prefix /home/parallels/code/ros2-test/camera-test/install/nn_computer --record /home/parallels/code/ros2-test/camera-test/build/nn_computer/install.log --single-version-externally-managed
