[9.181s] Invoking command in '/home/nvidia/Desktop/code/ros2-test/face-robot-01/src/mp_input': PYTHONPATH=/home/nvidia/Desktop/code/ros2-test/face-robot-01/build/mp_input/prefix_override:/home/nvidia/Desktop/code/ros2-test/face-robot-01/install/mp_input/lib/python3.8/site-packages:${PYTHONPATH} /usr/bin/python3 setup.py egg_info --egg-base ../../build/mp_input build --build-base /home/nvidia/Desktop/code/ros2-test/face-robot-01/build/mp_input/build install --record /home/nvidia/Desktop/code/ros2-test/face-robot-01/build/mp_input/install.log --single-version-externally-managed
[10.432s] running egg_info
[10.438s] writing ../../build/mp_input/mp_input.egg-info/PKG-INFO
[10.447s] writing dependency_links to ../../build/mp_input/mp_input.egg-info/dependency_links.txt
[10.450s] writing entry points to ../../build/mp_input/mp_input.egg-info/entry_points.txt
[10.452s] writing requirements to ../../build/mp_input/mp_input.egg-info/requires.txt
[10.454s] writing top-level names to ../../build/mp_input/mp_input.egg-info/top_level.txt
[10.723s] reading manifest file '../../build/mp_input/mp_input.egg-info/SOURCES.txt'
[10.745s] writing manifest file '../../build/mp_input/mp_input.egg-info/SOURCES.txt'
[10.747s] running build
[10.747s] running build_py
[10.748s] copying mp_input/mpinput.py -> /home/nvidia/Desktop/code/ros2-test/face-robot-01/build/mp_input/build/lib/mp_input
[10.749s] running install
[10.755s] running install_lib
[10.777s] copying /home/nvidia/Desktop/code/ros2-test/face-robot-01/build/mp_input/build/lib/mp_input/mpinput.py -> /home/nvidia/Desktop/code/ros2-test/face-robot-01/install/mp_input/lib/python3.8/site-packages/mp_input
[10.777s] byte-compiling /home/nvidia/Desktop/code/ros2-test/face-robot-01/install/mp_input/lib/python3.8/site-packages/mp_input/mpinput.py to mpinput.cpython-38.pyc
[10.784s] running install_data
[10.791s] copying launch/mp.launch.py -> /home/nvidia/Desktop/code/ros2-test/face-robot-01/install/mp_input/share/mp_input
[10.793s] running install_egg_info
[10.803s] removing '/home/nvidia/Desktop/code/ros2-test/face-robot-01/install/mp_input/lib/python3.8/site-packages/mp_input-0.0.0-py3.8.egg-info' (and everything under it)
[10.807s] Copying ../../build/mp_input/mp_input.egg-info to /home/nvidia/Desktop/code/ros2-test/face-robot-01/install/mp_input/lib/python3.8/site-packages/mp_input-0.0.0-py3.8.egg-info
[10.819s] running install_scripts
[10.909s] Installing eye_node script to /home/nvidia/Desktop/code/ros2-test/face-robot-01/install/mp_input/bin
[10.913s] Installing eyeball_node script to /home/nvidia/Desktop/code/ros2-test/face-robot-01/install/mp_input/bin
[10.915s] Installing mouth_node script to /home/nvidia/Desktop/code/ros2-test/face-robot-01/install/mp_input/bin
[10.917s] Installing mpinput_node script to /home/nvidia/Desktop/code/ros2-test/face-robot-01/install/mp_input/bin
[10.919s] Installing neck_node script to /home/nvidia/Desktop/code/ros2-test/face-robot-01/install/mp_input/bin
[10.920s] Installing nn_node script to /home/nvidia/Desktop/code/ros2-test/face-robot-01/install/mp_input/bin
[10.926s] writing list of installed files to '/home/nvidia/Desktop/code/ros2-test/face-robot-01/build/mp_input/install.log'
[11.083s] Invoked command in '/home/nvidia/Desktop/code/ros2-test/face-robot-01/src/mp_input' returned '0': PYTHONPATH=/home/nvidia/Desktop/code/ros2-test/face-robot-01/build/mp_input/prefix_override:/home/nvidia/Desktop/code/ros2-test/face-robot-01/install/mp_input/lib/python3.8/site-packages:${PYTHONPATH} /usr/bin/python3 setup.py egg_info --egg-base ../../build/mp_input build --build-base /home/nvidia/Desktop/code/ros2-test/face-robot-01/build/mp_input/build install --record /home/nvidia/Desktop/code/ros2-test/face-robot-01/build/mp_input/install.log --single-version-externally-managed
