[0.308s] Invoking command in '/home/parallels/code/town_ws/src/village_li': PYTHONPATH=/home/parallels/code/town_ws/install/village_li/lib/python3.8/site-packages:${PYTHONPATH} /usr/bin/python3 setup.py egg_info --egg-base ../../build/village_li build --build-base /home/parallels/code/town_ws/build/village_li/build install --prefix /home/parallels/code/town_ws/install/village_li --record /home/parallels/code/town_ws/build/village_li/install.log --single-version-externally-managed
[0.399s] running egg_info
[0.400s] creating ../../build/village_li/village_li.egg-info
[0.400s] writing ../../build/village_li/village_li.egg-info/PKG-INFO
[0.400s] writing dependency_links to ../../build/village_li/village_li.egg-info/dependency_links.txt
[0.400s] writing entry points to ../../build/village_li/village_li.egg-info/entry_points.txt
[0.400s] writing requirements to ../../build/village_li/village_li.egg-info/requires.txt
[0.400s] writing top-level names to ../../build/village_li/village_li.egg-info/top_level.txt
[0.403s] writing manifest file '../../build/village_li/village_li.egg-info/SOURCES.txt'
[0.418s] reading manifest file '../../build/village_li/village_li.egg-info/SOURCES.txt'
[0.419s] writing manifest file '../../build/village_li/village_li.egg-info/SOURCES.txt'
[0.419s] running build
[0.419s] running build_py
[0.419s] creating /home/parallels/code/town_ws/build/village_li/build
[0.419s] creating /home/parallels/code/town_ws/build/village_li/build/lib
[0.419s] creating /home/parallels/code/town_ws/build/village_li/build/lib/village_li
[0.419s] copying village_li/__init__.py -> /home/parallels/code/town_ws/build/village_li/build/lib/village_li
[0.419s] copying village_li/li4.py -> /home/parallels/code/town_ws/build/village_li/build/lib/village_li
[0.419s] running install
[0.420s] running install_lib
[0.420s] creating /home/parallels/code/town_ws/install/village_li/lib/python3.8/site-packages/village_li
[0.420s] copying /home/parallels/code/town_ws/build/village_li/build/lib/village_li/__init__.py -> /home/parallels/code/town_ws/install/village_li/lib/python3.8/site-packages/village_li
[0.420s] copying /home/parallels/code/town_ws/build/village_li/build/lib/village_li/li4.py -> /home/parallels/code/town_ws/install/village_li/lib/python3.8/site-packages/village_li
[0.420s] byte-compiling /home/parallels/code/town_ws/install/village_li/lib/python3.8/site-packages/village_li/__init__.py to __init__.cpython-38.pyc
[0.421s] byte-compiling /home/parallels/code/town_ws/install/village_li/lib/python3.8/site-packages/village_li/li4.py to li4.cpython-38.pyc
[0.421s] running install_data
[0.421s] creating /home/parallels/code/town_ws/install/village_li/share/ament_index
[0.421s] creating /home/parallels/code/town_ws/install/village_li/share/ament_index/resource_index
[0.421s] creating /home/parallels/code/town_ws/install/village_li/share/ament_index/resource_index/packages
[0.421s] copying resource/village_li -> /home/parallels/code/town_ws/install/village_li/share/ament_index/resource_index/packages
[0.421s] copying package.xml -> /home/parallels/code/town_ws/install/village_li/share/village_li
[0.421s] running install_egg_info
[0.422s] Copying ../../build/village_li/village_li.egg-info to /home/parallels/code/town_ws/install/village_li/lib/python3.8/site-packages/village_li-0.0.0-py3.8.egg-info
[0.422s] running install_scripts
[0.432s] Installing li4_node script to /home/parallels/code/town_ws/install/village_li/lib/village_li
[0.432s] writing list of installed files to '/home/parallels/code/town_ws/build/village_li/install.log'
[0.443s] Invoked command in '/home/parallels/code/town_ws/src/village_li' returned '0': PYTHONPATH=/home/parallels/code/town_ws/install/village_li/lib/python3.8/site-packages:${PYTHONPATH} /usr/bin/python3 setup.py egg_info --egg-base ../../build/village_li build --build-base /home/parallels/code/town_ws/build/village_li/build install --prefix /home/parallels/code/town_ws/install/village_li --record /home/parallels/code/town_ws/build/village_li/install.log --single-version-externally-managed
