[0.060s] DEBUG:colcon:Command line arguments: ['/usr/bin/colcon', 'build']
[0.060s] DEBUG:colcon:Parsed command line arguments: Namespace(allow_overriding=[], ament_cmake_args=None, base_paths=['.'], build_base='build', catkin_cmake_args=None, catkin_skip_building_tests=False, cmake_args=None, cmake_clean_cache=False, cmake_clean_first=False, cmake_force_configure=False, cmake_target=None, cmake_target_skip_unavailable=False, continue_on_error=False, event_handlers=None, executor='parallel', ignore_user_meta=False, install_base='install', log_base=None, log_level=None, main=<bound method BuildVerb.main of <colcon_core.verb.build.BuildVerb object at 0xffff8fe359a0>>, merge_install=False, metas=['./colcon.meta'], packages_above=None, packages_above_and_dependencies=None, packages_above_depth=None, packages_end=None, packages_ignore=None, packages_ignore_regex=None, packages_select=None, packages_select_build_failed=False, packages_select_by_dep=None, packages_select_regex=None, packages_select_test_failures=False, packages_skip=None, packages_skip_build_finished=False, packages_skip_by_dep=None, packages_skip_regex=None, packages_skip_test_passed=False, packages_skip_up_to=None, packages_start=None, packages_up_to=None, packages_up_to_regex=None, parallel_workers=4, paths=None, symlink_install=False, test_result_base=None, verb_extension=<colcon_core.verb.build.BuildVerb object at 0xffff8fe359a0>, verb_name='build', verb_parser=<colcon_defaults.argument_parser.defaults.DefaultArgumentsDecorator object at 0xffff8fe35f10>)
[0.072s] Level 1:colcon.colcon_core.package_discovery:discover_packages(colcon_meta) check parameters
[0.072s] Level 1:colcon.colcon_core.package_discovery:discover_packages(recursive) check parameters
[0.072s] Level 1:colcon.colcon_core.package_discovery:discover_packages(ignore) check parameters
[0.072s] Level 1:colcon.colcon_core.package_discovery:discover_packages(path) check parameters
[0.072s] Level 1:colcon.colcon_core.package_discovery:discover_packages(colcon_meta) discover
[0.073s] Level 1:colcon.colcon_core.package_discovery:discover_packages(recursive) discover
[0.073s] INFO:colcon.colcon_core.package_discovery:Crawling recursively for packages in '/home/parallels/code/town_ws'
[0.073s] Level 1:colcon.colcon_core.package_identification:_identify(.) by extensions ['ignore', 'ignore_ament_install']
[0.073s] Level 1:colcon.colcon_core.package_identification:_identify(.) by extension 'ignore'
[0.073s] Level 1:colcon.colcon_core.package_identification:_identify(.) by extension 'ignore_ament_install'
[0.073s] Level 1:colcon.colcon_core.package_identification:_identify(.) by extensions ['colcon_pkg']
[0.073s] Level 1:colcon.colcon_core.package_identification:_identify(.) by extension 'colcon_pkg'
[0.073s] Level 1:colcon.colcon_core.package_identification:_identify(.) by extensions ['colcon_meta']
[0.073s] Level 1:colcon.colcon_core.package_identification:_identify(.) by extension 'colcon_meta'
[0.073s] Level 1:colcon.colcon_core.package_identification:_identify(.) by extensions ['ros']
[0.073s] Level 1:colcon.colcon_core.package_identification:_identify(.) by extension 'ros'
[0.078s] Level 1:colcon.colcon_core.package_identification:_identify(.) by extensions ['cmake', 'python']
[0.078s] Level 1:colcon.colcon_core.package_identification:_identify(.) by extension 'cmake'
[0.079s] Level 1:colcon.colcon_core.package_identification:_identify(.) by extension 'python'
[0.079s] Level 1:colcon.colcon_core.package_identification:_identify(.) by extensions ['python_setup_py']
[0.079s] Level 1:colcon.colcon_core.package_identification:_identify(.) by extension 'python_setup_py'
[0.079s] Level 1:colcon.colcon_core.package_identification:_identify(build) by extensions ['ignore', 'ignore_ament_install']
[0.079s] Level 1:colcon.colcon_core.package_identification:_identify(build) by extension 'ignore'
[0.079s] Level 1:colcon.colcon_core.package_identification:_identify(build) ignored
[0.079s] Level 1:colcon.colcon_core.package_identification:_identify(install) by extensions ['ignore', 'ignore_ament_install']
[0.079s] Level 1:colcon.colcon_core.package_identification:_identify(install) by extension 'ignore'
[0.079s] Level 1:colcon.colcon_core.package_identification:_identify(install) ignored
[0.079s] Level 1:colcon.colcon_core.package_identification:_identify(log) by extensions ['ignore', 'ignore_ament_install']
[0.079s] Level 1:colcon.colcon_core.package_identification:_identify(log) by extension 'ignore'
[0.079s] Level 1:colcon.colcon_core.package_identification:_identify(log) ignored
[0.079s] Level 1:colcon.colcon_core.package_identification:_identify(src) by extensions ['ignore', 'ignore_ament_install']
[0.079s] Level 1:colcon.colcon_core.package_identification:_identify(src) by extension 'ignore'
[0.079s] Level 1:colcon.colcon_core.package_identification:_identify(src) by extension 'ignore_ament_install'
[0.079s] Level 1:colcon.colcon_core.package_identification:_identify(src) by extensions ['colcon_pkg']
[0.079s] Level 1:colcon.colcon_core.package_identification:_identify(src) by extension 'colcon_pkg'
[0.079s] Level 1:colcon.colcon_core.package_identification:_identify(src) by extensions ['colcon_meta']
[0.079s] Level 1:colcon.colcon_core.package_identification:_identify(src) by extension 'colcon_meta'
[0.079s] Level 1:colcon.colcon_core.package_identification:_identify(src) by extensions ['ros']
[0.079s] Level 1:colcon.colcon_core.package_identification:_identify(src) by extension 'ros'
[0.079s] Level 1:colcon.colcon_core.package_identification:_identify(src) by extensions ['cmake', 'python']
[0.079s] Level 1:colcon.colcon_core.package_identification:_identify(src) by extension 'cmake'
[0.079s] Level 1:colcon.colcon_core.package_identification:_identify(src) by extension 'python'
[0.079s] Level 1:colcon.colcon_core.package_identification:_identify(src) by extensions ['python_setup_py']
[0.079s] Level 1:colcon.colcon_core.package_identification:_identify(src) by extension 'python_setup_py'
[0.079s] Level 1:colcon.colcon_core.package_identification:_identify(src/village_li) by extensions ['ignore', 'ignore_ament_install']
[0.079s] Level 1:colcon.colcon_core.package_identification:_identify(src/village_li) by extension 'ignore'
[0.079s] Level 1:colcon.colcon_core.package_identification:_identify(src/village_li) by extension 'ignore_ament_install'
[0.079s] Level 1:colcon.colcon_core.package_identification:_identify(src/village_li) by extensions ['colcon_pkg']
[0.079s] Level 1:colcon.colcon_core.package_identification:_identify(src/village_li) by extension 'colcon_pkg'
[0.079s] Level 1:colcon.colcon_core.package_identification:_identify(src/village_li) by extensions ['colcon_meta']
[0.079s] Level 1:colcon.colcon_core.package_identification:_identify(src/village_li) by extension 'colcon_meta'
[0.079s] Level 1:colcon.colcon_core.package_identification:_identify(src/village_li) by extensions ['ros']
[0.079s] Level 1:colcon.colcon_core.package_identification:_identify(src/village_li) by extension 'ros'
[0.081s] DEBUG:colcon.colcon_core.package_identification:Package 'src/village_li' with type 'ros.ament_python' and name 'village_li'
[0.081s] Level 1:colcon.colcon_core.package_identification:_identify(src/village_wang) by extensions ['ignore', 'ignore_ament_install']
[0.081s] Level 1:colcon.colcon_core.package_identification:_identify(src/village_wang) by extension 'ignore'
[0.081s] Level 1:colcon.colcon_core.package_identification:_identify(src/village_wang) by extension 'ignore_ament_install'
[0.081s] Level 1:colcon.colcon_core.package_identification:_identify(src/village_wang) by extensions ['colcon_pkg']
[0.081s] Level 1:colcon.colcon_core.package_identification:_identify(src/village_wang) by extension 'colcon_pkg'
[0.081s] Level 1:colcon.colcon_core.package_identification:_identify(src/village_wang) by extensions ['colcon_meta']
[0.081s] Level 1:colcon.colcon_core.package_identification:_identify(src/village_wang) by extension 'colcon_meta'
[0.081s] Level 1:colcon.colcon_core.package_identification:_identify(src/village_wang) by extensions ['ros']
[0.081s] Level 1:colcon.colcon_core.package_identification:_identify(src/village_wang) by extension 'ros'
[0.082s] DEBUG:colcon.colcon_core.package_identification:Package 'src/village_wang' with type 'ros.ament_cmake' and name 'village_wang'
[0.082s] Level 1:colcon.colcon_core.package_discovery:discover_packages(recursive) using defaults
[0.082s] Level 1:colcon.colcon_core.package_discovery:discover_packages(ignore) discover
[0.082s] Level 1:colcon.colcon_core.package_discovery:discover_packages(ignore) using defaults
[0.082s] Level 1:colcon.colcon_core.package_discovery:discover_packages(path) discover
[0.082s] Level 1:colcon.colcon_core.package_discovery:discover_packages(path) using defaults
[0.091s] Level 1:colcon.colcon_core.package_discovery:discover_packages(prefix_path) check parameters
[0.091s] Level 1:colcon.colcon_core.package_discovery:discover_packages(prefix_path) discover
[0.093s] DEBUG:colcon.colcon_installed_package_information.package_discovery:Found 256 installed packages in /opt/ros/foxy
[0.093s] Level 1:colcon.colcon_core.package_discovery:discover_packages(prefix_path) using defaults
[0.127s] Level 5:colcon.colcon_core.verb:set package 'village_li' build argument 'cmake_args' from command line to 'None'
[0.127s] Level 5:colcon.colcon_core.verb:set package 'village_li' build argument 'cmake_target' from command line to 'None'
[0.127s] Level 5:colcon.colcon_core.verb:set package 'village_li' build argument 'cmake_target_skip_unavailable' from command line to 'False'
[0.127s] Level 5:colcon.colcon_core.verb:set package 'village_li' build argument 'cmake_clean_cache' from command line to 'False'
[0.127s] Level 5:colcon.colcon_core.verb:set package 'village_li' build argument 'cmake_clean_first' from command line to 'False'
[0.128s] Level 5:colcon.colcon_core.verb:set package 'village_li' build argument 'cmake_force_configure' from command line to 'False'
[0.128s] Level 5:colcon.colcon_core.verb:set package 'village_li' build argument 'ament_cmake_args' from command line to 'None'
[0.128s] Level 5:colcon.colcon_core.verb:set package 'village_li' build argument 'catkin_cmake_args' from command line to 'None'
[0.128s] Level 5:colcon.colcon_core.verb:set package 'village_li' build argument 'catkin_skip_building_tests' from command line to 'False'
[0.128s] DEBUG:colcon.colcon_core.verb:Building package 'village_li' with the following arguments: {'ament_cmake_args': None, 'build_base': '/home/parallels/code/town_ws/build/village_li', 'catkin_cmake_args': None, 'catkin_skip_building_tests': False, 'cmake_args': None, 'cmake_clean_cache': False, 'cmake_clean_first': False, 'cmake_force_configure': False, 'cmake_target': None, 'cmake_target_skip_unavailable': False, 'install_base': '/home/parallels/code/town_ws/install/village_li', 'merge_install': False, 'path': '/home/parallels/code/town_ws/src/village_li', 'symlink_install': False, 'test_result_base': None}
[0.128s] Level 5:colcon.colcon_core.verb:set package 'village_wang' build argument 'cmake_args' from command line to 'None'
[0.128s] Level 5:colcon.colcon_core.verb:set package 'village_wang' build argument 'cmake_target' from command line to 'None'
[0.128s] Level 5:colcon.colcon_core.verb:set package 'village_wang' build argument 'cmake_target_skip_unavailable' from command line to 'False'
[0.128s] Level 5:colcon.colcon_core.verb:set package 'village_wang' build argument 'cmake_clean_cache' from command line to 'False'
[0.128s] Level 5:colcon.colcon_core.verb:set package 'village_wang' build argument 'cmake_clean_first' from command line to 'False'
[0.128s] Level 5:colcon.colcon_core.verb:set package 'village_wang' build argument 'cmake_force_configure' from command line to 'False'
[0.128s] Level 5:colcon.colcon_core.verb:set package 'village_wang' build argument 'ament_cmake_args' from command line to 'None'
[0.128s] Level 5:colcon.colcon_core.verb:set package 'village_wang' build argument 'catkin_cmake_args' from command line to 'None'
[0.128s] Level 5:colcon.colcon_core.verb:set package 'village_wang' build argument 'catkin_skip_building_tests' from command line to 'False'
[0.128s] DEBUG:colcon.colcon_core.verb:Building package 'village_wang' with the following arguments: {'ament_cmake_args': None, 'build_base': '/home/parallels/code/town_ws/build/village_wang', 'catkin_cmake_args': None, 'catkin_skip_building_tests': False, 'cmake_args': None, 'cmake_clean_cache': False, 'cmake_clean_first': False, 'cmake_force_configure': False, 'cmake_target': None, 'cmake_target_skip_unavailable': False, 'install_base': '/home/parallels/code/town_ws/install/village_wang', 'merge_install': False, 'path': '/home/parallels/code/town_ws/src/village_wang', 'symlink_install': False, 'test_result_base': None}
[0.128s] INFO:colcon.colcon_core.executor:Executing jobs using 'parallel' executor
[0.129s] DEBUG:colcon.colcon_parallel_executor.executor.parallel:run_until_complete
[0.129s] INFO:colcon.colcon_ros.task.ament_python.build:Building ROS package in '/home/parallels/code/town_ws/src/village_li' with build type 'ament_python'
[0.129s] Level 1:colcon.colcon_core.shell:create_environment_hook('village_li', 'ament_prefix_path')
[0.131s] INFO:colcon.colcon_core.plugin_system:Skipping extension 'colcon_core.shell.bat': Not used on non-Windows systems
[0.131s] INFO:colcon.colcon_core.shell:Creating environment hook '/home/parallels/code/town_ws/install/village_li/share/village_li/hook/ament_prefix_path.ps1'
[0.131s] INFO:colcon.colcon_core.shell:Creating environment descriptor '/home/parallels/code/town_ws/install/village_li/share/village_li/hook/ament_prefix_path.dsv'
[0.131s] INFO:colcon.colcon_core.shell:Creating environment hook '/home/parallels/code/town_ws/install/village_li/share/village_li/hook/ament_prefix_path.sh'
[0.132s] INFO:colcon.colcon_core.shell:Skip shell extension 'powershell' for command environment: Not usable outside of PowerShell
[0.132s] DEBUG:colcon.colcon_core.shell:Skip shell extension 'dsv' for command environment
[0.134s] INFO:colcon.colcon_ros.task.ament_cmake.build:Building ROS package in '/home/parallels/code/town_ws/src/village_wang' with build type 'ament_cmake'
[0.134s] INFO:colcon.colcon_cmake.task.cmake.build:Building CMake package in '/home/parallels/code/town_ws/src/village_wang'
[0.135s] INFO:colcon.colcon_core.shell:Skip shell extension 'powershell' for command environment: Not usable outside of PowerShell
[0.135s] DEBUG:colcon.colcon_core.shell:Skip shell extension 'dsv' for command environment
[0.238s] INFO:colcon.colcon_core.task.python.build:Building Python package in '/home/parallels/code/town_ws/src/village_li'
[0.239s] INFO:colcon.colcon_core.shell:Skip shell extension 'powershell' for command environment: Not usable outside of PowerShell
[0.239s] DEBUG:colcon.colcon_core.shell:Skip shell extension 'dsv' for command environment
[0.246s] DEBUG:colcon.colcon_core.event_handler.log_command:Invoking command in '/home/parallels/code/town_ws/build/village_wang': CMAKE_PREFIX_PATH=/opt/ros/foxy /usr/bin/cmake --build /home/parallels/code/town_ws/build/village_wang -- -j4 -l4
[0.301s] DEBUG:colcon.colcon_core.event_handler.log_command:Invoked command in '/home/parallels/code/town_ws/build/village_wang' returned '0': CMAKE_PREFIX_PATH=/opt/ros/foxy /usr/bin/cmake --build /home/parallels/code/town_ws/build/village_wang -- -j4 -l4
[0.328s] DEBUG:colcon.colcon_core.event_handler.log_command:Invoking command in '/home/parallels/code/town_ws/build/village_wang': CMAKE_PREFIX_PATH=/opt/ros/foxy /usr/bin/cmake --install /home/parallels/code/town_ws/build/village_wang
[0.336s] Level 1:colcon.colcon_core.environment:create_environment_scripts_only(village_wang)
[0.337s] DEBUG:colcon.colcon_core.event_handler.log_command:Invoked command in '/home/parallels/code/town_ws/build/village_wang' returned '0': CMAKE_PREFIX_PATH=/opt/ros/foxy /usr/bin/cmake --install /home/parallels/code/town_ws/build/village_wang
[0.339s] Level 1:colcon.colcon_core.environment:checking '/home/parallels/code/town_ws/install/village_wang' for CMake module files
[0.339s] Level 1:colcon.colcon_core.environment:checking '/home/parallels/code/town_ws/install/village_wang' for CMake config files
[0.339s] Level 1:colcon.colcon_core.shell:create_environment_hook('village_wang', 'cmake_prefix_path')
[0.339s] INFO:colcon.colcon_core.shell:Creating environment hook '/home/parallels/code/town_ws/install/village_wang/share/village_wang/hook/cmake_prefix_path.ps1'
[0.340s] INFO:colcon.colcon_core.shell:Creating environment descriptor '/home/parallels/code/town_ws/install/village_wang/share/village_wang/hook/cmake_prefix_path.dsv'
[0.340s] INFO:colcon.colcon_core.shell:Creating environment hook '/home/parallels/code/town_ws/install/village_wang/share/village_wang/hook/cmake_prefix_path.sh'
[0.340s] Level 1:colcon.colcon_core.environment:checking '/home/parallels/code/town_ws/install/village_wang/lib'
[0.340s] Level 1:colcon.colcon_core.environment:checking '/home/parallels/code/town_ws/install/village_wang/bin'
[0.340s] Level 1:colcon.colcon_core.environment:checking '/home/parallels/code/town_ws/install/village_wang/lib/pkgconfig/village_wang.pc'
[0.340s] Level 1:colcon.colcon_core.environment:checking '/home/parallels/code/town_ws/install/village_wang/lib/python3.8/site-packages'
[0.340s] Level 1:colcon.colcon_core.environment:checking '/home/parallels/code/town_ws/install/village_wang/bin'
[0.341s] INFO:colcon.colcon_core.shell:Creating package script '/home/parallels/code/town_ws/install/village_wang/share/village_wang/package.ps1'
[0.341s] INFO:colcon.colcon_core.shell:Creating package descriptor '/home/parallels/code/town_ws/install/village_wang/share/village_wang/package.dsv'
[0.341s] INFO:colcon.colcon_core.shell:Creating package script '/home/parallels/code/town_ws/install/village_wang/share/village_wang/package.sh'
[0.342s] INFO:colcon.colcon_core.shell:Creating package script '/home/parallels/code/town_ws/install/village_wang/share/village_wang/package.bash'
[0.342s] INFO:colcon.colcon_core.shell:Creating package script '/home/parallels/code/town_ws/install/village_wang/share/village_wang/package.zsh'
[0.342s] Level 1:colcon.colcon_core.environment:create_file_with_runtime_dependencies(/home/parallels/code/town_ws/install/village_wang/share/colcon-core/packages/village_wang)
[0.363s] Level 1:colcon.colcon_core.environment:create_environment_scripts_only(village_wang)
[0.363s] Level 1:colcon.colcon_core.environment:checking '/home/parallels/code/town_ws/install/village_wang' for CMake module files
[0.364s] Level 1:colcon.colcon_core.environment:checking '/home/parallels/code/town_ws/install/village_wang' for CMake config files
[0.364s] Level 1:colcon.colcon_core.shell:create_environment_hook('village_wang', 'cmake_prefix_path')
[0.364s] INFO:colcon.colcon_core.shell:Creating environment hook '/home/parallels/code/town_ws/install/village_wang/share/village_wang/hook/cmake_prefix_path.ps1'
[0.365s] INFO:colcon.colcon_core.shell:Creating environment descriptor '/home/parallels/code/town_ws/install/village_wang/share/village_wang/hook/cmake_prefix_path.dsv'
[0.365s] INFO:colcon.colcon_core.shell:Creating environment hook '/home/parallels/code/town_ws/install/village_wang/share/village_wang/hook/cmake_prefix_path.sh'
[0.365s] Level 1:colcon.colcon_core.environment:checking '/home/parallels/code/town_ws/install/village_wang/lib'
[0.365s] Level 1:colcon.colcon_core.environment:checking '/home/parallels/code/town_ws/install/village_wang/bin'
[0.365s] Level 1:colcon.colcon_core.environment:checking '/home/parallels/code/town_ws/install/village_wang/lib/pkgconfig/village_wang.pc'
[0.365s] Level 1:colcon.colcon_core.environment:checking '/home/parallels/code/town_ws/install/village_wang/lib/python3.8/site-packages'
[0.365s] Level 1:colcon.colcon_core.environment:checking '/home/parallels/code/town_ws/install/village_wang/bin'
[0.366s] INFO:colcon.colcon_core.shell:Creating package script '/home/parallels/code/town_ws/install/village_wang/share/village_wang/package.ps1'
[0.366s] INFO:colcon.colcon_core.shell:Creating package descriptor '/home/parallels/code/town_ws/install/village_wang/share/village_wang/package.dsv'
[0.366s] INFO:colcon.colcon_core.shell:Creating package script '/home/parallels/code/town_ws/install/village_wang/share/village_wang/package.sh'
[0.366s] INFO:colcon.colcon_core.shell:Creating package script '/home/parallels/code/town_ws/install/village_wang/share/village_wang/package.bash'
[0.366s] INFO:colcon.colcon_core.shell:Creating package script '/home/parallels/code/town_ws/install/village_wang/share/village_wang/package.zsh'
[0.366s] Level 1:colcon.colcon_core.environment:create_file_with_runtime_dependencies(/home/parallels/code/town_ws/install/village_wang/share/colcon-core/packages/village_wang)
[0.428s] DEBUG:colcon.colcon_core.event_handler.log_command:Invoking command in '/home/parallels/code/town_ws/src/village_li': PYTHONPATH=/home/parallels/code/town_ws/install/village_li/lib/python3.8/site-packages:${PYTHONPATH} /usr/bin/python3 setup.py egg_info --egg-base ../../build/village_li build --build-base /home/parallels/code/town_ws/build/village_li/build install --prefix /home/parallels/code/town_ws/install/village_li --record /home/parallels/code/town_ws/build/village_li/install.log --single-version-externally-managed
[0.562s] Level 1:colcon.colcon_core.environment:checking '/home/parallels/code/town_ws/install/village_li' for CMake module files
[0.562s] DEBUG:colcon.colcon_core.event_handler.log_command:Invoked command in '/home/parallels/code/town_ws/src/village_li' returned '0': PYTHONPATH=/home/parallels/code/town_ws/install/village_li/lib/python3.8/site-packages:${PYTHONPATH} /usr/bin/python3 setup.py egg_info --egg-base ../../build/village_li build --build-base /home/parallels/code/town_ws/build/village_li/build install --prefix /home/parallels/code/town_ws/install/village_li --record /home/parallels/code/town_ws/build/village_li/install.log --single-version-externally-managed
[0.562s] Level 1:colcon.colcon_core.environment:checking '/home/parallels/code/town_ws/install/village_li' for CMake config files
[0.563s] Level 1:colcon.colcon_core.environment:checking '/home/parallels/code/town_ws/install/village_li/lib'
[0.563s] Level 1:colcon.colcon_core.environment:checking '/home/parallels/code/town_ws/install/village_li/bin'
[0.563s] Level 1:colcon.colcon_core.environment:checking '/home/parallels/code/town_ws/install/village_li/lib/pkgconfig/village_li.pc'
[0.563s] Level 1:colcon.colcon_core.environment:checking '/home/parallels/code/town_ws/install/village_li/lib/python3.8/site-packages'
[0.563s] Level 1:colcon.colcon_core.shell:create_environment_hook('village_li', 'pythonpath')
[0.563s] INFO:colcon.colcon_core.shell:Creating environment hook '/home/parallels/code/town_ws/install/village_li/share/village_li/hook/pythonpath.ps1'
[0.564s] INFO:colcon.colcon_core.shell:Creating environment descriptor '/home/parallels/code/town_ws/install/village_li/share/village_li/hook/pythonpath.dsv'
[0.564s] INFO:colcon.colcon_core.shell:Creating environment hook '/home/parallels/code/town_ws/install/village_li/share/village_li/hook/pythonpath.sh'
[0.564s] Level 1:colcon.colcon_core.environment:checking '/home/parallels/code/town_ws/install/village_li/bin'
[0.564s] Level 1:colcon.colcon_core.environment:create_environment_scripts_only(village_li)
[0.564s] INFO:colcon.colcon_core.shell:Creating package script '/home/parallels/code/town_ws/install/village_li/share/village_li/package.ps1'
[0.565s] INFO:colcon.colcon_core.shell:Creating package descriptor '/home/parallels/code/town_ws/install/village_li/share/village_li/package.dsv'
[0.565s] INFO:colcon.colcon_core.shell:Creating package script '/home/parallels/code/town_ws/install/village_li/share/village_li/package.sh'
[0.565s] INFO:colcon.colcon_core.shell:Creating package script '/home/parallels/code/town_ws/install/village_li/share/village_li/package.bash'
[0.565s] INFO:colcon.colcon_core.shell:Creating package script '/home/parallels/code/town_ws/install/village_li/share/village_li/package.zsh'
[0.565s] Level 1:colcon.colcon_core.environment:create_file_with_runtime_dependencies(/home/parallels/code/town_ws/install/village_li/share/colcon-core/packages/village_li)
[0.565s] DEBUG:colcon.colcon_parallel_executor.executor.parallel:closing loop
[0.565s] DEBUG:colcon.colcon_parallel_executor.executor.parallel:loop closed
[0.565s] DEBUG:colcon.colcon_parallel_executor.executor.parallel:run_until_complete finished with '0'
[0.565s] DEBUG:colcon.colcon_core.event_reactor:joining thread
[0.569s] INFO:colcon.colcon_core.plugin_system:Skipping extension 'colcon_notification.desktop_notification.terminal_notifier': Not used on non-Darwin systems
[0.569s] INFO:colcon.colcon_core.plugin_system:Skipping extension 'colcon_notification.desktop_notification.win32': Not used on non-Windows systems
[0.569s] INFO:colcon.colcon_notification.desktop_notification:Sending desktop notification using 'notify2'
[0.579s] DEBUG:colcon.colcon_core.event_reactor:joined thread
[0.579s] INFO:colcon.colcon_core.shell:Creating prefix script '/home/parallels/code/town_ws/install/local_setup.ps1'
[0.580s] INFO:colcon.colcon_core.shell:Creating prefix util module '/home/parallels/code/town_ws/install/_local_setup_util_ps1.py'
[0.580s] INFO:colcon.colcon_core.shell:Creating prefix chain script '/home/parallels/code/town_ws/install/setup.ps1'
[0.581s] INFO:colcon.colcon_core.shell:Creating prefix script '/home/parallels/code/town_ws/install/local_setup.sh'
[0.581s] INFO:colcon.colcon_core.shell:Creating prefix util module '/home/parallels/code/town_ws/install/_local_setup_util_sh.py'
[0.581s] INFO:colcon.colcon_core.shell:Creating prefix chain script '/home/parallels/code/town_ws/install/setup.sh'
[0.582s] INFO:colcon.colcon_core.shell:Creating prefix script '/home/parallels/code/town_ws/install/local_setup.bash'
[0.582s] INFO:colcon.colcon_core.shell:Creating prefix chain script '/home/parallels/code/town_ws/install/setup.bash'
[0.582s] INFO:colcon.colcon_core.shell:Creating prefix script '/home/parallels/code/town_ws/install/local_setup.zsh'
[0.582s] INFO:colcon.colcon_core.shell:Creating prefix chain script '/home/parallels/code/town_ws/install/setup.zsh'
