[1.496s] Invoking command in '/home/parallels/code/ros2-test/camera-test/src/mp_input': CONDA_PROMPT_MODIFIER=(base) PYTHONPATH=/home/parallels/code/ros2-test/camera-test/install/mp_input/lib/python3.8/site-packages:${PYTHONPATH} /usr/bin/python3 setup.py egg_info --egg-base ../../build/mp_input build --build-base /home/parallels/code/ros2-test/camera-test/build/mp_input/build install --prefix /home/parallels/code/ros2-test/camera-test/install/mp_input --record /home/parallels/code/ros2-test/camera-test/build/mp_input/install.log --single-version-externally-managed
[2.069s] running egg_info
[2.069s] writing ../../build/mp_input/mp_input.egg-info/PKG-INFO
[2.070s] writing dependency_links to ../../build/mp_input/mp_input.egg-info/dependency_links.txt
[2.070s] writing entry points to ../../build/mp_input/mp_input.egg-info/entry_points.txt
[2.087s] writing requirements to ../../build/mp_input/mp_input.egg-info/requires.txt
[2.087s] writing top-level names to ../../build/mp_input/mp_input.egg-info/top_level.txt
[2.195s] reading manifest file '../../build/mp_input/mp_input.egg-info/SOURCES.txt'
[2.196s] writing manifest file '../../build/mp_input/mp_input.egg-info/SOURCES.txt'
[2.196s] running build
[2.196s] running build_py
[2.206s] copying mp_input/mpinput.py -> /home/parallels/code/ros2-test/camera-test/build/mp_input/build/lib/mp_input
[2.206s] running install
[2.207s] running install_lib
[2.207s] copying /home/parallels/code/ros2-test/camera-test/build/mp_input/build/lib/mp_input/mpinput.py -> /home/parallels/code/ros2-test/camera-test/install/mp_input/lib/python3.8/site-packages/mp_input
[2.208s] byte-compiling /home/parallels/code/ros2-test/camera-test/install/mp_input/lib/python3.8/site-packages/mp_input/mpinput.py to mpinput.cpython-38.pyc
[2.223s] running install_data
[2.223s] running install_egg_info
[2.224s] removing '/home/parallels/code/ros2-test/camera-test/install/mp_input/lib/python3.8/site-packages/mp_input-0.0.0-py3.8.egg-info' (and everything under it)
[2.224s] Copying ../../build/mp_input/mp_input.egg-info to /home/parallels/code/ros2-test/camera-test/install/mp_input/lib/python3.8/site-packages/mp_input-0.0.0-py3.8.egg-info
[2.225s] running install_scripts
[2.285s] Installing eye_node script to /home/parallels/code/ros2-test/camera-test/install/mp_input/lib/mp_input
[2.285s] Installing mouth_node script to /home/parallels/code/ros2-test/camera-test/install/mp_input/lib/mp_input
[2.285s] Installing mpinput_node script to /home/parallels/code/ros2-test/camera-test/install/mp_input/lib/mp_input
[2.285s] Installing neck_node script to /home/parallels/code/ros2-test/camera-test/install/mp_input/lib/mp_input
[2.286s] Installing nn_node script to /home/parallels/code/ros2-test/camera-test/install/mp_input/lib/mp_input
[2.286s] writing list of installed files to '/home/parallels/code/ros2-test/camera-test/build/mp_input/install.log'
[2.484s] Invoked command in '/home/parallels/code/ros2-test/camera-test/src/mp_input' returned '0': CONDA_PROMPT_MODIFIER=(base) PYTHONPATH=/home/parallels/code/ros2-test/camera-test/install/mp_input/lib/python3.8/site-packages:${PYTHONPATH} /usr/bin/python3 setup.py egg_info --egg-base ../../build/mp_input build --build-base /home/parallels/code/ros2-test/camera-test/build/mp_input/build install --prefix /home/parallels/code/ros2-test/camera-test/install/mp_input --record /home/parallels/code/ros2-test/camera-test/build/mp_input/install.log --single-version-externally-managed
