[10.100s] Invoking command in '/home/nvidia/Desktop/code/ros2-test/face-robot-01/src/eye_cmds': PYTHONPATH=/home/nvidia/Desktop/code/ros2-test/face-robot-01/build/eye_cmds/prefix_override:/home/nvidia/Desktop/code/ros2-test/face-robot-01/install/eye_cmds/lib/python3.8/site-packages:${PYTHONPATH} /usr/bin/python3 setup.py egg_info --egg-base ../../build/eye_cmds build --build-base /home/nvidia/Desktop/code/ros2-test/face-robot-01/build/eye_cmds/build install --record /home/nvidia/Desktop/code/ros2-test/face-robot-01/build/eye_cmds/install.log --single-version-externally-managed
[11.381s] running egg_info
[11.384s] writing ../../build/eye_cmds/eye_cmds.egg-info/PKG-INFO
[11.386s] writing dependency_links to ../../build/eye_cmds/eye_cmds.egg-info/dependency_links.txt
[11.390s] writing entry points to ../../build/eye_cmds/eye_cmds.egg-info/entry_points.txt
[11.391s] writing requirements to ../../build/eye_cmds/eye_cmds.egg-info/requires.txt
[11.398s] writing top-level names to ../../build/eye_cmds/eye_cmds.egg-info/top_level.txt
[11.649s] reading manifest file '../../build/eye_cmds/eye_cmds.egg-info/SOURCES.txt'
[11.657s] writing manifest file '../../build/eye_cmds/eye_cmds.egg-info/SOURCES.txt'
[11.659s] running build
[11.659s] running build_py
[11.662s] copying eye_cmds/eyecmds.py -> /home/nvidia/Desktop/code/ros2-test/face-robot-01/build/eye_cmds/build/lib/eye_cmds
[11.664s] copying eye_cmds/servo_motor_face.py -> /home/nvidia/Desktop/code/ros2-test/face-robot-01/build/eye_cmds/build/lib/eye_cmds
[11.667s] running install
[11.673s] running install_lib
[11.680s] copying /home/nvidia/Desktop/code/ros2-test/face-robot-01/build/eye_cmds/build/lib/eye_cmds/eyecmds.py -> /home/nvidia/Desktop/code/ros2-test/face-robot-01/install/eye_cmds/lib/python3.8/site-packages/eye_cmds
[11.684s] copying /home/nvidia/Desktop/code/ros2-test/face-robot-01/build/eye_cmds/build/lib/eye_cmds/servo_motor_face.py -> /home/nvidia/Desktop/code/ros2-test/face-robot-01/install/eye_cmds/lib/python3.8/site-packages/eye_cmds
[11.688s] byte-compiling /home/nvidia/Desktop/code/ros2-test/face-robot-01/install/eye_cmds/lib/python3.8/site-packages/eye_cmds/eyecmds.py to eyecmds.cpython-38.pyc
[11.699s] byte-compiling /home/nvidia/Desktop/code/ros2-test/face-robot-01/install/eye_cmds/lib/python3.8/site-packages/eye_cmds/servo_motor_face.py to servo_motor_face.cpython-38.pyc
[11.711s] running install_data
[11.716s] running install_egg_info
[11.728s] removing '/home/nvidia/Desktop/code/ros2-test/face-robot-01/install/eye_cmds/lib/python3.8/site-packages/eye_cmds-0.0.0-py3.8.egg-info' (and everything under it)
[11.735s] Copying ../../build/eye_cmds/eye_cmds.egg-info to /home/nvidia/Desktop/code/ros2-test/face-robot-01/install/eye_cmds/lib/python3.8/site-packages/eye_cmds-0.0.0-py3.8.egg-info
[11.751s] running install_scripts
[11.875s] Installing eye_node script to /home/nvidia/Desktop/code/ros2-test/face-robot-01/install/eye_cmds/bin
[11.880s] writing list of installed files to '/home/nvidia/Desktop/code/ros2-test/face-robot-01/build/eye_cmds/install.log'
[12.016s] Invoked command in '/home/nvidia/Desktop/code/ros2-test/face-robot-01/src/eye_cmds' returned '0': PYTHONPATH=/home/nvidia/Desktop/code/ros2-test/face-robot-01/build/eye_cmds/prefix_override:/home/nvidia/Desktop/code/ros2-test/face-robot-01/install/eye_cmds/lib/python3.8/site-packages:${PYTHONPATH} /usr/bin/python3 setup.py egg_info --egg-base ../../build/eye_cmds build --build-base /home/nvidia/Desktop/code/ros2-test/face-robot-01/build/eye_cmds/build install --record /home/nvidia/Desktop/code/ros2-test/face-robot-01/build/eye_cmds/install.log --single-version-externally-managed
