[0.893s] Invoking command in '/home/parallels/code/ros2-test/camera-test/src/eye_cmds': CONDA_PROMPT_MODIFIER=(base) PYTHONPATH=/home/parallels/code/ros2-test/camera-test/install/eye_cmds/lib/python3.8/site-packages:${PYTHONPATH} /usr/bin/python3 setup.py egg_info --egg-base ../../build/eye_cmds build --build-base /home/parallels/code/ros2-test/camera-test/build/eye_cmds/build install --prefix /home/parallels/code/ros2-test/camera-test/install/eye_cmds --record /home/parallels/code/ros2-test/camera-test/build/eye_cmds/install.log --single-version-externally-managed
[1.097s] running egg_info
[1.102s] writing ../../build/eye_cmds/eye_cmds.egg-info/PKG-INFO
[1.102s] writing dependency_links to ../../build/eye_cmds/eye_cmds.egg-info/dependency_links.txt
[1.102s] writing entry points to ../../build/eye_cmds/eye_cmds.egg-info/entry_points.txt
[1.103s] writing requirements to ../../build/eye_cmds/eye_cmds.egg-info/requires.txt
[1.103s] writing top-level names to ../../build/eye_cmds/eye_cmds.egg-info/top_level.txt
[1.140s] reading manifest file '../../build/eye_cmds/eye_cmds.egg-info/SOURCES.txt'
[1.142s] writing manifest file '../../build/eye_cmds/eye_cmds.egg-info/SOURCES.txt'
[1.142s] running build
[1.142s] running build_py
[1.142s] running install
[1.146s] running install_lib
[1.147s] running install_data
[1.148s] running install_egg_info
[1.149s] removing '/home/parallels/code/ros2-test/camera-test/install/eye_cmds/lib/python3.8/site-packages/eye_cmds-0.0.0-py3.8.egg-info' (and everything under it)
[1.149s] Copying ../../build/eye_cmds/eye_cmds.egg-info to /home/parallels/code/ros2-test/camera-test/install/eye_cmds/lib/python3.8/site-packages/eye_cmds-0.0.0-py3.8.egg-info
[1.149s] running install_scripts
[1.172s] Installing eye_node script to /home/parallels/code/ros2-test/camera-test/install/eye_cmds/lib/eye_cmds
[1.173s] writing list of installed files to '/home/parallels/code/ros2-test/camera-test/build/eye_cmds/install.log'
[1.367s] Invoked command in '/home/parallels/code/ros2-test/camera-test/src/eye_cmds' returned '0': CONDA_PROMPT_MODIFIER=(base) PYTHONPATH=/home/parallels/code/ros2-test/camera-test/install/eye_cmds/lib/python3.8/site-packages:${PYTHONPATH} /usr/bin/python3 setup.py egg_info --egg-base ../../build/eye_cmds build --build-base /home/parallels/code/ros2-test/camera-test/build/eye_cmds/build install --prefix /home/parallels/code/ros2-test/camera-test/install/eye_cmds --record /home/parallels/code/ros2-test/camera-test/build/eye_cmds/install.log --single-version-externally-managed
