/home/nvidia/Desktop/code/ros2-test/face-robot-01/install/mp_input/lib/python3.8/site-packages/mp_input/normalization.py
/home/nvidia/Desktop/code/ros2-test/face-robot-01/install/mp_input/lib/python3.8/site-packages/mp_input/mpinput.py
/home/nvidia/Desktop/code/ros2-test/face-robot-01/install/mp_input/lib/python3.8/site-packages/mp_input/servo_motor_mp.py
/home/nvidia/Desktop/code/ros2-test/face-robot-01/install/mp_input/lib/python3.8/site-packages/mp_input/__init__.py
/home/nvidia/Desktop/code/ros2-test/face-robot-01/install/mp_input/lib/python3.8/site-packages/mp_input/lmks_data/face_geometry.py
/home/nvidia/Desktop/code/ros2-test/face-robot-01/install/mp_input/lib/python3.8/site-packages/mp_input/lmks_data/__init__.py
/home/nvidia/Desktop/code/ros2-test/face-robot-01/install/mp_input/lib/python3.8/site-packages/mp_input/lmks_data/simplified_landmark_plus.py
/home/nvidia/Desktop/code/ros2-test/face-robot-01/install/mp_input/lib/python3.8/site-packages/mp_input/__pycache__/normalization.cpython-38.pyc
/home/nvidia/Desktop/code/ros2-test/face-robot-01/install/mp_input/lib/python3.8/site-packages/mp_input/__pycache__/mpinput.cpython-38.pyc
/home/nvidia/Desktop/code/ros2-test/face-robot-01/install/mp_input/lib/python3.8/site-packages/mp_input/__pycache__/servo_motor_mp.cpython-38.pyc
/home/nvidia/Desktop/code/ros2-test/face-robot-01/install/mp_input/lib/python3.8/site-packages/mp_input/__pycache__/__init__.cpython-38.pyc
/home/nvidia/Desktop/code/ros2-test/face-robot-01/install/mp_input/lib/python3.8/site-packages/mp_input/lmks_data/__pycache__/face_geometry.cpython-38.pyc
/home/nvidia/Desktop/code/ros2-test/face-robot-01/install/mp_input/lib/python3.8/site-packages/mp_input/lmks_data/__pycache__/__init__.cpython-38.pyc
/home/nvidia/Desktop/code/ros2-test/face-robot-01/install/mp_input/lib/python3.8/site-packages/mp_input/lmks_data/__pycache__/simplified_landmark_plus.cpython-38.pyc
/home/nvidia/Desktop/code/ros2-test/face-robot-01/install/mp_input/share/ament_index/resource_index/packages/mp_input
/home/nvidia/Desktop/code/ros2-test/face-robot-01/install/mp_input/share/mp_input/package.xml
/home/nvidia/Desktop/code/ros2-test/face-robot-01/install/mp_input/share/mp_input/mp.launch.py
/home/nvidia/Desktop/code/ros2-test/face-robot-01/install/mp_input/lib/python3.8/site-packages/mp_input-0.0.0-py3.8.egg-info/zip-safe
/home/nvidia/Desktop/code/ros2-test/face-robot-01/install/mp_input/lib/python3.8/site-packages/mp_input-0.0.0-py3.8.egg-info/requires.txt
/home/nvidia/Desktop/code/ros2-test/face-robot-01/install/mp_input/lib/python3.8/site-packages/mp_input-0.0.0-py3.8.egg-info/PKG-INFO
/home/nvidia/Desktop/code/ros2-test/face-robot-01/install/mp_input/lib/python3.8/site-packages/mp_input-0.0.0-py3.8.egg-info/dependency_links.txt
/home/nvidia/Desktop/code/ros2-test/face-robot-01/install/mp_input/lib/python3.8/site-packages/mp_input-0.0.0-py3.8.egg-info/SOURCES.txt
/home/nvidia/Desktop/code/ros2-test/face-robot-01/install/mp_input/lib/python3.8/site-packages/mp_input-0.0.0-py3.8.egg-info/top_level.txt
/home/nvidia/Desktop/code/ros2-test/face-robot-01/install/mp_input/lib/python3.8/site-packages/mp_input-0.0.0-py3.8.egg-info/entry_points.txt
/home/nvidia/Desktop/code/ros2-test/face-robot-01/install/mp_input/bin/eye_node
/home/nvidia/Desktop/code/ros2-test/face-robot-01/install/mp_input/bin/eyeball_node
/home/nvidia/Desktop/code/ros2-test/face-robot-01/install/mp_input/bin/mouth_node
/home/nvidia/Desktop/code/ros2-test/face-robot-01/install/mp_input/bin/mpinput_node
/home/nvidia/Desktop/code/ros2-test/face-robot-01/install/mp_input/bin/neck_node
/home/nvidia/Desktop/code/ros2-test/face-robot-01/install/mp_input/bin/nn_node
