running egg_info
writing ../../build/nn_computer/nn_computer.egg-info/PKG-INFO
writing dependency_links to ../../build/nn_computer/nn_computer.egg-info/dependency_links.txt
writing entry points to ../../build/nn_computer/nn_computer.egg-info/entry_points.txt
writing requirements to ../../build/nn_computer/nn_computer.egg-info/requires.txt
writing top-level names to ../../build/nn_computer/nn_computer.egg-info/top_level.txt
reading manifest file '../../build/nn_computer/nn_computer.egg-info/SOURCES.txt'
writing manifest file '../../build/nn_computer/nn_computer.egg-info/SOURCES.txt'
running build
running build_py
copying nn_computer/nncomputer.py -> /home/parallels/code/ros2-test/face-robot-01/build/nn_computer/build/lib/nn_computer
copying nn_computer/__init__.py -> /home/parallels/code/ros2-test/face-robot-01/build/nn_computer/build/lib/nn_computer
running install
running install_lib
copying /home/parallels/code/ros2-test/face-robot-01/build/nn_computer/build/lib/nn_computer/nncomputer.py -> /home/parallels/code/ros2-test/face-robot-01/install/nn_computer/lib/python3.8/site-packages/nn_computer
copying /home/parallels/code/ros2-test/face-robot-01/build/nn_computer/build/lib/nn_computer/__init__.py -> /home/parallels/code/ros2-test/face-robot-01/install/nn_computer/lib/python3.8/site-packages/nn_computer
byte-compiling /home/parallels/code/ros2-test/face-robot-01/install/nn_computer/lib/python3.8/site-packages/nn_computer/nncomputer.py to nncomputer.cpython-38.pyc
byte-compiling /home/parallels/code/ros2-test/face-robot-01/install/nn_computer/lib/python3.8/site-packages/nn_computer/__init__.py to __init__.cpython-38.pyc
running install_data
copying resource/nn_computer -> /home/parallels/code/ros2-test/face-robot-01/install/nn_computer/share/ament_index/resource_index/packages
copying package.xml -> /home/parallels/code/ros2-test/face-robot-01/install/nn_computer/share/nn_computer
running install_egg_info
removing '/home/parallels/code/ros2-test/face-robot-01/install/nn_computer/lib/python3.8/site-packages/nn_computer-0.0.0-py3.8.egg-info' (and everything under it)
Copying ../../build/nn_computer/nn_computer.egg-info to /home/parallels/code/ros2-test/face-robot-01/install/nn_computer/lib/python3.8/site-packages/nn_computer-0.0.0-py3.8.egg-info
running install_scripts
Installing nn_node script to /home/parallels/code/ros2-test/face-robot-01/install/nn_computer/lib/nn_computer
writing list of installed files to '/home/parallels/code/ros2-test/face-robot-01/build/nn_computer/install.log'
