[9.097s] Invoking command in '/home/nvidia/Desktop/code/ros2-test/face-robot-01/src/mp_input': PYTHONPATH=/home/nvidia/Desktop/code/ros2-test/face-robot-01/build/mp_input/prefix_override:/home/nvidia/Desktop/code/ros2-test/face-robot-01/install/mp_input/lib/python3.8/site-packages:${PYTHONPATH} /usr/bin/python3 setup.py egg_info --egg-base ../../build/mp_input build --build-base /home/nvidia/Desktop/code/ros2-test/face-robot-01/build/mp_input/build install --record /home/nvidia/Desktop/code/ros2-test/face-robot-01/build/mp_input/install.log --single-version-externally-managed
[10.622s] running egg_info
[10.625s] writing ../../build/mp_input/mp_input.egg-info/PKG-INFO
[10.626s] writing dependency_links to ../../build/mp_input/mp_input.egg-info/dependency_links.txt
[10.627s] writing entry points to ../../build/mp_input/mp_input.egg-info/entry_points.txt
[10.627s] writing requirements to ../../build/mp_input/mp_input.egg-info/requires.txt
[10.628s] writing top-level names to ../../build/mp_input/mp_input.egg-info/top_level.txt
[10.811s] reading manifest file '../../build/mp_input/mp_input.egg-info/SOURCES.txt'
[10.813s] writing manifest file '../../build/mp_input/mp_input.egg-info/SOURCES.txt'
[10.815s] running build
[10.820s] running build_py
[10.821s] running install
[10.822s] running install_lib
[10.831s] running install_data
[10.832s] running install_egg_info
[10.839s] removing '/home/nvidia/Desktop/code/ros2-test/face-robot-01/install/mp_input/lib/python3.8/site-packages/mp_input-0.0.0-py3.8.egg-info' (and everything under it)
[10.840s] Copying ../../build/mp_input/mp_input.egg-info to /home/nvidia/Desktop/code/ros2-test/face-robot-01/install/mp_input/lib/python3.8/site-packages/mp_input-0.0.0-py3.8.egg-info
[10.850s] running install_scripts
[10.932s] Installing eye_node script to /home/nvidia/Desktop/code/ros2-test/face-robot-01/install/mp_input/bin
[10.935s] Installing eyeball_node script to /home/nvidia/Desktop/code/ros2-test/face-robot-01/install/mp_input/bin
[10.936s] Installing mouth_node script to /home/nvidia/Desktop/code/ros2-test/face-robot-01/install/mp_input/bin
[10.939s] Installing mpinput_node script to /home/nvidia/Desktop/code/ros2-test/face-robot-01/install/mp_input/bin
[10.940s] Installing neck_node script to /home/nvidia/Desktop/code/ros2-test/face-robot-01/install/mp_input/bin
[10.941s] Installing nn_node script to /home/nvidia/Desktop/code/ros2-test/face-robot-01/install/mp_input/bin
[10.943s] writing list of installed files to '/home/nvidia/Desktop/code/ros2-test/face-robot-01/build/mp_input/install.log'
[11.043s] Invoked command in '/home/nvidia/Desktop/code/ros2-test/face-robot-01/src/mp_input' returned '0': PYTHONPATH=/home/nvidia/Desktop/code/ros2-test/face-robot-01/build/mp_input/prefix_override:/home/nvidia/Desktop/code/ros2-test/face-robot-01/install/mp_input/lib/python3.8/site-packages:${PYTHONPATH} /usr/bin/python3 setup.py egg_info --egg-base ../../build/mp_input build --build-base /home/nvidia/Desktop/code/ros2-test/face-robot-01/build/mp_input/build install --record /home/nvidia/Desktop/code/ros2-test/face-robot-01/build/mp_input/install.log --single-version-externally-managed
