[9.477s] Invoking command in '/home/nvidia/Desktop/code/ros2-test/face-robot-01/src/nn_computer': PYTHONPATH=/home/nvidia/Desktop/code/ros2-test/face-robot-01/build/nn_computer/prefix_override:/home/nvidia/Desktop/code/ros2-test/face-robot-01/install/nn_computer/lib/python3.8/site-packages:${PYTHONPATH} /usr/bin/python3 setup.py egg_info --egg-base ../../build/nn_computer build --build-base /home/nvidia/Desktop/code/ros2-test/face-robot-01/build/nn_computer/build install --record /home/nvidia/Desktop/code/ros2-test/face-robot-01/build/nn_computer/install.log --single-version-externally-managed
[10.766s] running egg_info
[10.770s] writing ../../build/nn_computer/nn_computer.egg-info/PKG-INFO
[10.772s] writing dependency_links to ../../build/nn_computer/nn_computer.egg-info/dependency_links.txt
[10.773s] writing entry points to ../../build/nn_computer/nn_computer.egg-info/entry_points.txt
[10.774s] writing requirements to ../../build/nn_computer/nn_computer.egg-info/requires.txt
[10.776s] writing top-level names to ../../build/nn_computer/nn_computer.egg-info/top_level.txt
[10.993s] reading manifest file '../../build/nn_computer/nn_computer.egg-info/SOURCES.txt'
[10.995s] writing manifest file '../../build/nn_computer/nn_computer.egg-info/SOURCES.txt'
[10.996s] running build
[11.001s] running build_py
[11.003s] running install
[11.004s] running install_lib
[11.011s] running install_data
[11.013s] running install_egg_info
[11.020s] removing '/home/nvidia/Desktop/code/ros2-test/face-robot-01/install/nn_computer/lib/python3.8/site-packages/nn_computer-0.0.0-py3.8.egg-info' (and everything under it)
[11.026s] Copying ../../build/nn_computer/nn_computer.egg-info to /home/nvidia/Desktop/code/ros2-test/face-robot-01/install/nn_computer/lib/python3.8/site-packages/nn_computer-0.0.0-py3.8.egg-info
[11.031s] running install_scripts
[11.125s] Installing nn_node script to /home/nvidia/Desktop/code/ros2-test/face-robot-01/install/nn_computer/bin
[11.127s] writing list of installed files to '/home/nvidia/Desktop/code/ros2-test/face-robot-01/build/nn_computer/install.log'
[11.281s] Invoked command in '/home/nvidia/Desktop/code/ros2-test/face-robot-01/src/nn_computer' returned '0': PYTHONPATH=/home/nvidia/Desktop/code/ros2-test/face-robot-01/build/nn_computer/prefix_override:/home/nvidia/Desktop/code/ros2-test/face-robot-01/install/nn_computer/lib/python3.8/site-packages:${PYTHONPATH} /usr/bin/python3 setup.py egg_info --egg-base ../../build/nn_computer build --build-base /home/nvidia/Desktop/code/ros2-test/face-robot-01/build/nn_computer/build install --record /home/nvidia/Desktop/code/ros2-test/face-robot-01/build/nn_computer/install.log --single-version-externally-managed
