[9.016s] Invoking command in '/home/nvidia/Desktop/code/ros2-test/face-robot-01/src/mouth_cmds': PYTHONPATH=/home/nvidia/Desktop/code/ros2-test/face-robot-01/build/mouth_cmds/prefix_override:/home/nvidia/Desktop/code/ros2-test/face-robot-01/install/mouth_cmds/lib/python3.8/site-packages:${PYTHONPATH} /usr/bin/python3 setup.py egg_info --egg-base ../../build/mouth_cmds build --build-base /home/nvidia/Desktop/code/ros2-test/face-robot-01/build/mouth_cmds/build install --record /home/nvidia/Desktop/code/ros2-test/face-robot-01/build/mouth_cmds/install.log --single-version-externally-managed
[10.277s] running egg_info
[10.284s] writing ../../build/mouth_cmds/mouth_cmds.egg-info/PKG-INFO
[10.288s] writing dependency_links to ../../build/mouth_cmds/mouth_cmds.egg-info/dependency_links.txt
[10.291s] writing entry points to ../../build/mouth_cmds/mouth_cmds.egg-info/entry_points.txt
[10.296s] writing requirements to ../../build/mouth_cmds/mouth_cmds.egg-info/requires.txt
[10.299s] writing top-level names to ../../build/mouth_cmds/mouth_cmds.egg-info/top_level.txt
[10.577s] reading manifest file '../../build/mouth_cmds/mouth_cmds.egg-info/SOURCES.txt'
[10.584s] writing manifest file '../../build/mouth_cmds/mouth_cmds.egg-info/SOURCES.txt'
[10.586s] running build
[10.587s] running build_py
[10.589s] copying mouth_cmds/mouthcmds.py -> /home/nvidia/Desktop/code/ros2-test/face-robot-01/build/mouth_cmds/build/lib/mouth_cmds
[10.593s] running install
[10.633s] running install_lib
[10.635s] copying /home/nvidia/Desktop/code/ros2-test/face-robot-01/build/mouth_cmds/build/lib/mouth_cmds/mouthcmds.py -> /home/nvidia/Desktop/code/ros2-test/face-robot-01/install/mouth_cmds/lib/python3.8/site-packages/mouth_cmds
[10.641s] byte-compiling /home/nvidia/Desktop/code/ros2-test/face-robot-01/install/mouth_cmds/lib/python3.8/site-packages/mouth_cmds/mouthcmds.py to mouthcmds.cpython-38.pyc
[10.668s] running install_data
[10.669s] running install_egg_info
[10.670s] removing '/home/nvidia/Desktop/code/ros2-test/face-robot-01/install/mouth_cmds/lib/python3.8/site-packages/mouth_cmds-0.0.0-py3.8.egg-info' (and everything under it)
[10.671s] Copying ../../build/mouth_cmds/mouth_cmds.egg-info to /home/nvidia/Desktop/code/ros2-test/face-robot-01/install/mouth_cmds/lib/python3.8/site-packages/mouth_cmds-0.0.0-py3.8.egg-info
[10.674s] running install_scripts
[10.771s] Installing mouth_node script to /home/nvidia/Desktop/code/ros2-test/face-robot-01/install/mouth_cmds/bin
[10.773s] writing list of installed files to '/home/nvidia/Desktop/code/ros2-test/face-robot-01/build/mouth_cmds/install.log'
[11.030s] Invoked command in '/home/nvidia/Desktop/code/ros2-test/face-robot-01/src/mouth_cmds' returned '0': PYTHONPATH=/home/nvidia/Desktop/code/ros2-test/face-robot-01/build/mouth_cmds/prefix_override:/home/nvidia/Desktop/code/ros2-test/face-robot-01/install/mouth_cmds/lib/python3.8/site-packages:${PYTHONPATH} /usr/bin/python3 setup.py egg_info --egg-base ../../build/mouth_cmds build --build-base /home/nvidia/Desktop/code/ros2-test/face-robot-01/build/mouth_cmds/build install --record /home/nvidia/Desktop/code/ros2-test/face-robot-01/build/mouth_cmds/install.log --single-version-externally-managed
