[0.733s] Invoking command in '/home/parallels/code/ros2-test/face-robot-01/src/eye_cmds': PYTHONPATH=/home/parallels/code/ros2-test/face-robot-01/install/eye_cmds/lib/python3.8/site-packages:${PYTHONPATH} /usr/bin/python3 setup.py egg_info --egg-base ../../build/eye_cmds build --build-base /home/parallels/code/ros2-test/face-robot-01/build/eye_cmds/build install --prefix /home/parallels/code/ros2-test/face-robot-01/install/eye_cmds --record /home/parallels/code/ros2-test/face-robot-01/build/eye_cmds/install.log --single-version-externally-managed
[0.838s] running egg_info
[0.839s] writing ../../build/eye_cmds/eye_cmds.egg-info/PKG-INFO
[0.839s] writing dependency_links to ../../build/eye_cmds/eye_cmds.egg-info/dependency_links.txt
[0.839s] writing entry points to ../../build/eye_cmds/eye_cmds.egg-info/entry_points.txt
[0.839s] writing requirements to ../../build/eye_cmds/eye_cmds.egg-info/requires.txt
[0.840s] writing top-level names to ../../build/eye_cmds/eye_cmds.egg-info/top_level.txt
[0.858s] reading manifest file '../../build/eye_cmds/eye_cmds.egg-info/SOURCES.txt'
[0.858s] writing manifest file '../../build/eye_cmds/eye_cmds.egg-info/SOURCES.txt'
[0.858s] running build
[0.858s] running build_py
[0.858s] copying eye_cmds/eyecmds.py -> /home/parallels/code/ros2-test/face-robot-01/build/eye_cmds/build/lib/eye_cmds
[0.859s] copying eye_cmds/__init__.py -> /home/parallels/code/ros2-test/face-robot-01/build/eye_cmds/build/lib/eye_cmds
[0.859s] running install
[0.859s] running install_lib
[0.859s] copying /home/parallels/code/ros2-test/face-robot-01/build/eye_cmds/build/lib/eye_cmds/eyecmds.py -> /home/parallels/code/ros2-test/face-robot-01/install/eye_cmds/lib/python3.8/site-packages/eye_cmds
[0.860s] copying /home/parallels/code/ros2-test/face-robot-01/build/eye_cmds/build/lib/eye_cmds/__init__.py -> /home/parallels/code/ros2-test/face-robot-01/install/eye_cmds/lib/python3.8/site-packages/eye_cmds
[0.860s] byte-compiling /home/parallels/code/ros2-test/face-robot-01/install/eye_cmds/lib/python3.8/site-packages/eye_cmds/eyecmds.py to eyecmds.cpython-38.pyc
[0.861s] byte-compiling /home/parallels/code/ros2-test/face-robot-01/install/eye_cmds/lib/python3.8/site-packages/eye_cmds/__init__.py to __init__.cpython-38.pyc
[0.861s] running install_data
[0.861s] copying resource/eye_cmds -> /home/parallels/code/ros2-test/face-robot-01/install/eye_cmds/share/ament_index/resource_index/packages
[0.861s] copying package.xml -> /home/parallels/code/ros2-test/face-robot-01/install/eye_cmds/share/eye_cmds
[0.861s] running install_egg_info
[0.862s] removing '/home/parallels/code/ros2-test/face-robot-01/install/eye_cmds/lib/python3.8/site-packages/eye_cmds-0.0.0-py3.8.egg-info' (and everything under it)
[0.881s] Copying ../../build/eye_cmds/eye_cmds.egg-info to /home/parallels/code/ros2-test/face-robot-01/install/eye_cmds/lib/python3.8/site-packages/eye_cmds-0.0.0-py3.8.egg-info
[0.881s] running install_scripts
[0.892s] Installing eye_node script to /home/parallels/code/ros2-test/face-robot-01/install/eye_cmds/lib/eye_cmds
[0.892s] writing list of installed files to '/home/parallels/code/ros2-test/face-robot-01/build/eye_cmds/install.log'
[0.927s] Invoked command in '/home/parallels/code/ros2-test/face-robot-01/src/eye_cmds' returned '0': PYTHONPATH=/home/parallels/code/ros2-test/face-robot-01/install/eye_cmds/lib/python3.8/site-packages:${PYTHONPATH} /usr/bin/python3 setup.py egg_info --egg-base ../../build/eye_cmds build --build-base /home/parallels/code/ros2-test/face-robot-01/build/eye_cmds/build install --prefix /home/parallels/code/ros2-test/face-robot-01/install/eye_cmds --record /home/parallels/code/ros2-test/face-robot-01/build/eye_cmds/install.log --single-version-externally-managed
