[9.026s] Invoking command in '/home/nvidia/Desktop/code/ros2-test/face-robot-01/src/eye_cmds': PYTHONPATH=/home/nvidia/Desktop/code/ros2-test/face-robot-01/build/eye_cmds/prefix_override:/home/nvidia/Desktop/code/ros2-test/face-robot-01/install/eye_cmds/lib/python3.8/site-packages:${PYTHONPATH} /usr/bin/python3 setup.py egg_info --egg-base ../../build/eye_cmds build --build-base /home/nvidia/Desktop/code/ros2-test/face-robot-01/build/eye_cmds/build install --record /home/nvidia/Desktop/code/ros2-test/face-robot-01/build/eye_cmds/install.log --single-version-externally-managed
[10.325s] running egg_info
[10.328s] writing ../../build/eye_cmds/eye_cmds.egg-info/PKG-INFO
[10.330s] writing dependency_links to ../../build/eye_cmds/eye_cmds.egg-info/dependency_links.txt
[10.333s] writing entry points to ../../build/eye_cmds/eye_cmds.egg-info/entry_points.txt
[10.336s] writing requirements to ../../build/eye_cmds/eye_cmds.egg-info/requires.txt
[10.338s] writing top-level names to ../../build/eye_cmds/eye_cmds.egg-info/top_level.txt
[10.564s] reading manifest file '../../build/eye_cmds/eye_cmds.egg-info/SOURCES.txt'
[10.583s] writing manifest file '../../build/eye_cmds/eye_cmds.egg-info/SOURCES.txt'
[10.584s] running build
[10.584s] running build_py
[10.585s] copying eye_cmds/eyecmds.py -> /home/nvidia/Desktop/code/ros2-test/face-robot-01/build/eye_cmds/build/lib/eye_cmds
[10.585s] copying eye_cmds/servo_motor_face.py -> /home/nvidia/Desktop/code/ros2-test/face-robot-01/build/eye_cmds/build/lib/eye_cmds
[10.587s] running install
[10.594s] running install_lib
[10.600s] copying /home/nvidia/Desktop/code/ros2-test/face-robot-01/build/eye_cmds/build/lib/eye_cmds/eyecmds.py -> /home/nvidia/Desktop/code/ros2-test/face-robot-01/install/eye_cmds/lib/python3.8/site-packages/eye_cmds
[10.601s] copying /home/nvidia/Desktop/code/ros2-test/face-robot-01/build/eye_cmds/build/lib/eye_cmds/servo_motor_face.py -> /home/nvidia/Desktop/code/ros2-test/face-robot-01/install/eye_cmds/lib/python3.8/site-packages/eye_cmds
[10.614s] byte-compiling /home/nvidia/Desktop/code/ros2-test/face-robot-01/install/eye_cmds/lib/python3.8/site-packages/eye_cmds/eyecmds.py to eyecmds.cpython-38.pyc
[10.615s] byte-compiling /home/nvidia/Desktop/code/ros2-test/face-robot-01/install/eye_cmds/lib/python3.8/site-packages/eye_cmds/servo_motor_face.py to servo_motor_face.cpython-38.pyc
[10.621s] running install_data
[10.623s] running install_egg_info
[10.632s] removing '/home/nvidia/Desktop/code/ros2-test/face-robot-01/install/eye_cmds/lib/python3.8/site-packages/eye_cmds-0.0.0-py3.8.egg-info' (and everything under it)
[10.633s] Copying ../../build/eye_cmds/eye_cmds.egg-info to /home/nvidia/Desktop/code/ros2-test/face-robot-01/install/eye_cmds/lib/python3.8/site-packages/eye_cmds-0.0.0-py3.8.egg-info
[10.639s] running install_scripts
[10.725s] Installing eye_node script to /home/nvidia/Desktop/code/ros2-test/face-robot-01/install/eye_cmds/bin
[10.727s] writing list of installed files to '/home/nvidia/Desktop/code/ros2-test/face-robot-01/build/eye_cmds/install.log'
[10.910s] Invoked command in '/home/nvidia/Desktop/code/ros2-test/face-robot-01/src/eye_cmds' returned '0': PYTHONPATH=/home/nvidia/Desktop/code/ros2-test/face-robot-01/build/eye_cmds/prefix_override:/home/nvidia/Desktop/code/ros2-test/face-robot-01/install/eye_cmds/lib/python3.8/site-packages:${PYTHONPATH} /usr/bin/python3 setup.py egg_info --egg-base ../../build/eye_cmds build --build-base /home/nvidia/Desktop/code/ros2-test/face-robot-01/build/eye_cmds/build install --record /home/nvidia/Desktop/code/ros2-test/face-robot-01/build/eye_cmds/install.log --single-version-externally-managed
