[9.951s] Invoking command in '/home/nvidia/Desktop/code/ros2-test/face-robot-01/src/eye_cmds': PYTHONPATH=/home/nvidia/Desktop/code/ros2-test/face-robot-01/build/eye_cmds/prefix_override:/home/nvidia/Desktop/code/ros2-test/face-robot-01/install/eye_cmds/lib/python3.8/site-packages:${PYTHONPATH} /usr/bin/python3 setup.py egg_info --egg-base ../../build/eye_cmds build --build-base /home/nvidia/Desktop/code/ros2-test/face-robot-01/build/eye_cmds/build install --record /home/nvidia/Desktop/code/ros2-test/face-robot-01/build/eye_cmds/install.log --single-version-externally-managed
[11.549s] running egg_info
[11.553s] writing ../../build/eye_cmds/eye_cmds.egg-info/PKG-INFO
[11.557s] writing dependency_links to ../../build/eye_cmds/eye_cmds.egg-info/dependency_links.txt
[11.559s] writing entry points to ../../build/eye_cmds/eye_cmds.egg-info/entry_points.txt
[11.564s] writing requirements to ../../build/eye_cmds/eye_cmds.egg-info/requires.txt
[11.565s] writing top-level names to ../../build/eye_cmds/eye_cmds.egg-info/top_level.txt
[11.825s] reading manifest file '../../build/eye_cmds/eye_cmds.egg-info/SOURCES.txt'
[11.833s] writing manifest file '../../build/eye_cmds/eye_cmds.egg-info/SOURCES.txt'
[11.845s] running build
[11.845s] running build_py
[11.849s] running install
[11.853s] running install_lib
[11.862s] running install_data
[11.866s] running install_egg_info
[11.876s] removing '/home/nvidia/Desktop/code/ros2-test/face-robot-01/install/eye_cmds/lib/python3.8/site-packages/eye_cmds-0.0.0-py3.8.egg-info' (and everything under it)
[11.890s] Copying ../../build/eye_cmds/eye_cmds.egg-info to /home/nvidia/Desktop/code/ros2-test/face-robot-01/install/eye_cmds/lib/python3.8/site-packages/eye_cmds-0.0.0-py3.8.egg-info
[11.897s] running install_scripts
[11.998s] Installing eye_node script to /home/nvidia/Desktop/code/ros2-test/face-robot-01/install/eye_cmds/bin
[11.998s] writing list of installed files to '/home/nvidia/Desktop/code/ros2-test/face-robot-01/build/eye_cmds/install.log'
[12.325s] Invoked command in '/home/nvidia/Desktop/code/ros2-test/face-robot-01/src/eye_cmds' returned '0': PYTHONPATH=/home/nvidia/Desktop/code/ros2-test/face-robot-01/build/eye_cmds/prefix_override:/home/nvidia/Desktop/code/ros2-test/face-robot-01/install/eye_cmds/lib/python3.8/site-packages:${PYTHONPATH} /usr/bin/python3 setup.py egg_info --egg-base ../../build/eye_cmds build --build-base /home/nvidia/Desktop/code/ros2-test/face-robot-01/build/eye_cmds/build install --record /home/nvidia/Desktop/code/ros2-test/face-robot-01/build/eye_cmds/install.log --single-version-externally-managed
