[1.685s] Invoking command in '/home/parallels/code/ros2-test/camera-test/src/mouth_cmds': CONDA_PROMPT_MODIFIER=(base) PYTHONPATH=/home/parallels/code/ros2-test/camera-test/install/mouth_cmds/lib/python3.8/site-packages:${PYTHONPATH} /usr/bin/python3 setup.py egg_info --egg-base ../../build/mouth_cmds build --build-base /home/parallels/code/ros2-test/camera-test/build/mouth_cmds/build install --prefix /home/parallels/code/ros2-test/camera-test/install/mouth_cmds --record /home/parallels/code/ros2-test/camera-test/build/mouth_cmds/install.log --single-version-externally-managed
[2.365s] running egg_info
[2.365s] writing ../../build/mouth_cmds/mouth_cmds.egg-info/PKG-INFO
[2.382s] writing dependency_links to ../../build/mouth_cmds/mouth_cmds.egg-info/dependency_links.txt
[2.383s] writing entry points to ../../build/mouth_cmds/mouth_cmds.egg-info/entry_points.txt
[2.383s] writing requirements to ../../build/mouth_cmds/mouth_cmds.egg-info/requires.txt
[2.383s] writing top-level names to ../../build/mouth_cmds/mouth_cmds.egg-info/top_level.txt
[2.502s] reading manifest file '../../build/mouth_cmds/mouth_cmds.egg-info/SOURCES.txt'
[2.503s] writing manifest file '../../build/mouth_cmds/mouth_cmds.egg-info/SOURCES.txt'
[2.503s] running build
[2.503s] running build_py
[2.503s] running install
[2.504s] running install_lib
[2.504s] running install_data
[2.505s] running install_egg_info
[2.518s] removing '/home/parallels/code/ros2-test/camera-test/install/mouth_cmds/lib/python3.8/site-packages/mouth_cmds-0.0.0-py3.8.egg-info' (and everything under it)
[2.518s] Copying ../../build/mouth_cmds/mouth_cmds.egg-info to /home/parallels/code/ros2-test/camera-test/install/mouth_cmds/lib/python3.8/site-packages/mouth_cmds-0.0.0-py3.8.egg-info
[2.528s] running install_scripts
[2.569s] Installing mouth_node script to /home/parallels/code/ros2-test/camera-test/install/mouth_cmds/lib/mouth_cmds
[2.580s] writing list of installed files to '/home/parallels/code/ros2-test/camera-test/build/mouth_cmds/install.log'
[2.858s] Invoked command in '/home/parallels/code/ros2-test/camera-test/src/mouth_cmds' returned '0': CONDA_PROMPT_MODIFIER=(base) PYTHONPATH=/home/parallels/code/ros2-test/camera-test/install/mouth_cmds/lib/python3.8/site-packages:${PYTHONPATH} /usr/bin/python3 setup.py egg_info --egg-base ../../build/mouth_cmds build --build-base /home/parallels/code/ros2-test/camera-test/build/mouth_cmds/build install --prefix /home/parallels/code/ros2-test/camera-test/install/mouth_cmds --record /home/parallels/code/ros2-test/camera-test/build/mouth_cmds/install.log --single-version-externally-managed
