[9.854s] Invoking command in '/home/nvidia/Desktop/code/ros2-test/face-robot-01/src/nn_computer': PYTHONPATH=/home/nvidia/Desktop/code/ros2-test/face-robot-01/build/nn_computer/prefix_override:/home/nvidia/Desktop/code/ros2-test/face-robot-01/install/nn_computer/lib/python3.8/site-packages:${PYTHONPATH} /usr/bin/python3 setup.py egg_info --egg-base ../../build/nn_computer build --build-base /home/nvidia/Desktop/code/ros2-test/face-robot-01/build/nn_computer/build install --record /home/nvidia/Desktop/code/ros2-test/face-robot-01/build/nn_computer/install.log --single-version-externally-managed
[11.252s] running egg_info
[11.255s] writing ../../build/nn_computer/nn_computer.egg-info/PKG-INFO
[11.257s] writing dependency_links to ../../build/nn_computer/nn_computer.egg-info/dependency_links.txt
[11.258s] writing entry points to ../../build/nn_computer/nn_computer.egg-info/entry_points.txt
[11.259s] writing requirements to ../../build/nn_computer/nn_computer.egg-info/requires.txt
[11.259s] writing top-level names to ../../build/nn_computer/nn_computer.egg-info/top_level.txt
[11.491s] reading manifest file '../../build/nn_computer/nn_computer.egg-info/SOURCES.txt'
[11.499s] writing manifest file '../../build/nn_computer/nn_computer.egg-info/SOURCES.txt'
[11.501s] running build
[11.502s] running build_py
[11.506s] running install
[11.511s] running install_lib
[11.544s] running install_data
[11.546s] running install_egg_info
[11.547s] removing '/home/nvidia/Desktop/code/ros2-test/face-robot-01/install/nn_computer/lib/python3.8/site-packages/nn_computer-0.0.0-py3.8.egg-info' (and everything under it)
[11.548s] Copying ../../build/nn_computer/nn_computer.egg-info to /home/nvidia/Desktop/code/ros2-test/face-robot-01/install/nn_computer/lib/python3.8/site-packages/nn_computer-0.0.0-py3.8.egg-info
[11.557s] running install_scripts
[11.632s] Installing nn_node script to /home/nvidia/Desktop/code/ros2-test/face-robot-01/install/nn_computer/bin
[11.641s] writing list of installed files to '/home/nvidia/Desktop/code/ros2-test/face-robot-01/build/nn_computer/install.log'
[11.884s] Invoked command in '/home/nvidia/Desktop/code/ros2-test/face-robot-01/src/nn_computer' returned '0': PYTHONPATH=/home/nvidia/Desktop/code/ros2-test/face-robot-01/build/nn_computer/prefix_override:/home/nvidia/Desktop/code/ros2-test/face-robot-01/install/nn_computer/lib/python3.8/site-packages:${PYTHONPATH} /usr/bin/python3 setup.py egg_info --egg-base ../../build/nn_computer build --build-base /home/nvidia/Desktop/code/ros2-test/face-robot-01/build/nn_computer/build install --record /home/nvidia/Desktop/code/ros2-test/face-robot-01/build/nn_computer/install.log --single-version-externally-managed
