[9.033s] Invoking command in '/home/nvidia/Desktop/code/ros2-test/face-robot-01/src/nn_computer': PYTHONPATH=/home/nvidia/Desktop/code/ros2-test/face-robot-01/build/nn_computer/prefix_override:/home/nvidia/Desktop/code/ros2-test/face-robot-01/install/nn_computer/lib/python3.8/site-packages:${PYTHONPATH} /usr/bin/python3 setup.py egg_info --egg-base ../../build/nn_computer build --build-base /home/nvidia/Desktop/code/ros2-test/face-robot-01/build/nn_computer/build install --record /home/nvidia/Desktop/code/ros2-test/face-robot-01/build/nn_computer/install.log --single-version-externally-managed
[10.313s] running egg_info
[10.316s] writing ../../build/nn_computer/nn_computer.egg-info/PKG-INFO
[10.318s] writing dependency_links to ../../build/nn_computer/nn_computer.egg-info/dependency_links.txt
[10.319s] writing entry points to ../../build/nn_computer/nn_computer.egg-info/entry_points.txt
[10.320s] writing requirements to ../../build/nn_computer/nn_computer.egg-info/requires.txt
[10.321s] writing top-level names to ../../build/nn_computer/nn_computer.egg-info/top_level.txt
[10.504s] reading manifest file '../../build/nn_computer/nn_computer.egg-info/SOURCES.txt'
[10.509s] writing manifest file '../../build/nn_computer/nn_computer.egg-info/SOURCES.txt'
[10.510s] running build
[10.510s] running build_py
[10.511s] copying nn_computer/nncomputer.py -> /home/nvidia/Desktop/code/ros2-test/face-robot-01/build/nn_computer/build/lib/nn_computer
[10.512s] running install
[10.517s] running install_lib
[10.522s] copying /home/nvidia/Desktop/code/ros2-test/face-robot-01/build/nn_computer/build/lib/nn_computer/nncomputer.py -> /home/nvidia/Desktop/code/ros2-test/face-robot-01/install/nn_computer/lib/python3.8/site-packages/nn_computer
[10.526s] byte-compiling /home/nvidia/Desktop/code/ros2-test/face-robot-01/install/nn_computer/lib/python3.8/site-packages/nn_computer/nncomputer.py to nncomputer.cpython-38.pyc
[10.535s] running install_data
[10.539s] running install_egg_info
[10.546s] removing '/home/nvidia/Desktop/code/ros2-test/face-robot-01/install/nn_computer/lib/python3.8/site-packages/nn_computer-0.0.0-py3.8.egg-info' (and everything under it)
[10.551s] Copying ../../build/nn_computer/nn_computer.egg-info to /home/nvidia/Desktop/code/ros2-test/face-robot-01/install/nn_computer/lib/python3.8/site-packages/nn_computer-0.0.0-py3.8.egg-info
[10.555s] running install_scripts
[10.655s] Installing nn_node script to /home/nvidia/Desktop/code/ros2-test/face-robot-01/install/nn_computer/bin
[10.658s] writing list of installed files to '/home/nvidia/Desktop/code/ros2-test/face-robot-01/build/nn_computer/install.log'
[10.933s] Invoked command in '/home/nvidia/Desktop/code/ros2-test/face-robot-01/src/nn_computer' returned '0': PYTHONPATH=/home/nvidia/Desktop/code/ros2-test/face-robot-01/build/nn_computer/prefix_override:/home/nvidia/Desktop/code/ros2-test/face-robot-01/install/nn_computer/lib/python3.8/site-packages:${PYTHONPATH} /usr/bin/python3 setup.py egg_info --egg-base ../../build/nn_computer build --build-base /home/nvidia/Desktop/code/ros2-test/face-robot-01/build/nn_computer/build install --record /home/nvidia/Desktop/code/ros2-test/face-robot-01/build/nn_computer/install.log --single-version-externally-managed
