[9.139s] Invoking command in '/home/nvidia/Desktop/code/ros2-test/face-robot-01/src/neck_cmds': PYTHONPATH=/home/nvidia/Desktop/code/ros2-test/face-robot-01/build/neck_cmds/prefix_override:/home/nvidia/Desktop/code/ros2-test/face-robot-01/install/neck_cmds/lib/python3.8/site-packages:${PYTHONPATH} /usr/bin/python3 setup.py egg_info --egg-base ../../build/neck_cmds build --build-base /home/nvidia/Desktop/code/ros2-test/face-robot-01/build/neck_cmds/build install --record /home/nvidia/Desktop/code/ros2-test/face-robot-01/build/neck_cmds/install.log --single-version-externally-managed
[10.544s] running egg_info
[10.545s] writing ../../build/neck_cmds/neck_cmds.egg-info/PKG-INFO
[10.547s] writing dependency_links to ../../build/neck_cmds/neck_cmds.egg-info/dependency_links.txt
[10.549s] writing entry points to ../../build/neck_cmds/neck_cmds.egg-info/entry_points.txt
[10.550s] writing requirements to ../../build/neck_cmds/neck_cmds.egg-info/requires.txt
[10.550s] writing top-level names to ../../build/neck_cmds/neck_cmds.egg-info/top_level.txt
[10.738s] reading manifest file '../../build/neck_cmds/neck_cmds.egg-info/SOURCES.txt'
[10.740s] writing manifest file '../../build/neck_cmds/neck_cmds.egg-info/SOURCES.txt'
[10.741s] running build
[10.742s] running build_py
[10.743s] copying neck_cmds/servo_motor_neck.py -> /home/nvidia/Desktop/code/ros2-test/face-robot-01/build/neck_cmds/build/lib/neck_cmds
[10.748s] running install
[10.758s] running install_lib
[10.765s] copying /home/nvidia/Desktop/code/ros2-test/face-robot-01/build/neck_cmds/build/lib/neck_cmds/servo_motor_neck.py -> /home/nvidia/Desktop/code/ros2-test/face-robot-01/install/neck_cmds/lib/python3.8/site-packages/neck_cmds
[10.775s] byte-compiling /home/nvidia/Desktop/code/ros2-test/face-robot-01/install/neck_cmds/lib/python3.8/site-packages/neck_cmds/servo_motor_neck.py to servo_motor_neck.cpython-38.pyc
[10.781s] running install_data
[10.786s] running install_egg_info
[10.789s] removing '/home/nvidia/Desktop/code/ros2-test/face-robot-01/install/neck_cmds/lib/python3.8/site-packages/neck_cmds-0.0.0-py3.8.egg-info' (and everything under it)
[10.791s] Copying ../../build/neck_cmds/neck_cmds.egg-info to /home/nvidia/Desktop/code/ros2-test/face-robot-01/install/neck_cmds/lib/python3.8/site-packages/neck_cmds-0.0.0-py3.8.egg-info
[10.795s] running install_scripts
[10.876s] Installing neck_node script to /home/nvidia/Desktop/code/ros2-test/face-robot-01/install/neck_cmds/bin
[10.878s] writing list of installed files to '/home/nvidia/Desktop/code/ros2-test/face-robot-01/build/neck_cmds/install.log'
[10.982s] Invoked command in '/home/nvidia/Desktop/code/ros2-test/face-robot-01/src/neck_cmds' returned '0': PYTHONPATH=/home/nvidia/Desktop/code/ros2-test/face-robot-01/build/neck_cmds/prefix_override:/home/nvidia/Desktop/code/ros2-test/face-robot-01/install/neck_cmds/lib/python3.8/site-packages:${PYTHONPATH} /usr/bin/python3 setup.py egg_info --egg-base ../../build/neck_cmds build --build-base /home/nvidia/Desktop/code/ros2-test/face-robot-01/build/neck_cmds/build install --record /home/nvidia/Desktop/code/ros2-test/face-robot-01/build/neck_cmds/install.log --single-version-externally-managed
