[14.218s] Invoking command in '/home/nvidia/Desktop/code/ros2-test/face-robot-01/src/neck_cmds': PYTHONPATH=/home/nvidia/Desktop/code/ros2-test/face-robot-01/build/neck_cmds/prefix_override:/home/nvidia/Desktop/code/ros2-test/face-robot-01/install/neck_cmds/lib/python3.8/site-packages:${PYTHONPATH} /usr/bin/python3 setup.py egg_info --egg-base ../../build/neck_cmds build --build-base /home/nvidia/Desktop/code/ros2-test/face-robot-01/build/neck_cmds/build install --record /home/nvidia/Desktop/code/ros2-test/face-robot-01/build/neck_cmds/install.log --single-version-externally-managed
[16.645s] running egg_info
[16.651s] writing ../../build/neck_cmds/neck_cmds.egg-info/PKG-INFO
[16.654s] writing dependency_links to ../../build/neck_cmds/neck_cmds.egg-info/dependency_links.txt
[16.656s] writing entry points to ../../build/neck_cmds/neck_cmds.egg-info/entry_points.txt
[16.659s] writing requirements to ../../build/neck_cmds/neck_cmds.egg-info/requires.txt
[16.660s] writing top-level names to ../../build/neck_cmds/neck_cmds.egg-info/top_level.txt
[17.222s] reading manifest file '../../build/neck_cmds/neck_cmds.egg-info/SOURCES.txt'
[17.229s] writing manifest file '../../build/neck_cmds/neck_cmds.egg-info/SOURCES.txt'
[17.230s] running build
[17.230s] running build_py
[17.231s] copying neck_cmds/servo_motor_neck.py -> /home/nvidia/Desktop/code/ros2-test/face-robot-01/build/neck_cmds/build/lib/neck_cmds
[17.252s] running install
[17.256s] running install_lib
[17.261s] copying /home/nvidia/Desktop/code/ros2-test/face-robot-01/build/neck_cmds/build/lib/neck_cmds/servo_motor_neck.py -> /home/nvidia/Desktop/code/ros2-test/face-robot-01/install/neck_cmds/lib/python3.8/site-packages/neck_cmds
[17.269s] byte-compiling /home/nvidia/Desktop/code/ros2-test/face-robot-01/install/neck_cmds/lib/python3.8/site-packages/neck_cmds/servo_motor_neck.py to servo_motor_neck.cpython-38.pyc
[17.294s] running install_data
[17.298s] running install_egg_info
[17.306s] removing '/home/nvidia/Desktop/code/ros2-test/face-robot-01/install/neck_cmds/lib/python3.8/site-packages/neck_cmds-0.0.0-py3.8.egg-info' (and everything under it)
[17.308s] Copying ../../build/neck_cmds/neck_cmds.egg-info to /home/nvidia/Desktop/code/ros2-test/face-robot-01/install/neck_cmds/lib/python3.8/site-packages/neck_cmds-0.0.0-py3.8.egg-info
[17.315s] running install_scripts
[17.449s] Installing neck_node script to /home/nvidia/Desktop/code/ros2-test/face-robot-01/install/neck_cmds/bin
[17.449s] writing list of installed files to '/home/nvidia/Desktop/code/ros2-test/face-robot-01/build/neck_cmds/install.log'
[17.622s] Invoked command in '/home/nvidia/Desktop/code/ros2-test/face-robot-01/src/neck_cmds' returned '0': PYTHONPATH=/home/nvidia/Desktop/code/ros2-test/face-robot-01/build/neck_cmds/prefix_override:/home/nvidia/Desktop/code/ros2-test/face-robot-01/install/neck_cmds/lib/python3.8/site-packages:${PYTHONPATH} /usr/bin/python3 setup.py egg_info --egg-base ../../build/neck_cmds build --build-base /home/nvidia/Desktop/code/ros2-test/face-robot-01/build/neck_cmds/build install --record /home/nvidia/Desktop/code/ros2-test/face-robot-01/build/neck_cmds/install.log --single-version-externally-managed
