[0.010s] Invoking command in '/home/parallels/code/town_ws/build/village_wang': CMAKE_PREFIX_PATH=${CMAKE_PREFIX_PATH}:/home/parallels/code/town_ws/install/village_li:/opt/ros/foxy /usr/bin/cmake --build /home/parallels/code/town_ws/build/village_wang -- -j4 -l4
[0.044s] [35m[1mScanning dependencies of target wang2_node[0m
[0.059s] [ 50%] [32mBuilding CXX object CMakeFiles/wang2_node.dir/src/wang2.cpp.o[0m
[2.495s] [100%] [32m[1mLinking CXX executable wang2_node[0m
[2.627s] [100%] Built target wang2_node
[2.638s] Invoked command in '/home/parallels/code/town_ws/build/village_wang' returned '0': CMAKE_PREFIX_PATH=${CMAKE_PREFIX_PATH}:/home/parallels/code/town_ws/install/village_li:/opt/ros/foxy /usr/bin/cmake --build /home/parallels/code/town_ws/build/village_wang -- -j4 -l4
[2.664s] Invoking command in '/home/parallels/code/town_ws/build/village_wang': CMAKE_PREFIX_PATH=${CMAKE_PREFIX_PATH}:/home/parallels/code/town_ws/install/village_li:/opt/ros/foxy /usr/bin/cmake --install /home/parallels/code/town_ws/build/village_wang
[2.670s] -- Install configuration: ""
[2.670s] -- Up-to-date: /home/parallels/code/town_ws/install/village_wang/share/ament_index/resource_index/package_run_dependencies/village_wang
[2.670s] -- Up-to-date: /home/parallels/code/town_ws/install/village_wang/share/ament_index/resource_index/parent_prefix_path/village_wang
[2.670s] -- Up-to-date: /home/parallels/code/town_ws/install/village_wang/share/village_wang/environment/ament_prefix_path.sh
[2.670s] -- Up-to-date: /home/parallels/code/town_ws/install/village_wang/share/village_wang/environment/ament_prefix_path.dsv
[2.671s] -- Up-to-date: /home/parallels/code/town_ws/install/village_wang/share/village_wang/environment/path.sh
[2.671s] -- Up-to-date: /home/parallels/code/town_ws/install/village_wang/share/village_wang/environment/path.dsv
[2.671s] -- Up-to-date: /home/parallels/code/town_ws/install/village_wang/share/village_wang/local_setup.bash
[2.671s] -- Up-to-date: /home/parallels/code/town_ws/install/village_wang/share/village_wang/local_setup.sh
[2.671s] -- Up-to-date: /home/parallels/code/town_ws/install/village_wang/share/village_wang/local_setup.zsh
[2.671s] -- Up-to-date: /home/parallels/code/town_ws/install/village_wang/share/village_wang/local_setup.dsv
[2.671s] -- Installing: /home/parallels/code/town_ws/install/village_wang/share/village_wang/package.dsv
[2.671s] -- Up-to-date: /home/parallels/code/town_ws/install/village_wang/share/ament_index/resource_index/packages/village_wang
[2.671s] -- Up-to-date: /home/parallels/code/town_ws/install/village_wang/share/village_wang/cmake/village_wangConfig.cmake
[2.671s] -- Up-to-date: /home/parallels/code/town_ws/install/village_wang/share/village_wang/cmake/village_wangConfig-version.cmake
[2.671s] -- Up-to-date: /home/parallels/code/town_ws/install/village_wang/share/village_wang/package.xml
[2.671s] -- Installing: /home/parallels/code/town_ws/install/village_wang/lib/village_wang/wang2_node
[2.672s] -- Set runtime path of "/home/parallels/code/town_ws/install/village_wang/lib/village_wang/wang2_node" to ""
[2.674s] Invoked command in '/home/parallels/code/town_ws/build/village_wang' returned '0': CMAKE_PREFIX_PATH=${CMAKE_PREFIX_PATH}:/home/parallels/code/town_ws/install/village_li:/opt/ros/foxy /usr/bin/cmake --install /home/parallels/code/town_ws/build/village_wang
