running egg_info
creating ../../build/mouth_cmds/mouth_cmds.egg-info
writing ../../build/mouth_cmds/mouth_cmds.egg-info/PKG-INFO
writing dependency_links to ../../build/mouth_cmds/mouth_cmds.egg-info/dependency_links.txt
writing entry points to ../../build/mouth_cmds/mouth_cmds.egg-info/entry_points.txt
writing requirements to ../../build/mouth_cmds/mouth_cmds.egg-info/requires.txt
writing top-level names to ../../build/mouth_cmds/mouth_cmds.egg-info/top_level.txt
writing manifest file '../../build/mouth_cmds/mouth_cmds.egg-info/SOURCES.txt'
reading manifest file '../../build/mouth_cmds/mouth_cmds.egg-info/SOURCES.txt'
writing manifest file '../../build/mouth_cmds/mouth_cmds.egg-info/SOURCES.txt'
running build
running build_py
creating /home/parallels/code/ros2-test/camera-test/build/mouth_cmds/build
creating /home/parallels/code/ros2-test/camera-test/build/mouth_cmds/build/lib
creating /home/parallels/code/ros2-test/camera-test/build/mouth_cmds/build/lib/mouth_cmds
copying mouth_cmds/mouthcmds.py -> /home/parallels/code/ros2-test/camera-test/build/mouth_cmds/build/lib/mouth_cmds
copying mouth_cmds/__init__.py -> /home/parallels/code/ros2-test/camera-test/build/mouth_cmds/build/lib/mouth_cmds
running install
running install_lib
creating /home/parallels/code/ros2-test/camera-test/install/mouth_cmds/lib/python3.8/site-packages/mouth_cmds
copying /home/parallels/code/ros2-test/camera-test/build/mouth_cmds/build/lib/mouth_cmds/mouthcmds.py -> /home/parallels/code/ros2-test/camera-test/install/mouth_cmds/lib/python3.8/site-packages/mouth_cmds
copying /home/parallels/code/ros2-test/camera-test/build/mouth_cmds/build/lib/mouth_cmds/__init__.py -> /home/parallels/code/ros2-test/camera-test/install/mouth_cmds/lib/python3.8/site-packages/mouth_cmds
byte-compiling /home/parallels/code/ros2-test/camera-test/install/mouth_cmds/lib/python3.8/site-packages/mouth_cmds/mouthcmds.py to mouthcmds.cpython-38.pyc
byte-compiling /home/parallels/code/ros2-test/camera-test/install/mouth_cmds/lib/python3.8/site-packages/mouth_cmds/__init__.py to __init__.cpython-38.pyc
running install_data
creating /home/parallels/code/ros2-test/camera-test/install/mouth_cmds/share/ament_index
creating /home/parallels/code/ros2-test/camera-test/install/mouth_cmds/share/ament_index/resource_index
creating /home/parallels/code/ros2-test/camera-test/install/mouth_cmds/share/ament_index/resource_index/packages
copying resource/mouth_cmds -> /home/parallels/code/ros2-test/camera-test/install/mouth_cmds/share/ament_index/resource_index/packages
copying package.xml -> /home/parallels/code/ros2-test/camera-test/install/mouth_cmds/share/mouth_cmds
running install_egg_info
Copying ../../build/mouth_cmds/mouth_cmds.egg-info to /home/parallels/code/ros2-test/camera-test/install/mouth_cmds/lib/python3.8/site-packages/mouth_cmds-0.0.0-py3.8.egg-info
running install_scripts
Installing mouth_node script to /home/parallels/code/ros2-test/camera-test/install/mouth_cmds/lib/mouth_cmds
writing list of installed files to '/home/parallels/code/ros2-test/camera-test/build/mouth_cmds/install.log'
