[0.601s] DEBUG:colcon:Command line arguments: ['/usr/bin/colcon', 'build']
[0.601s] DEBUG:colcon:Parsed command line arguments: Namespace(allow_overriding=[], ament_cmake_args=None, base_paths=['.'], build_base='build', catkin_cmake_args=None, catkin_skip_building_tests=False, cmake_args=None, cmake_clean_cache=False, cmake_clean_first=False, cmake_force_configure=False, cmake_target=None, cmake_target_skip_unavailable=False, continue_on_error=False, event_handlers=None, executor='parallel', ignore_user_meta=False, install_base='install', log_base=None, log_level=None, main=<bound method BuildVerb.main of <colcon_core.verb.build.BuildVerb object at 0xffff991e59a0>>, merge_install=False, metas=['./colcon.meta'], packages_above=None, packages_above_and_dependencies=None, packages_above_depth=None, packages_end=None, packages_ignore=None, packages_ignore_regex=None, packages_select=None, packages_select_build_failed=False, packages_select_by_dep=None, packages_select_regex=None, packages_select_test_failures=False, packages_skip=None, packages_skip_build_finished=False, packages_skip_by_dep=None, packages_skip_regex=None, packages_skip_test_passed=False, packages_skip_up_to=None, packages_start=None, packages_up_to=None, packages_up_to_regex=None, parallel_workers=6, paths=None, symlink_install=False, test_result_base=None, verb_extension=<colcon_core.verb.build.BuildVerb object at 0xffff991e59a0>, verb_name='build', verb_parser=<colcon_defaults.argument_parser.defaults.DefaultArgumentsDecorator object at 0xffff991e5f10>)
[0.703s] Level 1:colcon.colcon_core.package_discovery:discover_packages(colcon_meta) check parameters
[0.704s] Level 1:colcon.colcon_core.package_discovery:discover_packages(recursive) check parameters
[0.704s] Level 1:colcon.colcon_core.package_discovery:discover_packages(ignore) check parameters
[0.704s] Level 1:colcon.colcon_core.package_discovery:discover_packages(path) check parameters
[0.705s] Level 1:colcon.colcon_core.package_discovery:discover_packages(colcon_meta) discover
[0.705s] Level 1:colcon.colcon_core.package_discovery:discover_packages(recursive) discover
[0.705s] INFO:colcon.colcon_core.package_discovery:Crawling recursively for packages in '/home/nvidia/Desktop/code/ros2-test/face-robot-01'
[0.706s] Level 1:colcon.colcon_core.package_identification:_identify(.) by extensions ['ignore', 'ignore_ament_install']
[0.707s] Level 1:colcon.colcon_core.package_identification:_identify(.) by extension 'ignore'
[0.707s] Level 1:colcon.colcon_core.package_identification:_identify(.) by extension 'ignore_ament_install'
[0.707s] Level 1:colcon.colcon_core.package_identification:_identify(.) by extensions ['colcon_pkg']
[0.707s] Level 1:colcon.colcon_core.package_identification:_identify(.) by extension 'colcon_pkg'
[0.708s] Level 1:colcon.colcon_core.package_identification:_identify(.) by extensions ['colcon_meta']
[0.708s] Level 1:colcon.colcon_core.package_identification:_identify(.) by extension 'colcon_meta'
[0.708s] Level 1:colcon.colcon_core.package_identification:_identify(.) by extensions ['ros']
[0.708s] Level 1:colcon.colcon_core.package_identification:_identify(.) by extension 'ros'
[0.761s] Level 1:colcon.colcon_core.package_identification:_identify(.) by extensions ['cmake', 'python']
[0.761s] Level 1:colcon.colcon_core.package_identification:_identify(.) by extension 'cmake'
[0.762s] Level 1:colcon.colcon_core.package_identification:_identify(.) by extension 'python'
[0.762s] Level 1:colcon.colcon_core.package_identification:_identify(.) by extensions ['python_setup_py']
[0.762s] Level 1:colcon.colcon_core.package_identification:_identify(.) by extension 'python_setup_py'
[0.763s] Level 1:colcon.colcon_core.package_identification:_identify(build) by extensions ['ignore', 'ignore_ament_install']
[0.763s] Level 1:colcon.colcon_core.package_identification:_identify(build) by extension 'ignore'
[0.764s] Level 1:colcon.colcon_core.package_identification:_identify(build) ignored
[0.764s] Level 1:colcon.colcon_core.package_identification:_identify(install) by extensions ['ignore', 'ignore_ament_install']
[0.765s] Level 1:colcon.colcon_core.package_identification:_identify(install) by extension 'ignore'
[0.765s] Level 1:colcon.colcon_core.package_identification:_identify(install) ignored
[0.766s] Level 1:colcon.colcon_core.package_identification:_identify(log) by extensions ['ignore', 'ignore_ament_install']
[0.767s] Level 1:colcon.colcon_core.package_identification:_identify(log) by extension 'ignore'
[0.767s] Level 1:colcon.colcon_core.package_identification:_identify(log) ignored
[0.768s] Level 1:colcon.colcon_core.package_identification:_identify(src) by extensions ['ignore', 'ignore_ament_install']
[0.768s] Level 1:colcon.colcon_core.package_identification:_identify(src) by extension 'ignore'
[0.768s] Level 1:colcon.colcon_core.package_identification:_identify(src) by extension 'ignore_ament_install'
[0.769s] Level 1:colcon.colcon_core.package_identification:_identify(src) by extensions ['colcon_pkg']
[0.769s] Level 1:colcon.colcon_core.package_identification:_identify(src) by extension 'colcon_pkg'
[0.769s] Level 1:colcon.colcon_core.package_identification:_identify(src) by extensions ['colcon_meta']
[0.769s] Level 1:colcon.colcon_core.package_identification:_identify(src) by extension 'colcon_meta'
[0.769s] Level 1:colcon.colcon_core.package_identification:_identify(src) by extensions ['ros']
[0.770s] Level 1:colcon.colcon_core.package_identification:_identify(src) by extension 'ros'
[0.770s] Level 1:colcon.colcon_core.package_identification:_identify(src) by extensions ['cmake', 'python']
[0.770s] Level 1:colcon.colcon_core.package_identification:_identify(src) by extension 'cmake'
[0.770s] Level 1:colcon.colcon_core.package_identification:_identify(src) by extension 'python'
[0.771s] Level 1:colcon.colcon_core.package_identification:_identify(src) by extensions ['python_setup_py']
[0.771s] Level 1:colcon.colcon_core.package_identification:_identify(src) by extension 'python_setup_py'
[0.771s] Level 1:colcon.colcon_core.package_identification:_identify(src/eye_cmds) by extensions ['ignore', 'ignore_ament_install']
[0.772s] Level 1:colcon.colcon_core.package_identification:_identify(src/eye_cmds) by extension 'ignore'
[0.772s] Level 1:colcon.colcon_core.package_identification:_identify(src/eye_cmds) by extension 'ignore_ament_install'
[0.772s] Level 1:colcon.colcon_core.package_identification:_identify(src/eye_cmds) by extensions ['colcon_pkg']
[0.773s] Level 1:colcon.colcon_core.package_identification:_identify(src/eye_cmds) by extension 'colcon_pkg'
[0.773s] Level 1:colcon.colcon_core.package_identification:_identify(src/eye_cmds) by extensions ['colcon_meta']
[0.773s] Level 1:colcon.colcon_core.package_identification:_identify(src/eye_cmds) by extension 'colcon_meta'
[0.773s] Level 1:colcon.colcon_core.package_identification:_identify(src/eye_cmds) by extensions ['ros']
[0.773s] Level 1:colcon.colcon_core.package_identification:_identify(src/eye_cmds) by extension 'ros'
[0.788s] DEBUG:colcon.colcon_core.package_identification:Package 'src/eye_cmds' with type 'ros.ament_python' and name 'eye_cmds'
[0.789s] Level 1:colcon.colcon_core.package_identification:_identify(src/eyeball_cmds) by extensions ['ignore', 'ignore_ament_install']
[0.789s] Level 1:colcon.colcon_core.package_identification:_identify(src/eyeball_cmds) by extension 'ignore'
[0.789s] Level 1:colcon.colcon_core.package_identification:_identify(src/eyeball_cmds) by extension 'ignore_ament_install'
[0.790s] Level 1:colcon.colcon_core.package_identification:_identify(src/eyeball_cmds) by extensions ['colcon_pkg']
[0.790s] Level 1:colcon.colcon_core.package_identification:_identify(src/eyeball_cmds) by extension 'colcon_pkg'
[0.790s] Level 1:colcon.colcon_core.package_identification:_identify(src/eyeball_cmds) by extensions ['colcon_meta']
[0.791s] Level 1:colcon.colcon_core.package_identification:_identify(src/eyeball_cmds) by extension 'colcon_meta'
[0.791s] Level 1:colcon.colcon_core.package_identification:_identify(src/eyeball_cmds) by extensions ['ros']
[0.791s] Level 1:colcon.colcon_core.package_identification:_identify(src/eyeball_cmds) by extension 'ros'
[0.794s] DEBUG:colcon.colcon_core.package_identification:Package 'src/eyeball_cmds' with type 'ros.ament_python' and name 'eyeball_cmds'
[0.794s] Level 1:colcon.colcon_core.package_identification:_identify(src/mouth_cmds) by extensions ['ignore', 'ignore_ament_install']
[0.795s] Level 1:colcon.colcon_core.package_identification:_identify(src/mouth_cmds) by extension 'ignore'
[0.795s] Level 1:colcon.colcon_core.package_identification:_identify(src/mouth_cmds) by extension 'ignore_ament_install'
[0.795s] Level 1:colcon.colcon_core.package_identification:_identify(src/mouth_cmds) by extensions ['colcon_pkg']
[0.795s] Level 1:colcon.colcon_core.package_identification:_identify(src/mouth_cmds) by extension 'colcon_pkg'
[0.796s] Level 1:colcon.colcon_core.package_identification:_identify(src/mouth_cmds) by extensions ['colcon_meta']
[0.796s] Level 1:colcon.colcon_core.package_identification:_identify(src/mouth_cmds) by extension 'colcon_meta'
[0.796s] Level 1:colcon.colcon_core.package_identification:_identify(src/mouth_cmds) by extensions ['ros']
[0.796s] Level 1:colcon.colcon_core.package_identification:_identify(src/mouth_cmds) by extension 'ros'
[0.799s] DEBUG:colcon.colcon_core.package_identification:Package 'src/mouth_cmds' with type 'ros.ament_python' and name 'mouth_cmds'
[0.799s] Level 1:colcon.colcon_core.package_identification:_identify(src/mp_input) by extensions ['ignore', 'ignore_ament_install']
[0.800s] Level 1:colcon.colcon_core.package_identification:_identify(src/mp_input) by extension 'ignore'
[0.801s] Level 1:colcon.colcon_core.package_identification:_identify(src/mp_input) by extension 'ignore_ament_install'
[0.801s] Level 1:colcon.colcon_core.package_identification:_identify(src/mp_input) by extensions ['colcon_pkg']
[0.801s] Level 1:colcon.colcon_core.package_identification:_identify(src/mp_input) by extension 'colcon_pkg'
[0.801s] Level 1:colcon.colcon_core.package_identification:_identify(src/mp_input) by extensions ['colcon_meta']
[0.801s] Level 1:colcon.colcon_core.package_identification:_identify(src/mp_input) by extension 'colcon_meta'
[0.802s] Level 1:colcon.colcon_core.package_identification:_identify(src/mp_input) by extensions ['ros']
[0.802s] Level 1:colcon.colcon_core.package_identification:_identify(src/mp_input) by extension 'ros'
[0.804s] DEBUG:colcon.colcon_core.package_identification:Package 'src/mp_input' with type 'ros.ament_python' and name 'mp_input'
[0.805s] Level 1:colcon.colcon_core.package_identification:_identify(src/neck_cmds) by extensions ['ignore', 'ignore_ament_install']
[0.805s] Level 1:colcon.colcon_core.package_identification:_identify(src/neck_cmds) by extension 'ignore'
[0.805s] Level 1:colcon.colcon_core.package_identification:_identify(src/neck_cmds) by extension 'ignore_ament_install'
[0.806s] Level 1:colcon.colcon_core.package_identification:_identify(src/neck_cmds) by extensions ['colcon_pkg']
[0.806s] Level 1:colcon.colcon_core.package_identification:_identify(src/neck_cmds) by extension 'colcon_pkg'
[0.806s] Level 1:colcon.colcon_core.package_identification:_identify(src/neck_cmds) by extensions ['colcon_meta']
[0.806s] Level 1:colcon.colcon_core.package_identification:_identify(src/neck_cmds) by extension 'colcon_meta'
[0.807s] Level 1:colcon.colcon_core.package_identification:_identify(src/neck_cmds) by extensions ['ros']
[0.807s] Level 1:colcon.colcon_core.package_identification:_identify(src/neck_cmds) by extension 'ros'
[0.809s] DEBUG:colcon.colcon_core.package_identification:Package 'src/neck_cmds' with type 'ros.ament_python' and name 'neck_cmds'
[0.810s] Level 1:colcon.colcon_core.package_identification:_identify(src/nn_computer) by extensions ['ignore', 'ignore_ament_install']
[0.810s] Level 1:colcon.colcon_core.package_identification:_identify(src/nn_computer) by extension 'ignore'
[0.810s] Level 1:colcon.colcon_core.package_identification:_identify(src/nn_computer) by extension 'ignore_ament_install'
[0.811s] Level 1:colcon.colcon_core.package_identification:_identify(src/nn_computer) by extensions ['colcon_pkg']
[0.811s] Level 1:colcon.colcon_core.package_identification:_identify(src/nn_computer) by extension 'colcon_pkg'
[0.811s] Level 1:colcon.colcon_core.package_identification:_identify(src/nn_computer) by extensions ['colcon_meta']
[0.811s] Level 1:colcon.colcon_core.package_identification:_identify(src/nn_computer) by extension 'colcon_meta'
[0.811s] Level 1:colcon.colcon_core.package_identification:_identify(src/nn_computer) by extensions ['ros']
[0.812s] Level 1:colcon.colcon_core.package_identification:_identify(src/nn_computer) by extension 'ros'
[0.814s] DEBUG:colcon.colcon_core.package_identification:Package 'src/nn_computer' with type 'ros.ament_python' and name 'nn_computer'
[0.814s] Level 1:colcon.colcon_core.package_discovery:discover_packages(recursive) using defaults
[0.815s] Level 1:colcon.colcon_core.package_discovery:discover_packages(ignore) discover
[0.815s] Level 1:colcon.colcon_core.package_discovery:discover_packages(ignore) using defaults
[0.815s] Level 1:colcon.colcon_core.package_discovery:discover_packages(path) discover
[0.815s] Level 1:colcon.colcon_core.package_discovery:discover_packages(path) using defaults
[0.892s] Level 1:colcon.colcon_core.package_discovery:discover_packages(prefix_path) check parameters
[0.892s] Level 1:colcon.colcon_core.package_discovery:discover_packages(prefix_path) discover
[0.905s] DEBUG:colcon.colcon_installed_package_information.package_discovery:Found 256 installed packages in /opt/ros/foxy
[0.914s] Level 1:colcon.colcon_core.package_discovery:discover_packages(prefix_path) using defaults
[1.258s] Level 5:colcon.colcon_core.verb:set package 'eye_cmds' build argument 'cmake_args' from command line to 'None'
[1.258s] Level 5:colcon.colcon_core.verb:set package 'eye_cmds' build argument 'cmake_target' from command line to 'None'
[1.258s] Level 5:colcon.colcon_core.verb:set package 'eye_cmds' build argument 'cmake_target_skip_unavailable' from command line to 'False'
[1.259s] Level 5:colcon.colcon_core.verb:set package 'eye_cmds' build argument 'cmake_clean_cache' from command line to 'False'
[1.259s] Level 5:colcon.colcon_core.verb:set package 'eye_cmds' build argument 'cmake_clean_first' from command line to 'False'
[1.259s] Level 5:colcon.colcon_core.verb:set package 'eye_cmds' build argument 'cmake_force_configure' from command line to 'False'
[1.259s] Level 5:colcon.colcon_core.verb:set package 'eye_cmds' build argument 'ament_cmake_args' from command line to 'None'
[1.260s] Level 5:colcon.colcon_core.verb:set package 'eye_cmds' build argument 'catkin_cmake_args' from command line to 'None'
[1.260s] Level 5:colcon.colcon_core.verb:set package 'eye_cmds' build argument 'catkin_skip_building_tests' from command line to 'False'
[1.260s] DEBUG:colcon.colcon_core.verb:Building package 'eye_cmds' with the following arguments: {'ament_cmake_args': None, 'build_base': '/home/nvidia/Desktop/code/ros2-test/face-robot-01/build/eye_cmds', 'catkin_cmake_args': None, 'catkin_skip_building_tests': False, 'cmake_args': None, 'cmake_clean_cache': False, 'cmake_clean_first': False, 'cmake_force_configure': False, 'cmake_target': None, 'cmake_target_skip_unavailable': False, 'install_base': '/home/nvidia/Desktop/code/ros2-test/face-robot-01/install/eye_cmds', 'merge_install': False, 'path': '/home/nvidia/Desktop/code/ros2-test/face-robot-01/src/eye_cmds', 'symlink_install': False, 'test_result_base': None}
[1.263s] Level 5:colcon.colcon_core.verb:set package 'eyeball_cmds' build argument 'cmake_args' from command line to 'None'
[1.263s] Level 5:colcon.colcon_core.verb:set package 'eyeball_cmds' build argument 'cmake_target' from command line to 'None'
[1.264s] Level 5:colcon.colcon_core.verb:set package 'eyeball_cmds' build argument 'cmake_target_skip_unavailable' from command line to 'False'
[1.264s] Level 5:colcon.colcon_core.verb:set package 'eyeball_cmds' build argument 'cmake_clean_cache' from command line to 'False'
[1.264s] Level 5:colcon.colcon_core.verb:set package 'eyeball_cmds' build argument 'cmake_clean_first' from command line to 'False'
[1.264s] Level 5:colcon.colcon_core.verb:set package 'eyeball_cmds' build argument 'cmake_force_configure' from command line to 'False'
[1.265s] Level 5:colcon.colcon_core.verb:set package 'eyeball_cmds' build argument 'ament_cmake_args' from command line to 'None'
[1.265s] Level 5:colcon.colcon_core.verb:set package 'eyeball_cmds' build argument 'catkin_cmake_args' from command line to 'None'
[1.265s] Level 5:colcon.colcon_core.verb:set package 'eyeball_cmds' build argument 'catkin_skip_building_tests' from command line to 'False'
[1.265s] DEBUG:colcon.colcon_core.verb:Building package 'eyeball_cmds' with the following arguments: {'ament_cmake_args': None, 'build_base': '/home/nvidia/Desktop/code/ros2-test/face-robot-01/build/eyeball_cmds', 'catkin_cmake_args': None, 'catkin_skip_building_tests': False, 'cmake_args': None, 'cmake_clean_cache': False, 'cmake_clean_first': False, 'cmake_force_configure': False, 'cmake_target': None, 'cmake_target_skip_unavailable': False, 'install_base': '/home/nvidia/Desktop/code/ros2-test/face-robot-01/install/eyeball_cmds', 'merge_install': False, 'path': '/home/nvidia/Desktop/code/ros2-test/face-robot-01/src/eyeball_cmds', 'symlink_install': False, 'test_result_base': None}
[1.268s] Level 5:colcon.colcon_core.verb:set package 'mouth_cmds' build argument 'cmake_args' from command line to 'None'
[1.268s] Level 5:colcon.colcon_core.verb:set package 'mouth_cmds' build argument 'cmake_target' from command line to 'None'
[1.269s] Level 5:colcon.colcon_core.verb:set package 'mouth_cmds' build argument 'cmake_target_skip_unavailable' from command line to 'False'
[1.269s] Level 5:colcon.colcon_core.verb:set package 'mouth_cmds' build argument 'cmake_clean_cache' from command line to 'False'
[1.269s] Level 5:colcon.colcon_core.verb:set package 'mouth_cmds' build argument 'cmake_clean_first' from command line to 'False'
[1.269s] Level 5:colcon.colcon_core.verb:set package 'mouth_cmds' build argument 'cmake_force_configure' from command line to 'False'
[1.269s] Level 5:colcon.colcon_core.verb:set package 'mouth_cmds' build argument 'ament_cmake_args' from command line to 'None'
[1.269s] Level 5:colcon.colcon_core.verb:set package 'mouth_cmds' build argument 'catkin_cmake_args' from command line to 'None'
[1.270s] Level 5:colcon.colcon_core.verb:set package 'mouth_cmds' build argument 'catkin_skip_building_tests' from command line to 'False'
[1.270s] DEBUG:colcon.colcon_core.verb:Building package 'mouth_cmds' with the following arguments: {'ament_cmake_args': None, 'build_base': '/home/nvidia/Desktop/code/ros2-test/face-robot-01/build/mouth_cmds', 'catkin_cmake_args': None, 'catkin_skip_building_tests': False, 'cmake_args': None, 'cmake_clean_cache': False, 'cmake_clean_first': False, 'cmake_force_configure': False, 'cmake_target': None, 'cmake_target_skip_unavailable': False, 'install_base': '/home/nvidia/Desktop/code/ros2-test/face-robot-01/install/mouth_cmds', 'merge_install': False, 'path': '/home/nvidia/Desktop/code/ros2-test/face-robot-01/src/mouth_cmds', 'symlink_install': False, 'test_result_base': None}
[1.273s] Level 5:colcon.colcon_core.verb:set package 'mp_input' build argument 'cmake_args' from command line to 'None'
[1.273s] Level 5:colcon.colcon_core.verb:set package 'mp_input' build argument 'cmake_target' from command line to 'None'
[1.273s] Level 5:colcon.colcon_core.verb:set package 'mp_input' build argument 'cmake_target_skip_unavailable' from command line to 'False'
[1.273s] Level 5:colcon.colcon_core.verb:set package 'mp_input' build argument 'cmake_clean_cache' from command line to 'False'
[1.274s] Level 5:colcon.colcon_core.verb:set package 'mp_input' build argument 'cmake_clean_first' from command line to 'False'
[1.274s] Level 5:colcon.colcon_core.verb:set package 'mp_input' build argument 'cmake_force_configure' from command line to 'False'
[1.274s] Level 5:colcon.colcon_core.verb:set package 'mp_input' build argument 'ament_cmake_args' from command line to 'None'
[1.274s] Level 5:colcon.colcon_core.verb:set package 'mp_input' build argument 'catkin_cmake_args' from command line to 'None'
[1.274s] Level 5:colcon.colcon_core.verb:set package 'mp_input' build argument 'catkin_skip_building_tests' from command line to 'False'
[1.274s] DEBUG:colcon.colcon_core.verb:Building package 'mp_input' with the following arguments: {'ament_cmake_args': None, 'build_base': '/home/nvidia/Desktop/code/ros2-test/face-robot-01/build/mp_input', 'catkin_cmake_args': None, 'catkin_skip_building_tests': False, 'cmake_args': None, 'cmake_clean_cache': False, 'cmake_clean_first': False, 'cmake_force_configure': False, 'cmake_target': None, 'cmake_target_skip_unavailable': False, 'install_base': '/home/nvidia/Desktop/code/ros2-test/face-robot-01/install/mp_input', 'merge_install': False, 'path': '/home/nvidia/Desktop/code/ros2-test/face-robot-01/src/mp_input', 'symlink_install': False, 'test_result_base': None}
[1.278s] Level 5:colcon.colcon_core.verb:set package 'neck_cmds' build argument 'cmake_args' from command line to 'None'
[1.278s] Level 5:colcon.colcon_core.verb:set package 'neck_cmds' build argument 'cmake_target' from command line to 'None'
[1.278s] Level 5:colcon.colcon_core.verb:set package 'neck_cmds' build argument 'cmake_target_skip_unavailable' from command line to 'False'
[1.278s] Level 5:colcon.colcon_core.verb:set package 'neck_cmds' build argument 'cmake_clean_cache' from command line to 'False'
[1.279s] Level 5:colcon.colcon_core.verb:set package 'neck_cmds' build argument 'cmake_clean_first' from command line to 'False'
[1.279s] Level 5:colcon.colcon_core.verb:set package 'neck_cmds' build argument 'cmake_force_configure' from command line to 'False'
[1.279s] Level 5:colcon.colcon_core.verb:set package 'neck_cmds' build argument 'ament_cmake_args' from command line to 'None'
[1.279s] Level 5:colcon.colcon_core.verb:set package 'neck_cmds' build argument 'catkin_cmake_args' from command line to 'None'
[1.279s] Level 5:colcon.colcon_core.verb:set package 'neck_cmds' build argument 'catkin_skip_building_tests' from command line to 'False'
[1.280s] DEBUG:colcon.colcon_core.verb:Building package 'neck_cmds' with the following arguments: {'ament_cmake_args': None, 'build_base': '/home/nvidia/Desktop/code/ros2-test/face-robot-01/build/neck_cmds', 'catkin_cmake_args': None, 'catkin_skip_building_tests': False, 'cmake_args': None, 'cmake_clean_cache': False, 'cmake_clean_first': False, 'cmake_force_configure': False, 'cmake_target': None, 'cmake_target_skip_unavailable': False, 'install_base': '/home/nvidia/Desktop/code/ros2-test/face-robot-01/install/neck_cmds', 'merge_install': False, 'path': '/home/nvidia/Desktop/code/ros2-test/face-robot-01/src/neck_cmds', 'symlink_install': False, 'test_result_base': None}
[1.283s] Level 5:colcon.colcon_core.verb:set package 'nn_computer' build argument 'cmake_args' from command line to 'None'
[1.283s] Level 5:colcon.colcon_core.verb:set package 'nn_computer' build argument 'cmake_target' from command line to 'None'
[1.283s] Level 5:colcon.colcon_core.verb:set package 'nn_computer' build argument 'cmake_target_skip_unavailable' from command line to 'False'
[1.283s] Level 5:colcon.colcon_core.verb:set package 'nn_computer' build argument 'cmake_clean_cache' from command line to 'False'
[1.284s] Level 5:colcon.colcon_core.verb:set package 'nn_computer' build argument 'cmake_clean_first' from command line to 'False'
[1.284s] Level 5:colcon.colcon_core.verb:set package 'nn_computer' build argument 'cmake_force_configure' from command line to 'False'
[1.284s] Level 5:colcon.colcon_core.verb:set package 'nn_computer' build argument 'ament_cmake_args' from command line to 'None'
[1.284s] Level 5:colcon.colcon_core.verb:set package 'nn_computer' build argument 'catkin_cmake_args' from command line to 'None'
[1.284s] Level 5:colcon.colcon_core.verb:set package 'nn_computer' build argument 'catkin_skip_building_tests' from command line to 'False'
[1.285s] DEBUG:colcon.colcon_core.verb:Building package 'nn_computer' with the following arguments: {'ament_cmake_args': None, 'build_base': '/home/nvidia/Desktop/code/ros2-test/face-robot-01/build/nn_computer', 'catkin_cmake_args': None, 'catkin_skip_building_tests': False, 'cmake_args': None, 'cmake_clean_cache': False, 'cmake_clean_first': False, 'cmake_force_configure': False, 'cmake_target': None, 'cmake_target_skip_unavailable': False, 'install_base': '/home/nvidia/Desktop/code/ros2-test/face-robot-01/install/nn_computer', 'merge_install': False, 'path': '/home/nvidia/Desktop/code/ros2-test/face-robot-01/src/nn_computer', 'symlink_install': False, 'test_result_base': None}
[1.286s] INFO:colcon.colcon_core.executor:Executing jobs using 'parallel' executor
[1.295s] DEBUG:colcon.colcon_parallel_executor.executor.parallel:run_until_complete
[1.298s] INFO:colcon.colcon_ros.task.ament_python.build:Building ROS package in '/home/nvidia/Desktop/code/ros2-test/face-robot-01/src/eye_cmds' with build type 'ament_python'
[1.298s] Level 1:colcon.colcon_core.shell:create_environment_hook('eye_cmds', 'ament_prefix_path')
[1.315s] INFO:colcon.colcon_core.plugin_system:Skipping extension 'colcon_core.shell.bat': Not used on non-Windows systems
[1.316s] INFO:colcon.colcon_core.shell:Creating environment hook '/home/nvidia/Desktop/code/ros2-test/face-robot-01/install/eye_cmds/share/eye_cmds/hook/ament_prefix_path.ps1'
[1.319s] INFO:colcon.colcon_core.shell:Creating environment descriptor '/home/nvidia/Desktop/code/ros2-test/face-robot-01/install/eye_cmds/share/eye_cmds/hook/ament_prefix_path.dsv'
[1.321s] INFO:colcon.colcon_core.shell:Creating environment hook '/home/nvidia/Desktop/code/ros2-test/face-robot-01/install/eye_cmds/share/eye_cmds/hook/ament_prefix_path.sh'
[1.326s] INFO:colcon.colcon_core.shell:Skip shell extension 'powershell' for command environment: Not usable outside of PowerShell
[1.326s] DEBUG:colcon.colcon_core.shell:Skip shell extension 'dsv' for command environment
[1.347s] INFO:colcon.colcon_ros.task.ament_python.build:Building ROS package in '/home/nvidia/Desktop/code/ros2-test/face-robot-01/src/eyeball_cmds' with build type 'ament_python'
[1.350s] Level 1:colcon.colcon_core.shell:create_environment_hook('eyeball_cmds', 'ament_prefix_path')
[1.356s] INFO:colcon.colcon_core.shell:Creating environment hook '/home/nvidia/Desktop/code/ros2-test/face-robot-01/install/eyeball_cmds/share/eyeball_cmds/hook/ament_prefix_path.ps1'
[1.361s] INFO:colcon.colcon_core.shell:Creating environment descriptor '/home/nvidia/Desktop/code/ros2-test/face-robot-01/install/eyeball_cmds/share/eyeball_cmds/hook/ament_prefix_path.dsv'
[1.363s] INFO:colcon.colcon_core.shell:Creating environment hook '/home/nvidia/Desktop/code/ros2-test/face-robot-01/install/eyeball_cmds/share/eyeball_cmds/hook/ament_prefix_path.sh'
[1.367s] INFO:colcon.colcon_core.shell:Skip shell extension 'powershell' for command environment: Not usable outside of PowerShell
[1.367s] DEBUG:colcon.colcon_core.shell:Skip shell extension 'dsv' for command environment
[1.387s] INFO:colcon.colcon_ros.task.ament_python.build:Building ROS package in '/home/nvidia/Desktop/code/ros2-test/face-robot-01/src/mouth_cmds' with build type 'ament_python'
[1.391s] Level 1:colcon.colcon_core.shell:create_environment_hook('mouth_cmds', 'ament_prefix_path')
[1.396s] INFO:colcon.colcon_core.shell:Creating environment hook '/home/nvidia/Desktop/code/ros2-test/face-robot-01/install/mouth_cmds/share/mouth_cmds/hook/ament_prefix_path.ps1'
[1.402s] INFO:colcon.colcon_core.shell:Creating environment descriptor '/home/nvidia/Desktop/code/ros2-test/face-robot-01/install/mouth_cmds/share/mouth_cmds/hook/ament_prefix_path.dsv'
[1.404s] INFO:colcon.colcon_core.shell:Creating environment hook '/home/nvidia/Desktop/code/ros2-test/face-robot-01/install/mouth_cmds/share/mouth_cmds/hook/ament_prefix_path.sh'
[1.407s] INFO:colcon.colcon_core.shell:Skip shell extension 'powershell' for command environment: Not usable outside of PowerShell
[1.408s] DEBUG:colcon.colcon_core.shell:Skip shell extension 'dsv' for command environment
[1.428s] INFO:colcon.colcon_ros.task.ament_python.build:Building ROS package in '/home/nvidia/Desktop/code/ros2-test/face-robot-01/src/mp_input' with build type 'ament_python'
[1.431s] Level 1:colcon.colcon_core.shell:create_environment_hook('mp_input', 'ament_prefix_path')
[1.437s] INFO:colcon.colcon_core.shell:Creating environment hook '/home/nvidia/Desktop/code/ros2-test/face-robot-01/install/mp_input/share/mp_input/hook/ament_prefix_path.ps1'
[1.442s] INFO:colcon.colcon_core.shell:Creating environment descriptor '/home/nvidia/Desktop/code/ros2-test/face-robot-01/install/mp_input/share/mp_input/hook/ament_prefix_path.dsv'
[1.444s] INFO:colcon.colcon_core.shell:Creating environment hook '/home/nvidia/Desktop/code/ros2-test/face-robot-01/install/mp_input/share/mp_input/hook/ament_prefix_path.sh'
[1.448s] INFO:colcon.colcon_core.shell:Skip shell extension 'powershell' for command environment: Not usable outside of PowerShell
[1.448s] DEBUG:colcon.colcon_core.shell:Skip shell extension 'dsv' for command environment
[1.469s] INFO:colcon.colcon_ros.task.ament_python.build:Building ROS package in '/home/nvidia/Desktop/code/ros2-test/face-robot-01/src/neck_cmds' with build type 'ament_python'
[1.472s] Level 1:colcon.colcon_core.shell:create_environment_hook('neck_cmds', 'ament_prefix_path')
[1.478s] INFO:colcon.colcon_core.shell:Creating environment hook '/home/nvidia/Desktop/code/ros2-test/face-robot-01/install/neck_cmds/share/neck_cmds/hook/ament_prefix_path.ps1'
[1.483s] INFO:colcon.colcon_core.shell:Creating environment descriptor '/home/nvidia/Desktop/code/ros2-test/face-robot-01/install/neck_cmds/share/neck_cmds/hook/ament_prefix_path.dsv'
[1.485s] INFO:colcon.colcon_core.shell:Creating environment hook '/home/nvidia/Desktop/code/ros2-test/face-robot-01/install/neck_cmds/share/neck_cmds/hook/ament_prefix_path.sh'
[1.489s] INFO:colcon.colcon_core.shell:Skip shell extension 'powershell' for command environment: Not usable outside of PowerShell
[1.489s] DEBUG:colcon.colcon_core.shell:Skip shell extension 'dsv' for command environment
[1.511s] INFO:colcon.colcon_ros.task.ament_python.build:Building ROS package in '/home/nvidia/Desktop/code/ros2-test/face-robot-01/src/nn_computer' with build type 'ament_python'
[1.515s] Level 1:colcon.colcon_core.shell:create_environment_hook('nn_computer', 'ament_prefix_path')
[1.519s] INFO:colcon.colcon_core.shell:Creating environment hook '/home/nvidia/Desktop/code/ros2-test/face-robot-01/install/nn_computer/share/nn_computer/hook/ament_prefix_path.ps1'
[1.524s] INFO:colcon.colcon_core.shell:Creating environment descriptor '/home/nvidia/Desktop/code/ros2-test/face-robot-01/install/nn_computer/share/nn_computer/hook/ament_prefix_path.dsv'
[1.526s] INFO:colcon.colcon_core.shell:Creating environment hook '/home/nvidia/Desktop/code/ros2-test/face-robot-01/install/nn_computer/share/nn_computer/hook/ament_prefix_path.sh'
[1.530s] INFO:colcon.colcon_core.shell:Skip shell extension 'powershell' for command environment: Not usable outside of PowerShell
[1.530s] DEBUG:colcon.colcon_core.shell:Skip shell extension 'dsv' for command environment
[2.594s] INFO:colcon.colcon_core.task.python.build:Building Python package in '/home/nvidia/Desktop/code/ros2-test/face-robot-01/src/eye_cmds'
[2.601s] INFO:colcon.colcon_core.shell:Skip shell extension 'powershell' for command environment: Not usable outside of PowerShell
[2.602s] DEBUG:colcon.colcon_core.shell:Skip shell extension 'dsv' for command environment
[3.690s] INFO:colcon.colcon_core.task.python.build:Building Python package in '/home/nvidia/Desktop/code/ros2-test/face-robot-01/src/eyeball_cmds'
[3.696s] INFO:colcon.colcon_core.shell:Skip shell extension 'powershell' for command environment: Not usable outside of PowerShell
[3.697s] DEBUG:colcon.colcon_core.shell:Skip shell extension 'dsv' for command environment
[4.757s] INFO:colcon.colcon_core.task.python.build:Building Python package in '/home/nvidia/Desktop/code/ros2-test/face-robot-01/src/mouth_cmds'
[4.764s] INFO:colcon.colcon_core.shell:Skip shell extension 'powershell' for command environment: Not usable outside of PowerShell
[4.765s] DEBUG:colcon.colcon_core.shell:Skip shell extension 'dsv' for command environment
[5.831s] INFO:colcon.colcon_core.task.python.build:Building Python package in '/home/nvidia/Desktop/code/ros2-test/face-robot-01/src/mp_input'
[5.839s] INFO:colcon.colcon_core.shell:Skip shell extension 'powershell' for command environment: Not usable outside of PowerShell
[5.839s] DEBUG:colcon.colcon_core.shell:Skip shell extension 'dsv' for command environment
[6.893s] INFO:colcon.colcon_core.task.python.build:Building Python package in '/home/nvidia/Desktop/code/ros2-test/face-robot-01/src/neck_cmds'
[6.901s] INFO:colcon.colcon_core.shell:Skip shell extension 'powershell' for command environment: Not usable outside of PowerShell
[6.901s] DEBUG:colcon.colcon_core.shell:Skip shell extension 'dsv' for command environment
[7.975s] INFO:colcon.colcon_core.task.python.build:Building Python package in '/home/nvidia/Desktop/code/ros2-test/face-robot-01/src/nn_computer'
[7.982s] INFO:colcon.colcon_core.shell:Skip shell extension 'powershell' for command environment: Not usable outside of PowerShell
[7.982s] DEBUG:colcon.colcon_core.shell:Skip shell extension 'dsv' for command environment
[10.188s] DEBUG:colcon.colcon_core.event_handler.log_command:Invoking command in '/home/nvidia/Desktop/code/ros2-test/face-robot-01/src/eye_cmds': PYTHONPATH=/home/nvidia/Desktop/code/ros2-test/face-robot-01/build/eye_cmds/prefix_override:/home/nvidia/Desktop/code/ros2-test/face-robot-01/install/eye_cmds/lib/python3.8/site-packages:${PYTHONPATH} /usr/bin/python3 setup.py egg_info --egg-base ../../build/eye_cmds build --build-base /home/nvidia/Desktop/code/ros2-test/face-robot-01/build/eye_cmds/build install --record /home/nvidia/Desktop/code/ros2-test/face-robot-01/build/eye_cmds/install.log --single-version-externally-managed
[10.277s] DEBUG:colcon.colcon_core.event_handler.log_command:Invoking command in '/home/nvidia/Desktop/code/ros2-test/face-robot-01/src/mouth_cmds': PYTHONPATH=/home/nvidia/Desktop/code/ros2-test/face-robot-01/build/mouth_cmds/prefix_override:/home/nvidia/Desktop/code/ros2-test/face-robot-01/install/mouth_cmds/lib/python3.8/site-packages:${PYTHONPATH} /usr/bin/python3 setup.py egg_info --egg-base ../../build/mouth_cmds build --build-base /home/nvidia/Desktop/code/ros2-test/face-robot-01/build/mouth_cmds/build install --record /home/nvidia/Desktop/code/ros2-test/face-robot-01/build/mouth_cmds/install.log --single-version-externally-managed
[10.324s] DEBUG:colcon.colcon_core.event_handler.log_command:Invoking command in '/home/nvidia/Desktop/code/ros2-test/face-robot-01/src/eyeball_cmds': PYTHONPATH=/home/nvidia/Desktop/code/ros2-test/face-robot-01/build/eyeball_cmds/prefix_override:/home/nvidia/Desktop/code/ros2-test/face-robot-01/install/eyeball_cmds/lib/python3.8/site-packages:${PYTHONPATH} /usr/bin/python3 setup.py egg_info --egg-base ../../build/eyeball_cmds build --build-base /home/nvidia/Desktop/code/ros2-test/face-robot-01/build/eyeball_cmds/build install --record /home/nvidia/Desktop/code/ros2-test/face-robot-01/build/eyeball_cmds/install.log --single-version-externally-managed
[10.355s] DEBUG:colcon.colcon_core.event_handler.log_command:Invoking command in '/home/nvidia/Desktop/code/ros2-test/face-robot-01/src/neck_cmds': PYTHONPATH=/home/nvidia/Desktop/code/ros2-test/face-robot-01/build/neck_cmds/prefix_override:/home/nvidia/Desktop/code/ros2-test/face-robot-01/install/neck_cmds/lib/python3.8/site-packages:${PYTHONPATH} /usr/bin/python3 setup.py egg_info --egg-base ../../build/neck_cmds build --build-base /home/nvidia/Desktop/code/ros2-test/face-robot-01/build/neck_cmds/build install --record /home/nvidia/Desktop/code/ros2-test/face-robot-01/build/neck_cmds/install.log --single-version-externally-managed
[10.381s] DEBUG:colcon.colcon_core.event_handler.log_command:Invoking command in '/home/nvidia/Desktop/code/ros2-test/face-robot-01/src/mp_input': PYTHONPATH=/home/nvidia/Desktop/code/ros2-test/face-robot-01/build/mp_input/prefix_override:/home/nvidia/Desktop/code/ros2-test/face-robot-01/install/mp_input/lib/python3.8/site-packages:${PYTHONPATH} /usr/bin/python3 setup.py egg_info --egg-base ../../build/mp_input build --build-base /home/nvidia/Desktop/code/ros2-test/face-robot-01/build/mp_input/build install --record /home/nvidia/Desktop/code/ros2-test/face-robot-01/build/mp_input/install.log --single-version-externally-managed
[10.502s] DEBUG:colcon.colcon_core.event_handler.log_command:Invoking command in '/home/nvidia/Desktop/code/ros2-test/face-robot-01/src/nn_computer': PYTHONPATH=/home/nvidia/Desktop/code/ros2-test/face-robot-01/build/nn_computer/prefix_override:/home/nvidia/Desktop/code/ros2-test/face-robot-01/install/nn_computer/lib/python3.8/site-packages:${PYTHONPATH} /usr/bin/python3 setup.py egg_info --egg-base ../../build/nn_computer build --build-base /home/nvidia/Desktop/code/ros2-test/face-robot-01/build/nn_computer/build install --record /home/nvidia/Desktop/code/ros2-test/face-robot-01/build/nn_computer/install.log --single-version-externally-managed
[12.108s] DEBUG:colcon.colcon_core.event_handler.log_command:Invoked command in '/home/nvidia/Desktop/code/ros2-test/face-robot-01/src/eye_cmds' returned '0': PYTHONPATH=/home/nvidia/Desktop/code/ros2-test/face-robot-01/build/eye_cmds/prefix_override:/home/nvidia/Desktop/code/ros2-test/face-robot-01/install/eye_cmds/lib/python3.8/site-packages:${PYTHONPATH} /usr/bin/python3 setup.py egg_info --egg-base ../../build/eye_cmds build --build-base /home/nvidia/Desktop/code/ros2-test/face-robot-01/build/eye_cmds/build install --record /home/nvidia/Desktop/code/ros2-test/face-robot-01/build/eye_cmds/install.log --single-version-externally-managed
[12.125s] Level 1:colcon.colcon_core.environment:checking '/home/nvidia/Desktop/code/ros2-test/face-robot-01/install/eye_cmds' for CMake module files
[12.129s] Level 1:colcon.colcon_core.environment:checking '/home/nvidia/Desktop/code/ros2-test/face-robot-01/install/eye_cmds' for CMake config files
[12.135s] Level 1:colcon.colcon_core.environment:checking '/home/nvidia/Desktop/code/ros2-test/face-robot-01/install/eye_cmds/lib'
[12.138s] Level 1:colcon.colcon_core.environment:checking '/home/nvidia/Desktop/code/ros2-test/face-robot-01/install/eye_cmds/bin'
[12.140s] Level 1:colcon.colcon_core.shell:create_environment_hook('eye_cmds', 'path')
[12.144s] INFO:colcon.colcon_core.shell:Creating environment hook '/home/nvidia/Desktop/code/ros2-test/face-robot-01/install/eye_cmds/share/eye_cmds/hook/path.ps1'
[12.150s] INFO:colcon.colcon_core.shell:Creating environment descriptor '/home/nvidia/Desktop/code/ros2-test/face-robot-01/install/eye_cmds/share/eye_cmds/hook/path.dsv'
[12.153s] INFO:colcon.colcon_core.shell:Creating environment hook '/home/nvidia/Desktop/code/ros2-test/face-robot-01/install/eye_cmds/share/eye_cmds/hook/path.sh'
[12.156s] Level 1:colcon.colcon_core.environment:checking '/home/nvidia/Desktop/code/ros2-test/face-robot-01/install/eye_cmds/lib/pkgconfig/eye_cmds.pc'
[12.158s] Level 1:colcon.colcon_core.environment:checking '/home/nvidia/Desktop/code/ros2-test/face-robot-01/install/eye_cmds/lib/python3.8/site-packages'
[12.159s] Level 1:colcon.colcon_core.shell:create_environment_hook('eye_cmds', 'pythonpath')
[12.161s] INFO:colcon.colcon_core.shell:Creating environment hook '/home/nvidia/Desktop/code/ros2-test/face-robot-01/install/eye_cmds/share/eye_cmds/hook/pythonpath.ps1'
[12.163s] INFO:colcon.colcon_core.shell:Creating environment descriptor '/home/nvidia/Desktop/code/ros2-test/face-robot-01/install/eye_cmds/share/eye_cmds/hook/pythonpath.dsv'
[12.165s] INFO:colcon.colcon_core.shell:Creating environment hook '/home/nvidia/Desktop/code/ros2-test/face-robot-01/install/eye_cmds/share/eye_cmds/hook/pythonpath.sh'
[12.168s] Level 1:colcon.colcon_core.environment:checking '/home/nvidia/Desktop/code/ros2-test/face-robot-01/install/eye_cmds/bin'
[12.169s] Level 1:colcon.colcon_core.shell:create_environment_hook('eye_cmds', 'pythonscriptspath')
[12.171s] INFO:colcon.colcon_core.shell:Creating environment hook '/home/nvidia/Desktop/code/ros2-test/face-robot-01/install/eye_cmds/share/eye_cmds/hook/pythonscriptspath.ps1'
[12.175s] INFO:colcon.colcon_core.shell:Creating environment descriptor '/home/nvidia/Desktop/code/ros2-test/face-robot-01/install/eye_cmds/share/eye_cmds/hook/pythonscriptspath.dsv'
[12.177s] INFO:colcon.colcon_core.shell:Creating environment hook '/home/nvidia/Desktop/code/ros2-test/face-robot-01/install/eye_cmds/share/eye_cmds/hook/pythonscriptspath.sh'
[12.180s] Level 1:colcon.colcon_core.environment:create_environment_scripts_only(eye_cmds)
[12.184s] INFO:colcon.colcon_core.shell:Creating package script '/home/nvidia/Desktop/code/ros2-test/face-robot-01/install/eye_cmds/share/eye_cmds/package.ps1'
[12.189s] INFO:colcon.colcon_core.shell:Creating package descriptor '/home/nvidia/Desktop/code/ros2-test/face-robot-01/install/eye_cmds/share/eye_cmds/package.dsv'
[12.193s] INFO:colcon.colcon_core.shell:Creating package script '/home/nvidia/Desktop/code/ros2-test/face-robot-01/install/eye_cmds/share/eye_cmds/package.sh'
[12.198s] INFO:colcon.colcon_core.shell:Creating package script '/home/nvidia/Desktop/code/ros2-test/face-robot-01/install/eye_cmds/share/eye_cmds/package.bash'
[12.201s] INFO:colcon.colcon_core.shell:Creating package script '/home/nvidia/Desktop/code/ros2-test/face-robot-01/install/eye_cmds/share/eye_cmds/package.zsh'
[12.205s] Level 1:colcon.colcon_core.environment:create_file_with_runtime_dependencies(/home/nvidia/Desktop/code/ros2-test/face-robot-01/install/eye_cmds/share/colcon-core/packages/eye_cmds)
[12.217s] Level 1:colcon.colcon_core.environment:checking '/home/nvidia/Desktop/code/ros2-test/face-robot-01/install/mouth_cmds' for CMake module files
[12.221s] DEBUG:colcon.colcon_core.event_handler.log_command:Invoked command in '/home/nvidia/Desktop/code/ros2-test/face-robot-01/src/mouth_cmds' returned '0': PYTHONPATH=/home/nvidia/Desktop/code/ros2-test/face-robot-01/build/mouth_cmds/prefix_override:/home/nvidia/Desktop/code/ros2-test/face-robot-01/install/mouth_cmds/lib/python3.8/site-packages:${PYTHONPATH} /usr/bin/python3 setup.py egg_info --egg-base ../../build/mouth_cmds build --build-base /home/nvidia/Desktop/code/ros2-test/face-robot-01/build/mouth_cmds/build install --record /home/nvidia/Desktop/code/ros2-test/face-robot-01/build/mouth_cmds/install.log --single-version-externally-managed
[12.223s] Level 1:colcon.colcon_core.environment:checking '/home/nvidia/Desktop/code/ros2-test/face-robot-01/install/mouth_cmds' for CMake config files
[12.226s] Level 1:colcon.colcon_core.environment:checking '/home/nvidia/Desktop/code/ros2-test/face-robot-01/install/mouth_cmds/lib'
[12.227s] Level 1:colcon.colcon_core.environment:checking '/home/nvidia/Desktop/code/ros2-test/face-robot-01/install/mouth_cmds/bin'
[12.227s] Level 1:colcon.colcon_core.shell:create_environment_hook('mouth_cmds', 'path')
[12.230s] INFO:colcon.colcon_core.shell:Creating environment hook '/home/nvidia/Desktop/code/ros2-test/face-robot-01/install/mouth_cmds/share/mouth_cmds/hook/path.ps1'
[12.232s] INFO:colcon.colcon_core.shell:Creating environment descriptor '/home/nvidia/Desktop/code/ros2-test/face-robot-01/install/mouth_cmds/share/mouth_cmds/hook/path.dsv'
[12.234s] INFO:colcon.colcon_core.shell:Creating environment hook '/home/nvidia/Desktop/code/ros2-test/face-robot-01/install/mouth_cmds/share/mouth_cmds/hook/path.sh'
[12.236s] Level 1:colcon.colcon_core.environment:checking '/home/nvidia/Desktop/code/ros2-test/face-robot-01/install/mouth_cmds/lib/pkgconfig/mouth_cmds.pc'
[12.237s] Level 1:colcon.colcon_core.environment:checking '/home/nvidia/Desktop/code/ros2-test/face-robot-01/install/mouth_cmds/lib/python3.8/site-packages'
[12.237s] Level 1:colcon.colcon_core.shell:create_environment_hook('mouth_cmds', 'pythonpath')
[12.239s] INFO:colcon.colcon_core.shell:Creating environment hook '/home/nvidia/Desktop/code/ros2-test/face-robot-01/install/mouth_cmds/share/mouth_cmds/hook/pythonpath.ps1'
[12.241s] INFO:colcon.colcon_core.shell:Creating environment descriptor '/home/nvidia/Desktop/code/ros2-test/face-robot-01/install/mouth_cmds/share/mouth_cmds/hook/pythonpath.dsv'
[12.242s] INFO:colcon.colcon_core.shell:Creating environment hook '/home/nvidia/Desktop/code/ros2-test/face-robot-01/install/mouth_cmds/share/mouth_cmds/hook/pythonpath.sh'
[12.245s] Level 1:colcon.colcon_core.environment:checking '/home/nvidia/Desktop/code/ros2-test/face-robot-01/install/mouth_cmds/bin'
[12.245s] Level 1:colcon.colcon_core.shell:create_environment_hook('mouth_cmds', 'pythonscriptspath')
[12.247s] INFO:colcon.colcon_core.shell:Creating environment hook '/home/nvidia/Desktop/code/ros2-test/face-robot-01/install/mouth_cmds/share/mouth_cmds/hook/pythonscriptspath.ps1'
[12.249s] INFO:colcon.colcon_core.shell:Creating environment descriptor '/home/nvidia/Desktop/code/ros2-test/face-robot-01/install/mouth_cmds/share/mouth_cmds/hook/pythonscriptspath.dsv'
[12.250s] INFO:colcon.colcon_core.shell:Creating environment hook '/home/nvidia/Desktop/code/ros2-test/face-robot-01/install/mouth_cmds/share/mouth_cmds/hook/pythonscriptspath.sh'
[12.252s] Level 1:colcon.colcon_core.environment:create_environment_scripts_only(mouth_cmds)
[12.255s] INFO:colcon.colcon_core.shell:Creating package script '/home/nvidia/Desktop/code/ros2-test/face-robot-01/install/mouth_cmds/share/mouth_cmds/package.ps1'
[12.258s] INFO:colcon.colcon_core.shell:Creating package descriptor '/home/nvidia/Desktop/code/ros2-test/face-robot-01/install/mouth_cmds/share/mouth_cmds/package.dsv'
[12.260s] INFO:colcon.colcon_core.shell:Creating package script '/home/nvidia/Desktop/code/ros2-test/face-robot-01/install/mouth_cmds/share/mouth_cmds/package.sh'
[12.262s] INFO:colcon.colcon_core.shell:Creating package script '/home/nvidia/Desktop/code/ros2-test/face-robot-01/install/mouth_cmds/share/mouth_cmds/package.bash'
[12.264s] INFO:colcon.colcon_core.shell:Creating package script '/home/nvidia/Desktop/code/ros2-test/face-robot-01/install/mouth_cmds/share/mouth_cmds/package.zsh'
[12.265s] Level 1:colcon.colcon_core.environment:create_file_with_runtime_dependencies(/home/nvidia/Desktop/code/ros2-test/face-robot-01/install/mouth_cmds/share/colcon-core/packages/mouth_cmds)
[12.274s] Level 1:colcon.colcon_core.environment:checking '/home/nvidia/Desktop/code/ros2-test/face-robot-01/install/eyeball_cmds' for CMake module files
[12.279s] Level 1:colcon.colcon_core.environment:checking '/home/nvidia/Desktop/code/ros2-test/face-robot-01/install/eyeball_cmds' for CMake config files
[12.280s] DEBUG:colcon.colcon_core.event_handler.log_command:Invoked command in '/home/nvidia/Desktop/code/ros2-test/face-robot-01/src/eyeball_cmds' returned '0': PYTHONPATH=/home/nvidia/Desktop/code/ros2-test/face-robot-01/build/eyeball_cmds/prefix_override:/home/nvidia/Desktop/code/ros2-test/face-robot-01/install/eyeball_cmds/lib/python3.8/site-packages:${PYTHONPATH} /usr/bin/python3 setup.py egg_info --egg-base ../../build/eyeball_cmds build --build-base /home/nvidia/Desktop/code/ros2-test/face-robot-01/build/eyeball_cmds/build install --record /home/nvidia/Desktop/code/ros2-test/face-robot-01/build/eyeball_cmds/install.log --single-version-externally-managed
[12.284s] Level 1:colcon.colcon_core.environment:checking '/home/nvidia/Desktop/code/ros2-test/face-robot-01/install/eyeball_cmds/lib'
[12.284s] Level 1:colcon.colcon_core.environment:checking '/home/nvidia/Desktop/code/ros2-test/face-robot-01/install/eyeball_cmds/bin'
[12.285s] Level 1:colcon.colcon_core.shell:create_environment_hook('eyeball_cmds', 'path')
[12.287s] INFO:colcon.colcon_core.shell:Creating environment hook '/home/nvidia/Desktop/code/ros2-test/face-robot-01/install/eyeball_cmds/share/eyeball_cmds/hook/path.ps1'
[12.289s] INFO:colcon.colcon_core.shell:Creating environment descriptor '/home/nvidia/Desktop/code/ros2-test/face-robot-01/install/eyeball_cmds/share/eyeball_cmds/hook/path.dsv'
[12.291s] INFO:colcon.colcon_core.shell:Creating environment hook '/home/nvidia/Desktop/code/ros2-test/face-robot-01/install/eyeball_cmds/share/eyeball_cmds/hook/path.sh'
[12.293s] Level 1:colcon.colcon_core.environment:checking '/home/nvidia/Desktop/code/ros2-test/face-robot-01/install/eyeball_cmds/lib/pkgconfig/eyeball_cmds.pc'
[12.294s] Level 1:colcon.colcon_core.environment:checking '/home/nvidia/Desktop/code/ros2-test/face-robot-01/install/eyeball_cmds/lib/python3.8/site-packages'
[12.294s] Level 1:colcon.colcon_core.shell:create_environment_hook('eyeball_cmds', 'pythonpath')
[12.297s] INFO:colcon.colcon_core.shell:Creating environment hook '/home/nvidia/Desktop/code/ros2-test/face-robot-01/install/eyeball_cmds/share/eyeball_cmds/hook/pythonpath.ps1'
[12.298s] INFO:colcon.colcon_core.shell:Creating environment descriptor '/home/nvidia/Desktop/code/ros2-test/face-robot-01/install/eyeball_cmds/share/eyeball_cmds/hook/pythonpath.dsv'
[12.300s] INFO:colcon.colcon_core.shell:Creating environment hook '/home/nvidia/Desktop/code/ros2-test/face-robot-01/install/eyeball_cmds/share/eyeball_cmds/hook/pythonpath.sh'
[12.302s] Level 1:colcon.colcon_core.environment:checking '/home/nvidia/Desktop/code/ros2-test/face-robot-01/install/eyeball_cmds/bin'
[12.303s] Level 1:colcon.colcon_core.shell:create_environment_hook('eyeball_cmds', 'pythonscriptspath')
[12.305s] INFO:colcon.colcon_core.shell:Creating environment hook '/home/nvidia/Desktop/code/ros2-test/face-robot-01/install/eyeball_cmds/share/eyeball_cmds/hook/pythonscriptspath.ps1'
[12.307s] INFO:colcon.colcon_core.shell:Creating environment descriptor '/home/nvidia/Desktop/code/ros2-test/face-robot-01/install/eyeball_cmds/share/eyeball_cmds/hook/pythonscriptspath.dsv'
[12.308s] INFO:colcon.colcon_core.shell:Creating environment hook '/home/nvidia/Desktop/code/ros2-test/face-robot-01/install/eyeball_cmds/share/eyeball_cmds/hook/pythonscriptspath.sh'
[12.310s] Level 1:colcon.colcon_core.environment:create_environment_scripts_only(eyeball_cmds)
[12.313s] INFO:colcon.colcon_core.shell:Creating package script '/home/nvidia/Desktop/code/ros2-test/face-robot-01/install/eyeball_cmds/share/eyeball_cmds/package.ps1'
[12.316s] INFO:colcon.colcon_core.shell:Creating package descriptor '/home/nvidia/Desktop/code/ros2-test/face-robot-01/install/eyeball_cmds/share/eyeball_cmds/package.dsv'
[12.318s] INFO:colcon.colcon_core.shell:Creating package script '/home/nvidia/Desktop/code/ros2-test/face-robot-01/install/eyeball_cmds/share/eyeball_cmds/package.sh'
[12.320s] INFO:colcon.colcon_core.shell:Creating package script '/home/nvidia/Desktop/code/ros2-test/face-robot-01/install/eyeball_cmds/share/eyeball_cmds/package.bash'
[12.322s] INFO:colcon.colcon_core.shell:Creating package script '/home/nvidia/Desktop/code/ros2-test/face-robot-01/install/eyeball_cmds/share/eyeball_cmds/package.zsh'
[12.323s] Level 1:colcon.colcon_core.environment:create_file_with_runtime_dependencies(/home/nvidia/Desktop/code/ros2-test/face-robot-01/install/eyeball_cmds/share/colcon-core/packages/eyeball_cmds)
[12.328s] Level 1:colcon.colcon_core.environment:checking '/home/nvidia/Desktop/code/ros2-test/face-robot-01/install/mp_input' for CMake module files
[12.333s] Level 1:colcon.colcon_core.environment:checking '/home/nvidia/Desktop/code/ros2-test/face-robot-01/install/mp_input' for CMake config files
[12.335s] DEBUG:colcon.colcon_core.event_handler.log_command:Invoked command in '/home/nvidia/Desktop/code/ros2-test/face-robot-01/src/mp_input' returned '0': PYTHONPATH=/home/nvidia/Desktop/code/ros2-test/face-robot-01/build/mp_input/prefix_override:/home/nvidia/Desktop/code/ros2-test/face-robot-01/install/mp_input/lib/python3.8/site-packages:${PYTHONPATH} /usr/bin/python3 setup.py egg_info --egg-base ../../build/mp_input build --build-base /home/nvidia/Desktop/code/ros2-test/face-robot-01/build/mp_input/build install --record /home/nvidia/Desktop/code/ros2-test/face-robot-01/build/mp_input/install.log --single-version-externally-managed
[12.339s] Level 1:colcon.colcon_core.environment:checking '/home/nvidia/Desktop/code/ros2-test/face-robot-01/install/mp_input/lib'
[12.339s] Level 1:colcon.colcon_core.environment:checking '/home/nvidia/Desktop/code/ros2-test/face-robot-01/install/mp_input/bin'
[12.340s] Level 1:colcon.colcon_core.shell:create_environment_hook('mp_input', 'path')
[12.342s] INFO:colcon.colcon_core.shell:Creating environment hook '/home/nvidia/Desktop/code/ros2-test/face-robot-01/install/mp_input/share/mp_input/hook/path.ps1'
[12.344s] INFO:colcon.colcon_core.shell:Creating environment descriptor '/home/nvidia/Desktop/code/ros2-test/face-robot-01/install/mp_input/share/mp_input/hook/path.dsv'
[12.346s] INFO:colcon.colcon_core.shell:Creating environment hook '/home/nvidia/Desktop/code/ros2-test/face-robot-01/install/mp_input/share/mp_input/hook/path.sh'
[12.348s] Level 1:colcon.colcon_core.environment:checking '/home/nvidia/Desktop/code/ros2-test/face-robot-01/install/mp_input/lib/pkgconfig/mp_input.pc'
[12.349s] Level 1:colcon.colcon_core.environment:checking '/home/nvidia/Desktop/code/ros2-test/face-robot-01/install/mp_input/lib/python3.8/site-packages'
[12.349s] Level 1:colcon.colcon_core.shell:create_environment_hook('mp_input', 'pythonpath')
[12.351s] INFO:colcon.colcon_core.shell:Creating environment hook '/home/nvidia/Desktop/code/ros2-test/face-robot-01/install/mp_input/share/mp_input/hook/pythonpath.ps1'
[12.353s] INFO:colcon.colcon_core.shell:Creating environment descriptor '/home/nvidia/Desktop/code/ros2-test/face-robot-01/install/mp_input/share/mp_input/hook/pythonpath.dsv'
[12.355s] INFO:colcon.colcon_core.shell:Creating environment hook '/home/nvidia/Desktop/code/ros2-test/face-robot-01/install/mp_input/share/mp_input/hook/pythonpath.sh'
[12.357s] Level 1:colcon.colcon_core.environment:checking '/home/nvidia/Desktop/code/ros2-test/face-robot-01/install/mp_input/bin'
[12.358s] Level 1:colcon.colcon_core.shell:create_environment_hook('mp_input', 'pythonscriptspath')
[12.360s] INFO:colcon.colcon_core.shell:Creating environment hook '/home/nvidia/Desktop/code/ros2-test/face-robot-01/install/mp_input/share/mp_input/hook/pythonscriptspath.ps1'
[12.361s] INFO:colcon.colcon_core.shell:Creating environment descriptor '/home/nvidia/Desktop/code/ros2-test/face-robot-01/install/mp_input/share/mp_input/hook/pythonscriptspath.dsv'
[12.363s] INFO:colcon.colcon_core.shell:Creating environment hook '/home/nvidia/Desktop/code/ros2-test/face-robot-01/install/mp_input/share/mp_input/hook/pythonscriptspath.sh'
[12.365s] Level 1:colcon.colcon_core.environment:create_environment_scripts_only(mp_input)
[12.367s] INFO:colcon.colcon_core.shell:Creating package script '/home/nvidia/Desktop/code/ros2-test/face-robot-01/install/mp_input/share/mp_input/package.ps1'
[12.370s] INFO:colcon.colcon_core.shell:Creating package descriptor '/home/nvidia/Desktop/code/ros2-test/face-robot-01/install/mp_input/share/mp_input/package.dsv'
[12.373s] INFO:colcon.colcon_core.shell:Creating package script '/home/nvidia/Desktop/code/ros2-test/face-robot-01/install/mp_input/share/mp_input/package.sh'
[12.375s] INFO:colcon.colcon_core.shell:Creating package script '/home/nvidia/Desktop/code/ros2-test/face-robot-01/install/mp_input/share/mp_input/package.bash'
[12.377s] INFO:colcon.colcon_core.shell:Creating package script '/home/nvidia/Desktop/code/ros2-test/face-robot-01/install/mp_input/share/mp_input/package.zsh'
[12.380s] Level 1:colcon.colcon_core.environment:create_file_with_runtime_dependencies(/home/nvidia/Desktop/code/ros2-test/face-robot-01/install/mp_input/share/colcon-core/packages/mp_input)
[12.385s] Level 1:colcon.colcon_core.environment:checking '/home/nvidia/Desktop/code/ros2-test/face-robot-01/install/neck_cmds' for CMake module files
[12.389s] Level 1:colcon.colcon_core.environment:checking '/home/nvidia/Desktop/code/ros2-test/face-robot-01/install/neck_cmds' for CMake config files
[12.391s] DEBUG:colcon.colcon_core.event_handler.log_command:Invoked command in '/home/nvidia/Desktop/code/ros2-test/face-robot-01/src/neck_cmds' returned '0': PYTHONPATH=/home/nvidia/Desktop/code/ros2-test/face-robot-01/build/neck_cmds/prefix_override:/home/nvidia/Desktop/code/ros2-test/face-robot-01/install/neck_cmds/lib/python3.8/site-packages:${PYTHONPATH} /usr/bin/python3 setup.py egg_info --egg-base ../../build/neck_cmds build --build-base /home/nvidia/Desktop/code/ros2-test/face-robot-01/build/neck_cmds/build install --record /home/nvidia/Desktop/code/ros2-test/face-robot-01/build/neck_cmds/install.log --single-version-externally-managed
[12.395s] Level 1:colcon.colcon_core.environment:checking '/home/nvidia/Desktop/code/ros2-test/face-robot-01/install/neck_cmds/lib'
[12.395s] Level 1:colcon.colcon_core.environment:checking '/home/nvidia/Desktop/code/ros2-test/face-robot-01/install/neck_cmds/bin'
[12.395s] Level 1:colcon.colcon_core.shell:create_environment_hook('neck_cmds', 'path')
[12.401s] INFO:colcon.colcon_core.shell:Creating environment hook '/home/nvidia/Desktop/code/ros2-test/face-robot-01/install/neck_cmds/share/neck_cmds/hook/path.ps1'
[12.403s] INFO:colcon.colcon_core.shell:Creating environment descriptor '/home/nvidia/Desktop/code/ros2-test/face-robot-01/install/neck_cmds/share/neck_cmds/hook/path.dsv'
[12.405s] INFO:colcon.colcon_core.shell:Creating environment hook '/home/nvidia/Desktop/code/ros2-test/face-robot-01/install/neck_cmds/share/neck_cmds/hook/path.sh'
[12.407s] Level 1:colcon.colcon_core.environment:checking '/home/nvidia/Desktop/code/ros2-test/face-robot-01/install/neck_cmds/lib/pkgconfig/neck_cmds.pc'
[12.408s] Level 1:colcon.colcon_core.environment:checking '/home/nvidia/Desktop/code/ros2-test/face-robot-01/install/neck_cmds/lib/python3.8/site-packages'
[12.408s] Level 1:colcon.colcon_core.shell:create_environment_hook('neck_cmds', 'pythonpath')
[12.410s] INFO:colcon.colcon_core.shell:Creating environment hook '/home/nvidia/Desktop/code/ros2-test/face-robot-01/install/neck_cmds/share/neck_cmds/hook/pythonpath.ps1'
[12.412s] INFO:colcon.colcon_core.shell:Creating environment descriptor '/home/nvidia/Desktop/code/ros2-test/face-robot-01/install/neck_cmds/share/neck_cmds/hook/pythonpath.dsv'
[12.413s] INFO:colcon.colcon_core.shell:Creating environment hook '/home/nvidia/Desktop/code/ros2-test/face-robot-01/install/neck_cmds/share/neck_cmds/hook/pythonpath.sh'
[12.415s] Level 1:colcon.colcon_core.environment:checking '/home/nvidia/Desktop/code/ros2-test/face-robot-01/install/neck_cmds/bin'
[12.416s] Level 1:colcon.colcon_core.shell:create_environment_hook('neck_cmds', 'pythonscriptspath')
[12.418s] INFO:colcon.colcon_core.shell:Creating environment hook '/home/nvidia/Desktop/code/ros2-test/face-robot-01/install/neck_cmds/share/neck_cmds/hook/pythonscriptspath.ps1'
[12.420s] INFO:colcon.colcon_core.shell:Creating environment descriptor '/home/nvidia/Desktop/code/ros2-test/face-robot-01/install/neck_cmds/share/neck_cmds/hook/pythonscriptspath.dsv'
[12.421s] INFO:colcon.colcon_core.shell:Creating environment hook '/home/nvidia/Desktop/code/ros2-test/face-robot-01/install/neck_cmds/share/neck_cmds/hook/pythonscriptspath.sh'
[12.423s] Level 1:colcon.colcon_core.environment:create_environment_scripts_only(neck_cmds)
[12.426s] INFO:colcon.colcon_core.shell:Creating package script '/home/nvidia/Desktop/code/ros2-test/face-robot-01/install/neck_cmds/share/neck_cmds/package.ps1'
[12.429s] INFO:colcon.colcon_core.shell:Creating package descriptor '/home/nvidia/Desktop/code/ros2-test/face-robot-01/install/neck_cmds/share/neck_cmds/package.dsv'
[12.431s] INFO:colcon.colcon_core.shell:Creating package script '/home/nvidia/Desktop/code/ros2-test/face-robot-01/install/neck_cmds/share/neck_cmds/package.sh'
[12.434s] INFO:colcon.colcon_core.shell:Creating package script '/home/nvidia/Desktop/code/ros2-test/face-robot-01/install/neck_cmds/share/neck_cmds/package.bash'
[12.435s] INFO:colcon.colcon_core.shell:Creating package script '/home/nvidia/Desktop/code/ros2-test/face-robot-01/install/neck_cmds/share/neck_cmds/package.zsh'
[12.437s] Level 1:colcon.colcon_core.environment:create_file_with_runtime_dependencies(/home/nvidia/Desktop/code/ros2-test/face-robot-01/install/neck_cmds/share/colcon-core/packages/neck_cmds)
[12.442s] Level 1:colcon.colcon_core.environment:checking '/home/nvidia/Desktop/code/ros2-test/face-robot-01/install/nn_computer' for CMake module files
[12.447s] Level 1:colcon.colcon_core.environment:checking '/home/nvidia/Desktop/code/ros2-test/face-robot-01/install/nn_computer' for CMake config files
[12.448s] DEBUG:colcon.colcon_core.event_handler.log_command:Invoked command in '/home/nvidia/Desktop/code/ros2-test/face-robot-01/src/nn_computer' returned '0': PYTHONPATH=/home/nvidia/Desktop/code/ros2-test/face-robot-01/build/nn_computer/prefix_override:/home/nvidia/Desktop/code/ros2-test/face-robot-01/install/nn_computer/lib/python3.8/site-packages:${PYTHONPATH} /usr/bin/python3 setup.py egg_info --egg-base ../../build/nn_computer build --build-base /home/nvidia/Desktop/code/ros2-test/face-robot-01/build/nn_computer/build install --record /home/nvidia/Desktop/code/ros2-test/face-robot-01/build/nn_computer/install.log --single-version-externally-managed
[12.451s] Level 1:colcon.colcon_core.environment:checking '/home/nvidia/Desktop/code/ros2-test/face-robot-01/install/nn_computer/lib'
[12.452s] Level 1:colcon.colcon_core.environment:checking '/home/nvidia/Desktop/code/ros2-test/face-robot-01/install/nn_computer/bin'
[12.452s] Level 1:colcon.colcon_core.shell:create_environment_hook('nn_computer', 'path')
[12.455s] INFO:colcon.colcon_core.shell:Creating environment hook '/home/nvidia/Desktop/code/ros2-test/face-robot-01/install/nn_computer/share/nn_computer/hook/path.ps1'
[12.457s] INFO:colcon.colcon_core.shell:Creating environment descriptor '/home/nvidia/Desktop/code/ros2-test/face-robot-01/install/nn_computer/share/nn_computer/hook/path.dsv'
[12.459s] INFO:colcon.colcon_core.shell:Creating environment hook '/home/nvidia/Desktop/code/ros2-test/face-robot-01/install/nn_computer/share/nn_computer/hook/path.sh'
[12.460s] Level 1:colcon.colcon_core.environment:checking '/home/nvidia/Desktop/code/ros2-test/face-robot-01/install/nn_computer/lib/pkgconfig/nn_computer.pc'
[12.461s] Level 1:colcon.colcon_core.environment:checking '/home/nvidia/Desktop/code/ros2-test/face-robot-01/install/nn_computer/lib/python3.8/site-packages'
[12.462s] Level 1:colcon.colcon_core.shell:create_environment_hook('nn_computer', 'pythonpath')
[12.464s] INFO:colcon.colcon_core.shell:Creating environment hook '/home/nvidia/Desktop/code/ros2-test/face-robot-01/install/nn_computer/share/nn_computer/hook/pythonpath.ps1'
[12.465s] INFO:colcon.colcon_core.shell:Creating environment descriptor '/home/nvidia/Desktop/code/ros2-test/face-robot-01/install/nn_computer/share/nn_computer/hook/pythonpath.dsv'
[12.467s] INFO:colcon.colcon_core.shell:Creating environment hook '/home/nvidia/Desktop/code/ros2-test/face-robot-01/install/nn_computer/share/nn_computer/hook/pythonpath.sh'
[12.469s] Level 1:colcon.colcon_core.environment:checking '/home/nvidia/Desktop/code/ros2-test/face-robot-01/install/nn_computer/bin'
[12.470s] Level 1:colcon.colcon_core.shell:create_environment_hook('nn_computer', 'pythonscriptspath')
[12.472s] INFO:colcon.colcon_core.shell:Creating environment hook '/home/nvidia/Desktop/code/ros2-test/face-robot-01/install/nn_computer/share/nn_computer/hook/pythonscriptspath.ps1'
[12.473s] INFO:colcon.colcon_core.shell:Creating environment descriptor '/home/nvidia/Desktop/code/ros2-test/face-robot-01/install/nn_computer/share/nn_computer/hook/pythonscriptspath.dsv'
[12.475s] INFO:colcon.colcon_core.shell:Creating environment hook '/home/nvidia/Desktop/code/ros2-test/face-robot-01/install/nn_computer/share/nn_computer/hook/pythonscriptspath.sh'
[12.477s] Level 1:colcon.colcon_core.environment:create_environment_scripts_only(nn_computer)
[12.479s] INFO:colcon.colcon_core.shell:Creating package script '/home/nvidia/Desktop/code/ros2-test/face-robot-01/install/nn_computer/share/nn_computer/package.ps1'
[12.483s] INFO:colcon.colcon_core.shell:Creating package descriptor '/home/nvidia/Desktop/code/ros2-test/face-robot-01/install/nn_computer/share/nn_computer/package.dsv'
[12.486s] INFO:colcon.colcon_core.shell:Creating package script '/home/nvidia/Desktop/code/ros2-test/face-robot-01/install/nn_computer/share/nn_computer/package.sh'
[12.489s] INFO:colcon.colcon_core.shell:Creating package script '/home/nvidia/Desktop/code/ros2-test/face-robot-01/install/nn_computer/share/nn_computer/package.bash'
[12.490s] INFO:colcon.colcon_core.shell:Creating package script '/home/nvidia/Desktop/code/ros2-test/face-robot-01/install/nn_computer/share/nn_computer/package.zsh'
[12.492s] Level 1:colcon.colcon_core.environment:create_file_with_runtime_dependencies(/home/nvidia/Desktop/code/ros2-test/face-robot-01/install/nn_computer/share/colcon-core/packages/nn_computer)
[12.493s] DEBUG:colcon.colcon_parallel_executor.executor.parallel:closing loop
[12.496s] DEBUG:colcon.colcon_parallel_executor.executor.parallel:loop closed
[12.496s] DEBUG:colcon.colcon_parallel_executor.executor.parallel:run_until_complete finished with '0'
[12.497s] DEBUG:colcon.colcon_core.event_reactor:joining thread
[12.527s] INFO:colcon.colcon_core.plugin_system:Skipping extension 'colcon_notification.desktop_notification.terminal_notifier': Not used on non-Darwin systems
[12.527s] INFO:colcon.colcon_core.plugin_system:Skipping extension 'colcon_notification.desktop_notification.win32': Not used on non-Windows systems
[12.527s] INFO:colcon.colcon_notification.desktop_notification:Sending desktop notification using 'notify2'
[12.639s] DEBUG:colcon.colcon_core.event_reactor:joined thread
[12.641s] INFO:colcon.colcon_core.shell:Creating prefix script '/home/nvidia/Desktop/code/ros2-test/face-robot-01/install/local_setup.ps1'
[12.646s] INFO:colcon.colcon_core.shell:Creating prefix util module '/home/nvidia/Desktop/code/ros2-test/face-robot-01/install/_local_setup_util_ps1.py'
[12.652s] INFO:colcon.colcon_core.shell:Creating prefix chain script '/home/nvidia/Desktop/code/ros2-test/face-robot-01/install/setup.ps1'
[12.658s] INFO:colcon.colcon_core.shell:Creating prefix script '/home/nvidia/Desktop/code/ros2-test/face-robot-01/install/local_setup.sh'
[12.661s] INFO:colcon.colcon_core.shell:Creating prefix util module '/home/nvidia/Desktop/code/ros2-test/face-robot-01/install/_local_setup_util_sh.py'
[12.663s] INFO:colcon.colcon_core.shell:Creating prefix chain script '/home/nvidia/Desktop/code/ros2-test/face-robot-01/install/setup.sh'
[12.668s] INFO:colcon.colcon_core.shell:Creating prefix script '/home/nvidia/Desktop/code/ros2-test/face-robot-01/install/local_setup.bash'
[12.671s] INFO:colcon.colcon_core.shell:Creating prefix chain script '/home/nvidia/Desktop/code/ros2-test/face-robot-01/install/setup.bash'
[12.676s] INFO:colcon.colcon_core.shell:Creating prefix script '/home/nvidia/Desktop/code/ros2-test/face-robot-01/install/local_setup.zsh'
[12.679s] INFO:colcon.colcon_core.shell:Creating prefix chain script '/home/nvidia/Desktop/code/ros2-test/face-robot-01/install/setup.zsh'
