[8.907s] Invoking command in '/home/nvidia/Desktop/code/ros2-test/face-robot-01/src/eyeball_cmds': PYTHONPATH=/home/nvidia/Desktop/code/ros2-test/face-robot-01/build/eyeball_cmds/prefix_override:/home/nvidia/Desktop/code/ros2-test/face-robot-01/install/eyeball_cmds/lib/python3.8/site-packages:${PYTHONPATH} /usr/bin/python3 setup.py egg_info --egg-base ../../build/eyeball_cmds build --build-base /home/nvidia/Desktop/code/ros2-test/face-robot-01/build/eyeball_cmds/build install --record /home/nvidia/Desktop/code/ros2-test/face-robot-01/build/eyeball_cmds/install.log --single-version-externally-managed
[10.164s] running egg_info
[10.167s] writing ../../build/eyeball_cmds/eyeball_cmds.egg-info/PKG-INFO
[10.173s] writing dependency_links to ../../build/eyeball_cmds/eyeball_cmds.egg-info/dependency_links.txt
[10.176s] writing entry points to ../../build/eyeball_cmds/eyeball_cmds.egg-info/entry_points.txt
[10.179s] writing requirements to ../../build/eyeball_cmds/eyeball_cmds.egg-info/requires.txt
[10.182s] writing top-level names to ../../build/eyeball_cmds/eyeball_cmds.egg-info/top_level.txt
[10.398s] reading manifest file '../../build/eyeball_cmds/eyeball_cmds.egg-info/SOURCES.txt'
[10.403s] writing manifest file '../../build/eyeball_cmds/eyeball_cmds.egg-info/SOURCES.txt'
[10.405s] running build
[10.406s] running build_py
[10.408s] running install
[10.414s] running install_lib
[10.424s] running install_data
[10.430s] running install_egg_info
[10.442s] removing '/home/nvidia/Desktop/code/ros2-test/face-robot-01/install/eyeball_cmds/lib/python3.8/site-packages/eyeball_cmds-0.0.0-py3.8.egg-info' (and everything under it)
[10.450s] Copying ../../build/eyeball_cmds/eyeball_cmds.egg-info to /home/nvidia/Desktop/code/ros2-test/face-robot-01/install/eyeball_cmds/lib/python3.8/site-packages/eyeball_cmds-0.0.0-py3.8.egg-info
[10.464s] running install_scripts
[10.584s] Installing eyeball_node script to /home/nvidia/Desktop/code/ros2-test/face-robot-01/install/eyeball_cmds/bin
[10.587s] writing list of installed files to '/home/nvidia/Desktop/code/ros2-test/face-robot-01/build/eyeball_cmds/install.log'
[10.734s] Invoked command in '/home/nvidia/Desktop/code/ros2-test/face-robot-01/src/eyeball_cmds' returned '0': PYTHONPATH=/home/nvidia/Desktop/code/ros2-test/face-robot-01/build/eyeball_cmds/prefix_override:/home/nvidia/Desktop/code/ros2-test/face-robot-01/install/eyeball_cmds/lib/python3.8/site-packages:${PYTHONPATH} /usr/bin/python3 setup.py egg_info --egg-base ../../build/eyeball_cmds build --build-base /home/nvidia/Desktop/code/ros2-test/face-robot-01/build/eyeball_cmds/build install --record /home/nvidia/Desktop/code/ros2-test/face-robot-01/build/eyeball_cmds/install.log --single-version-externally-managed
