[9.393s] Invoking command in '/home/nvidia/Desktop/code/ros2-test/face-robot-01/src/neck_cmds': PYTHONPATH=/home/nvidia/Desktop/code/ros2-test/face-robot-01/build/neck_cmds/prefix_override:/home/nvidia/Desktop/code/ros2-test/face-robot-01/install/neck_cmds/lib/python3.8/site-packages:${PYTHONPATH} /usr/bin/python3 setup.py egg_info --egg-base ../../build/neck_cmds build --build-base /home/nvidia/Desktop/code/ros2-test/face-robot-01/build/neck_cmds/build install --record /home/nvidia/Desktop/code/ros2-test/face-robot-01/build/neck_cmds/install.log --single-version-externally-managed
[10.607s] running egg_info
[10.609s] writing ../../build/neck_cmds/neck_cmds.egg-info/PKG-INFO
[10.611s] writing dependency_links to ../../build/neck_cmds/neck_cmds.egg-info/dependency_links.txt
[10.612s] writing entry points to ../../build/neck_cmds/neck_cmds.egg-info/entry_points.txt
[10.614s] writing requirements to ../../build/neck_cmds/neck_cmds.egg-info/requires.txt
[10.615s] writing top-level names to ../../build/neck_cmds/neck_cmds.egg-info/top_level.txt
[10.814s] reading manifest file '../../build/neck_cmds/neck_cmds.egg-info/SOURCES.txt'
[10.820s] writing manifest file '../../build/neck_cmds/neck_cmds.egg-info/SOURCES.txt'
[10.821s] running build
[10.822s] running build_py
[10.823s] copying neck_cmds/servo_motor_neck.py -> /home/nvidia/Desktop/code/ros2-test/face-robot-01/build/neck_cmds/build/lib/neck_cmds
[10.825s] copying neck_cmds/neckcmds.py -> /home/nvidia/Desktop/code/ros2-test/face-robot-01/build/neck_cmds/build/lib/neck_cmds
[10.826s] running install
[10.832s] running install_lib
[10.838s] copying /home/nvidia/Desktop/code/ros2-test/face-robot-01/build/neck_cmds/build/lib/neck_cmds/servo_motor_neck.py -> /home/nvidia/Desktop/code/ros2-test/face-robot-01/install/neck_cmds/lib/python3.8/site-packages/neck_cmds
[10.839s] copying /home/nvidia/Desktop/code/ros2-test/face-robot-01/build/neck_cmds/build/lib/neck_cmds/neckcmds.py -> /home/nvidia/Desktop/code/ros2-test/face-robot-01/install/neck_cmds/lib/python3.8/site-packages/neck_cmds
[10.843s] byte-compiling /home/nvidia/Desktop/code/ros2-test/face-robot-01/install/neck_cmds/lib/python3.8/site-packages/neck_cmds/servo_motor_neck.py to servo_motor_neck.cpython-38.pyc
[10.854s] byte-compiling /home/nvidia/Desktop/code/ros2-test/face-robot-01/install/neck_cmds/lib/python3.8/site-packages/neck_cmds/neckcmds.py to neckcmds.cpython-38.pyc
[10.857s] running install_data
[10.860s] running install_egg_info
[10.868s] removing '/home/nvidia/Desktop/code/ros2-test/face-robot-01/install/neck_cmds/lib/python3.8/site-packages/neck_cmds-0.0.0-py3.8.egg-info' (and everything under it)
[10.870s] Copying ../../build/neck_cmds/neck_cmds.egg-info to /home/nvidia/Desktop/code/ros2-test/face-robot-01/install/neck_cmds/lib/python3.8/site-packages/neck_cmds-0.0.0-py3.8.egg-info
[10.876s] running install_scripts
[10.971s] Installing neck_node script to /home/nvidia/Desktop/code/ros2-test/face-robot-01/install/neck_cmds/bin
[10.973s] writing list of installed files to '/home/nvidia/Desktop/code/ros2-test/face-robot-01/build/neck_cmds/install.log'
[11.265s] Invoked command in '/home/nvidia/Desktop/code/ros2-test/face-robot-01/src/neck_cmds' returned '0': PYTHONPATH=/home/nvidia/Desktop/code/ros2-test/face-robot-01/build/neck_cmds/prefix_override:/home/nvidia/Desktop/code/ros2-test/face-robot-01/install/neck_cmds/lib/python3.8/site-packages:${PYTHONPATH} /usr/bin/python3 setup.py egg_info --egg-base ../../build/neck_cmds build --build-base /home/nvidia/Desktop/code/ros2-test/face-robot-01/build/neck_cmds/build install --record /home/nvidia/Desktop/code/ros2-test/face-robot-01/build/neck_cmds/install.log --single-version-externally-managed
