[0.599s] DEBUG:colcon:Command line arguments: ['/usr/bin/colcon', 'build']
[0.600s] DEBUG:colcon:Parsed command line arguments: Namespace(allow_overriding=[], ament_cmake_args=None, base_paths=['.'], build_base='build', catkin_cmake_args=None, catkin_skip_building_tests=False, cmake_args=None, cmake_clean_cache=False, cmake_clean_first=False, cmake_force_configure=False, cmake_target=None, cmake_target_skip_unavailable=False, continue_on_error=False, event_handlers=None, executor='parallel', ignore_user_meta=False, install_base='install', log_base=None, log_level=None, main=<bound method BuildVerb.main of <colcon_core.verb.build.BuildVerb object at 0xffff83a15a00>>, merge_install=False, metas=['./colcon.meta'], packages_above=None, packages_above_and_dependencies=None, packages_above_depth=None, packages_end=None, packages_ignore=None, packages_ignore_regex=None, packages_select=None, packages_select_build_failed=False, packages_select_by_dep=None, packages_select_regex=None, packages_select_test_failures=False, packages_skip=None, packages_skip_build_finished=False, packages_skip_by_dep=None, packages_skip_regex=None, packages_skip_test_passed=False, packages_skip_up_to=None, packages_start=None, packages_up_to=None, packages_up_to_regex=None, parallel_workers=6, paths=None, symlink_install=False, test_result_base=None, verb_extension=<colcon_core.verb.build.BuildVerb object at 0xffff83a15a00>, verb_name='build', verb_parser=<colcon_defaults.argument_parser.defaults.DefaultArgumentsDecorator object at 0xffff83a15f70>)
[0.708s] Level 1:colcon.colcon_core.package_discovery:discover_packages(colcon_meta) check parameters
[0.709s] Level 1:colcon.colcon_core.package_discovery:discover_packages(recursive) check parameters
[0.709s] Level 1:colcon.colcon_core.package_discovery:discover_packages(ignore) check parameters
[0.709s] Level 1:colcon.colcon_core.package_discovery:discover_packages(path) check parameters
[0.709s] Level 1:colcon.colcon_core.package_discovery:discover_packages(colcon_meta) discover
[0.710s] Level 1:colcon.colcon_core.package_discovery:discover_packages(recursive) discover
[0.710s] INFO:colcon.colcon_core.package_discovery:Crawling recursively for packages in '/home/nvidia/Desktop/code/ros2-test/face-robot-01'
[0.711s] Level 1:colcon.colcon_core.package_identification:_identify(.) by extensions ['ignore', 'ignore_ament_install']
[0.711s] Level 1:colcon.colcon_core.package_identification:_identify(.) by extension 'ignore'
[0.712s] Level 1:colcon.colcon_core.package_identification:_identify(.) by extension 'ignore_ament_install'
[0.712s] Level 1:colcon.colcon_core.package_identification:_identify(.) by extensions ['colcon_pkg']
[0.712s] Level 1:colcon.colcon_core.package_identification:_identify(.) by extension 'colcon_pkg'
[0.713s] Level 1:colcon.colcon_core.package_identification:_identify(.) by extensions ['colcon_meta']
[0.713s] Level 1:colcon.colcon_core.package_identification:_identify(.) by extension 'colcon_meta'
[0.713s] Level 1:colcon.colcon_core.package_identification:_identify(.) by extensions ['ros']
[0.713s] Level 1:colcon.colcon_core.package_identification:_identify(.) by extension 'ros'
[0.766s] Level 1:colcon.colcon_core.package_identification:_identify(.) by extensions ['cmake', 'python']
[0.766s] Level 1:colcon.colcon_core.package_identification:_identify(.) by extension 'cmake'
[0.766s] Level 1:colcon.colcon_core.package_identification:_identify(.) by extension 'python'
[0.767s] Level 1:colcon.colcon_core.package_identification:_identify(.) by extensions ['python_setup_py']
[0.767s] Level 1:colcon.colcon_core.package_identification:_identify(.) by extension 'python_setup_py'
[0.768s] Level 1:colcon.colcon_core.package_identification:_identify(build) by extensions ['ignore', 'ignore_ament_install']
[0.768s] Level 1:colcon.colcon_core.package_identification:_identify(build) by extension 'ignore'
[0.768s] Level 1:colcon.colcon_core.package_identification:_identify(build) ignored
[0.769s] Level 1:colcon.colcon_core.package_identification:_identify(install) by extensions ['ignore', 'ignore_ament_install']
[0.770s] Level 1:colcon.colcon_core.package_identification:_identify(install) by extension 'ignore'
[0.770s] Level 1:colcon.colcon_core.package_identification:_identify(install) ignored
[0.771s] Level 1:colcon.colcon_core.package_identification:_identify(log) by extensions ['ignore', 'ignore_ament_install']
[0.772s] Level 1:colcon.colcon_core.package_identification:_identify(log) by extension 'ignore'
[0.772s] Level 1:colcon.colcon_core.package_identification:_identify(log) ignored
[0.773s] Level 1:colcon.colcon_core.package_identification:_identify(src) by extensions ['ignore', 'ignore_ament_install']
[0.773s] Level 1:colcon.colcon_core.package_identification:_identify(src) by extension 'ignore'
[0.773s] Level 1:colcon.colcon_core.package_identification:_identify(src) by extension 'ignore_ament_install'
[0.773s] Level 1:colcon.colcon_core.package_identification:_identify(src) by extensions ['colcon_pkg']
[0.774s] Level 1:colcon.colcon_core.package_identification:_identify(src) by extension 'colcon_pkg'
[0.774s] Level 1:colcon.colcon_core.package_identification:_identify(src) by extensions ['colcon_meta']
[0.774s] Level 1:colcon.colcon_core.package_identification:_identify(src) by extension 'colcon_meta'
[0.774s] Level 1:colcon.colcon_core.package_identification:_identify(src) by extensions ['ros']
[0.775s] Level 1:colcon.colcon_core.package_identification:_identify(src) by extension 'ros'
[0.775s] Level 1:colcon.colcon_core.package_identification:_identify(src) by extensions ['cmake', 'python']
[0.775s] Level 1:colcon.colcon_core.package_identification:_identify(src) by extension 'cmake'
[0.776s] Level 1:colcon.colcon_core.package_identification:_identify(src) by extension 'python'
[0.776s] Level 1:colcon.colcon_core.package_identification:_identify(src) by extensions ['python_setup_py']
[0.776s] Level 1:colcon.colcon_core.package_identification:_identify(src) by extension 'python_setup_py'
[0.777s] Level 1:colcon.colcon_core.package_identification:_identify(src/eye_cmds) by extensions ['ignore', 'ignore_ament_install']
[0.777s] Level 1:colcon.colcon_core.package_identification:_identify(src/eye_cmds) by extension 'ignore'
[0.777s] Level 1:colcon.colcon_core.package_identification:_identify(src/eye_cmds) by extension 'ignore_ament_install'
[0.778s] Level 1:colcon.colcon_core.package_identification:_identify(src/eye_cmds) by extensions ['colcon_pkg']
[0.778s] Level 1:colcon.colcon_core.package_identification:_identify(src/eye_cmds) by extension 'colcon_pkg'
[0.778s] Level 1:colcon.colcon_core.package_identification:_identify(src/eye_cmds) by extensions ['colcon_meta']
[0.778s] Level 1:colcon.colcon_core.package_identification:_identify(src/eye_cmds) by extension 'colcon_meta'
[0.779s] Level 1:colcon.colcon_core.package_identification:_identify(src/eye_cmds) by extensions ['ros']
[0.779s] Level 1:colcon.colcon_core.package_identification:_identify(src/eye_cmds) by extension 'ros'
[0.793s] DEBUG:colcon.colcon_core.package_identification:Package 'src/eye_cmds' with type 'ros.ament_python' and name 'eye_cmds'
[0.794s] Level 1:colcon.colcon_core.package_identification:_identify(src/eyeball_cmds) by extensions ['ignore', 'ignore_ament_install']
[0.795s] Level 1:colcon.colcon_core.package_identification:_identify(src/eyeball_cmds) by extension 'ignore'
[0.795s] Level 1:colcon.colcon_core.package_identification:_identify(src/eyeball_cmds) by extension 'ignore_ament_install'
[0.795s] Level 1:colcon.colcon_core.package_identification:_identify(src/eyeball_cmds) by extensions ['colcon_pkg']
[0.795s] Level 1:colcon.colcon_core.package_identification:_identify(src/eyeball_cmds) by extension 'colcon_pkg'
[0.796s] Level 1:colcon.colcon_core.package_identification:_identify(src/eyeball_cmds) by extensions ['colcon_meta']
[0.796s] Level 1:colcon.colcon_core.package_identification:_identify(src/eyeball_cmds) by extension 'colcon_meta'
[0.796s] Level 1:colcon.colcon_core.package_identification:_identify(src/eyeball_cmds) by extensions ['ros']
[0.796s] Level 1:colcon.colcon_core.package_identification:_identify(src/eyeball_cmds) by extension 'ros'
[0.799s] DEBUG:colcon.colcon_core.package_identification:Package 'src/eyeball_cmds' with type 'ros.ament_python' and name 'eyeball_cmds'
[0.800s] Level 1:colcon.colcon_core.package_identification:_identify(src/mouth_cmds) by extensions ['ignore', 'ignore_ament_install']
[0.800s] Level 1:colcon.colcon_core.package_identification:_identify(src/mouth_cmds) by extension 'ignore'
[0.801s] Level 1:colcon.colcon_core.package_identification:_identify(src/mouth_cmds) by extension 'ignore_ament_install'
[0.801s] Level 1:colcon.colcon_core.package_identification:_identify(src/mouth_cmds) by extensions ['colcon_pkg']
[0.801s] Level 1:colcon.colcon_core.package_identification:_identify(src/mouth_cmds) by extension 'colcon_pkg'
[0.801s] Level 1:colcon.colcon_core.package_identification:_identify(src/mouth_cmds) by extensions ['colcon_meta']
[0.801s] Level 1:colcon.colcon_core.package_identification:_identify(src/mouth_cmds) by extension 'colcon_meta'
[0.802s] Level 1:colcon.colcon_core.package_identification:_identify(src/mouth_cmds) by extensions ['ros']
[0.802s] Level 1:colcon.colcon_core.package_identification:_identify(src/mouth_cmds) by extension 'ros'
[0.805s] DEBUG:colcon.colcon_core.package_identification:Package 'src/mouth_cmds' with type 'ros.ament_python' and name 'mouth_cmds'
[0.805s] Level 1:colcon.colcon_core.package_identification:_identify(src/mp_input) by extensions ['ignore', 'ignore_ament_install']
[0.806s] Level 1:colcon.colcon_core.package_identification:_identify(src/mp_input) by extension 'ignore'
[0.806s] Level 1:colcon.colcon_core.package_identification:_identify(src/mp_input) by extension 'ignore_ament_install'
[0.807s] Level 1:colcon.colcon_core.package_identification:_identify(src/mp_input) by extensions ['colcon_pkg']
[0.807s] Level 1:colcon.colcon_core.package_identification:_identify(src/mp_input) by extension 'colcon_pkg'
[0.807s] Level 1:colcon.colcon_core.package_identification:_identify(src/mp_input) by extensions ['colcon_meta']
[0.807s] Level 1:colcon.colcon_core.package_identification:_identify(src/mp_input) by extension 'colcon_meta'
[0.808s] Level 1:colcon.colcon_core.package_identification:_identify(src/mp_input) by extensions ['ros']
[0.808s] Level 1:colcon.colcon_core.package_identification:_identify(src/mp_input) by extension 'ros'
[0.810s] DEBUG:colcon.colcon_core.package_identification:Package 'src/mp_input' with type 'ros.ament_python' and name 'mp_input'
[0.811s] Level 1:colcon.colcon_core.package_identification:_identify(src/neck_cmds) by extensions ['ignore', 'ignore_ament_install']
[0.811s] Level 1:colcon.colcon_core.package_identification:_identify(src/neck_cmds) by extension 'ignore'
[0.811s] Level 1:colcon.colcon_core.package_identification:_identify(src/neck_cmds) by extension 'ignore_ament_install'
[0.812s] Level 1:colcon.colcon_core.package_identification:_identify(src/neck_cmds) by extensions ['colcon_pkg']
[0.812s] Level 1:colcon.colcon_core.package_identification:_identify(src/neck_cmds) by extension 'colcon_pkg'
[0.812s] Level 1:colcon.colcon_core.package_identification:_identify(src/neck_cmds) by extensions ['colcon_meta']
[0.812s] Level 1:colcon.colcon_core.package_identification:_identify(src/neck_cmds) by extension 'colcon_meta'
[0.813s] Level 1:colcon.colcon_core.package_identification:_identify(src/neck_cmds) by extensions ['ros']
[0.813s] Level 1:colcon.colcon_core.package_identification:_identify(src/neck_cmds) by extension 'ros'
[0.815s] DEBUG:colcon.colcon_core.package_identification:Package 'src/neck_cmds' with type 'ros.ament_python' and name 'neck_cmds'
[0.816s] Level 1:colcon.colcon_core.package_identification:_identify(src/nn_computer) by extensions ['ignore', 'ignore_ament_install']
[0.816s] Level 1:colcon.colcon_core.package_identification:_identify(src/nn_computer) by extension 'ignore'
[0.816s] Level 1:colcon.colcon_core.package_identification:_identify(src/nn_computer) by extension 'ignore_ament_install'
[0.817s] Level 1:colcon.colcon_core.package_identification:_identify(src/nn_computer) by extensions ['colcon_pkg']
[0.817s] Level 1:colcon.colcon_core.package_identification:_identify(src/nn_computer) by extension 'colcon_pkg'
[0.817s] Level 1:colcon.colcon_core.package_identification:_identify(src/nn_computer) by extensions ['colcon_meta']
[0.817s] Level 1:colcon.colcon_core.package_identification:_identify(src/nn_computer) by extension 'colcon_meta'
[0.818s] Level 1:colcon.colcon_core.package_identification:_identify(src/nn_computer) by extensions ['ros']
[0.818s] Level 1:colcon.colcon_core.package_identification:_identify(src/nn_computer) by extension 'ros'
[0.821s] DEBUG:colcon.colcon_core.package_identification:Package 'src/nn_computer' with type 'ros.ament_python' and name 'nn_computer'
[0.821s] Level 1:colcon.colcon_core.package_discovery:discover_packages(recursive) using defaults
[0.821s] Level 1:colcon.colcon_core.package_discovery:discover_packages(ignore) discover
[0.821s] Level 1:colcon.colcon_core.package_discovery:discover_packages(ignore) using defaults
[0.821s] Level 1:colcon.colcon_core.package_discovery:discover_packages(path) discover
[0.822s] Level 1:colcon.colcon_core.package_discovery:discover_packages(path) using defaults
[0.903s] Level 1:colcon.colcon_core.package_discovery:discover_packages(prefix_path) check parameters
[0.904s] Level 1:colcon.colcon_core.package_discovery:discover_packages(prefix_path) discover
[0.917s] DEBUG:colcon.colcon_installed_package_information.package_discovery:Found 256 installed packages in /opt/ros/foxy
[0.926s] Level 1:colcon.colcon_core.package_discovery:discover_packages(prefix_path) using defaults
[1.283s] Level 5:colcon.colcon_core.verb:set package 'eye_cmds' build argument 'cmake_args' from command line to 'None'
[1.284s] Level 5:colcon.colcon_core.verb:set package 'eye_cmds' build argument 'cmake_target' from command line to 'None'
[1.284s] Level 5:colcon.colcon_core.verb:set package 'eye_cmds' build argument 'cmake_target_skip_unavailable' from command line to 'False'
[1.284s] Level 5:colcon.colcon_core.verb:set package 'eye_cmds' build argument 'cmake_clean_cache' from command line to 'False'
[1.284s] Level 5:colcon.colcon_core.verb:set package 'eye_cmds' build argument 'cmake_clean_first' from command line to 'False'
[1.285s] Level 5:colcon.colcon_core.verb:set package 'eye_cmds' build argument 'cmake_force_configure' from command line to 'False'
[1.285s] Level 5:colcon.colcon_core.verb:set package 'eye_cmds' build argument 'ament_cmake_args' from command line to 'None'
[1.285s] Level 5:colcon.colcon_core.verb:set package 'eye_cmds' build argument 'catkin_cmake_args' from command line to 'None'
[1.285s] Level 5:colcon.colcon_core.verb:set package 'eye_cmds' build argument 'catkin_skip_building_tests' from command line to 'False'
[1.286s] DEBUG:colcon.colcon_core.verb:Building package 'eye_cmds' with the following arguments: {'ament_cmake_args': None, 'build_base': '/home/nvidia/Desktop/code/ros2-test/face-robot-01/build/eye_cmds', 'catkin_cmake_args': None, 'catkin_skip_building_tests': False, 'cmake_args': None, 'cmake_clean_cache': False, 'cmake_clean_first': False, 'cmake_force_configure': False, 'cmake_target': None, 'cmake_target_skip_unavailable': False, 'install_base': '/home/nvidia/Desktop/code/ros2-test/face-robot-01/install/eye_cmds', 'merge_install': False, 'path': '/home/nvidia/Desktop/code/ros2-test/face-robot-01/src/eye_cmds', 'symlink_install': False, 'test_result_base': None}
[1.289s] Level 5:colcon.colcon_core.verb:set package 'eyeball_cmds' build argument 'cmake_args' from command line to 'None'
[1.289s] Level 5:colcon.colcon_core.verb:set package 'eyeball_cmds' build argument 'cmake_target' from command line to 'None'
[1.289s] Level 5:colcon.colcon_core.verb:set package 'eyeball_cmds' build argument 'cmake_target_skip_unavailable' from command line to 'False'
[1.290s] Level 5:colcon.colcon_core.verb:set package 'eyeball_cmds' build argument 'cmake_clean_cache' from command line to 'False'
[1.290s] Level 5:colcon.colcon_core.verb:set package 'eyeball_cmds' build argument 'cmake_clean_first' from command line to 'False'
[1.290s] Level 5:colcon.colcon_core.verb:set package 'eyeball_cmds' build argument 'cmake_force_configure' from command line to 'False'
[1.290s] Level 5:colcon.colcon_core.verb:set package 'eyeball_cmds' build argument 'ament_cmake_args' from command line to 'None'
[1.290s] Level 5:colcon.colcon_core.verb:set package 'eyeball_cmds' build argument 'catkin_cmake_args' from command line to 'None'
[1.290s] Level 5:colcon.colcon_core.verb:set package 'eyeball_cmds' build argument 'catkin_skip_building_tests' from command line to 'False'
[1.291s] DEBUG:colcon.colcon_core.verb:Building package 'eyeball_cmds' with the following arguments: {'ament_cmake_args': None, 'build_base': '/home/nvidia/Desktop/code/ros2-test/face-robot-01/build/eyeball_cmds', 'catkin_cmake_args': None, 'catkin_skip_building_tests': False, 'cmake_args': None, 'cmake_clean_cache': False, 'cmake_clean_first': False, 'cmake_force_configure': False, 'cmake_target': None, 'cmake_target_skip_unavailable': False, 'install_base': '/home/nvidia/Desktop/code/ros2-test/face-robot-01/install/eyeball_cmds', 'merge_install': False, 'path': '/home/nvidia/Desktop/code/ros2-test/face-robot-01/src/eyeball_cmds', 'symlink_install': False, 'test_result_base': None}
[1.294s] Level 5:colcon.colcon_core.verb:set package 'mouth_cmds' build argument 'cmake_args' from command line to 'None'
[1.294s] Level 5:colcon.colcon_core.verb:set package 'mouth_cmds' build argument 'cmake_target' from command line to 'None'
[1.294s] Level 5:colcon.colcon_core.verb:set package 'mouth_cmds' build argument 'cmake_target_skip_unavailable' from command line to 'False'
[1.294s] Level 5:colcon.colcon_core.verb:set package 'mouth_cmds' build argument 'cmake_clean_cache' from command line to 'False'
[1.294s] Level 5:colcon.colcon_core.verb:set package 'mouth_cmds' build argument 'cmake_clean_first' from command line to 'False'
[1.295s] Level 5:colcon.colcon_core.verb:set package 'mouth_cmds' build argument 'cmake_force_configure' from command line to 'False'
[1.295s] Level 5:colcon.colcon_core.verb:set package 'mouth_cmds' build argument 'ament_cmake_args' from command line to 'None'
[1.295s] Level 5:colcon.colcon_core.verb:set package 'mouth_cmds' build argument 'catkin_cmake_args' from command line to 'None'
[1.295s] Level 5:colcon.colcon_core.verb:set package 'mouth_cmds' build argument 'catkin_skip_building_tests' from command line to 'False'
[1.295s] DEBUG:colcon.colcon_core.verb:Building package 'mouth_cmds' with the following arguments: {'ament_cmake_args': None, 'build_base': '/home/nvidia/Desktop/code/ros2-test/face-robot-01/build/mouth_cmds', 'catkin_cmake_args': None, 'catkin_skip_building_tests': False, 'cmake_args': None, 'cmake_clean_cache': False, 'cmake_clean_first': False, 'cmake_force_configure': False, 'cmake_target': None, 'cmake_target_skip_unavailable': False, 'install_base': '/home/nvidia/Desktop/code/ros2-test/face-robot-01/install/mouth_cmds', 'merge_install': False, 'path': '/home/nvidia/Desktop/code/ros2-test/face-robot-01/src/mouth_cmds', 'symlink_install': False, 'test_result_base': None}
[1.298s] Level 5:colcon.colcon_core.verb:set package 'mp_input' build argument 'cmake_args' from command line to 'None'
[1.299s] Level 5:colcon.colcon_core.verb:set package 'mp_input' build argument 'cmake_target' from command line to 'None'
[1.299s] Level 5:colcon.colcon_core.verb:set package 'mp_input' build argument 'cmake_target_skip_unavailable' from command line to 'False'
[1.299s] Level 5:colcon.colcon_core.verb:set package 'mp_input' build argument 'cmake_clean_cache' from command line to 'False'
[1.299s] Level 5:colcon.colcon_core.verb:set package 'mp_input' build argument 'cmake_clean_first' from command line to 'False'
[1.299s] Level 5:colcon.colcon_core.verb:set package 'mp_input' build argument 'cmake_force_configure' from command line to 'False'
[1.299s] Level 5:colcon.colcon_core.verb:set package 'mp_input' build argument 'ament_cmake_args' from command line to 'None'
[1.300s] Level 5:colcon.colcon_core.verb:set package 'mp_input' build argument 'catkin_cmake_args' from command line to 'None'
[1.300s] Level 5:colcon.colcon_core.verb:set package 'mp_input' build argument 'catkin_skip_building_tests' from command line to 'False'
[1.300s] DEBUG:colcon.colcon_core.verb:Building package 'mp_input' with the following arguments: {'ament_cmake_args': None, 'build_base': '/home/nvidia/Desktop/code/ros2-test/face-robot-01/build/mp_input', 'catkin_cmake_args': None, 'catkin_skip_building_tests': False, 'cmake_args': None, 'cmake_clean_cache': False, 'cmake_clean_first': False, 'cmake_force_configure': False, 'cmake_target': None, 'cmake_target_skip_unavailable': False, 'install_base': '/home/nvidia/Desktop/code/ros2-test/face-robot-01/install/mp_input', 'merge_install': False, 'path': '/home/nvidia/Desktop/code/ros2-test/face-robot-01/src/mp_input', 'symlink_install': False, 'test_result_base': None}
[1.303s] Level 5:colcon.colcon_core.verb:set package 'neck_cmds' build argument 'cmake_args' from command line to 'None'
[1.303s] Level 5:colcon.colcon_core.verb:set package 'neck_cmds' build argument 'cmake_target' from command line to 'None'
[1.304s] Level 5:colcon.colcon_core.verb:set package 'neck_cmds' build argument 'cmake_target_skip_unavailable' from command line to 'False'
[1.304s] Level 5:colcon.colcon_core.verb:set package 'neck_cmds' build argument 'cmake_clean_cache' from command line to 'False'
[1.304s] Level 5:colcon.colcon_core.verb:set package 'neck_cmds' build argument 'cmake_clean_first' from command line to 'False'
[1.304s] Level 5:colcon.colcon_core.verb:set package 'neck_cmds' build argument 'cmake_force_configure' from command line to 'False'
[1.304s] Level 5:colcon.colcon_core.verb:set package 'neck_cmds' build argument 'ament_cmake_args' from command line to 'None'
[1.304s] Level 5:colcon.colcon_core.verb:set package 'neck_cmds' build argument 'catkin_cmake_args' from command line to 'None'
[1.304s] Level 5:colcon.colcon_core.verb:set package 'neck_cmds' build argument 'catkin_skip_building_tests' from command line to 'False'
[1.305s] DEBUG:colcon.colcon_core.verb:Building package 'neck_cmds' with the following arguments: {'ament_cmake_args': None, 'build_base': '/home/nvidia/Desktop/code/ros2-test/face-robot-01/build/neck_cmds', 'catkin_cmake_args': None, 'catkin_skip_building_tests': False, 'cmake_args': None, 'cmake_clean_cache': False, 'cmake_clean_first': False, 'cmake_force_configure': False, 'cmake_target': None, 'cmake_target_skip_unavailable': False, 'install_base': '/home/nvidia/Desktop/code/ros2-test/face-robot-01/install/neck_cmds', 'merge_install': False, 'path': '/home/nvidia/Desktop/code/ros2-test/face-robot-01/src/neck_cmds', 'symlink_install': False, 'test_result_base': None}
[1.308s] Level 5:colcon.colcon_core.verb:set package 'nn_computer' build argument 'cmake_args' from command line to 'None'
[1.308s] Level 5:colcon.colcon_core.verb:set package 'nn_computer' build argument 'cmake_target' from command line to 'None'
[1.308s] Level 5:colcon.colcon_core.verb:set package 'nn_computer' build argument 'cmake_target_skip_unavailable' from command line to 'False'
[1.308s] Level 5:colcon.colcon_core.verb:set package 'nn_computer' build argument 'cmake_clean_cache' from command line to 'False'
[1.308s] Level 5:colcon.colcon_core.verb:set package 'nn_computer' build argument 'cmake_clean_first' from command line to 'False'
[1.308s] Level 5:colcon.colcon_core.verb:set package 'nn_computer' build argument 'cmake_force_configure' from command line to 'False'
[1.309s] Level 5:colcon.colcon_core.verb:set package 'nn_computer' build argument 'ament_cmake_args' from command line to 'None'
[1.309s] Level 5:colcon.colcon_core.verb:set package 'nn_computer' build argument 'catkin_cmake_args' from command line to 'None'
[1.309s] Level 5:colcon.colcon_core.verb:set package 'nn_computer' build argument 'catkin_skip_building_tests' from command line to 'False'
[1.309s] DEBUG:colcon.colcon_core.verb:Building package 'nn_computer' with the following arguments: {'ament_cmake_args': None, 'build_base': '/home/nvidia/Desktop/code/ros2-test/face-robot-01/build/nn_computer', 'catkin_cmake_args': None, 'catkin_skip_building_tests': False, 'cmake_args': None, 'cmake_clean_cache': False, 'cmake_clean_first': False, 'cmake_force_configure': False, 'cmake_target': None, 'cmake_target_skip_unavailable': False, 'install_base': '/home/nvidia/Desktop/code/ros2-test/face-robot-01/install/nn_computer', 'merge_install': False, 'path': '/home/nvidia/Desktop/code/ros2-test/face-robot-01/src/nn_computer', 'symlink_install': False, 'test_result_base': None}
[1.310s] INFO:colcon.colcon_core.executor:Executing jobs using 'parallel' executor
[1.319s] DEBUG:colcon.colcon_parallel_executor.executor.parallel:run_until_complete
[1.321s] INFO:colcon.colcon_ros.task.ament_python.build:Building ROS package in '/home/nvidia/Desktop/code/ros2-test/face-robot-01/src/eye_cmds' with build type 'ament_python'
[1.322s] Level 1:colcon.colcon_core.shell:create_environment_hook('eye_cmds', 'ament_prefix_path')
[1.338s] INFO:colcon.colcon_core.plugin_system:Skipping extension 'colcon_core.shell.bat': Not used on non-Windows systems
[1.339s] INFO:colcon.colcon_core.shell:Creating environment hook '/home/nvidia/Desktop/code/ros2-test/face-robot-01/install/eye_cmds/share/eye_cmds/hook/ament_prefix_path.ps1'
[1.342s] INFO:colcon.colcon_core.shell:Creating environment descriptor '/home/nvidia/Desktop/code/ros2-test/face-robot-01/install/eye_cmds/share/eye_cmds/hook/ament_prefix_path.dsv'
[1.344s] INFO:colcon.colcon_core.shell:Creating environment hook '/home/nvidia/Desktop/code/ros2-test/face-robot-01/install/eye_cmds/share/eye_cmds/hook/ament_prefix_path.sh'
[1.349s] INFO:colcon.colcon_core.shell:Skip shell extension 'powershell' for command environment: Not usable outside of PowerShell
[1.349s] DEBUG:colcon.colcon_core.shell:Skip shell extension 'dsv' for command environment
[1.371s] INFO:colcon.colcon_ros.task.ament_python.build:Building ROS package in '/home/nvidia/Desktop/code/ros2-test/face-robot-01/src/eyeball_cmds' with build type 'ament_python'
[1.374s] Level 1:colcon.colcon_core.shell:create_environment_hook('eyeball_cmds', 'ament_prefix_path')
[1.380s] INFO:colcon.colcon_core.shell:Creating environment hook '/home/nvidia/Desktop/code/ros2-test/face-robot-01/install/eyeball_cmds/share/eyeball_cmds/hook/ament_prefix_path.ps1'
[1.385s] INFO:colcon.colcon_core.shell:Creating environment descriptor '/home/nvidia/Desktop/code/ros2-test/face-robot-01/install/eyeball_cmds/share/eyeball_cmds/hook/ament_prefix_path.dsv'
[1.387s] INFO:colcon.colcon_core.shell:Creating environment hook '/home/nvidia/Desktop/code/ros2-test/face-robot-01/install/eyeball_cmds/share/eyeball_cmds/hook/ament_prefix_path.sh'
[1.391s] INFO:colcon.colcon_core.shell:Skip shell extension 'powershell' for command environment: Not usable outside of PowerShell
[1.391s] DEBUG:colcon.colcon_core.shell:Skip shell extension 'dsv' for command environment
[1.414s] INFO:colcon.colcon_ros.task.ament_python.build:Building ROS package in '/home/nvidia/Desktop/code/ros2-test/face-robot-01/src/mouth_cmds' with build type 'ament_python'
[1.417s] Level 1:colcon.colcon_core.shell:create_environment_hook('mouth_cmds', 'ament_prefix_path')
[1.423s] INFO:colcon.colcon_core.shell:Creating environment hook '/home/nvidia/Desktop/code/ros2-test/face-robot-01/install/mouth_cmds/share/mouth_cmds/hook/ament_prefix_path.ps1'
[1.429s] INFO:colcon.colcon_core.shell:Creating environment descriptor '/home/nvidia/Desktop/code/ros2-test/face-robot-01/install/mouth_cmds/share/mouth_cmds/hook/ament_prefix_path.dsv'
[1.431s] INFO:colcon.colcon_core.shell:Creating environment hook '/home/nvidia/Desktop/code/ros2-test/face-robot-01/install/mouth_cmds/share/mouth_cmds/hook/ament_prefix_path.sh'
[1.435s] INFO:colcon.colcon_core.shell:Skip shell extension 'powershell' for command environment: Not usable outside of PowerShell
[1.435s] DEBUG:colcon.colcon_core.shell:Skip shell extension 'dsv' for command environment
[1.457s] INFO:colcon.colcon_ros.task.ament_python.build:Building ROS package in '/home/nvidia/Desktop/code/ros2-test/face-robot-01/src/mp_input' with build type 'ament_python'
[1.460s] Level 1:colcon.colcon_core.shell:create_environment_hook('mp_input', 'ament_prefix_path')
[1.466s] INFO:colcon.colcon_core.shell:Creating environment hook '/home/nvidia/Desktop/code/ros2-test/face-robot-01/install/mp_input/share/mp_input/hook/ament_prefix_path.ps1'
[1.471s] INFO:colcon.colcon_core.shell:Creating environment descriptor '/home/nvidia/Desktop/code/ros2-test/face-robot-01/install/mp_input/share/mp_input/hook/ament_prefix_path.dsv'
[1.473s] INFO:colcon.colcon_core.shell:Creating environment hook '/home/nvidia/Desktop/code/ros2-test/face-robot-01/install/mp_input/share/mp_input/hook/ament_prefix_path.sh'
[1.477s] INFO:colcon.colcon_core.shell:Skip shell extension 'powershell' for command environment: Not usable outside of PowerShell
[1.477s] DEBUG:colcon.colcon_core.shell:Skip shell extension 'dsv' for command environment
[1.498s] INFO:colcon.colcon_ros.task.ament_python.build:Building ROS package in '/home/nvidia/Desktop/code/ros2-test/face-robot-01/src/neck_cmds' with build type 'ament_python'
[1.501s] Level 1:colcon.colcon_core.shell:create_environment_hook('neck_cmds', 'ament_prefix_path')
[1.508s] INFO:colcon.colcon_core.shell:Creating environment hook '/home/nvidia/Desktop/code/ros2-test/face-robot-01/install/neck_cmds/share/neck_cmds/hook/ament_prefix_path.ps1'
[1.512s] INFO:colcon.colcon_core.shell:Creating environment descriptor '/home/nvidia/Desktop/code/ros2-test/face-robot-01/install/neck_cmds/share/neck_cmds/hook/ament_prefix_path.dsv'
[1.513s] INFO:colcon.colcon_core.shell:Creating environment hook '/home/nvidia/Desktop/code/ros2-test/face-robot-01/install/neck_cmds/share/neck_cmds/hook/ament_prefix_path.sh'
[1.517s] INFO:colcon.colcon_core.shell:Skip shell extension 'powershell' for command environment: Not usable outside of PowerShell
[1.518s] DEBUG:colcon.colcon_core.shell:Skip shell extension 'dsv' for command environment
[1.540s] INFO:colcon.colcon_ros.task.ament_python.build:Building ROS package in '/home/nvidia/Desktop/code/ros2-test/face-robot-01/src/nn_computer' with build type 'ament_python'
[1.543s] Level 1:colcon.colcon_core.shell:create_environment_hook('nn_computer', 'ament_prefix_path')
[1.549s] INFO:colcon.colcon_core.shell:Creating environment hook '/home/nvidia/Desktop/code/ros2-test/face-robot-01/install/nn_computer/share/nn_computer/hook/ament_prefix_path.ps1'
[1.554s] INFO:colcon.colcon_core.shell:Creating environment descriptor '/home/nvidia/Desktop/code/ros2-test/face-robot-01/install/nn_computer/share/nn_computer/hook/ament_prefix_path.dsv'
[1.556s] INFO:colcon.colcon_core.shell:Creating environment hook '/home/nvidia/Desktop/code/ros2-test/face-robot-01/install/nn_computer/share/nn_computer/hook/ament_prefix_path.sh'
[1.560s] INFO:colcon.colcon_core.shell:Skip shell extension 'powershell' for command environment: Not usable outside of PowerShell
[1.560s] DEBUG:colcon.colcon_core.shell:Skip shell extension 'dsv' for command environment
[2.661s] INFO:colcon.colcon_core.task.python.build:Building Python package in '/home/nvidia/Desktop/code/ros2-test/face-robot-01/src/eye_cmds'
[2.667s] INFO:colcon.colcon_core.shell:Skip shell extension 'powershell' for command environment: Not usable outside of PowerShell
[2.668s] DEBUG:colcon.colcon_core.shell:Skip shell extension 'dsv' for command environment
[3.726s] INFO:colcon.colcon_core.task.python.build:Building Python package in '/home/nvidia/Desktop/code/ros2-test/face-robot-01/src/eyeball_cmds'
[3.733s] INFO:colcon.colcon_core.shell:Skip shell extension 'powershell' for command environment: Not usable outside of PowerShell
[3.733s] DEBUG:colcon.colcon_core.shell:Skip shell extension 'dsv' for command environment
[4.802s] INFO:colcon.colcon_core.task.python.build:Building Python package in '/home/nvidia/Desktop/code/ros2-test/face-robot-01/src/mouth_cmds'
[4.808s] INFO:colcon.colcon_core.shell:Skip shell extension 'powershell' for command environment: Not usable outside of PowerShell
[4.809s] DEBUG:colcon.colcon_core.shell:Skip shell extension 'dsv' for command environment
[5.877s] INFO:colcon.colcon_core.task.python.build:Building Python package in '/home/nvidia/Desktop/code/ros2-test/face-robot-01/src/mp_input'
[5.884s] INFO:colcon.colcon_core.shell:Skip shell extension 'powershell' for command environment: Not usable outside of PowerShell
[5.884s] DEBUG:colcon.colcon_core.shell:Skip shell extension 'dsv' for command environment
[6.948s] INFO:colcon.colcon_core.task.python.build:Building Python package in '/home/nvidia/Desktop/code/ros2-test/face-robot-01/src/neck_cmds'
[6.954s] INFO:colcon.colcon_core.shell:Skip shell extension 'powershell' for command environment: Not usable outside of PowerShell
[6.954s] DEBUG:colcon.colcon_core.shell:Skip shell extension 'dsv' for command environment
[8.013s] INFO:colcon.colcon_core.task.python.build:Building Python package in '/home/nvidia/Desktop/code/ros2-test/face-robot-01/src/nn_computer'
[8.020s] INFO:colcon.colcon_core.shell:Skip shell extension 'powershell' for command environment: Not usable outside of PowerShell
[8.021s] DEBUG:colcon.colcon_core.shell:Skip shell extension 'dsv' for command environment
[10.186s] DEBUG:colcon.colcon_core.event_handler.log_command:Invoking command in '/home/nvidia/Desktop/code/ros2-test/face-robot-01/src/eyeball_cmds': PYTHONPATH=/home/nvidia/Desktop/code/ros2-test/face-robot-01/build/eyeball_cmds/prefix_override:/home/nvidia/Desktop/code/ros2-test/face-robot-01/install/eyeball_cmds/lib/python3.8/site-packages:${PYTHONPATH} /usr/bin/python3 setup.py egg_info --egg-base ../../build/eyeball_cmds build --build-base /home/nvidia/Desktop/code/ros2-test/face-robot-01/build/eyeball_cmds/build install --record /home/nvidia/Desktop/code/ros2-test/face-robot-01/build/eyeball_cmds/install.log --single-version-externally-managed
[10.334s] DEBUG:colcon.colcon_core.event_handler.log_command:Invoking command in '/home/nvidia/Desktop/code/ros2-test/face-robot-01/src/mouth_cmds': PYTHONPATH=/home/nvidia/Desktop/code/ros2-test/face-robot-01/build/mouth_cmds/prefix_override:/home/nvidia/Desktop/code/ros2-test/face-robot-01/install/mouth_cmds/lib/python3.8/site-packages:${PYTHONPATH} /usr/bin/python3 setup.py egg_info --egg-base ../../build/mouth_cmds build --build-base /home/nvidia/Desktop/code/ros2-test/face-robot-01/build/mouth_cmds/build install --record /home/nvidia/Desktop/code/ros2-test/face-robot-01/build/mouth_cmds/install.log --single-version-externally-managed
[10.392s] DEBUG:colcon.colcon_core.event_handler.log_command:Invoking command in '/home/nvidia/Desktop/code/ros2-test/face-robot-01/src/eye_cmds': PYTHONPATH=/home/nvidia/Desktop/code/ros2-test/face-robot-01/build/eye_cmds/prefix_override:/home/nvidia/Desktop/code/ros2-test/face-robot-01/install/eye_cmds/lib/python3.8/site-packages:${PYTHONPATH} /usr/bin/python3 setup.py egg_info --egg-base ../../build/eye_cmds build --build-base /home/nvidia/Desktop/code/ros2-test/face-robot-01/build/eye_cmds/build install --record /home/nvidia/Desktop/code/ros2-test/face-robot-01/build/eye_cmds/install.log --single-version-externally-managed
[10.417s] DEBUG:colcon.colcon_core.event_handler.log_command:Invoking command in '/home/nvidia/Desktop/code/ros2-test/face-robot-01/src/nn_computer': PYTHONPATH=/home/nvidia/Desktop/code/ros2-test/face-robot-01/build/nn_computer/prefix_override:/home/nvidia/Desktop/code/ros2-test/face-robot-01/install/nn_computer/lib/python3.8/site-packages:${PYTHONPATH} /usr/bin/python3 setup.py egg_info --egg-base ../../build/nn_computer build --build-base /home/nvidia/Desktop/code/ros2-test/face-robot-01/build/nn_computer/build install --record /home/nvidia/Desktop/code/ros2-test/face-robot-01/build/nn_computer/install.log --single-version-externally-managed
[10.444s] DEBUG:colcon.colcon_core.event_handler.log_command:Invoking command in '/home/nvidia/Desktop/code/ros2-test/face-robot-01/src/mp_input': PYTHONPATH=/home/nvidia/Desktop/code/ros2-test/face-robot-01/build/mp_input/prefix_override:/home/nvidia/Desktop/code/ros2-test/face-robot-01/install/mp_input/lib/python3.8/site-packages:${PYTHONPATH} /usr/bin/python3 setup.py egg_info --egg-base ../../build/mp_input build --build-base /home/nvidia/Desktop/code/ros2-test/face-robot-01/build/mp_input/build install --record /home/nvidia/Desktop/code/ros2-test/face-robot-01/build/mp_input/install.log --single-version-externally-managed
[10.465s] DEBUG:colcon.colcon_core.event_handler.log_command:Invoking command in '/home/nvidia/Desktop/code/ros2-test/face-robot-01/src/neck_cmds': PYTHONPATH=/home/nvidia/Desktop/code/ros2-test/face-robot-01/build/neck_cmds/prefix_override:/home/nvidia/Desktop/code/ros2-test/face-robot-01/install/neck_cmds/lib/python3.8/site-packages:${PYTHONPATH} /usr/bin/python3 setup.py egg_info --egg-base ../../build/neck_cmds build --build-base /home/nvidia/Desktop/code/ros2-test/face-robot-01/build/neck_cmds/build install --record /home/nvidia/Desktop/code/ros2-test/face-robot-01/build/neck_cmds/install.log --single-version-externally-managed
[11.996s] DEBUG:colcon.colcon_core.event_handler.log_command:Invoked command in '/home/nvidia/Desktop/code/ros2-test/face-robot-01/src/eyeball_cmds' returned '0': PYTHONPATH=/home/nvidia/Desktop/code/ros2-test/face-robot-01/build/eyeball_cmds/prefix_override:/home/nvidia/Desktop/code/ros2-test/face-robot-01/install/eyeball_cmds/lib/python3.8/site-packages:${PYTHONPATH} /usr/bin/python3 setup.py egg_info --egg-base ../../build/eyeball_cmds build --build-base /home/nvidia/Desktop/code/ros2-test/face-robot-01/build/eyeball_cmds/build install --record /home/nvidia/Desktop/code/ros2-test/face-robot-01/build/eyeball_cmds/install.log --single-version-externally-managed
[12.013s] Level 1:colcon.colcon_core.environment:checking '/home/nvidia/Desktop/code/ros2-test/face-robot-01/install/eyeball_cmds' for CMake module files
[12.027s] Level 1:colcon.colcon_core.environment:checking '/home/nvidia/Desktop/code/ros2-test/face-robot-01/install/eyeball_cmds' for CMake config files
[12.042s] Level 1:colcon.colcon_core.environment:checking '/home/nvidia/Desktop/code/ros2-test/face-robot-01/install/eyeball_cmds/lib'
[12.043s] Level 1:colcon.colcon_core.environment:checking '/home/nvidia/Desktop/code/ros2-test/face-robot-01/install/eyeball_cmds/bin'
[12.044s] Level 1:colcon.colcon_core.shell:create_environment_hook('eyeball_cmds', 'path')
[12.047s] INFO:colcon.colcon_core.shell:Creating environment hook '/home/nvidia/Desktop/code/ros2-test/face-robot-01/install/eyeball_cmds/share/eyeball_cmds/hook/path.ps1'
[12.052s] INFO:colcon.colcon_core.shell:Creating environment descriptor '/home/nvidia/Desktop/code/ros2-test/face-robot-01/install/eyeball_cmds/share/eyeball_cmds/hook/path.dsv'
[12.058s] INFO:colcon.colcon_core.shell:Creating environment hook '/home/nvidia/Desktop/code/ros2-test/face-robot-01/install/eyeball_cmds/share/eyeball_cmds/hook/path.sh'
[12.063s] Level 1:colcon.colcon_core.environment:checking '/home/nvidia/Desktop/code/ros2-test/face-robot-01/install/eyeball_cmds/lib/pkgconfig/eyeball_cmds.pc'
[12.065s] Level 1:colcon.colcon_core.environment:checking '/home/nvidia/Desktop/code/ros2-test/face-robot-01/install/eyeball_cmds/lib/python3.8/site-packages'
[12.066s] Level 1:colcon.colcon_core.shell:create_environment_hook('eyeball_cmds', 'pythonpath')
[12.069s] INFO:colcon.colcon_core.shell:Creating environment hook '/home/nvidia/Desktop/code/ros2-test/face-robot-01/install/eyeball_cmds/share/eyeball_cmds/hook/pythonpath.ps1'
[12.075s] INFO:colcon.colcon_core.shell:Creating environment descriptor '/home/nvidia/Desktop/code/ros2-test/face-robot-01/install/eyeball_cmds/share/eyeball_cmds/hook/pythonpath.dsv'
[12.082s] INFO:colcon.colcon_core.shell:Creating environment hook '/home/nvidia/Desktop/code/ros2-test/face-robot-01/install/eyeball_cmds/share/eyeball_cmds/hook/pythonpath.sh'
[12.089s] Level 1:colcon.colcon_core.environment:checking '/home/nvidia/Desktop/code/ros2-test/face-robot-01/install/eyeball_cmds/bin'
[12.090s] Level 1:colcon.colcon_core.shell:create_environment_hook('eyeball_cmds', 'pythonscriptspath')
[12.093s] INFO:colcon.colcon_core.shell:Creating environment hook '/home/nvidia/Desktop/code/ros2-test/face-robot-01/install/eyeball_cmds/share/eyeball_cmds/hook/pythonscriptspath.ps1'
[12.097s] INFO:colcon.colcon_core.shell:Creating environment descriptor '/home/nvidia/Desktop/code/ros2-test/face-robot-01/install/eyeball_cmds/share/eyeball_cmds/hook/pythonscriptspath.dsv'
[12.100s] INFO:colcon.colcon_core.shell:Creating environment hook '/home/nvidia/Desktop/code/ros2-test/face-robot-01/install/eyeball_cmds/share/eyeball_cmds/hook/pythonscriptspath.sh'
[12.103s] Level 1:colcon.colcon_core.environment:create_environment_scripts_only(eyeball_cmds)
[12.107s] INFO:colcon.colcon_core.shell:Creating package script '/home/nvidia/Desktop/code/ros2-test/face-robot-01/install/eyeball_cmds/share/eyeball_cmds/package.ps1'
[12.114s] INFO:colcon.colcon_core.shell:Creating package descriptor '/home/nvidia/Desktop/code/ros2-test/face-robot-01/install/eyeball_cmds/share/eyeball_cmds/package.dsv'
[12.123s] INFO:colcon.colcon_core.shell:Creating package script '/home/nvidia/Desktop/code/ros2-test/face-robot-01/install/eyeball_cmds/share/eyeball_cmds/package.sh'
[12.130s] INFO:colcon.colcon_core.shell:Creating package script '/home/nvidia/Desktop/code/ros2-test/face-robot-01/install/eyeball_cmds/share/eyeball_cmds/package.bash'
[12.135s] INFO:colcon.colcon_core.shell:Creating package script '/home/nvidia/Desktop/code/ros2-test/face-robot-01/install/eyeball_cmds/share/eyeball_cmds/package.zsh'
[12.140s] Level 1:colcon.colcon_core.environment:create_file_with_runtime_dependencies(/home/nvidia/Desktop/code/ros2-test/face-robot-01/install/eyeball_cmds/share/colcon-core/packages/eyeball_cmds)
[12.154s] Level 1:colcon.colcon_core.environment:checking '/home/nvidia/Desktop/code/ros2-test/face-robot-01/install/mouth_cmds' for CMake module files
[12.161s] DEBUG:colcon.colcon_core.event_handler.log_command:Invoked command in '/home/nvidia/Desktop/code/ros2-test/face-robot-01/src/mouth_cmds' returned '0': PYTHONPATH=/home/nvidia/Desktop/code/ros2-test/face-robot-01/build/mouth_cmds/prefix_override:/home/nvidia/Desktop/code/ros2-test/face-robot-01/install/mouth_cmds/lib/python3.8/site-packages:${PYTHONPATH} /usr/bin/python3 setup.py egg_info --egg-base ../../build/mouth_cmds build --build-base /home/nvidia/Desktop/code/ros2-test/face-robot-01/build/mouth_cmds/build install --record /home/nvidia/Desktop/code/ros2-test/face-robot-01/build/mouth_cmds/install.log --single-version-externally-managed
[12.162s] Level 1:colcon.colcon_core.environment:checking '/home/nvidia/Desktop/code/ros2-test/face-robot-01/install/mouth_cmds' for CMake config files
[12.166s] Level 1:colcon.colcon_core.environment:checking '/home/nvidia/Desktop/code/ros2-test/face-robot-01/install/mouth_cmds/lib'
[12.166s] Level 1:colcon.colcon_core.environment:checking '/home/nvidia/Desktop/code/ros2-test/face-robot-01/install/mouth_cmds/bin'
[12.167s] Level 1:colcon.colcon_core.shell:create_environment_hook('mouth_cmds', 'path')
[12.170s] INFO:colcon.colcon_core.shell:Creating environment hook '/home/nvidia/Desktop/code/ros2-test/face-robot-01/install/mouth_cmds/share/mouth_cmds/hook/path.ps1'
[12.176s] INFO:colcon.colcon_core.shell:Creating environment descriptor '/home/nvidia/Desktop/code/ros2-test/face-robot-01/install/mouth_cmds/share/mouth_cmds/hook/path.dsv'
[12.182s] INFO:colcon.colcon_core.shell:Creating environment hook '/home/nvidia/Desktop/code/ros2-test/face-robot-01/install/mouth_cmds/share/mouth_cmds/hook/path.sh'
[12.190s] Level 1:colcon.colcon_core.environment:checking '/home/nvidia/Desktop/code/ros2-test/face-robot-01/install/mouth_cmds/lib/pkgconfig/mouth_cmds.pc'
[12.192s] Level 1:colcon.colcon_core.environment:checking '/home/nvidia/Desktop/code/ros2-test/face-robot-01/install/mouth_cmds/lib/python3.8/site-packages'
[12.193s] Level 1:colcon.colcon_core.shell:create_environment_hook('mouth_cmds', 'pythonpath')
[12.195s] INFO:colcon.colcon_core.shell:Creating environment hook '/home/nvidia/Desktop/code/ros2-test/face-robot-01/install/mouth_cmds/share/mouth_cmds/hook/pythonpath.ps1'
[12.198s] INFO:colcon.colcon_core.shell:Creating environment descriptor '/home/nvidia/Desktop/code/ros2-test/face-robot-01/install/mouth_cmds/share/mouth_cmds/hook/pythonpath.dsv'
[12.200s] INFO:colcon.colcon_core.shell:Creating environment hook '/home/nvidia/Desktop/code/ros2-test/face-robot-01/install/mouth_cmds/share/mouth_cmds/hook/pythonpath.sh'
[12.204s] Level 1:colcon.colcon_core.environment:checking '/home/nvidia/Desktop/code/ros2-test/face-robot-01/install/mouth_cmds/bin'
[12.204s] Level 1:colcon.colcon_core.shell:create_environment_hook('mouth_cmds', 'pythonscriptspath')
[12.207s] INFO:colcon.colcon_core.shell:Creating environment hook '/home/nvidia/Desktop/code/ros2-test/face-robot-01/install/mouth_cmds/share/mouth_cmds/hook/pythonscriptspath.ps1'
[12.210s] INFO:colcon.colcon_core.shell:Creating environment descriptor '/home/nvidia/Desktop/code/ros2-test/face-robot-01/install/mouth_cmds/share/mouth_cmds/hook/pythonscriptspath.dsv'
[12.212s] INFO:colcon.colcon_core.shell:Creating environment hook '/home/nvidia/Desktop/code/ros2-test/face-robot-01/install/mouth_cmds/share/mouth_cmds/hook/pythonscriptspath.sh'
[12.214s] Level 1:colcon.colcon_core.environment:create_environment_scripts_only(mouth_cmds)
[12.219s] INFO:colcon.colcon_core.shell:Creating package script '/home/nvidia/Desktop/code/ros2-test/face-robot-01/install/mouth_cmds/share/mouth_cmds/package.ps1'
[12.224s] INFO:colcon.colcon_core.shell:Creating package descriptor '/home/nvidia/Desktop/code/ros2-test/face-robot-01/install/mouth_cmds/share/mouth_cmds/package.dsv'
[12.228s] INFO:colcon.colcon_core.shell:Creating package script '/home/nvidia/Desktop/code/ros2-test/face-robot-01/install/mouth_cmds/share/mouth_cmds/package.sh'
[12.231s] INFO:colcon.colcon_core.shell:Creating package script '/home/nvidia/Desktop/code/ros2-test/face-robot-01/install/mouth_cmds/share/mouth_cmds/package.bash'
[12.233s] INFO:colcon.colcon_core.shell:Creating package script '/home/nvidia/Desktop/code/ros2-test/face-robot-01/install/mouth_cmds/share/mouth_cmds/package.zsh'
[12.236s] Level 1:colcon.colcon_core.environment:create_file_with_runtime_dependencies(/home/nvidia/Desktop/code/ros2-test/face-robot-01/install/mouth_cmds/share/colcon-core/packages/mouth_cmds)
[12.253s] Level 1:colcon.colcon_core.environment:checking '/home/nvidia/Desktop/code/ros2-test/face-robot-01/install/eye_cmds' for CMake module files
[12.257s] DEBUG:colcon.colcon_core.event_handler.log_command:Invoked command in '/home/nvidia/Desktop/code/ros2-test/face-robot-01/src/eye_cmds' returned '0': PYTHONPATH=/home/nvidia/Desktop/code/ros2-test/face-robot-01/build/eye_cmds/prefix_override:/home/nvidia/Desktop/code/ros2-test/face-robot-01/install/eye_cmds/lib/python3.8/site-packages:${PYTHONPATH} /usr/bin/python3 setup.py egg_info --egg-base ../../build/eye_cmds build --build-base /home/nvidia/Desktop/code/ros2-test/face-robot-01/build/eye_cmds/build install --record /home/nvidia/Desktop/code/ros2-test/face-robot-01/build/eye_cmds/install.log --single-version-externally-managed
[12.259s] Level 1:colcon.colcon_core.environment:checking '/home/nvidia/Desktop/code/ros2-test/face-robot-01/install/eye_cmds' for CMake config files
[12.262s] Level 1:colcon.colcon_core.environment:checking '/home/nvidia/Desktop/code/ros2-test/face-robot-01/install/eye_cmds/lib'
[12.263s] Level 1:colcon.colcon_core.environment:checking '/home/nvidia/Desktop/code/ros2-test/face-robot-01/install/eye_cmds/bin'
[12.263s] Level 1:colcon.colcon_core.shell:create_environment_hook('eye_cmds', 'path')
[12.266s] INFO:colcon.colcon_core.shell:Creating environment hook '/home/nvidia/Desktop/code/ros2-test/face-robot-01/install/eye_cmds/share/eye_cmds/hook/path.ps1'
[12.269s] INFO:colcon.colcon_core.shell:Creating environment descriptor '/home/nvidia/Desktop/code/ros2-test/face-robot-01/install/eye_cmds/share/eye_cmds/hook/path.dsv'
[12.272s] INFO:colcon.colcon_core.shell:Creating environment hook '/home/nvidia/Desktop/code/ros2-test/face-robot-01/install/eye_cmds/share/eye_cmds/hook/path.sh'
[12.274s] Level 1:colcon.colcon_core.environment:checking '/home/nvidia/Desktop/code/ros2-test/face-robot-01/install/eye_cmds/lib/pkgconfig/eye_cmds.pc'
[12.276s] Level 1:colcon.colcon_core.environment:checking '/home/nvidia/Desktop/code/ros2-test/face-robot-01/install/eye_cmds/lib/python3.8/site-packages'
[12.276s] Level 1:colcon.colcon_core.shell:create_environment_hook('eye_cmds', 'pythonpath')
[12.278s] INFO:colcon.colcon_core.shell:Creating environment hook '/home/nvidia/Desktop/code/ros2-test/face-robot-01/install/eye_cmds/share/eye_cmds/hook/pythonpath.ps1'
[12.281s] INFO:colcon.colcon_core.shell:Creating environment descriptor '/home/nvidia/Desktop/code/ros2-test/face-robot-01/install/eye_cmds/share/eye_cmds/hook/pythonpath.dsv'
[12.283s] INFO:colcon.colcon_core.shell:Creating environment hook '/home/nvidia/Desktop/code/ros2-test/face-robot-01/install/eye_cmds/share/eye_cmds/hook/pythonpath.sh'
[12.286s] Level 1:colcon.colcon_core.environment:checking '/home/nvidia/Desktop/code/ros2-test/face-robot-01/install/eye_cmds/bin'
[12.286s] Level 1:colcon.colcon_core.shell:create_environment_hook('eye_cmds', 'pythonscriptspath')
[12.289s] INFO:colcon.colcon_core.shell:Creating environment hook '/home/nvidia/Desktop/code/ros2-test/face-robot-01/install/eye_cmds/share/eye_cmds/hook/pythonscriptspath.ps1'
[12.291s] INFO:colcon.colcon_core.shell:Creating environment descriptor '/home/nvidia/Desktop/code/ros2-test/face-robot-01/install/eye_cmds/share/eye_cmds/hook/pythonscriptspath.dsv'
[12.292s] INFO:colcon.colcon_core.shell:Creating environment hook '/home/nvidia/Desktop/code/ros2-test/face-robot-01/install/eye_cmds/share/eye_cmds/hook/pythonscriptspath.sh'
[12.294s] Level 1:colcon.colcon_core.environment:create_environment_scripts_only(eye_cmds)
[12.297s] INFO:colcon.colcon_core.shell:Creating package script '/home/nvidia/Desktop/code/ros2-test/face-robot-01/install/eye_cmds/share/eye_cmds/package.ps1'
[12.300s] INFO:colcon.colcon_core.shell:Creating package descriptor '/home/nvidia/Desktop/code/ros2-test/face-robot-01/install/eye_cmds/share/eye_cmds/package.dsv'
[12.302s] INFO:colcon.colcon_core.shell:Creating package script '/home/nvidia/Desktop/code/ros2-test/face-robot-01/install/eye_cmds/share/eye_cmds/package.sh'
[12.305s] INFO:colcon.colcon_core.shell:Creating package script '/home/nvidia/Desktop/code/ros2-test/face-robot-01/install/eye_cmds/share/eye_cmds/package.bash'
[12.306s] INFO:colcon.colcon_core.shell:Creating package script '/home/nvidia/Desktop/code/ros2-test/face-robot-01/install/eye_cmds/share/eye_cmds/package.zsh'
[12.308s] Level 1:colcon.colcon_core.environment:create_file_with_runtime_dependencies(/home/nvidia/Desktop/code/ros2-test/face-robot-01/install/eye_cmds/share/colcon-core/packages/eye_cmds)
[12.317s] Level 1:colcon.colcon_core.environment:checking '/home/nvidia/Desktop/code/ros2-test/face-robot-01/install/nn_computer' for CMake module files
[12.322s] DEBUG:colcon.colcon_core.event_handler.log_command:Invoked command in '/home/nvidia/Desktop/code/ros2-test/face-robot-01/src/nn_computer' returned '0': PYTHONPATH=/home/nvidia/Desktop/code/ros2-test/face-robot-01/build/nn_computer/prefix_override:/home/nvidia/Desktop/code/ros2-test/face-robot-01/install/nn_computer/lib/python3.8/site-packages:${PYTHONPATH} /usr/bin/python3 setup.py egg_info --egg-base ../../build/nn_computer build --build-base /home/nvidia/Desktop/code/ros2-test/face-robot-01/build/nn_computer/build install --record /home/nvidia/Desktop/code/ros2-test/face-robot-01/build/nn_computer/install.log --single-version-externally-managed
[12.324s] Level 1:colcon.colcon_core.environment:checking '/home/nvidia/Desktop/code/ros2-test/face-robot-01/install/nn_computer' for CMake config files
[12.327s] Level 1:colcon.colcon_core.environment:checking '/home/nvidia/Desktop/code/ros2-test/face-robot-01/install/nn_computer/lib'
[12.328s] Level 1:colcon.colcon_core.environment:checking '/home/nvidia/Desktop/code/ros2-test/face-robot-01/install/nn_computer/bin'
[12.328s] Level 1:colcon.colcon_core.shell:create_environment_hook('nn_computer', 'path')
[12.330s] INFO:colcon.colcon_core.shell:Creating environment hook '/home/nvidia/Desktop/code/ros2-test/face-robot-01/install/nn_computer/share/nn_computer/hook/path.ps1'
[12.333s] INFO:colcon.colcon_core.shell:Creating environment descriptor '/home/nvidia/Desktop/code/ros2-test/face-robot-01/install/nn_computer/share/nn_computer/hook/path.dsv'
[12.334s] INFO:colcon.colcon_core.shell:Creating environment hook '/home/nvidia/Desktop/code/ros2-test/face-robot-01/install/nn_computer/share/nn_computer/hook/path.sh'
[12.336s] Level 1:colcon.colcon_core.environment:checking '/home/nvidia/Desktop/code/ros2-test/face-robot-01/install/nn_computer/lib/pkgconfig/nn_computer.pc'
[12.338s] Level 1:colcon.colcon_core.environment:checking '/home/nvidia/Desktop/code/ros2-test/face-robot-01/install/nn_computer/lib/python3.8/site-packages'
[12.338s] Level 1:colcon.colcon_core.shell:create_environment_hook('nn_computer', 'pythonpath')
[12.340s] INFO:colcon.colcon_core.shell:Creating environment hook '/home/nvidia/Desktop/code/ros2-test/face-robot-01/install/nn_computer/share/nn_computer/hook/pythonpath.ps1'
[12.342s] INFO:colcon.colcon_core.shell:Creating environment descriptor '/home/nvidia/Desktop/code/ros2-test/face-robot-01/install/nn_computer/share/nn_computer/hook/pythonpath.dsv'
[12.343s] INFO:colcon.colcon_core.shell:Creating environment hook '/home/nvidia/Desktop/code/ros2-test/face-robot-01/install/nn_computer/share/nn_computer/hook/pythonpath.sh'
[12.346s] Level 1:colcon.colcon_core.environment:checking '/home/nvidia/Desktop/code/ros2-test/face-robot-01/install/nn_computer/bin'
[12.346s] Level 1:colcon.colcon_core.shell:create_environment_hook('nn_computer', 'pythonscriptspath')
[12.348s] INFO:colcon.colcon_core.shell:Creating environment hook '/home/nvidia/Desktop/code/ros2-test/face-robot-01/install/nn_computer/share/nn_computer/hook/pythonscriptspath.ps1'
[12.350s] INFO:colcon.colcon_core.shell:Creating environment descriptor '/home/nvidia/Desktop/code/ros2-test/face-robot-01/install/nn_computer/share/nn_computer/hook/pythonscriptspath.dsv'
[12.352s] INFO:colcon.colcon_core.shell:Creating environment hook '/home/nvidia/Desktop/code/ros2-test/face-robot-01/install/nn_computer/share/nn_computer/hook/pythonscriptspath.sh'
[12.353s] Level 1:colcon.colcon_core.environment:create_environment_scripts_only(nn_computer)
[12.356s] INFO:colcon.colcon_core.shell:Creating package script '/home/nvidia/Desktop/code/ros2-test/face-robot-01/install/nn_computer/share/nn_computer/package.ps1'
[12.359s] INFO:colcon.colcon_core.shell:Creating package descriptor '/home/nvidia/Desktop/code/ros2-test/face-robot-01/install/nn_computer/share/nn_computer/package.dsv'
[12.361s] INFO:colcon.colcon_core.shell:Creating package script '/home/nvidia/Desktop/code/ros2-test/face-robot-01/install/nn_computer/share/nn_computer/package.sh'
[12.367s] INFO:colcon.colcon_core.shell:Creating package script '/home/nvidia/Desktop/code/ros2-test/face-robot-01/install/nn_computer/share/nn_computer/package.bash'
[12.368s] INFO:colcon.colcon_core.shell:Creating package script '/home/nvidia/Desktop/code/ros2-test/face-robot-01/install/nn_computer/share/nn_computer/package.zsh'
[12.370s] Level 1:colcon.colcon_core.environment:create_file_with_runtime_dependencies(/home/nvidia/Desktop/code/ros2-test/face-robot-01/install/nn_computer/share/colcon-core/packages/nn_computer)
[12.376s] Level 1:colcon.colcon_core.environment:checking '/home/nvidia/Desktop/code/ros2-test/face-robot-01/install/mp_input' for CMake module files
[12.381s] DEBUG:colcon.colcon_core.event_handler.log_command:Invoked command in '/home/nvidia/Desktop/code/ros2-test/face-robot-01/src/mp_input' returned '0': PYTHONPATH=/home/nvidia/Desktop/code/ros2-test/face-robot-01/build/mp_input/prefix_override:/home/nvidia/Desktop/code/ros2-test/face-robot-01/install/mp_input/lib/python3.8/site-packages:${PYTHONPATH} /usr/bin/python3 setup.py egg_info --egg-base ../../build/mp_input build --build-base /home/nvidia/Desktop/code/ros2-test/face-robot-01/build/mp_input/build install --record /home/nvidia/Desktop/code/ros2-test/face-robot-01/build/mp_input/install.log --single-version-externally-managed
[12.383s] Level 1:colcon.colcon_core.environment:checking '/home/nvidia/Desktop/code/ros2-test/face-robot-01/install/mp_input' for CMake config files
[12.386s] Level 1:colcon.colcon_core.environment:checking '/home/nvidia/Desktop/code/ros2-test/face-robot-01/install/mp_input/lib'
[12.387s] Level 1:colcon.colcon_core.environment:checking '/home/nvidia/Desktop/code/ros2-test/face-robot-01/install/mp_input/bin'
[12.387s] Level 1:colcon.colcon_core.shell:create_environment_hook('mp_input', 'path')
[12.389s] INFO:colcon.colcon_core.shell:Creating environment hook '/home/nvidia/Desktop/code/ros2-test/face-robot-01/install/mp_input/share/mp_input/hook/path.ps1'
[12.391s] INFO:colcon.colcon_core.shell:Creating environment descriptor '/home/nvidia/Desktop/code/ros2-test/face-robot-01/install/mp_input/share/mp_input/hook/path.dsv'
[12.393s] INFO:colcon.colcon_core.shell:Creating environment hook '/home/nvidia/Desktop/code/ros2-test/face-robot-01/install/mp_input/share/mp_input/hook/path.sh'
[12.395s] Level 1:colcon.colcon_core.environment:checking '/home/nvidia/Desktop/code/ros2-test/face-robot-01/install/mp_input/lib/pkgconfig/mp_input.pc'
[12.396s] Level 1:colcon.colcon_core.environment:checking '/home/nvidia/Desktop/code/ros2-test/face-robot-01/install/mp_input/lib/python3.8/site-packages'
[12.396s] Level 1:colcon.colcon_core.shell:create_environment_hook('mp_input', 'pythonpath')
[12.398s] INFO:colcon.colcon_core.shell:Creating environment hook '/home/nvidia/Desktop/code/ros2-test/face-robot-01/install/mp_input/share/mp_input/hook/pythonpath.ps1'
[12.400s] INFO:colcon.colcon_core.shell:Creating environment descriptor '/home/nvidia/Desktop/code/ros2-test/face-robot-01/install/mp_input/share/mp_input/hook/pythonpath.dsv'
[12.401s] INFO:colcon.colcon_core.shell:Creating environment hook '/home/nvidia/Desktop/code/ros2-test/face-robot-01/install/mp_input/share/mp_input/hook/pythonpath.sh'
[12.404s] Level 1:colcon.colcon_core.environment:checking '/home/nvidia/Desktop/code/ros2-test/face-robot-01/install/mp_input/bin'
[12.404s] Level 1:colcon.colcon_core.shell:create_environment_hook('mp_input', 'pythonscriptspath')
[12.406s] INFO:colcon.colcon_core.shell:Creating environment hook '/home/nvidia/Desktop/code/ros2-test/face-robot-01/install/mp_input/share/mp_input/hook/pythonscriptspath.ps1'
[12.408s] INFO:colcon.colcon_core.shell:Creating environment descriptor '/home/nvidia/Desktop/code/ros2-test/face-robot-01/install/mp_input/share/mp_input/hook/pythonscriptspath.dsv'
[12.409s] INFO:colcon.colcon_core.shell:Creating environment hook '/home/nvidia/Desktop/code/ros2-test/face-robot-01/install/mp_input/share/mp_input/hook/pythonscriptspath.sh'
[12.411s] Level 1:colcon.colcon_core.environment:create_environment_scripts_only(mp_input)
[12.414s] INFO:colcon.colcon_core.shell:Creating package script '/home/nvidia/Desktop/code/ros2-test/face-robot-01/install/mp_input/share/mp_input/package.ps1'
[12.417s] INFO:colcon.colcon_core.shell:Creating package descriptor '/home/nvidia/Desktop/code/ros2-test/face-robot-01/install/mp_input/share/mp_input/package.dsv'
[12.419s] INFO:colcon.colcon_core.shell:Creating package script '/home/nvidia/Desktop/code/ros2-test/face-robot-01/install/mp_input/share/mp_input/package.sh'
[12.424s] INFO:colcon.colcon_core.shell:Creating package script '/home/nvidia/Desktop/code/ros2-test/face-robot-01/install/mp_input/share/mp_input/package.bash'
[12.425s] INFO:colcon.colcon_core.shell:Creating package script '/home/nvidia/Desktop/code/ros2-test/face-robot-01/install/mp_input/share/mp_input/package.zsh'
[12.428s] Level 1:colcon.colcon_core.environment:create_file_with_runtime_dependencies(/home/nvidia/Desktop/code/ros2-test/face-robot-01/install/mp_input/share/colcon-core/packages/mp_input)
[12.433s] Level 1:colcon.colcon_core.environment:checking '/home/nvidia/Desktop/code/ros2-test/face-robot-01/install/neck_cmds' for CMake module files
[12.437s] Level 1:colcon.colcon_core.environment:checking '/home/nvidia/Desktop/code/ros2-test/face-robot-01/install/neck_cmds' for CMake config files
[12.439s] DEBUG:colcon.colcon_core.event_handler.log_command:Invoked command in '/home/nvidia/Desktop/code/ros2-test/face-robot-01/src/neck_cmds' returned '0': PYTHONPATH=/home/nvidia/Desktop/code/ros2-test/face-robot-01/build/neck_cmds/prefix_override:/home/nvidia/Desktop/code/ros2-test/face-robot-01/install/neck_cmds/lib/python3.8/site-packages:${PYTHONPATH} /usr/bin/python3 setup.py egg_info --egg-base ../../build/neck_cmds build --build-base /home/nvidia/Desktop/code/ros2-test/face-robot-01/build/neck_cmds/build install --record /home/nvidia/Desktop/code/ros2-test/face-robot-01/build/neck_cmds/install.log --single-version-externally-managed
[12.442s] Level 1:colcon.colcon_core.environment:checking '/home/nvidia/Desktop/code/ros2-test/face-robot-01/install/neck_cmds/lib'
[12.443s] Level 1:colcon.colcon_core.environment:checking '/home/nvidia/Desktop/code/ros2-test/face-robot-01/install/neck_cmds/bin'
[12.443s] Level 1:colcon.colcon_core.shell:create_environment_hook('neck_cmds', 'path')
[12.446s] INFO:colcon.colcon_core.shell:Creating environment hook '/home/nvidia/Desktop/code/ros2-test/face-robot-01/install/neck_cmds/share/neck_cmds/hook/path.ps1'
[12.447s] INFO:colcon.colcon_core.shell:Creating environment descriptor '/home/nvidia/Desktop/code/ros2-test/face-robot-01/install/neck_cmds/share/neck_cmds/hook/path.dsv'
[12.449s] INFO:colcon.colcon_core.shell:Creating environment hook '/home/nvidia/Desktop/code/ros2-test/face-robot-01/install/neck_cmds/share/neck_cmds/hook/path.sh'
[12.451s] Level 1:colcon.colcon_core.environment:checking '/home/nvidia/Desktop/code/ros2-test/face-robot-01/install/neck_cmds/lib/pkgconfig/neck_cmds.pc'
[12.452s] Level 1:colcon.colcon_core.environment:checking '/home/nvidia/Desktop/code/ros2-test/face-robot-01/install/neck_cmds/lib/python3.8/site-packages'
[12.452s] Level 1:colcon.colcon_core.shell:create_environment_hook('neck_cmds', 'pythonpath')
[12.454s] INFO:colcon.colcon_core.shell:Creating environment hook '/home/nvidia/Desktop/code/ros2-test/face-robot-01/install/neck_cmds/share/neck_cmds/hook/pythonpath.ps1'
[12.456s] INFO:colcon.colcon_core.shell:Creating environment descriptor '/home/nvidia/Desktop/code/ros2-test/face-robot-01/install/neck_cmds/share/neck_cmds/hook/pythonpath.dsv'
[12.457s] INFO:colcon.colcon_core.shell:Creating environment hook '/home/nvidia/Desktop/code/ros2-test/face-robot-01/install/neck_cmds/share/neck_cmds/hook/pythonpath.sh'
[12.460s] Level 1:colcon.colcon_core.environment:checking '/home/nvidia/Desktop/code/ros2-test/face-robot-01/install/neck_cmds/bin'
[12.460s] Level 1:colcon.colcon_core.shell:create_environment_hook('neck_cmds', 'pythonscriptspath')
[12.462s] INFO:colcon.colcon_core.shell:Creating environment hook '/home/nvidia/Desktop/code/ros2-test/face-robot-01/install/neck_cmds/share/neck_cmds/hook/pythonscriptspath.ps1'
[12.464s] INFO:colcon.colcon_core.shell:Creating environment descriptor '/home/nvidia/Desktop/code/ros2-test/face-robot-01/install/neck_cmds/share/neck_cmds/hook/pythonscriptspath.dsv'
[12.465s] INFO:colcon.colcon_core.shell:Creating environment hook '/home/nvidia/Desktop/code/ros2-test/face-robot-01/install/neck_cmds/share/neck_cmds/hook/pythonscriptspath.sh'
[12.467s] Level 1:colcon.colcon_core.environment:create_environment_scripts_only(neck_cmds)
[12.470s] INFO:colcon.colcon_core.shell:Creating package script '/home/nvidia/Desktop/code/ros2-test/face-robot-01/install/neck_cmds/share/neck_cmds/package.ps1'
[12.472s] INFO:colcon.colcon_core.shell:Creating package descriptor '/home/nvidia/Desktop/code/ros2-test/face-robot-01/install/neck_cmds/share/neck_cmds/package.dsv'
[12.475s] INFO:colcon.colcon_core.shell:Creating package script '/home/nvidia/Desktop/code/ros2-test/face-robot-01/install/neck_cmds/share/neck_cmds/package.sh'
[12.477s] INFO:colcon.colcon_core.shell:Creating package script '/home/nvidia/Desktop/code/ros2-test/face-robot-01/install/neck_cmds/share/neck_cmds/package.bash'
[12.479s] INFO:colcon.colcon_core.shell:Creating package script '/home/nvidia/Desktop/code/ros2-test/face-robot-01/install/neck_cmds/share/neck_cmds/package.zsh'
[12.480s] Level 1:colcon.colcon_core.environment:create_file_with_runtime_dependencies(/home/nvidia/Desktop/code/ros2-test/face-robot-01/install/neck_cmds/share/colcon-core/packages/neck_cmds)
[12.482s] DEBUG:colcon.colcon_parallel_executor.executor.parallel:closing loop
[12.484s] DEBUG:colcon.colcon_parallel_executor.executor.parallel:loop closed
[12.484s] DEBUG:colcon.colcon_parallel_executor.executor.parallel:run_until_complete finished with '0'
[12.485s] DEBUG:colcon.colcon_core.event_reactor:joining thread
[12.515s] INFO:colcon.colcon_core.plugin_system:Skipping extension 'colcon_notification.desktop_notification.terminal_notifier': Not used on non-Darwin systems
[12.516s] INFO:colcon.colcon_core.plugin_system:Skipping extension 'colcon_notification.desktop_notification.win32': Not used on non-Windows systems
[12.516s] INFO:colcon.colcon_notification.desktop_notification:Sending desktop notification using 'notify2'
[12.604s] DEBUG:colcon.colcon_core.event_reactor:joined thread
[12.607s] INFO:colcon.colcon_core.shell:Creating prefix script '/home/nvidia/Desktop/code/ros2-test/face-robot-01/install/local_setup.ps1'
[12.611s] INFO:colcon.colcon_core.shell:Creating prefix util module '/home/nvidia/Desktop/code/ros2-test/face-robot-01/install/_local_setup_util_ps1.py'
[12.618s] INFO:colcon.colcon_core.shell:Creating prefix chain script '/home/nvidia/Desktop/code/ros2-test/face-robot-01/install/setup.ps1'
[12.623s] INFO:colcon.colcon_core.shell:Creating prefix script '/home/nvidia/Desktop/code/ros2-test/face-robot-01/install/local_setup.sh'
[12.626s] INFO:colcon.colcon_core.shell:Creating prefix util module '/home/nvidia/Desktop/code/ros2-test/face-robot-01/install/_local_setup_util_sh.py'
[12.629s] INFO:colcon.colcon_core.shell:Creating prefix chain script '/home/nvidia/Desktop/code/ros2-test/face-robot-01/install/setup.sh'
[12.634s] INFO:colcon.colcon_core.shell:Creating prefix script '/home/nvidia/Desktop/code/ros2-test/face-robot-01/install/local_setup.bash'
[12.637s] INFO:colcon.colcon_core.shell:Creating prefix chain script '/home/nvidia/Desktop/code/ros2-test/face-robot-01/install/setup.bash'
[12.643s] INFO:colcon.colcon_core.shell:Creating prefix script '/home/nvidia/Desktop/code/ros2-test/face-robot-01/install/local_setup.zsh'
[12.645s] INFO:colcon.colcon_core.shell:Creating prefix chain script '/home/nvidia/Desktop/code/ros2-test/face-robot-01/install/setup.zsh'
