[1.070s] Invoking command in '/home/parallels/code/ros2-test/camera-test/src/mp_input': CONDA_PROMPT_MODIFIER=(base) PYTHONPATH=/home/parallels/code/ros2-test/camera-test/install/mp_input/lib/python3.8/site-packages:${PYTHONPATH} /usr/bin/python3 setup.py egg_info --egg-base ../../build/mp_input build --build-base /home/parallels/code/ros2-test/camera-test/build/mp_input/build install --prefix /home/parallels/code/ros2-test/camera-test/install/mp_input --record /home/parallels/code/ros2-test/camera-test/build/mp_input/install.log --single-version-externally-managed
[1.244s] running egg_info
[1.245s] writing ../../build/mp_input/mp_input.egg-info/PKG-INFO
[1.245s] writing dependency_links to ../../build/mp_input/mp_input.egg-info/dependency_links.txt
[1.246s] writing entry points to ../../build/mp_input/mp_input.egg-info/entry_points.txt
[1.246s] writing requirements to ../../build/mp_input/mp_input.egg-info/requires.txt
[1.246s] writing top-level names to ../../build/mp_input/mp_input.egg-info/top_level.txt
[1.264s] reading manifest file '../../build/mp_input/mp_input.egg-info/SOURCES.txt'
[1.264s] writing manifest file '../../build/mp_input/mp_input.egg-info/SOURCES.txt'
[1.265s] running build
[1.265s] running build_py
[1.265s] running install
[1.265s] running install_lib
[1.266s] running install_data
[1.266s] running install_egg_info
[1.267s] removing '/home/parallels/code/ros2-test/camera-test/install/mp_input/lib/python3.8/site-packages/mp_input-0.0.0-py3.8.egg-info' (and everything under it)
[1.283s] Copying ../../build/mp_input/mp_input.egg-info to /home/parallels/code/ros2-test/camera-test/install/mp_input/lib/python3.8/site-packages/mp_input-0.0.0-py3.8.egg-info
[1.283s] running install_scripts
[1.301s] Installing mpinput_node script to /home/parallels/code/ros2-test/camera-test/install/mp_input/lib/mp_input
[1.301s] writing list of installed files to '/home/parallels/code/ros2-test/camera-test/build/mp_input/install.log'
[1.340s] Invoked command in '/home/parallels/code/ros2-test/camera-test/src/mp_input' returned '0': CONDA_PROMPT_MODIFIER=(base) PYTHONPATH=/home/parallels/code/ros2-test/camera-test/install/mp_input/lib/python3.8/site-packages:${PYTHONPATH} /usr/bin/python3 setup.py egg_info --egg-base ../../build/mp_input build --build-base /home/parallels/code/ros2-test/camera-test/build/mp_input/build install --prefix /home/parallels/code/ros2-test/camera-test/install/mp_input --record /home/parallels/code/ros2-test/camera-test/build/mp_input/install.log --single-version-externally-managed
