running egg_info
writing ../../build/mp_input/mp_input.egg-info/PKG-INFO
writing dependency_links to ../../build/mp_input/mp_input.egg-info/dependency_links.txt
writing entry points to ../../build/mp_input/mp_input.egg-info/entry_points.txt
writing requirements to ../../build/mp_input/mp_input.egg-info/requires.txt
writing top-level names to ../../build/mp_input/mp_input.egg-info/top_level.txt
reading manifest file '../../build/mp_input/mp_input.egg-info/SOURCES.txt'
writing manifest file '../../build/mp_input/mp_input.egg-info/SOURCES.txt'
running build
running build_py
running install
running install_lib
running install_data
copying launch/mp.launch.py -> /home/parallels/code/ros2-test/camera-test/install/mp_input/share/mp_input
running install_egg_info
removing '/home/parallels/code/ros2-test/camera-test/install/mp_input/lib/python3.8/site-packages/mp_input-0.0.0-py3.8.egg-info' (and everything under it)
Copying ../../build/mp_input/mp_input.egg-info to /home/parallels/code/ros2-test/camera-test/install/mp_input/lib/python3.8/site-packages/mp_input-0.0.0-py3.8.egg-info
running install_scripts
Installing eye_node script to /home/parallels/code/ros2-test/camera-test/install/mp_input/lib/mp_input
Installing mouth_node script to /home/parallels/code/ros2-test/camera-test/install/mp_input/lib/mp_input
Installing mpinput_node script to /home/parallels/code/ros2-test/camera-test/install/mp_input/lib/mp_input
Installing neck_node script to /home/parallels/code/ros2-test/camera-test/install/mp_input/lib/mp_input
Installing nn_node script to /home/parallels/code/ros2-test/camera-test/install/mp_input/lib/mp_input
writing list of installed files to '/home/parallels/code/ros2-test/camera-test/build/mp_input/install.log'
