[0.704s] Invoking command in '/home/parallels/code/ros2-test/camera-test/src/mp_input': CONDA_PROMPT_MODIFIER=(base) PYTHONPATH=/home/parallels/code/ros2-test/camera-test/install/mp_input/lib/python3.8/site-packages:${PYTHONPATH} /usr/bin/python3 setup.py egg_info --egg-base ../../build/mp_input build --build-base /home/parallels/code/ros2-test/camera-test/build/mp_input/build install --prefix /home/parallels/code/ros2-test/camera-test/install/mp_input --record /home/parallels/code/ros2-test/camera-test/build/mp_input/install.log --single-version-externally-managed
[0.815s] running egg_info
[0.815s] writing ../../build/mp_input/mp_input.egg-info/PKG-INFO
[0.815s] writing dependency_links to ../../build/mp_input/mp_input.egg-info/dependency_links.txt
[0.815s] writing entry points to ../../build/mp_input/mp_input.egg-info/entry_points.txt
[0.816s] writing requirements to ../../build/mp_input/mp_input.egg-info/requires.txt
[0.816s] writing top-level names to ../../build/mp_input/mp_input.egg-info/top_level.txt
[0.834s] reading manifest file '../../build/mp_input/mp_input.egg-info/SOURCES.txt'
[0.834s] writing manifest file '../../build/mp_input/mp_input.egg-info/SOURCES.txt'
[0.834s] running build
[0.834s] running build_py
[0.834s] running install
[0.835s] running install_lib
[0.836s] running install_data
[0.836s] running install_egg_info
[0.837s] removing '/home/parallels/code/ros2-test/camera-test/install/mp_input/lib/python3.8/site-packages/mp_input-0.0.0-py3.8.egg-info' (and everything under it)
[0.837s] Copying ../../build/mp_input/mp_input.egg-info to /home/parallels/code/ros2-test/camera-test/install/mp_input/lib/python3.8/site-packages/mp_input-0.0.0-py3.8.egg-info
[0.838s] running install_scripts
[0.848s] Installing eye_node script to /home/parallels/code/ros2-test/camera-test/install/mp_input/lib/mp_input
[0.849s] Installing mouth_node script to /home/parallels/code/ros2-test/camera-test/install/mp_input/lib/mp_input
[0.849s] Installing mpinput_node script to /home/parallels/code/ros2-test/camera-test/install/mp_input/lib/mp_input
[0.849s] Installing neck_node script to /home/parallels/code/ros2-test/camera-test/install/mp_input/lib/mp_input
[0.849s] Installing nn_node script to /home/parallels/code/ros2-test/camera-test/install/mp_input/lib/mp_input
[0.853s] writing list of installed files to '/home/parallels/code/ros2-test/camera-test/build/mp_input/install.log'
[0.875s] Invoked command in '/home/parallels/code/ros2-test/camera-test/src/mp_input' returned '0': CONDA_PROMPT_MODIFIER=(base) PYTHONPATH=/home/parallels/code/ros2-test/camera-test/install/mp_input/lib/python3.8/site-packages:${PYTHONPATH} /usr/bin/python3 setup.py egg_info --egg-base ../../build/mp_input build --build-base /home/parallels/code/ros2-test/camera-test/build/mp_input/build install --prefix /home/parallels/code/ros2-test/camera-test/install/mp_input --record /home/parallels/code/ros2-test/camera-test/build/mp_input/install.log --single-version-externally-managed
