[0.010s] Invoking command in '/home/parallels/code/ros2-test/example/build/robot_interfaces': CMAKE_PREFIX_PATH=/opt/ros/foxy CONDA_PROMPT_MODIFIER=(base) /usr/bin/cmake /home/parallels/code/ros2-test/example/src/robot_interfaces -DCMAKE_INSTALL_PREFIX=/home/parallels/code/ros2-test/example/install/robot_interfaces
[0.051s] -- The C compiler identification is GNU 9.4.0
[0.085s] -- The CXX compiler identification is GNU 9.4.0
[0.088s] -- Check for working C compiler: /usr/bin/cc
[0.141s] -- Check for working C compiler: /usr/bin/cc -- works
[0.142s] -- Detecting C compiler ABI info
[0.191s] -- Detecting C compiler ABI info - done
[0.198s] -- Detecting C compile features
[0.198s] -- Detecting C compile features - done
[0.199s] -- Check for working CXX compiler: /usr/bin/c++
[0.256s] -- Check for working CXX compiler: /usr/bin/c++ -- works
[0.257s] -- Detecting CXX compiler ABI info
[0.313s] -- Detecting CXX compiler ABI info - done
[0.320s] -- Detecting CXX compile features
[0.321s] -- Detecting CXX compile features - done
[0.322s] -- Found ament_cmake: 0.9.9 (/opt/ros/foxy/share/ament_cmake/cmake)
[0.338s] -- Found PythonInterp: /home/parallels/miniconda3/bin/python3 (found suitable version "3.9.12", minimum required is "3") 
[0.338s] -- Using PYTHON_EXECUTABLE: /home/parallels/miniconda3/bin/python3
[0.419s] -- Found rosidl_default_generators: 1.0.1 (/opt/ros/foxy/share/rosidl_default_generators/cmake)
[0.420s] -- Using all available rosidl_typesupport_c: rosidl_typesupport_fastrtps_c;rosidl_typesupport_introspection_c
[0.424s] -- Found rosidl_adapter: 1.2.1 (/opt/ros/foxy/share/rosidl_adapter/cmake)
[0.486s] -- Found OpenSSL: /usr/lib/aarch64-linux-gnu/libcrypto.so (found version "1.1.1f")  
[0.507s] -- Found FastRTPS: /opt/ros/foxy/include  
[0.560s] -- Using all available rosidl_typesupport_cpp: rosidl_typesupport_fastrtps_cpp;rosidl_typesupport_introspection_cpp
[0.590s] -- Found PythonInterp: /home/parallels/miniconda3/bin/python3 (found version "3.9.12") 
[0.641s] Traceback (most recent call last):
[0.642s]   File "/opt/ros/foxy/share/ament_cmake_core/cmake/core/package_xml_2_cmake.py", line 21, in <module>
[0.642s]     from catkin_pkg.package import parse_package_string
[0.642s] ModuleNotFoundError: No module named 'catkin_pkg'
[0.643s] CMake Error at /opt/ros/foxy/share/ament_cmake_core/cmake/core/ament_package_xml.cmake:94 (message):
[0.643s]   execute_process(/home/parallels/miniconda3/bin/python3
[0.643s]   /opt/ros/foxy/share/ament_cmake_core/cmake/core/package_xml_2_cmake.py
[0.643s]   /home/parallels/code/ros2-test/example/src/robot_interfaces/package.xml
[0.644s]   /home/parallels/code/ros2-test/example/build/robot_interfaces/ament_cmake_core/package.cmake)
[0.644s]   returned error code 1
[0.644s] Call Stack (most recent call first):
[0.644s]   /opt/ros/foxy/share/ament_cmake_core/cmake/core/ament_package_xml.cmake:49 (_ament_package_xml)
[0.644s]   /opt/ros/foxy/share/rosidl_cmake/cmake/rosidl_generate_interfaces.cmake:226 (ament_package_xml)
[0.644s]   CMakeLists.txt:26 (rosidl_generate_interfaces)
[0.644s] 
[0.644s] 
[0.644s] -- Configuring incomplete, errors occurred!
[0.644s] See also "/home/parallels/code/ros2-test/example/build/robot_interfaces/CMakeFiles/CMakeOutput.log".
[0.649s] Invoked command in '/home/parallels/code/ros2-test/example/build/robot_interfaces' returned '1': CMAKE_PREFIX_PATH=/opt/ros/foxy CONDA_PROMPT_MODIFIER=(base) /usr/bin/cmake /home/parallels/code/ros2-test/example/src/robot_interfaces -DCMAKE_INSTALL_PREFIX=/home/parallels/code/ros2-test/example/install/robot_interfaces
