[0.114s] Invoking command in '/home/parallels/code/town_ws/build/village_wang': CMAKE_PREFIX_PATH=/home/parallels/code/town_ws/install/village_li:/opt/ros/foxy /usr/bin/cmake /home/parallels/code/town_ws/src/village_wang -DCMAKE_INSTALL_PREFIX=/home/parallels/code/town_ws/install/village_wang
[0.212s] -- The C compiler identification is GNU 9.4.0
[0.284s] -- The CXX compiler identification is GNU 9.4.0
[0.290s] -- Check for working C compiler: /usr/bin/cc
[0.343s] -- Check for working C compiler: /usr/bin/cc -- works
[0.344s] -- Detecting C compiler ABI info
[0.393s] -- Detecting C compiler ABI info - done
[0.400s] -- Detecting C compile features
[0.400s] -- Detecting C compile features - done
[0.402s] -- Check for working CXX compiler: /usr/bin/c++
[0.459s] -- Check for working CXX compiler: /usr/bin/c++ -- works
[0.459s] -- Detecting CXX compiler ABI info
[0.516s] -- Detecting CXX compiler ABI info - done
[0.523s] -- Detecting CXX compile features
[0.523s] -- Detecting CXX compile features - done
[0.531s] -- Found ament_cmake: 0.9.9 (/opt/ros/foxy/share/ament_cmake/cmake)
[0.547s] -- Found PythonInterp: /usr/bin/python3 (found suitable version "3.8.10", minimum required is "3") 
[0.547s] -- Using PYTHON_EXECUTABLE: /usr/bin/python3
[0.645s] -- Found rclcpp: 2.4.1 (/opt/ros/foxy/share/rclcpp/cmake)
[0.680s] -- Using all available rosidl_typesupport_c: rosidl_typesupport_fastrtps_c;rosidl_typesupport_introspection_c
[0.685s] -- Found rosidl_adapter: 1.2.1 (/opt/ros/foxy/share/rosidl_adapter/cmake)
[0.743s] -- Found OpenSSL: /usr/lib/aarch64-linux-gnu/libcrypto.so (found version "1.1.1f")  
[0.762s] -- Found FastRTPS: /opt/ros/foxy/include  
[0.819s] -- Using all available rosidl_typesupport_cpp: rosidl_typesupport_fastrtps_cpp;rosidl_typesupport_introspection_cpp
[0.857s] -- Found rmw_implementation_cmake: 1.0.3 (/opt/ros/foxy/share/rmw_implementation_cmake/cmake)
[0.858s] -- Using RMW implementation 'rmw_fastrtps_cpp' as default
[0.859s] -- Looking for pthread.h
[0.914s] -- Looking for pthread.h - found
[0.914s] -- Performing Test CMAKE_HAVE_LIBC_PTHREAD
[0.966s] -- Performing Test CMAKE_HAVE_LIBC_PTHREAD - Failed
[0.966s] -- Looking for pthread_create in pthreads
[1.010s] -- Looking for pthread_create in pthreads - not found
[1.010s] -- Looking for pthread_create in pthread
[1.058s] -- Looking for pthread_create in pthread - found
[1.059s] -- Found Threads: TRUE  
[1.169s] -- Found ament_lint_auto: 0.9.6 (/opt/ros/foxy/share/ament_lint_auto/cmake)
[1.212s] -- Added test 'copyright' to check source files copyright and LICENSE
[1.213s] -- Added test 'cppcheck' to perform static code analysis on C / C++ code
[1.213s] -- Configured cppcheck include dirs: 
[1.213s] -- Configured cppcheck exclude dirs and/or files: 
[1.213s] -- Added test 'cpplint' to check C / C++ code against the Google style
[1.214s] -- Configured cpplint exclude dirs and/or files: 
[1.214s] -- Added test 'lint_cmake' to check CMake code style
[1.214s] -- Added test 'uncrustify' to check C / C++ code style
[1.214s] -- Configured uncrustify additional arguments: 
[1.215s] -- Added test 'xmllint' to check XML markup files
[1.217s] -- Configuring done
[1.221s] -- Generating done
[1.222s] -- Build files have been written to: /home/parallels/code/town_ws/build/village_wang
[1.226s] Invoked command in '/home/parallels/code/town_ws/build/village_wang' returned '0': CMAKE_PREFIX_PATH=/home/parallels/code/town_ws/install/village_li:/opt/ros/foxy /usr/bin/cmake /home/parallels/code/town_ws/src/village_wang -DCMAKE_INSTALL_PREFIX=/home/parallels/code/town_ws/install/village_wang
[1.228s] Invoking command in '/home/parallels/code/town_ws/build/village_wang': CMAKE_PREFIX_PATH=/home/parallels/code/town_ws/install/village_li:/opt/ros/foxy /usr/bin/cmake --build /home/parallels/code/town_ws/build/village_wang -- -j4 -l4
[1.257s] [35m[1mScanning dependencies of target wang2_node[0m
[1.291s] [ 50%] [32mBuilding CXX object CMakeFiles/wang2_node.dir/src/wang2.cpp.o[0m
[2.272s] [100%] [32m[1mLinking CXX executable wang2_node[0m
[2.333s] [100%] Built target wang2_node
[2.341s] Invoked command in '/home/parallels/code/town_ws/build/village_wang' returned '0': CMAKE_PREFIX_PATH=/home/parallels/code/town_ws/install/village_li:/opt/ros/foxy /usr/bin/cmake --build /home/parallels/code/town_ws/build/village_wang -- -j4 -l4
[2.367s] Invoking command in '/home/parallels/code/town_ws/build/village_wang': CMAKE_PREFIX_PATH=/home/parallels/code/town_ws/install/village_li:/opt/ros/foxy /usr/bin/cmake --install /home/parallels/code/town_ws/build/village_wang
[2.373s] -- Install configuration: ""
[2.373s] -- Installing: /home/parallels/code/town_ws/install/village_wang/share/ament_index/resource_index/package_run_dependencies/village_wang
[2.373s] -- Installing: /home/parallels/code/town_ws/install/village_wang/share/ament_index/resource_index/parent_prefix_path/village_wang
[2.374s] -- Installing: /home/parallels/code/town_ws/install/village_wang/share/village_wang/environment/ament_prefix_path.sh
[2.374s] -- Installing: /home/parallels/code/town_ws/install/village_wang/share/village_wang/environment/ament_prefix_path.dsv
[2.374s] -- Installing: /home/parallels/code/town_ws/install/village_wang/share/village_wang/environment/path.sh
[2.374s] -- Installing: /home/parallels/code/town_ws/install/village_wang/share/village_wang/environment/path.dsv
[2.374s] -- Installing: /home/parallels/code/town_ws/install/village_wang/share/village_wang/local_setup.bash
[2.374s] -- Installing: /home/parallels/code/town_ws/install/village_wang/share/village_wang/local_setup.sh
[2.374s] -- Installing: /home/parallels/code/town_ws/install/village_wang/share/village_wang/local_setup.zsh
[2.374s] -- Installing: /home/parallels/code/town_ws/install/village_wang/share/village_wang/local_setup.dsv
[2.374s] -- Installing: /home/parallels/code/town_ws/install/village_wang/share/village_wang/package.dsv
[2.374s] -- Installing: /home/parallels/code/town_ws/install/village_wang/share/ament_index/resource_index/packages/village_wang
[2.374s] -- Installing: /home/parallels/code/town_ws/install/village_wang/share/village_wang/cmake/village_wangConfig.cmake
[2.374s] -- Installing: /home/parallels/code/town_ws/install/village_wang/share/village_wang/cmake/village_wangConfig-version.cmake
[2.374s] -- Installing: /home/parallels/code/town_ws/install/village_wang/share/village_wang/package.xml
[2.374s] -- Installing: /home/parallels/code/town_ws/install/village_wang/lib/village_wang/wang2_node
[2.375s] -- Set runtime path of "/home/parallels/code/town_ws/install/village_wang/lib/village_wang/wang2_node" to ""
[2.377s] Invoked command in '/home/parallels/code/town_ws/build/village_wang' returned '0': CMAKE_PREFIX_PATH=/home/parallels/code/town_ws/install/village_li:/opt/ros/foxy /usr/bin/cmake --install /home/parallels/code/town_ws/build/village_wang
