[14.900s] Invoking command in '/home/nvidia/Desktop/code/ros2-test/face-robot-01/src/nn_computer': PYTHONPATH=/home/nvidia/Desktop/code/ros2-test/face-robot-01/build/nn_computer/prefix_override:/home/nvidia/Desktop/code/ros2-test/face-robot-01/install/nn_computer/lib/python3.8/site-packages:${PYTHONPATH} /usr/bin/python3 setup.py egg_info --egg-base ../../build/nn_computer build --build-base /home/nvidia/Desktop/code/ros2-test/face-robot-01/build/nn_computer/build install --record /home/nvidia/Desktop/code/ros2-test/face-robot-01/build/nn_computer/install.log --single-version-externally-managed
[17.778s] running egg_info
[17.790s] writing ../../build/nn_computer/nn_computer.egg-info/PKG-INFO
[17.792s] writing dependency_links to ../../build/nn_computer/nn_computer.egg-info/dependency_links.txt
[17.797s] writing entry points to ../../build/nn_computer/nn_computer.egg-info/entry_points.txt
[17.804s] writing requirements to ../../build/nn_computer/nn_computer.egg-info/requires.txt
[17.805s] writing top-level names to ../../build/nn_computer/nn_computer.egg-info/top_level.txt
[18.134s] reading manifest file '../../build/nn_computer/nn_computer.egg-info/SOURCES.txt'
[18.140s] writing manifest file '../../build/nn_computer/nn_computer.egg-info/SOURCES.txt'
[18.142s] running build
[18.143s] running build_py
[18.145s] running install
[18.152s] running install_lib
[18.160s] running install_data
[18.162s] running install_egg_info
[18.169s] removing '/home/nvidia/Desktop/code/ros2-test/face-robot-01/install/nn_computer/lib/python3.8/site-packages/nn_computer-0.0.0-py3.8.egg-info' (and everything under it)
[18.173s] Copying ../../build/nn_computer/nn_computer.egg-info to /home/nvidia/Desktop/code/ros2-test/face-robot-01/install/nn_computer/lib/python3.8/site-packages/nn_computer-0.0.0-py3.8.egg-info
[18.178s] running install_scripts
[18.283s] Installing nn_node script to /home/nvidia/Desktop/code/ros2-test/face-robot-01/install/nn_computer/bin
[18.285s] writing list of installed files to '/home/nvidia/Desktop/code/ros2-test/face-robot-01/build/nn_computer/install.log'
[18.407s] Invoked command in '/home/nvidia/Desktop/code/ros2-test/face-robot-01/src/nn_computer' returned '0': PYTHONPATH=/home/nvidia/Desktop/code/ros2-test/face-robot-01/build/nn_computer/prefix_override:/home/nvidia/Desktop/code/ros2-test/face-robot-01/install/nn_computer/lib/python3.8/site-packages:${PYTHONPATH} /usr/bin/python3 setup.py egg_info --egg-base ../../build/nn_computer build --build-base /home/nvidia/Desktop/code/ros2-test/face-robot-01/build/nn_computer/build install --record /home/nvidia/Desktop/code/ros2-test/face-robot-01/build/nn_computer/install.log --single-version-externally-managed
