[0.451s] Invoking command in '/home/parallels/code/ros2-test/face-robot-01/src/nn_computer': PYTHONPATH=/home/parallels/code/ros2-test/face-robot-01/install/nn_computer/lib/python3.8/site-packages:${PYTHONPATH} /usr/bin/python3 setup.py egg_info --egg-base ../../build/nn_computer build --build-base /home/parallels/code/ros2-test/face-robot-01/build/nn_computer/build install --prefix /home/parallels/code/ros2-test/face-robot-01/install/nn_computer --record /home/parallels/code/ros2-test/face-robot-01/build/nn_computer/install.log --single-version-externally-managed
[0.553s] running egg_info
[0.554s] writing ../../build/nn_computer/nn_computer.egg-info/PKG-INFO
[0.554s] writing dependency_links to ../../build/nn_computer/nn_computer.egg-info/dependency_links.txt
[0.554s] writing entry points to ../../build/nn_computer/nn_computer.egg-info/entry_points.txt
[0.554s] writing requirements to ../../build/nn_computer/nn_computer.egg-info/requires.txt
[0.554s] writing top-level names to ../../build/nn_computer/nn_computer.egg-info/top_level.txt
[0.570s] reading manifest file '../../build/nn_computer/nn_computer.egg-info/SOURCES.txt'
[0.571s] writing manifest file '../../build/nn_computer/nn_computer.egg-info/SOURCES.txt'
[0.571s] running build
[0.571s] running build_py
[0.571s] running install
[0.571s] running install_lib
[0.572s] running install_data
[0.572s] running install_egg_info
[0.573s] removing '/home/parallels/code/ros2-test/face-robot-01/install/nn_computer/lib/python3.8/site-packages/nn_computer-0.0.0-py3.8.egg-info' (and everything under it)
[0.573s] Copying ../../build/nn_computer/nn_computer.egg-info to /home/parallels/code/ros2-test/face-robot-01/install/nn_computer/lib/python3.8/site-packages/nn_computer-0.0.0-py3.8.egg-info
[0.574s] running install_scripts
[0.583s] Installing nn_node script to /home/parallels/code/ros2-test/face-robot-01/install/nn_computer/lib/nn_computer
[0.583s] writing list of installed files to '/home/parallels/code/ros2-test/face-robot-01/build/nn_computer/install.log'
[0.596s] Invoked command in '/home/parallels/code/ros2-test/face-robot-01/src/nn_computer' returned '0': PYTHONPATH=/home/parallels/code/ros2-test/face-robot-01/install/nn_computer/lib/python3.8/site-packages:${PYTHONPATH} /usr/bin/python3 setup.py egg_info --egg-base ../../build/nn_computer build --build-base /home/parallels/code/ros2-test/face-robot-01/build/nn_computer/build install --prefix /home/parallels/code/ros2-test/face-robot-01/install/nn_computer --record /home/parallels/code/ros2-test/face-robot-01/build/nn_computer/install.log --single-version-externally-managed
