running egg_info
creating ../../build/mp_input/mp_input.egg-info
writing ../../build/mp_input/mp_input.egg-info/PKG-INFO
writing dependency_links to ../../build/mp_input/mp_input.egg-info/dependency_links.txt
writing entry points to ../../build/mp_input/mp_input.egg-info/entry_points.txt
writing requirements to ../../build/mp_input/mp_input.egg-info/requires.txt
writing top-level names to ../../build/mp_input/mp_input.egg-info/top_level.txt
writing manifest file '../../build/mp_input/mp_input.egg-info/SOURCES.txt'
reading manifest file '../../build/mp_input/mp_input.egg-info/SOURCES.txt'
writing manifest file '../../build/mp_input/mp_input.egg-info/SOURCES.txt'
running build
running build_py
creating /home/parallels/code/ros2-test/camera-test/build/mp_input/build
creating /home/parallels/code/ros2-test/camera-test/build/mp_input/build/lib
creating /home/parallels/code/ros2-test/camera-test/build/mp_input/build/lib/mp_input
copying mp_input/mpinput.py -> /home/parallels/code/ros2-test/camera-test/build/mp_input/build/lib/mp_input
copying mp_input/__init__.py -> /home/parallels/code/ros2-test/camera-test/build/mp_input/build/lib/mp_input
copying mp_input/normalization.py -> /home/parallels/code/ros2-test/camera-test/build/mp_input/build/lib/mp_input
creating /home/parallels/code/ros2-test/camera-test/build/mp_input/build/lib/mp_input/lmks_data
copying mp_input/lmks_data/face_geometry.py -> /home/parallels/code/ros2-test/camera-test/build/mp_input/build/lib/mp_input/lmks_data
copying mp_input/lmks_data/simplified_landmark_plus.py -> /home/parallels/code/ros2-test/camera-test/build/mp_input/build/lib/mp_input/lmks_data
copying mp_input/lmks_data/__init__.py -> /home/parallels/code/ros2-test/camera-test/build/mp_input/build/lib/mp_input/lmks_data
running install
running install_lib
creating /home/parallels/code/ros2-test/camera-test/install/mp_input/lib/python3.8/site-packages/mp_input
creating /home/parallels/code/ros2-test/camera-test/install/mp_input/lib/python3.8/site-packages/mp_input/lmks_data
copying /home/parallels/code/ros2-test/camera-test/build/mp_input/build/lib/mp_input/lmks_data/face_geometry.py -> /home/parallels/code/ros2-test/camera-test/install/mp_input/lib/python3.8/site-packages/mp_input/lmks_data
copying /home/parallels/code/ros2-test/camera-test/build/mp_input/build/lib/mp_input/lmks_data/simplified_landmark_plus.py -> /home/parallels/code/ros2-test/camera-test/install/mp_input/lib/python3.8/site-packages/mp_input/lmks_data
copying /home/parallels/code/ros2-test/camera-test/build/mp_input/build/lib/mp_input/lmks_data/__init__.py -> /home/parallels/code/ros2-test/camera-test/install/mp_input/lib/python3.8/site-packages/mp_input/lmks_data
copying /home/parallels/code/ros2-test/camera-test/build/mp_input/build/lib/mp_input/mpinput.py -> /home/parallels/code/ros2-test/camera-test/install/mp_input/lib/python3.8/site-packages/mp_input
copying /home/parallels/code/ros2-test/camera-test/build/mp_input/build/lib/mp_input/__init__.py -> /home/parallels/code/ros2-test/camera-test/install/mp_input/lib/python3.8/site-packages/mp_input
copying /home/parallels/code/ros2-test/camera-test/build/mp_input/build/lib/mp_input/normalization.py -> /home/parallels/code/ros2-test/camera-test/install/mp_input/lib/python3.8/site-packages/mp_input
byte-compiling /home/parallels/code/ros2-test/camera-test/install/mp_input/lib/python3.8/site-packages/mp_input/lmks_data/face_geometry.py to face_geometry.cpython-38.pyc
byte-compiling /home/parallels/code/ros2-test/camera-test/install/mp_input/lib/python3.8/site-packages/mp_input/lmks_data/simplified_landmark_plus.py to simplified_landmark_plus.cpython-38.pyc
byte-compiling /home/parallels/code/ros2-test/camera-test/install/mp_input/lib/python3.8/site-packages/mp_input/lmks_data/__init__.py to __init__.cpython-38.pyc
byte-compiling /home/parallels/code/ros2-test/camera-test/install/mp_input/lib/python3.8/site-packages/mp_input/mpinput.py to mpinput.cpython-38.pyc
byte-compiling /home/parallels/code/ros2-test/camera-test/install/mp_input/lib/python3.8/site-packages/mp_input/__init__.py to __init__.cpython-38.pyc
byte-compiling /home/parallels/code/ros2-test/camera-test/install/mp_input/lib/python3.8/site-packages/mp_input/normalization.py to normalization.cpython-38.pyc
running install_data
creating /home/parallels/code/ros2-test/camera-test/install/mp_input/share/ament_index
creating /home/parallels/code/ros2-test/camera-test/install/mp_input/share/ament_index/resource_index
creating /home/parallels/code/ros2-test/camera-test/install/mp_input/share/ament_index/resource_index/packages
