[3.514s] Invoking command in '/home/nvidia/Desktop/code/ros2-test/face-robot-01/src/neck_cmds': PYTHONPATH=/home/nvidia/Desktop/code/ros2-test/face-robot-01/build/neck_cmds/prefix_override:/home/nvidia/Desktop/code/ros2-test/face-robot-01/install/neck_cmds/lib/python3.8/site-packages:${PYTHONPATH} /usr/bin/python3 setup.py egg_info --egg-base ../../build/neck_cmds build --build-base /home/nvidia/Desktop/code/ros2-test/face-robot-01/build/neck_cmds/build install --record /home/nvidia/Desktop/code/ros2-test/face-robot-01/build/neck_cmds/install.log --single-version-externally-managed
[4.288s] running egg_info
[4.290s] writing ../../build/neck_cmds/neck_cmds.egg-info/PKG-INFO
[4.291s] writing dependency_links to ../../build/neck_cmds/neck_cmds.egg-info/dependency_links.txt
[4.293s] writing entry points to ../../build/neck_cmds/neck_cmds.egg-info/entry_points.txt
[4.296s] writing requirements to ../../build/neck_cmds/neck_cmds.egg-info/requires.txt
[4.298s] writing top-level names to ../../build/neck_cmds/neck_cmds.egg-info/top_level.txt
[4.423s] reading manifest file '../../build/neck_cmds/neck_cmds.egg-info/SOURCES.txt'
[4.426s] writing manifest file '../../build/neck_cmds/neck_cmds.egg-info/SOURCES.txt'
[4.427s] running build
[4.428s] running build_py
[4.429s] copying neck_cmds/neckcmds.py -> /home/nvidia/Desktop/code/ros2-test/face-robot-01/build/neck_cmds/build/lib/neck_cmds
[4.430s] copying neck_cmds/__init__.py -> /home/nvidia/Desktop/code/ros2-test/face-robot-01/build/neck_cmds/build/lib/neck_cmds
[4.431s] running install
[4.435s] running install_lib
[4.444s] copying /home/nvidia/Desktop/code/ros2-test/face-robot-01/build/neck_cmds/build/lib/neck_cmds/neckcmds.py -> /home/nvidia/Desktop/code/ros2-test/face-robot-01/install/neck_cmds/lib/python3.8/site-packages/neck_cmds
[4.446s] copying /home/nvidia/Desktop/code/ros2-test/face-robot-01/build/neck_cmds/build/lib/neck_cmds/__init__.py -> /home/nvidia/Desktop/code/ros2-test/face-robot-01/install/neck_cmds/lib/python3.8/site-packages/neck_cmds
[4.449s] byte-compiling /home/nvidia/Desktop/code/ros2-test/face-robot-01/install/neck_cmds/lib/python3.8/site-packages/neck_cmds/neckcmds.py to neckcmds.cpython-38.pyc
[4.457s] byte-compiling /home/nvidia/Desktop/code/ros2-test/face-robot-01/install/neck_cmds/lib/python3.8/site-packages/neck_cmds/__init__.py to __init__.cpython-38.pyc
[4.457s] running install_data
[4.458s] copying resource/neck_cmds -> /home/nvidia/Desktop/code/ros2-test/face-robot-01/install/neck_cmds/share/ament_index/resource_index/packages
[4.458s] copying package.xml -> /home/nvidia/Desktop/code/ros2-test/face-robot-01/install/neck_cmds/share/neck_cmds
[4.458s] running install_egg_info
[4.461s] removing '/home/nvidia/Desktop/code/ros2-test/face-robot-01/install/neck_cmds/lib/python3.8/site-packages/neck_cmds-0.0.0-py3.8.egg-info' (and everything under it)
[4.461s] Copying ../../build/neck_cmds/neck_cmds.egg-info to /home/nvidia/Desktop/code/ros2-test/face-robot-01/install/neck_cmds/lib/python3.8/site-packages/neck_cmds-0.0.0-py3.8.egg-info
[4.463s] running install_scripts
[4.521s] Installing neck_node script to /home/nvidia/Desktop/code/ros2-test/face-robot-01/install/neck_cmds/bin
[4.528s] writing list of installed files to '/home/nvidia/Desktop/code/ros2-test/face-robot-01/build/neck_cmds/install.log'
[4.616s] Invoked command in '/home/nvidia/Desktop/code/ros2-test/face-robot-01/src/neck_cmds' returned '0': PYTHONPATH=/home/nvidia/Desktop/code/ros2-test/face-robot-01/build/neck_cmds/prefix_override:/home/nvidia/Desktop/code/ros2-test/face-robot-01/install/neck_cmds/lib/python3.8/site-packages:${PYTHONPATH} /usr/bin/python3 setup.py egg_info --egg-base ../../build/neck_cmds build --build-base /home/nvidia/Desktop/code/ros2-test/face-robot-01/build/neck_cmds/build install --record /home/nvidia/Desktop/code/ros2-test/face-robot-01/build/neck_cmds/install.log --single-version-externally-managed
