[8.960s] Invoking command in '/home/nvidia/Desktop/code/ros2-test/face-robot-01/src/nn_computer': PYTHONPATH=/home/nvidia/Desktop/code/ros2-test/face-robot-01/build/nn_computer/prefix_override:/home/nvidia/Desktop/code/ros2-test/face-robot-01/install/nn_computer/lib/python3.8/site-packages:${PYTHONPATH} /usr/bin/python3 setup.py egg_info --egg-base ../../build/nn_computer build --build-base /home/nvidia/Desktop/code/ros2-test/face-robot-01/build/nn_computer/build install --record /home/nvidia/Desktop/code/ros2-test/face-robot-01/build/nn_computer/install.log --single-version-externally-managed
[10.184s] running egg_info
[10.189s] writing ../../build/nn_computer/nn_computer.egg-info/PKG-INFO
[10.190s] writing dependency_links to ../../build/nn_computer/nn_computer.egg-info/dependency_links.txt
[10.191s] writing entry points to ../../build/nn_computer/nn_computer.egg-info/entry_points.txt
[10.192s] writing requirements to ../../build/nn_computer/nn_computer.egg-info/requires.txt
[10.192s] writing top-level names to ../../build/nn_computer/nn_computer.egg-info/top_level.txt
[10.370s] reading manifest file '../../build/nn_computer/nn_computer.egg-info/SOURCES.txt'
[10.373s] writing manifest file '../../build/nn_computer/nn_computer.egg-info/SOURCES.txt'
[10.374s] running build
[10.375s] running build_py
[10.375s] running install
[10.379s] running install_lib
[10.386s] running install_data
[10.390s] running install_egg_info
[10.399s] removing '/home/nvidia/Desktop/code/ros2-test/face-robot-01/install/nn_computer/lib/python3.8/site-packages/nn_computer-0.0.0-py3.8.egg-info' (and everything under it)
[10.400s] Copying ../../build/nn_computer/nn_computer.egg-info to /home/nvidia/Desktop/code/ros2-test/face-robot-01/install/nn_computer/lib/python3.8/site-packages/nn_computer-0.0.0-py3.8.egg-info
[10.405s] running install_scripts
[10.496s] Installing nn_node script to /home/nvidia/Desktop/code/ros2-test/face-robot-01/install/nn_computer/bin
[10.498s] writing list of installed files to '/home/nvidia/Desktop/code/ros2-test/face-robot-01/build/nn_computer/install.log'
[10.686s] Invoked command in '/home/nvidia/Desktop/code/ros2-test/face-robot-01/src/nn_computer' returned '0': PYTHONPATH=/home/nvidia/Desktop/code/ros2-test/face-robot-01/build/nn_computer/prefix_override:/home/nvidia/Desktop/code/ros2-test/face-robot-01/install/nn_computer/lib/python3.8/site-packages:${PYTHONPATH} /usr/bin/python3 setup.py egg_info --egg-base ../../build/nn_computer build --build-base /home/nvidia/Desktop/code/ros2-test/face-robot-01/build/nn_computer/build install --record /home/nvidia/Desktop/code/ros2-test/face-robot-01/build/nn_computer/install.log --single-version-externally-managed
