[8.581s] Invoking command in '/home/nvidia/Desktop/code/ros2-test/face-robot-01/src/mouth_cmds': PYTHONPATH=/home/nvidia/Desktop/code/ros2-test/face-robot-01/build/mouth_cmds/prefix_override:/home/nvidia/Desktop/code/ros2-test/face-robot-01/install/mouth_cmds/lib/python3.8/site-packages:${PYTHONPATH} /usr/bin/python3 setup.py egg_info --egg-base ../../build/mouth_cmds build --build-base /home/nvidia/Desktop/code/ros2-test/face-robot-01/build/mouth_cmds/build install --record /home/nvidia/Desktop/code/ros2-test/face-robot-01/build/mouth_cmds/install.log --single-version-externally-managed
[9.798s] running egg_info
[9.802s] writing ../../build/mouth_cmds/mouth_cmds.egg-info/PKG-INFO
[9.805s] writing dependency_links to ../../build/mouth_cmds/mouth_cmds.egg-info/dependency_links.txt
[9.809s] writing entry points to ../../build/mouth_cmds/mouth_cmds.egg-info/entry_points.txt
[9.810s] writing requirements to ../../build/mouth_cmds/mouth_cmds.egg-info/requires.txt
[9.812s] writing top-level names to ../../build/mouth_cmds/mouth_cmds.egg-info/top_level.txt
[10.001s] reading manifest file '../../build/mouth_cmds/mouth_cmds.egg-info/SOURCES.txt'
[10.006s] writing manifest file '../../build/mouth_cmds/mouth_cmds.egg-info/SOURCES.txt'
[10.008s] running build
[10.008s] running build_py
[10.010s] copying mouth_cmds/mouthcmds.py -> /home/nvidia/Desktop/code/ros2-test/face-robot-01/build/mouth_cmds/build/lib/mouth_cmds
[10.013s] copying mouth_cmds/servo_motor_face.py -> /home/nvidia/Desktop/code/ros2-test/face-robot-01/build/mouth_cmds/build/lib/mouth_cmds
[10.015s] running install
[10.023s] running install_lib
[10.033s] copying /home/nvidia/Desktop/code/ros2-test/face-robot-01/build/mouth_cmds/build/lib/mouth_cmds/mouthcmds.py -> /home/nvidia/Desktop/code/ros2-test/face-robot-01/install/mouth_cmds/lib/python3.8/site-packages/mouth_cmds
[10.035s] copying /home/nvidia/Desktop/code/ros2-test/face-robot-01/build/mouth_cmds/build/lib/mouth_cmds/servo_motor_face.py -> /home/nvidia/Desktop/code/ros2-test/face-robot-01/install/mouth_cmds/lib/python3.8/site-packages/mouth_cmds
[10.040s] byte-compiling /home/nvidia/Desktop/code/ros2-test/face-robot-01/install/mouth_cmds/lib/python3.8/site-packages/mouth_cmds/mouthcmds.py to mouthcmds.cpython-38.pyc
[10.055s] byte-compiling /home/nvidia/Desktop/code/ros2-test/face-robot-01/install/mouth_cmds/lib/python3.8/site-packages/mouth_cmds/servo_motor_face.py to servo_motor_face.cpython-38.pyc
[10.067s] running install_data
[10.073s] running install_egg_info
[10.084s] removing '/home/nvidia/Desktop/code/ros2-test/face-robot-01/install/mouth_cmds/lib/python3.8/site-packages/mouth_cmds-0.0.0-py3.8.egg-info' (and everything under it)
[10.091s] Copying ../../build/mouth_cmds/mouth_cmds.egg-info to /home/nvidia/Desktop/code/ros2-test/face-robot-01/install/mouth_cmds/lib/python3.8/site-packages/mouth_cmds-0.0.0-py3.8.egg-info
[10.108s] running install_scripts
[10.235s] Installing mouth_node script to /home/nvidia/Desktop/code/ros2-test/face-robot-01/install/mouth_cmds/bin
[10.238s] writing list of installed files to '/home/nvidia/Desktop/code/ros2-test/face-robot-01/build/mouth_cmds/install.log'
[10.396s] Invoked command in '/home/nvidia/Desktop/code/ros2-test/face-robot-01/src/mouth_cmds' returned '0': PYTHONPATH=/home/nvidia/Desktop/code/ros2-test/face-robot-01/build/mouth_cmds/prefix_override:/home/nvidia/Desktop/code/ros2-test/face-robot-01/install/mouth_cmds/lib/python3.8/site-packages:${PYTHONPATH} /usr/bin/python3 setup.py egg_info --egg-base ../../build/mouth_cmds build --build-base /home/nvidia/Desktop/code/ros2-test/face-robot-01/build/mouth_cmds/build install --record /home/nvidia/Desktop/code/ros2-test/face-robot-01/build/mouth_cmds/install.log --single-version-externally-managed
