[0.677s] Invoking command in '/home/parallels/code/ros2-test/face-robot-00/src/eye_cmds': CONDA_PROMPT_MODIFIER=(base) PYTHONPATH=/home/parallels/code/ros2-test/face-robot-00/install/eye_cmds/lib/python3.8/site-packages:${PYTHONPATH} /usr/bin/python3 setup.py egg_info --egg-base ../../build/eye_cmds build --build-base /home/parallels/code/ros2-test/face-robot-00/build/eye_cmds/build install --prefix /home/parallels/code/ros2-test/face-robot-00/install/eye_cmds --record /home/parallels/code/ros2-test/face-robot-00/build/eye_cmds/install.log --single-version-externally-managed
[0.785s] running egg_info
[0.786s] writing ../../build/eye_cmds/eye_cmds.egg-info/PKG-INFO
[0.786s] writing dependency_links to ../../build/eye_cmds/eye_cmds.egg-info/dependency_links.txt
[0.786s] writing entry points to ../../build/eye_cmds/eye_cmds.egg-info/entry_points.txt
[0.786s] writing requirements to ../../build/eye_cmds/eye_cmds.egg-info/requires.txt
[0.786s] writing top-level names to ../../build/eye_cmds/eye_cmds.egg-info/top_level.txt
[0.803s] reading manifest file '../../build/eye_cmds/eye_cmds.egg-info/SOURCES.txt'
[0.804s] writing manifest file '../../build/eye_cmds/eye_cmds.egg-info/SOURCES.txt'
[0.804s] running build
[0.804s] running build_py
[0.804s] running install
[0.804s] running install_lib
[0.805s] running install_data
[0.805s] running install_egg_info
[0.807s] removing '/home/parallels/code/ros2-test/face-robot-00/install/eye_cmds/lib/python3.8/site-packages/eye_cmds-0.0.0-py3.8.egg-info' (and everything under it)
[0.826s] Copying ../../build/eye_cmds/eye_cmds.egg-info to /home/parallels/code/ros2-test/face-robot-00/install/eye_cmds/lib/python3.8/site-packages/eye_cmds-0.0.0-py3.8.egg-info
[0.826s] running install_scripts
[0.836s] Installing eye_node script to /home/parallels/code/ros2-test/face-robot-00/install/eye_cmds/lib/eye_cmds
[0.839s] writing list of installed files to '/home/parallels/code/ros2-test/face-robot-00/build/eye_cmds/install.log'
[0.851s] Invoked command in '/home/parallels/code/ros2-test/face-robot-00/src/eye_cmds' returned '0': CONDA_PROMPT_MODIFIER=(base) PYTHONPATH=/home/parallels/code/ros2-test/face-robot-00/install/eye_cmds/lib/python3.8/site-packages:${PYTHONPATH} /usr/bin/python3 setup.py egg_info --egg-base ../../build/eye_cmds build --build-base /home/parallels/code/ros2-test/face-robot-00/build/eye_cmds/build install --prefix /home/parallels/code/ros2-test/face-robot-00/install/eye_cmds --record /home/parallels/code/ros2-test/face-robot-00/build/eye_cmds/install.log --single-version-externally-managed
