running egg_info
writing ../../build/eye_cmds/eye_cmds.egg-info/PKG-INFO
writing dependency_links to ../../build/eye_cmds/eye_cmds.egg-info/dependency_links.txt
writing entry points to ../../build/eye_cmds/eye_cmds.egg-info/entry_points.txt
writing requirements to ../../build/eye_cmds/eye_cmds.egg-info/requires.txt
writing top-level names to ../../build/eye_cmds/eye_cmds.egg-info/top_level.txt
reading manifest file '../../build/eye_cmds/eye_cmds.egg-info/SOURCES.txt'
writing manifest file '../../build/eye_cmds/eye_cmds.egg-info/SOURCES.txt'
running build
running build_py
copying eye_cmds/eyecmds.py -> /home/nvidia/Desktop/code/ros2-test/face-robot-01/build/eye_cmds/build/lib/eye_cmds
copying eye_cmds/__init__.py -> /home/nvidia/Desktop/code/ros2-test/face-robot-01/build/eye_cmds/build/lib/eye_cmds
running install
running install_lib
copying /home/nvidia/Desktop/code/ros2-test/face-robot-01/build/eye_cmds/build/lib/eye_cmds/eyecmds.py -> /home/nvidia/Desktop/code/ros2-test/face-robot-01/install/eye_cmds/lib/python3.8/site-packages/eye_cmds
copying /home/nvidia/Desktop/code/ros2-test/face-robot-01/build/eye_cmds/build/lib/eye_cmds/__init__.py -> /home/nvidia/Desktop/code/ros2-test/face-robot-01/install/eye_cmds/lib/python3.8/site-packages/eye_cmds
running install_data
copying resource/eye_cmds -> /home/nvidia/Desktop/code/ros2-test/face-robot-01/install/eye_cmds/share/ament_index/resource_index/packages
copying package.xml -> /home/nvidia/Desktop/code/ros2-test/face-robot-01/install/eye_cmds/share/eye_cmds
running install_egg_info
removing '/home/nvidia/Desktop/code/ros2-test/face-robot-01/install/eye_cmds/lib/python3.8/site-packages/eye_cmds-0.0.0-py3.8.egg-info' (and everything under it)
Copying ../../build/eye_cmds/eye_cmds.egg-info to /home/nvidia/Desktop/code/ros2-test/face-robot-01/install/eye_cmds/lib/python3.8/site-packages/eye_cmds-0.0.0-py3.8.egg-info
running install_scripts
Installing eye_node script to /home/nvidia/Desktop/code/ros2-test/face-robot-01/install/eye_cmds/bin
writing list of installed files to '/home/nvidia/Desktop/code/ros2-test/face-robot-01/build/eye_cmds/install.log'
