[5.335s] Invoking command in '/home/nvidia/Desktop/code/ros2-test/face-robot-01/src/eye_cmds': PYTHONPATH=/home/nvidia/Desktop/code/ros2-test/face-robot-01/build/eye_cmds/prefix_override:/home/nvidia/Desktop/code/ros2-test/face-robot-01/install/eye_cmds/lib/python3.8/site-packages:${PYTHONPATH} /usr/bin/python3 setup.py egg_info --egg-base ../../build/eye_cmds build --build-base /home/nvidia/Desktop/code/ros2-test/face-robot-01/build/eye_cmds/build install --record /home/nvidia/Desktop/code/ros2-test/face-robot-01/build/eye_cmds/install.log --single-version-externally-managed
[6.271s] running egg_info
[6.275s] writing ../../build/eye_cmds/eye_cmds.egg-info/PKG-INFO
[6.277s] writing dependency_links to ../../build/eye_cmds/eye_cmds.egg-info/dependency_links.txt
[6.279s] writing entry points to ../../build/eye_cmds/eye_cmds.egg-info/entry_points.txt
[6.280s] writing requirements to ../../build/eye_cmds/eye_cmds.egg-info/requires.txt
[6.282s] writing top-level names to ../../build/eye_cmds/eye_cmds.egg-info/top_level.txt
[6.443s] reading manifest file '../../build/eye_cmds/eye_cmds.egg-info/SOURCES.txt'
[6.447s] writing manifest file '../../build/eye_cmds/eye_cmds.egg-info/SOURCES.txt'
[6.448s] running build
[6.448s] running build_py
[6.449s] copying eye_cmds/eyecmds.py -> /home/nvidia/Desktop/code/ros2-test/face-robot-01/build/eye_cmds/build/lib/eye_cmds
[6.453s] copying eye_cmds/__init__.py -> /home/nvidia/Desktop/code/ros2-test/face-robot-01/build/eye_cmds/build/lib/eye_cmds
[6.455s] running install
[6.459s] running install_lib
[6.464s] copying /home/nvidia/Desktop/code/ros2-test/face-robot-01/build/eye_cmds/build/lib/eye_cmds/eyecmds.py -> /home/nvidia/Desktop/code/ros2-test/face-robot-01/install/eye_cmds/lib/python3.8/site-packages/eye_cmds
[6.466s] copying /home/nvidia/Desktop/code/ros2-test/face-robot-01/build/eye_cmds/build/lib/eye_cmds/__init__.py -> /home/nvidia/Desktop/code/ros2-test/face-robot-01/install/eye_cmds/lib/python3.8/site-packages/eye_cmds
[6.470s] running install_data
[6.473s] copying resource/eye_cmds -> /home/nvidia/Desktop/code/ros2-test/face-robot-01/install/eye_cmds/share/ament_index/resource_index/packages
[6.475s] copying package.xml -> /home/nvidia/Desktop/code/ros2-test/face-robot-01/install/eye_cmds/share/eye_cmds
[6.479s] running install_egg_info
[6.487s] removing '/home/nvidia/Desktop/code/ros2-test/face-robot-01/install/eye_cmds/lib/python3.8/site-packages/eye_cmds-0.0.0-py3.8.egg-info' (and everything under it)
[6.494s] Copying ../../build/eye_cmds/eye_cmds.egg-info to /home/nvidia/Desktop/code/ros2-test/face-robot-01/install/eye_cmds/lib/python3.8/site-packages/eye_cmds-0.0.0-py3.8.egg-info
[6.517s] running install_scripts
[6.622s] Installing eye_node script to /home/nvidia/Desktop/code/ros2-test/face-robot-01/install/eye_cmds/bin
[6.623s] writing list of installed files to '/home/nvidia/Desktop/code/ros2-test/face-robot-01/build/eye_cmds/install.log'
[6.842s] Invoked command in '/home/nvidia/Desktop/code/ros2-test/face-robot-01/src/eye_cmds' returned '0': PYTHONPATH=/home/nvidia/Desktop/code/ros2-test/face-robot-01/build/eye_cmds/prefix_override:/home/nvidia/Desktop/code/ros2-test/face-robot-01/install/eye_cmds/lib/python3.8/site-packages:${PYTHONPATH} /usr/bin/python3 setup.py egg_info --egg-base ../../build/eye_cmds build --build-base /home/nvidia/Desktop/code/ros2-test/face-robot-01/build/eye_cmds/build install --record /home/nvidia/Desktop/code/ros2-test/face-robot-01/build/eye_cmds/install.log --single-version-externally-managed
