[0.568s] DEBUG:colcon:Command line arguments: ['/usr/bin/colcon', 'build']
[0.569s] DEBUG:colcon:Parsed command line arguments: Namespace(allow_overriding=[], ament_cmake_args=None, base_paths=['.'], build_base='build', catkin_cmake_args=None, catkin_skip_building_tests=False, cmake_args=None, cmake_clean_cache=False, cmake_clean_first=False, cmake_force_configure=False, cmake_target=None, cmake_target_skip_unavailable=False, continue_on_error=False, event_handlers=None, executor='parallel', ignore_user_meta=False, install_base='install', log_base=None, log_level=None, main=<bound method BuildVerb.main of <colcon_core.verb.build.BuildVerb object at 0xffffa832c730>>, merge_install=False, metas=['./colcon.meta'], packages_above=None, packages_above_and_dependencies=None, packages_above_depth=None, packages_end=None, packages_ignore=None, packages_ignore_regex=None, packages_select=None, packages_select_build_failed=False, packages_select_by_dep=None, packages_select_regex=None, packages_select_test_failures=False, packages_skip=None, packages_skip_build_finished=False, packages_skip_by_dep=None, packages_skip_regex=None, packages_skip_test_passed=False, packages_skip_up_to=None, packages_start=None, packages_up_to=None, packages_up_to_regex=None, parallel_workers=6, paths=None, symlink_install=False, test_result_base=None, verb_extension=<colcon_core.verb.build.BuildVerb object at 0xffffa832c730>, verb_name='build', verb_parser=<colcon_defaults.argument_parser.defaults.DefaultArgumentsDecorator object at 0xffffa832cc70>)
[0.666s] Level 1:colcon.colcon_core.package_discovery:discover_packages(colcon_meta) check parameters
[0.667s] Level 1:colcon.colcon_core.package_discovery:discover_packages(recursive) check parameters
[0.667s] Level 1:colcon.colcon_core.package_discovery:discover_packages(ignore) check parameters
[0.667s] Level 1:colcon.colcon_core.package_discovery:discover_packages(path) check parameters
[0.667s] Level 1:colcon.colcon_core.package_discovery:discover_packages(colcon_meta) discover
[0.668s] Level 1:colcon.colcon_core.package_discovery:discover_packages(recursive) discover
[0.668s] INFO:colcon.colcon_core.package_discovery:Crawling recursively for packages in '/home/nvidia/Desktop/code/ros2-test/face-robot-01'
[0.669s] Level 1:colcon.colcon_core.package_identification:_identify(.) by extensions ['ignore', 'ignore_ament_install']
[0.669s] Level 1:colcon.colcon_core.package_identification:_identify(.) by extension 'ignore'
[0.669s] Level 1:colcon.colcon_core.package_identification:_identify(.) by extension 'ignore_ament_install'
[0.670s] Level 1:colcon.colcon_core.package_identification:_identify(.) by extensions ['colcon_pkg']
[0.670s] Level 1:colcon.colcon_core.package_identification:_identify(.) by extension 'colcon_pkg'
[0.670s] Level 1:colcon.colcon_core.package_identification:_identify(.) by extensions ['colcon_meta']
[0.670s] Level 1:colcon.colcon_core.package_identification:_identify(.) by extension 'colcon_meta'
[0.671s] Level 1:colcon.colcon_core.package_identification:_identify(.) by extensions ['ros']
[0.671s] Level 1:colcon.colcon_core.package_identification:_identify(.) by extension 'ros'
[0.722s] Level 1:colcon.colcon_core.package_identification:_identify(.) by extensions ['cmake', 'python']
[0.722s] Level 1:colcon.colcon_core.package_identification:_identify(.) by extension 'cmake'
[0.723s] Level 1:colcon.colcon_core.package_identification:_identify(.) by extension 'python'
[0.723s] Level 1:colcon.colcon_core.package_identification:_identify(.) by extensions ['python_setup_py']
[0.723s] Level 1:colcon.colcon_core.package_identification:_identify(.) by extension 'python_setup_py'
[0.724s] Level 1:colcon.colcon_core.package_identification:_identify(build) by extensions ['ignore', 'ignore_ament_install']
[0.724s] Level 1:colcon.colcon_core.package_identification:_identify(build) by extension 'ignore'
[0.725s] Level 1:colcon.colcon_core.package_identification:_identify(build) ignored
[0.725s] Level 1:colcon.colcon_core.package_identification:_identify(install) by extensions ['ignore', 'ignore_ament_install']
[0.726s] Level 1:colcon.colcon_core.package_identification:_identify(install) by extension 'ignore'
[0.726s] Level 1:colcon.colcon_core.package_identification:_identify(install) ignored
[0.727s] Level 1:colcon.colcon_core.package_identification:_identify(log) by extensions ['ignore', 'ignore_ament_install']
[0.728s] Level 1:colcon.colcon_core.package_identification:_identify(log) by extension 'ignore'
[0.728s] Level 1:colcon.colcon_core.package_identification:_identify(log) ignored
[0.729s] Level 1:colcon.colcon_core.package_identification:_identify(src) by extensions ['ignore', 'ignore_ament_install']
[0.729s] Level 1:colcon.colcon_core.package_identification:_identify(src) by extension 'ignore'
[0.729s] Level 1:colcon.colcon_core.package_identification:_identify(src) by extension 'ignore_ament_install'
[0.730s] Level 1:colcon.colcon_core.package_identification:_identify(src) by extensions ['colcon_pkg']
[0.730s] Level 1:colcon.colcon_core.package_identification:_identify(src) by extension 'colcon_pkg'
[0.730s] Level 1:colcon.colcon_core.package_identification:_identify(src) by extensions ['colcon_meta']
[0.730s] Level 1:colcon.colcon_core.package_identification:_identify(src) by extension 'colcon_meta'
[0.731s] Level 1:colcon.colcon_core.package_identification:_identify(src) by extensions ['ros']
[0.731s] Level 1:colcon.colcon_core.package_identification:_identify(src) by extension 'ros'
[0.731s] Level 1:colcon.colcon_core.package_identification:_identify(src) by extensions ['cmake', 'python']
[0.731s] Level 1:colcon.colcon_core.package_identification:_identify(src) by extension 'cmake'
[0.732s] Level 1:colcon.colcon_core.package_identification:_identify(src) by extension 'python'
[0.732s] Level 1:colcon.colcon_core.package_identification:_identify(src) by extensions ['python_setup_py']
[0.732s] Level 1:colcon.colcon_core.package_identification:_identify(src) by extension 'python_setup_py'
[0.733s] Level 1:colcon.colcon_core.package_identification:_identify(src/eye_cmds) by extensions ['ignore', 'ignore_ament_install']
[0.733s] Level 1:colcon.colcon_core.package_identification:_identify(src/eye_cmds) by extension 'ignore'
[0.733s] Level 1:colcon.colcon_core.package_identification:_identify(src/eye_cmds) by extension 'ignore_ament_install'
[0.734s] Level 1:colcon.colcon_core.package_identification:_identify(src/eye_cmds) by extensions ['colcon_pkg']
[0.734s] Level 1:colcon.colcon_core.package_identification:_identify(src/eye_cmds) by extension 'colcon_pkg'
[0.734s] Level 1:colcon.colcon_core.package_identification:_identify(src/eye_cmds) by extensions ['colcon_meta']
[0.734s] Level 1:colcon.colcon_core.package_identification:_identify(src/eye_cmds) by extension 'colcon_meta'
[0.734s] Level 1:colcon.colcon_core.package_identification:_identify(src/eye_cmds) by extensions ['ros']
[0.735s] Level 1:colcon.colcon_core.package_identification:_identify(src/eye_cmds) by extension 'ros'
[0.749s] DEBUG:colcon.colcon_core.package_identification:Package 'src/eye_cmds' with type 'ros.ament_python' and name 'eye_cmds'
[0.750s] Level 1:colcon.colcon_core.package_identification:_identify(src/eyeball_cmds) by extensions ['ignore', 'ignore_ament_install']
[0.750s] Level 1:colcon.colcon_core.package_identification:_identify(src/eyeball_cmds) by extension 'ignore'
[0.751s] Level 1:colcon.colcon_core.package_identification:_identify(src/eyeball_cmds) by extension 'ignore_ament_install'
[0.751s] Level 1:colcon.colcon_core.package_identification:_identify(src/eyeball_cmds) by extensions ['colcon_pkg']
[0.751s] Level 1:colcon.colcon_core.package_identification:_identify(src/eyeball_cmds) by extension 'colcon_pkg'
[0.751s] Level 1:colcon.colcon_core.package_identification:_identify(src/eyeball_cmds) by extensions ['colcon_meta']
[0.751s] Level 1:colcon.colcon_core.package_identification:_identify(src/eyeball_cmds) by extension 'colcon_meta'
[0.752s] Level 1:colcon.colcon_core.package_identification:_identify(src/eyeball_cmds) by extensions ['ros']
[0.752s] Level 1:colcon.colcon_core.package_identification:_identify(src/eyeball_cmds) by extension 'ros'
[0.755s] DEBUG:colcon.colcon_core.package_identification:Package 'src/eyeball_cmds' with type 'ros.ament_python' and name 'eyeball_cmds'
[0.755s] Level 1:colcon.colcon_core.package_identification:_identify(src/mouth_cmds) by extensions ['ignore', 'ignore_ament_install']
[0.756s] Level 1:colcon.colcon_core.package_identification:_identify(src/mouth_cmds) by extension 'ignore'
[0.756s] Level 1:colcon.colcon_core.package_identification:_identify(src/mouth_cmds) by extension 'ignore_ament_install'
[0.756s] Level 1:colcon.colcon_core.package_identification:_identify(src/mouth_cmds) by extensions ['colcon_pkg']
[0.756s] Level 1:colcon.colcon_core.package_identification:_identify(src/mouth_cmds) by extension 'colcon_pkg'
[0.757s] Level 1:colcon.colcon_core.package_identification:_identify(src/mouth_cmds) by extensions ['colcon_meta']
[0.757s] Level 1:colcon.colcon_core.package_identification:_identify(src/mouth_cmds) by extension 'colcon_meta'
[0.757s] Level 1:colcon.colcon_core.package_identification:_identify(src/mouth_cmds) by extensions ['ros']
[0.757s] Level 1:colcon.colcon_core.package_identification:_identify(src/mouth_cmds) by extension 'ros'
[0.760s] DEBUG:colcon.colcon_core.package_identification:Package 'src/mouth_cmds' with type 'ros.ament_python' and name 'mouth_cmds'
[0.760s] Level 1:colcon.colcon_core.package_identification:_identify(src/mp_input) by extensions ['ignore', 'ignore_ament_install']
[0.761s] Level 1:colcon.colcon_core.package_identification:_identify(src/mp_input) by extension 'ignore'
[0.761s] Level 1:colcon.colcon_core.package_identification:_identify(src/mp_input) by extension 'ignore_ament_install'
[0.762s] Level 1:colcon.colcon_core.package_identification:_identify(src/mp_input) by extensions ['colcon_pkg']
[0.762s] Level 1:colcon.colcon_core.package_identification:_identify(src/mp_input) by extension 'colcon_pkg'
[0.762s] Level 1:colcon.colcon_core.package_identification:_identify(src/mp_input) by extensions ['colcon_meta']
[0.762s] Level 1:colcon.colcon_core.package_identification:_identify(src/mp_input) by extension 'colcon_meta'
[0.763s] Level 1:colcon.colcon_core.package_identification:_identify(src/mp_input) by extensions ['ros']
[0.763s] Level 1:colcon.colcon_core.package_identification:_identify(src/mp_input) by extension 'ros'
[0.765s] DEBUG:colcon.colcon_core.package_identification:Package 'src/mp_input' with type 'ros.ament_python' and name 'mp_input'
[0.766s] Level 1:colcon.colcon_core.package_identification:_identify(src/neck_cmds) by extensions ['ignore', 'ignore_ament_install']
[0.766s] Level 1:colcon.colcon_core.package_identification:_identify(src/neck_cmds) by extension 'ignore'
[0.767s] Level 1:colcon.colcon_core.package_identification:_identify(src/neck_cmds) by extension 'ignore_ament_install'
[0.767s] Level 1:colcon.colcon_core.package_identification:_identify(src/neck_cmds) by extensions ['colcon_pkg']
[0.767s] Level 1:colcon.colcon_core.package_identification:_identify(src/neck_cmds) by extension 'colcon_pkg'
[0.767s] Level 1:colcon.colcon_core.package_identification:_identify(src/neck_cmds) by extensions ['colcon_meta']
[0.767s] Level 1:colcon.colcon_core.package_identification:_identify(src/neck_cmds) by extension 'colcon_meta'
[0.768s] Level 1:colcon.colcon_core.package_identification:_identify(src/neck_cmds) by extensions ['ros']
[0.768s] Level 1:colcon.colcon_core.package_identification:_identify(src/neck_cmds) by extension 'ros'
[0.770s] DEBUG:colcon.colcon_core.package_identification:Package 'src/neck_cmds' with type 'ros.ament_python' and name 'neck_cmds'
[0.771s] Level 1:colcon.colcon_core.package_identification:_identify(src/nn_computer) by extensions ['ignore', 'ignore_ament_install']
[0.771s] Level 1:colcon.colcon_core.package_identification:_identify(src/nn_computer) by extension 'ignore'
[0.771s] Level 1:colcon.colcon_core.package_identification:_identify(src/nn_computer) by extension 'ignore_ament_install'
[0.772s] Level 1:colcon.colcon_core.package_identification:_identify(src/nn_computer) by extensions ['colcon_pkg']
[0.772s] Level 1:colcon.colcon_core.package_identification:_identify(src/nn_computer) by extension 'colcon_pkg'
[0.772s] Level 1:colcon.colcon_core.package_identification:_identify(src/nn_computer) by extensions ['colcon_meta']
[0.772s] Level 1:colcon.colcon_core.package_identification:_identify(src/nn_computer) by extension 'colcon_meta'
[0.773s] Level 1:colcon.colcon_core.package_identification:_identify(src/nn_computer) by extensions ['ros']
[0.773s] Level 1:colcon.colcon_core.package_identification:_identify(src/nn_computer) by extension 'ros'
[0.775s] DEBUG:colcon.colcon_core.package_identification:Package 'src/nn_computer' with type 'ros.ament_python' and name 'nn_computer'
[0.775s] Level 1:colcon.colcon_core.package_discovery:discover_packages(recursive) using defaults
[0.776s] Level 1:colcon.colcon_core.package_discovery:discover_packages(ignore) discover
[0.776s] Level 1:colcon.colcon_core.package_discovery:discover_packages(ignore) using defaults
[0.776s] Level 1:colcon.colcon_core.package_discovery:discover_packages(path) discover
[0.776s] Level 1:colcon.colcon_core.package_discovery:discover_packages(path) using defaults
[0.849s] Level 1:colcon.colcon_core.package_discovery:discover_packages(prefix_path) check parameters
[0.850s] Level 1:colcon.colcon_core.package_discovery:discover_packages(prefix_path) discover
[0.863s] DEBUG:colcon.colcon_installed_package_information.package_discovery:Found 256 installed packages in /opt/ros/foxy
[0.871s] Level 1:colcon.colcon_core.package_discovery:discover_packages(prefix_path) using defaults
[1.203s] Level 5:colcon.colcon_core.verb:set package 'eye_cmds' build argument 'cmake_args' from command line to 'None'
[1.204s] Level 5:colcon.colcon_core.verb:set package 'eye_cmds' build argument 'cmake_target' from command line to 'None'
[1.204s] Level 5:colcon.colcon_core.verb:set package 'eye_cmds' build argument 'cmake_target_skip_unavailable' from command line to 'False'
[1.204s] Level 5:colcon.colcon_core.verb:set package 'eye_cmds' build argument 'cmake_clean_cache' from command line to 'False'
[1.204s] Level 5:colcon.colcon_core.verb:set package 'eye_cmds' build argument 'cmake_clean_first' from command line to 'False'
[1.204s] Level 5:colcon.colcon_core.verb:set package 'eye_cmds' build argument 'cmake_force_configure' from command line to 'False'
[1.205s] Level 5:colcon.colcon_core.verb:set package 'eye_cmds' build argument 'ament_cmake_args' from command line to 'None'
[1.205s] Level 5:colcon.colcon_core.verb:set package 'eye_cmds' build argument 'catkin_cmake_args' from command line to 'None'
[1.205s] Level 5:colcon.colcon_core.verb:set package 'eye_cmds' build argument 'catkin_skip_building_tests' from command line to 'False'
[1.205s] DEBUG:colcon.colcon_core.verb:Building package 'eye_cmds' with the following arguments: {'ament_cmake_args': None, 'build_base': '/home/nvidia/Desktop/code/ros2-test/face-robot-01/build/eye_cmds', 'catkin_cmake_args': None, 'catkin_skip_building_tests': False, 'cmake_args': None, 'cmake_clean_cache': False, 'cmake_clean_first': False, 'cmake_force_configure': False, 'cmake_target': None, 'cmake_target_skip_unavailable': False, 'install_base': '/home/nvidia/Desktop/code/ros2-test/face-robot-01/install/eye_cmds', 'merge_install': False, 'path': '/home/nvidia/Desktop/code/ros2-test/face-robot-01/src/eye_cmds', 'symlink_install': False, 'test_result_base': None}
[1.209s] Level 5:colcon.colcon_core.verb:set package 'eyeball_cmds' build argument 'cmake_args' from command line to 'None'
[1.209s] Level 5:colcon.colcon_core.verb:set package 'eyeball_cmds' build argument 'cmake_target' from command line to 'None'
[1.210s] Level 5:colcon.colcon_core.verb:set package 'eyeball_cmds' build argument 'cmake_target_skip_unavailable' from command line to 'False'
[1.210s] Level 5:colcon.colcon_core.verb:set package 'eyeball_cmds' build argument 'cmake_clean_cache' from command line to 'False'
[1.210s] Level 5:colcon.colcon_core.verb:set package 'eyeball_cmds' build argument 'cmake_clean_first' from command line to 'False'
[1.210s] Level 5:colcon.colcon_core.verb:set package 'eyeball_cmds' build argument 'cmake_force_configure' from command line to 'False'
[1.210s] Level 5:colcon.colcon_core.verb:set package 'eyeball_cmds' build argument 'ament_cmake_args' from command line to 'None'
[1.211s] Level 5:colcon.colcon_core.verb:set package 'eyeball_cmds' build argument 'catkin_cmake_args' from command line to 'None'
[1.211s] Level 5:colcon.colcon_core.verb:set package 'eyeball_cmds' build argument 'catkin_skip_building_tests' from command line to 'False'
[1.211s] DEBUG:colcon.colcon_core.verb:Building package 'eyeball_cmds' with the following arguments: {'ament_cmake_args': None, 'build_base': '/home/nvidia/Desktop/code/ros2-test/face-robot-01/build/eyeball_cmds', 'catkin_cmake_args': None, 'catkin_skip_building_tests': False, 'cmake_args': None, 'cmake_clean_cache': False, 'cmake_clean_first': False, 'cmake_force_configure': False, 'cmake_target': None, 'cmake_target_skip_unavailable': False, 'install_base': '/home/nvidia/Desktop/code/ros2-test/face-robot-01/install/eyeball_cmds', 'merge_install': False, 'path': '/home/nvidia/Desktop/code/ros2-test/face-robot-01/src/eyeball_cmds', 'symlink_install': False, 'test_result_base': None}
[1.215s] Level 5:colcon.colcon_core.verb:set package 'mouth_cmds' build argument 'cmake_args' from command line to 'None'
[1.215s] Level 5:colcon.colcon_core.verb:set package 'mouth_cmds' build argument 'cmake_target' from command line to 'None'
[1.215s] Level 5:colcon.colcon_core.verb:set package 'mouth_cmds' build argument 'cmake_target_skip_unavailable' from command line to 'False'
[1.215s] Level 5:colcon.colcon_core.verb:set package 'mouth_cmds' build argument 'cmake_clean_cache' from command line to 'False'
[1.216s] Level 5:colcon.colcon_core.verb:set package 'mouth_cmds' build argument 'cmake_clean_first' from command line to 'False'
[1.216s] Level 5:colcon.colcon_core.verb:set package 'mouth_cmds' build argument 'cmake_force_configure' from command line to 'False'
[1.216s] Level 5:colcon.colcon_core.verb:set package 'mouth_cmds' build argument 'ament_cmake_args' from command line to 'None'
[1.216s] Level 5:colcon.colcon_core.verb:set package 'mouth_cmds' build argument 'catkin_cmake_args' from command line to 'None'
[1.216s] Level 5:colcon.colcon_core.verb:set package 'mouth_cmds' build argument 'catkin_skip_building_tests' from command line to 'False'
[1.217s] DEBUG:colcon.colcon_core.verb:Building package 'mouth_cmds' with the following arguments: {'ament_cmake_args': None, 'build_base': '/home/nvidia/Desktop/code/ros2-test/face-robot-01/build/mouth_cmds', 'catkin_cmake_args': None, 'catkin_skip_building_tests': False, 'cmake_args': None, 'cmake_clean_cache': False, 'cmake_clean_first': False, 'cmake_force_configure': False, 'cmake_target': None, 'cmake_target_skip_unavailable': False, 'install_base': '/home/nvidia/Desktop/code/ros2-test/face-robot-01/install/mouth_cmds', 'merge_install': False, 'path': '/home/nvidia/Desktop/code/ros2-test/face-robot-01/src/mouth_cmds', 'symlink_install': False, 'test_result_base': None}
[1.220s] Level 5:colcon.colcon_core.verb:set package 'mp_input' build argument 'cmake_args' from command line to 'None'
[1.220s] Level 5:colcon.colcon_core.verb:set package 'mp_input' build argument 'cmake_target' from command line to 'None'
[1.220s] Level 5:colcon.colcon_core.verb:set package 'mp_input' build argument 'cmake_target_skip_unavailable' from command line to 'False'
[1.220s] Level 5:colcon.colcon_core.verb:set package 'mp_input' build argument 'cmake_clean_cache' from command line to 'False'
[1.220s] Level 5:colcon.colcon_core.verb:set package 'mp_input' build argument 'cmake_clean_first' from command line to 'False'
[1.221s] Level 5:colcon.colcon_core.verb:set package 'mp_input' build argument 'cmake_force_configure' from command line to 'False'
[1.221s] Level 5:colcon.colcon_core.verb:set package 'mp_input' build argument 'ament_cmake_args' from command line to 'None'
[1.221s] Level 5:colcon.colcon_core.verb:set package 'mp_input' build argument 'catkin_cmake_args' from command line to 'None'
[1.221s] Level 5:colcon.colcon_core.verb:set package 'mp_input' build argument 'catkin_skip_building_tests' from command line to 'False'
[1.221s] DEBUG:colcon.colcon_core.verb:Building package 'mp_input' with the following arguments: {'ament_cmake_args': None, 'build_base': '/home/nvidia/Desktop/code/ros2-test/face-robot-01/build/mp_input', 'catkin_cmake_args': None, 'catkin_skip_building_tests': False, 'cmake_args': None, 'cmake_clean_cache': False, 'cmake_clean_first': False, 'cmake_force_configure': False, 'cmake_target': None, 'cmake_target_skip_unavailable': False, 'install_base': '/home/nvidia/Desktop/code/ros2-test/face-robot-01/install/mp_input', 'merge_install': False, 'path': '/home/nvidia/Desktop/code/ros2-test/face-robot-01/src/mp_input', 'symlink_install': False, 'test_result_base': None}
[1.224s] Level 5:colcon.colcon_core.verb:set package 'neck_cmds' build argument 'cmake_args' from command line to 'None'
[1.224s] Level 5:colcon.colcon_core.verb:set package 'neck_cmds' build argument 'cmake_target' from command line to 'None'
[1.225s] Level 5:colcon.colcon_core.verb:set package 'neck_cmds' build argument 'cmake_target_skip_unavailable' from command line to 'False'
[1.225s] Level 5:colcon.colcon_core.verb:set package 'neck_cmds' build argument 'cmake_clean_cache' from command line to 'False'
[1.225s] Level 5:colcon.colcon_core.verb:set package 'neck_cmds' build argument 'cmake_clean_first' from command line to 'False'
[1.225s] Level 5:colcon.colcon_core.verb:set package 'neck_cmds' build argument 'cmake_force_configure' from command line to 'False'
[1.225s] Level 5:colcon.colcon_core.verb:set package 'neck_cmds' build argument 'ament_cmake_args' from command line to 'None'
[1.225s] Level 5:colcon.colcon_core.verb:set package 'neck_cmds' build argument 'catkin_cmake_args' from command line to 'None'
[1.225s] Level 5:colcon.colcon_core.verb:set package 'neck_cmds' build argument 'catkin_skip_building_tests' from command line to 'False'
[1.226s] DEBUG:colcon.colcon_core.verb:Building package 'neck_cmds' with the following arguments: {'ament_cmake_args': None, 'build_base': '/home/nvidia/Desktop/code/ros2-test/face-robot-01/build/neck_cmds', 'catkin_cmake_args': None, 'catkin_skip_building_tests': False, 'cmake_args': None, 'cmake_clean_cache': False, 'cmake_clean_first': False, 'cmake_force_configure': False, 'cmake_target': None, 'cmake_target_skip_unavailable': False, 'install_base': '/home/nvidia/Desktop/code/ros2-test/face-robot-01/install/neck_cmds', 'merge_install': False, 'path': '/home/nvidia/Desktop/code/ros2-test/face-robot-01/src/neck_cmds', 'symlink_install': False, 'test_result_base': None}
[1.228s] Level 5:colcon.colcon_core.verb:set package 'nn_computer' build argument 'cmake_args' from command line to 'None'
[1.229s] Level 5:colcon.colcon_core.verb:set package 'nn_computer' build argument 'cmake_target' from command line to 'None'
[1.229s] Level 5:colcon.colcon_core.verb:set package 'nn_computer' build argument 'cmake_target_skip_unavailable' from command line to 'False'
[1.229s] Level 5:colcon.colcon_core.verb:set package 'nn_computer' build argument 'cmake_clean_cache' from command line to 'False'
[1.229s] Level 5:colcon.colcon_core.verb:set package 'nn_computer' build argument 'cmake_clean_first' from command line to 'False'
[1.229s] Level 5:colcon.colcon_core.verb:set package 'nn_computer' build argument 'cmake_force_configure' from command line to 'False'
[1.229s] Level 5:colcon.colcon_core.verb:set package 'nn_computer' build argument 'ament_cmake_args' from command line to 'None'
[1.230s] Level 5:colcon.colcon_core.verb:set package 'nn_computer' build argument 'catkin_cmake_args' from command line to 'None'
[1.230s] Level 5:colcon.colcon_core.verb:set package 'nn_computer' build argument 'catkin_skip_building_tests' from command line to 'False'
[1.230s] DEBUG:colcon.colcon_core.verb:Building package 'nn_computer' with the following arguments: {'ament_cmake_args': None, 'build_base': '/home/nvidia/Desktop/code/ros2-test/face-robot-01/build/nn_computer', 'catkin_cmake_args': None, 'catkin_skip_building_tests': False, 'cmake_args': None, 'cmake_clean_cache': False, 'cmake_clean_first': False, 'cmake_force_configure': False, 'cmake_target': None, 'cmake_target_skip_unavailable': False, 'install_base': '/home/nvidia/Desktop/code/ros2-test/face-robot-01/install/nn_computer', 'merge_install': False, 'path': '/home/nvidia/Desktop/code/ros2-test/face-robot-01/src/nn_computer', 'symlink_install': False, 'test_result_base': None}
[1.231s] INFO:colcon.colcon_core.executor:Executing jobs using 'parallel' executor
[1.240s] DEBUG:colcon.colcon_parallel_executor.executor.parallel:run_until_complete
[1.242s] INFO:colcon.colcon_ros.task.ament_python.build:Building ROS package in '/home/nvidia/Desktop/code/ros2-test/face-robot-01/src/eye_cmds' with build type 'ament_python'
[1.243s] Level 1:colcon.colcon_core.shell:create_environment_hook('eye_cmds', 'ament_prefix_path')
[1.258s] INFO:colcon.colcon_core.plugin_system:Skipping extension 'colcon_core.shell.bat': Not used on non-Windows systems
[1.259s] INFO:colcon.colcon_core.shell:Creating environment hook '/home/nvidia/Desktop/code/ros2-test/face-robot-01/install/eye_cmds/share/eye_cmds/hook/ament_prefix_path.ps1'
[1.263s] INFO:colcon.colcon_core.shell:Creating environment descriptor '/home/nvidia/Desktop/code/ros2-test/face-robot-01/install/eye_cmds/share/eye_cmds/hook/ament_prefix_path.dsv'
[1.265s] INFO:colcon.colcon_core.shell:Creating environment hook '/home/nvidia/Desktop/code/ros2-test/face-robot-01/install/eye_cmds/share/eye_cmds/hook/ament_prefix_path.sh'
[1.269s] INFO:colcon.colcon_core.shell:Skip shell extension 'powershell' for command environment: Not usable outside of PowerShell
[1.269s] DEBUG:colcon.colcon_core.shell:Skip shell extension 'dsv' for command environment
[1.289s] INFO:colcon.colcon_ros.task.ament_python.build:Building ROS package in '/home/nvidia/Desktop/code/ros2-test/face-robot-01/src/eyeball_cmds' with build type 'ament_python'
[1.293s] Level 1:colcon.colcon_core.shell:create_environment_hook('eyeball_cmds', 'ament_prefix_path')
[1.299s] INFO:colcon.colcon_core.shell:Creating environment hook '/home/nvidia/Desktop/code/ros2-test/face-robot-01/install/eyeball_cmds/share/eyeball_cmds/hook/ament_prefix_path.ps1'
[1.303s] INFO:colcon.colcon_core.shell:Creating environment descriptor '/home/nvidia/Desktop/code/ros2-test/face-robot-01/install/eyeball_cmds/share/eyeball_cmds/hook/ament_prefix_path.dsv'
[1.305s] INFO:colcon.colcon_core.shell:Creating environment hook '/home/nvidia/Desktop/code/ros2-test/face-robot-01/install/eyeball_cmds/share/eyeball_cmds/hook/ament_prefix_path.sh'
[1.309s] INFO:colcon.colcon_core.shell:Skip shell extension 'powershell' for command environment: Not usable outside of PowerShell
[1.310s] DEBUG:colcon.colcon_core.shell:Skip shell extension 'dsv' for command environment
[1.332s] INFO:colcon.colcon_ros.task.ament_python.build:Building ROS package in '/home/nvidia/Desktop/code/ros2-test/face-robot-01/src/mouth_cmds' with build type 'ament_python'
[1.335s] Level 1:colcon.colcon_core.shell:create_environment_hook('mouth_cmds', 'ament_prefix_path')
[1.341s] INFO:colcon.colcon_core.shell:Creating environment hook '/home/nvidia/Desktop/code/ros2-test/face-robot-01/install/mouth_cmds/share/mouth_cmds/hook/ament_prefix_path.ps1'
[1.346s] INFO:colcon.colcon_core.shell:Creating environment descriptor '/home/nvidia/Desktop/code/ros2-test/face-robot-01/install/mouth_cmds/share/mouth_cmds/hook/ament_prefix_path.dsv'
[1.348s] INFO:colcon.colcon_core.shell:Creating environment hook '/home/nvidia/Desktop/code/ros2-test/face-robot-01/install/mouth_cmds/share/mouth_cmds/hook/ament_prefix_path.sh'
[1.353s] INFO:colcon.colcon_core.shell:Skip shell extension 'powershell' for command environment: Not usable outside of PowerShell
[1.353s] DEBUG:colcon.colcon_core.shell:Skip shell extension 'dsv' for command environment
[1.374s] INFO:colcon.colcon_ros.task.ament_python.build:Building ROS package in '/home/nvidia/Desktop/code/ros2-test/face-robot-01/src/mp_input' with build type 'ament_python'
[1.377s] Level 1:colcon.colcon_core.shell:create_environment_hook('mp_input', 'ament_prefix_path')
[1.383s] INFO:colcon.colcon_core.shell:Creating environment hook '/home/nvidia/Desktop/code/ros2-test/face-robot-01/install/mp_input/share/mp_input/hook/ament_prefix_path.ps1'
[1.389s] INFO:colcon.colcon_core.shell:Creating environment descriptor '/home/nvidia/Desktop/code/ros2-test/face-robot-01/install/mp_input/share/mp_input/hook/ament_prefix_path.dsv'
[1.391s] INFO:colcon.colcon_core.shell:Creating environment hook '/home/nvidia/Desktop/code/ros2-test/face-robot-01/install/mp_input/share/mp_input/hook/ament_prefix_path.sh'
[1.395s] INFO:colcon.colcon_core.shell:Skip shell extension 'powershell' for command environment: Not usable outside of PowerShell
[1.396s] DEBUG:colcon.colcon_core.shell:Skip shell extension 'dsv' for command environment
[1.417s] INFO:colcon.colcon_ros.task.ament_python.build:Building ROS package in '/home/nvidia/Desktop/code/ros2-test/face-robot-01/src/neck_cmds' with build type 'ament_python'
[1.420s] Level 1:colcon.colcon_core.shell:create_environment_hook('neck_cmds', 'ament_prefix_path')
[1.426s] INFO:colcon.colcon_core.shell:Creating environment hook '/home/nvidia/Desktop/code/ros2-test/face-robot-01/install/neck_cmds/share/neck_cmds/hook/ament_prefix_path.ps1'
[1.431s] INFO:colcon.colcon_core.shell:Creating environment descriptor '/home/nvidia/Desktop/code/ros2-test/face-robot-01/install/neck_cmds/share/neck_cmds/hook/ament_prefix_path.dsv'
[1.433s] INFO:colcon.colcon_core.shell:Creating environment hook '/home/nvidia/Desktop/code/ros2-test/face-robot-01/install/neck_cmds/share/neck_cmds/hook/ament_prefix_path.sh'
[1.437s] INFO:colcon.colcon_core.shell:Skip shell extension 'powershell' for command environment: Not usable outside of PowerShell
[1.437s] DEBUG:colcon.colcon_core.shell:Skip shell extension 'dsv' for command environment
[1.459s] INFO:colcon.colcon_ros.task.ament_python.build:Building ROS package in '/home/nvidia/Desktop/code/ros2-test/face-robot-01/src/nn_computer' with build type 'ament_python'
[1.463s] Level 1:colcon.colcon_core.shell:create_environment_hook('nn_computer', 'ament_prefix_path')
[1.468s] INFO:colcon.colcon_core.shell:Creating environment hook '/home/nvidia/Desktop/code/ros2-test/face-robot-01/install/nn_computer/share/nn_computer/hook/ament_prefix_path.ps1'
[1.473s] INFO:colcon.colcon_core.shell:Creating environment descriptor '/home/nvidia/Desktop/code/ros2-test/face-robot-01/install/nn_computer/share/nn_computer/hook/ament_prefix_path.dsv'
[1.475s] INFO:colcon.colcon_core.shell:Creating environment hook '/home/nvidia/Desktop/code/ros2-test/face-robot-01/install/nn_computer/share/nn_computer/hook/ament_prefix_path.sh'
[1.480s] INFO:colcon.colcon_core.shell:Skip shell extension 'powershell' for command environment: Not usable outside of PowerShell
[1.481s] DEBUG:colcon.colcon_core.shell:Skip shell extension 'dsv' for command environment
[2.530s] INFO:colcon.colcon_core.task.python.build:Building Python package in '/home/nvidia/Desktop/code/ros2-test/face-robot-01/src/eye_cmds'
[2.535s] INFO:colcon.colcon_core.shell:Skip shell extension 'powershell' for command environment: Not usable outside of PowerShell
[2.536s] DEBUG:colcon.colcon_core.shell:Skip shell extension 'dsv' for command environment
[3.594s] INFO:colcon.colcon_core.task.python.build:Building Python package in '/home/nvidia/Desktop/code/ros2-test/face-robot-01/src/eyeball_cmds'
[3.601s] INFO:colcon.colcon_core.shell:Skip shell extension 'powershell' for command environment: Not usable outside of PowerShell
[3.601s] DEBUG:colcon.colcon_core.shell:Skip shell extension 'dsv' for command environment
[4.629s] INFO:colcon.colcon_core.task.python.build:Building Python package in '/home/nvidia/Desktop/code/ros2-test/face-robot-01/src/mouth_cmds'
[4.635s] INFO:colcon.colcon_core.shell:Skip shell extension 'powershell' for command environment: Not usable outside of PowerShell
[4.636s] DEBUG:colcon.colcon_core.shell:Skip shell extension 'dsv' for command environment
[5.697s] INFO:colcon.colcon_core.task.python.build:Building Python package in '/home/nvidia/Desktop/code/ros2-test/face-robot-01/src/mp_input'
[5.704s] INFO:colcon.colcon_core.shell:Skip shell extension 'powershell' for command environment: Not usable outside of PowerShell
[5.705s] DEBUG:colcon.colcon_core.shell:Skip shell extension 'dsv' for command environment
[6.770s] INFO:colcon.colcon_core.task.python.build:Building Python package in '/home/nvidia/Desktop/code/ros2-test/face-robot-01/src/neck_cmds'
[6.776s] INFO:colcon.colcon_core.shell:Skip shell extension 'powershell' for command environment: Not usable outside of PowerShell
[6.777s] DEBUG:colcon.colcon_core.shell:Skip shell extension 'dsv' for command environment
[7.823s] INFO:colcon.colcon_core.task.python.build:Building Python package in '/home/nvidia/Desktop/code/ros2-test/face-robot-01/src/nn_computer'
[7.830s] INFO:colcon.colcon_core.shell:Skip shell extension 'powershell' for command environment: Not usable outside of PowerShell
[7.831s] DEBUG:colcon.colcon_core.shell:Skip shell extension 'dsv' for command environment
[9.865s] DEBUG:colcon.colcon_core.event_handler.log_command:Invoking command in '/home/nvidia/Desktop/code/ros2-test/face-robot-01/src/eye_cmds': PYTHONPATH=/home/nvidia/Desktop/code/ros2-test/face-robot-01/build/eye_cmds/prefix_override:/home/nvidia/Desktop/code/ros2-test/face-robot-01/install/eye_cmds/lib/python3.8/site-packages:${PYTHONPATH} /usr/bin/python3 setup.py egg_info --egg-base ../../build/eye_cmds build --build-base /home/nvidia/Desktop/code/ros2-test/face-robot-01/build/eye_cmds/build install --record /home/nvidia/Desktop/code/ros2-test/face-robot-01/build/eye_cmds/install.log --single-version-externally-managed
[9.917s] DEBUG:colcon.colcon_core.event_handler.log_command:Invoking command in '/home/nvidia/Desktop/code/ros2-test/face-robot-01/src/mouth_cmds': PYTHONPATH=/home/nvidia/Desktop/code/ros2-test/face-robot-01/build/mouth_cmds/prefix_override:/home/nvidia/Desktop/code/ros2-test/face-robot-01/install/mouth_cmds/lib/python3.8/site-packages:${PYTHONPATH} /usr/bin/python3 setup.py egg_info --egg-base ../../build/mouth_cmds build --build-base /home/nvidia/Desktop/code/ros2-test/face-robot-01/build/mouth_cmds/build install --record /home/nvidia/Desktop/code/ros2-test/face-robot-01/build/mouth_cmds/install.log --single-version-externally-managed
[10.026s] DEBUG:colcon.colcon_core.event_handler.log_command:Invoking command in '/home/nvidia/Desktop/code/ros2-test/face-robot-01/src/eyeball_cmds': PYTHONPATH=/home/nvidia/Desktop/code/ros2-test/face-robot-01/build/eyeball_cmds/prefix_override:/home/nvidia/Desktop/code/ros2-test/face-robot-01/install/eyeball_cmds/lib/python3.8/site-packages:${PYTHONPATH} /usr/bin/python3 setup.py egg_info --egg-base ../../build/eyeball_cmds build --build-base /home/nvidia/Desktop/code/ros2-test/face-robot-01/build/eyeball_cmds/build install --record /home/nvidia/Desktop/code/ros2-test/face-robot-01/build/eyeball_cmds/install.log --single-version-externally-managed
[10.059s] DEBUG:colcon.colcon_core.event_handler.log_command:Invoking command in '/home/nvidia/Desktop/code/ros2-test/face-robot-01/src/neck_cmds': PYTHONPATH=/home/nvidia/Desktop/code/ros2-test/face-robot-01/build/neck_cmds/prefix_override:/home/nvidia/Desktop/code/ros2-test/face-robot-01/install/neck_cmds/lib/python3.8/site-packages:${PYTHONPATH} /usr/bin/python3 setup.py egg_info --egg-base ../../build/neck_cmds build --build-base /home/nvidia/Desktop/code/ros2-test/face-robot-01/build/neck_cmds/build install --record /home/nvidia/Desktop/code/ros2-test/face-robot-01/build/neck_cmds/install.log --single-version-externally-managed
[10.139s] DEBUG:colcon.colcon_core.event_handler.log_command:Invoking command in '/home/nvidia/Desktop/code/ros2-test/face-robot-01/src/nn_computer': PYTHONPATH=/home/nvidia/Desktop/code/ros2-test/face-robot-01/build/nn_computer/prefix_override:/home/nvidia/Desktop/code/ros2-test/face-robot-01/install/nn_computer/lib/python3.8/site-packages:${PYTHONPATH} /usr/bin/python3 setup.py egg_info --egg-base ../../build/nn_computer build --build-base /home/nvidia/Desktop/code/ros2-test/face-robot-01/build/nn_computer/build install --record /home/nvidia/Desktop/code/ros2-test/face-robot-01/build/nn_computer/install.log --single-version-externally-managed
[10.204s] DEBUG:colcon.colcon_core.event_handler.log_command:Invoking command in '/home/nvidia/Desktop/code/ros2-test/face-robot-01/src/mp_input': PYTHONPATH=/home/nvidia/Desktop/code/ros2-test/face-robot-01/build/mp_input/prefix_override:/home/nvidia/Desktop/code/ros2-test/face-robot-01/install/mp_input/lib/python3.8/site-packages:${PYTHONPATH} /usr/bin/python3 setup.py egg_info --egg-base ../../build/mp_input build --build-base /home/nvidia/Desktop/code/ros2-test/face-robot-01/build/mp_input/build install --record /home/nvidia/Desktop/code/ros2-test/face-robot-01/build/mp_input/install.log --single-version-externally-managed
[11.739s] DEBUG:colcon.colcon_core.event_handler.log_command:Invoked command in '/home/nvidia/Desktop/code/ros2-test/face-robot-01/src/mouth_cmds' returned '0': PYTHONPATH=/home/nvidia/Desktop/code/ros2-test/face-robot-01/build/mouth_cmds/prefix_override:/home/nvidia/Desktop/code/ros2-test/face-robot-01/install/mouth_cmds/lib/python3.8/site-packages:${PYTHONPATH} /usr/bin/python3 setup.py egg_info --egg-base ../../build/mouth_cmds build --build-base /home/nvidia/Desktop/code/ros2-test/face-robot-01/build/mouth_cmds/build install --record /home/nvidia/Desktop/code/ros2-test/face-robot-01/build/mouth_cmds/install.log --single-version-externally-managed
[11.769s] Level 1:colcon.colcon_core.environment:checking '/home/nvidia/Desktop/code/ros2-test/face-robot-01/install/mouth_cmds' for CMake module files
[11.777s] Level 1:colcon.colcon_core.environment:checking '/home/nvidia/Desktop/code/ros2-test/face-robot-01/install/mouth_cmds' for CMake config files
[11.786s] Level 1:colcon.colcon_core.environment:checking '/home/nvidia/Desktop/code/ros2-test/face-robot-01/install/mouth_cmds/lib'
[11.789s] Level 1:colcon.colcon_core.environment:checking '/home/nvidia/Desktop/code/ros2-test/face-robot-01/install/mouth_cmds/bin'
[11.790s] Level 1:colcon.colcon_core.shell:create_environment_hook('mouth_cmds', 'path')
[11.793s] INFO:colcon.colcon_core.shell:Creating environment hook '/home/nvidia/Desktop/code/ros2-test/face-robot-01/install/mouth_cmds/share/mouth_cmds/hook/path.ps1'
[11.801s] INFO:colcon.colcon_core.shell:Creating environment descriptor '/home/nvidia/Desktop/code/ros2-test/face-robot-01/install/mouth_cmds/share/mouth_cmds/hook/path.dsv'
[11.805s] INFO:colcon.colcon_core.shell:Creating environment hook '/home/nvidia/Desktop/code/ros2-test/face-robot-01/install/mouth_cmds/share/mouth_cmds/hook/path.sh'
[11.808s] Level 1:colcon.colcon_core.environment:checking '/home/nvidia/Desktop/code/ros2-test/face-robot-01/install/mouth_cmds/lib/pkgconfig/mouth_cmds.pc'
[11.810s] Level 1:colcon.colcon_core.environment:checking '/home/nvidia/Desktop/code/ros2-test/face-robot-01/install/mouth_cmds/lib/python3.8/site-packages'
[11.810s] Level 1:colcon.colcon_core.shell:create_environment_hook('mouth_cmds', 'pythonpath')
[11.813s] INFO:colcon.colcon_core.shell:Creating environment hook '/home/nvidia/Desktop/code/ros2-test/face-robot-01/install/mouth_cmds/share/mouth_cmds/hook/pythonpath.ps1'
[11.815s] INFO:colcon.colcon_core.shell:Creating environment descriptor '/home/nvidia/Desktop/code/ros2-test/face-robot-01/install/mouth_cmds/share/mouth_cmds/hook/pythonpath.dsv'
[11.817s] INFO:colcon.colcon_core.shell:Creating environment hook '/home/nvidia/Desktop/code/ros2-test/face-robot-01/install/mouth_cmds/share/mouth_cmds/hook/pythonpath.sh'
[11.820s] Level 1:colcon.colcon_core.environment:checking '/home/nvidia/Desktop/code/ros2-test/face-robot-01/install/mouth_cmds/bin'
[11.821s] Level 1:colcon.colcon_core.shell:create_environment_hook('mouth_cmds', 'pythonscriptspath')
[11.823s] INFO:colcon.colcon_core.shell:Creating environment hook '/home/nvidia/Desktop/code/ros2-test/face-robot-01/install/mouth_cmds/share/mouth_cmds/hook/pythonscriptspath.ps1'
[11.825s] INFO:colcon.colcon_core.shell:Creating environment descriptor '/home/nvidia/Desktop/code/ros2-test/face-robot-01/install/mouth_cmds/share/mouth_cmds/hook/pythonscriptspath.dsv'
[11.827s] INFO:colcon.colcon_core.shell:Creating environment hook '/home/nvidia/Desktop/code/ros2-test/face-robot-01/install/mouth_cmds/share/mouth_cmds/hook/pythonscriptspath.sh'
[11.829s] Level 1:colcon.colcon_core.environment:create_environment_scripts_only(mouth_cmds)
[11.833s] INFO:colcon.colcon_core.shell:Creating package script '/home/nvidia/Desktop/code/ros2-test/face-robot-01/install/mouth_cmds/share/mouth_cmds/package.ps1'
[11.838s] INFO:colcon.colcon_core.shell:Creating package descriptor '/home/nvidia/Desktop/code/ros2-test/face-robot-01/install/mouth_cmds/share/mouth_cmds/package.dsv'
[11.842s] INFO:colcon.colcon_core.shell:Creating package script '/home/nvidia/Desktop/code/ros2-test/face-robot-01/install/mouth_cmds/share/mouth_cmds/package.sh'
[11.846s] INFO:colcon.colcon_core.shell:Creating package script '/home/nvidia/Desktop/code/ros2-test/face-robot-01/install/mouth_cmds/share/mouth_cmds/package.bash'
[11.849s] INFO:colcon.colcon_core.shell:Creating package script '/home/nvidia/Desktop/code/ros2-test/face-robot-01/install/mouth_cmds/share/mouth_cmds/package.zsh'
[11.853s] Level 1:colcon.colcon_core.environment:create_file_with_runtime_dependencies(/home/nvidia/Desktop/code/ros2-test/face-robot-01/install/mouth_cmds/share/colcon-core/packages/mouth_cmds)
[11.867s] Level 1:colcon.colcon_core.environment:checking '/home/nvidia/Desktop/code/ros2-test/face-robot-01/install/neck_cmds' for CMake module files
[11.870s] DEBUG:colcon.colcon_core.event_handler.log_command:Invoked command in '/home/nvidia/Desktop/code/ros2-test/face-robot-01/src/neck_cmds' returned '0': PYTHONPATH=/home/nvidia/Desktop/code/ros2-test/face-robot-01/build/neck_cmds/prefix_override:/home/nvidia/Desktop/code/ros2-test/face-robot-01/install/neck_cmds/lib/python3.8/site-packages:${PYTHONPATH} /usr/bin/python3 setup.py egg_info --egg-base ../../build/neck_cmds build --build-base /home/nvidia/Desktop/code/ros2-test/face-robot-01/build/neck_cmds/build install --record /home/nvidia/Desktop/code/ros2-test/face-robot-01/build/neck_cmds/install.log --single-version-externally-managed
[11.872s] Level 1:colcon.colcon_core.environment:checking '/home/nvidia/Desktop/code/ros2-test/face-robot-01/install/neck_cmds' for CMake config files
[11.875s] Level 1:colcon.colcon_core.environment:checking '/home/nvidia/Desktop/code/ros2-test/face-robot-01/install/neck_cmds/lib'
[11.875s] Level 1:colcon.colcon_core.environment:checking '/home/nvidia/Desktop/code/ros2-test/face-robot-01/install/neck_cmds/bin'
[11.875s] Level 1:colcon.colcon_core.shell:create_environment_hook('neck_cmds', 'path')
[11.878s] INFO:colcon.colcon_core.shell:Creating environment hook '/home/nvidia/Desktop/code/ros2-test/face-robot-01/install/neck_cmds/share/neck_cmds/hook/path.ps1'
[11.880s] INFO:colcon.colcon_core.shell:Creating environment descriptor '/home/nvidia/Desktop/code/ros2-test/face-robot-01/install/neck_cmds/share/neck_cmds/hook/path.dsv'
[11.882s] INFO:colcon.colcon_core.shell:Creating environment hook '/home/nvidia/Desktop/code/ros2-test/face-robot-01/install/neck_cmds/share/neck_cmds/hook/path.sh'
[11.886s] Level 1:colcon.colcon_core.environment:checking '/home/nvidia/Desktop/code/ros2-test/face-robot-01/install/neck_cmds/lib/pkgconfig/neck_cmds.pc'
[11.888s] Level 1:colcon.colcon_core.environment:checking '/home/nvidia/Desktop/code/ros2-test/face-robot-01/install/neck_cmds/lib/python3.8/site-packages'
[11.888s] Level 1:colcon.colcon_core.shell:create_environment_hook('neck_cmds', 'pythonpath')
[11.892s] INFO:colcon.colcon_core.shell:Creating environment hook '/home/nvidia/Desktop/code/ros2-test/face-robot-01/install/neck_cmds/share/neck_cmds/hook/pythonpath.ps1'
[11.895s] INFO:colcon.colcon_core.shell:Creating environment descriptor '/home/nvidia/Desktop/code/ros2-test/face-robot-01/install/neck_cmds/share/neck_cmds/hook/pythonpath.dsv'
[11.898s] INFO:colcon.colcon_core.shell:Creating environment hook '/home/nvidia/Desktop/code/ros2-test/face-robot-01/install/neck_cmds/share/neck_cmds/hook/pythonpath.sh'
[11.901s] Level 1:colcon.colcon_core.environment:checking '/home/nvidia/Desktop/code/ros2-test/face-robot-01/install/neck_cmds/bin'
[11.902s] Level 1:colcon.colcon_core.shell:create_environment_hook('neck_cmds', 'pythonscriptspath')
[11.904s] INFO:colcon.colcon_core.shell:Creating environment hook '/home/nvidia/Desktop/code/ros2-test/face-robot-01/install/neck_cmds/share/neck_cmds/hook/pythonscriptspath.ps1'
[11.906s] INFO:colcon.colcon_core.shell:Creating environment descriptor '/home/nvidia/Desktop/code/ros2-test/face-robot-01/install/neck_cmds/share/neck_cmds/hook/pythonscriptspath.dsv'
[11.908s] INFO:colcon.colcon_core.shell:Creating environment hook '/home/nvidia/Desktop/code/ros2-test/face-robot-01/install/neck_cmds/share/neck_cmds/hook/pythonscriptspath.sh'
[11.910s] Level 1:colcon.colcon_core.environment:create_environment_scripts_only(neck_cmds)
[11.913s] INFO:colcon.colcon_core.shell:Creating package script '/home/nvidia/Desktop/code/ros2-test/face-robot-01/install/neck_cmds/share/neck_cmds/package.ps1'
[11.917s] INFO:colcon.colcon_core.shell:Creating package descriptor '/home/nvidia/Desktop/code/ros2-test/face-robot-01/install/neck_cmds/share/neck_cmds/package.dsv'
[11.920s] INFO:colcon.colcon_core.shell:Creating package script '/home/nvidia/Desktop/code/ros2-test/face-robot-01/install/neck_cmds/share/neck_cmds/package.sh'
[11.922s] INFO:colcon.colcon_core.shell:Creating package script '/home/nvidia/Desktop/code/ros2-test/face-robot-01/install/neck_cmds/share/neck_cmds/package.bash'
[11.925s] INFO:colcon.colcon_core.shell:Creating package script '/home/nvidia/Desktop/code/ros2-test/face-robot-01/install/neck_cmds/share/neck_cmds/package.zsh'
[11.926s] Level 1:colcon.colcon_core.environment:create_file_with_runtime_dependencies(/home/nvidia/Desktop/code/ros2-test/face-robot-01/install/neck_cmds/share/colcon-core/packages/neck_cmds)
[11.931s] Level 1:colcon.colcon_core.environment:checking '/home/nvidia/Desktop/code/ros2-test/face-robot-01/install/nn_computer' for CMake module files
[11.936s] Level 1:colcon.colcon_core.environment:checking '/home/nvidia/Desktop/code/ros2-test/face-robot-01/install/nn_computer' for CMake config files
[11.938s] DEBUG:colcon.colcon_core.event_handler.log_command:Invoked command in '/home/nvidia/Desktop/code/ros2-test/face-robot-01/src/nn_computer' returned '0': PYTHONPATH=/home/nvidia/Desktop/code/ros2-test/face-robot-01/build/nn_computer/prefix_override:/home/nvidia/Desktop/code/ros2-test/face-robot-01/install/nn_computer/lib/python3.8/site-packages:${PYTHONPATH} /usr/bin/python3 setup.py egg_info --egg-base ../../build/nn_computer build --build-base /home/nvidia/Desktop/code/ros2-test/face-robot-01/build/nn_computer/build install --record /home/nvidia/Desktop/code/ros2-test/face-robot-01/build/nn_computer/install.log --single-version-externally-managed
[11.942s] Level 1:colcon.colcon_core.environment:checking '/home/nvidia/Desktop/code/ros2-test/face-robot-01/install/nn_computer/lib'
[11.942s] Level 1:colcon.colcon_core.environment:checking '/home/nvidia/Desktop/code/ros2-test/face-robot-01/install/nn_computer/bin'
[11.943s] Level 1:colcon.colcon_core.shell:create_environment_hook('nn_computer', 'path')
[11.945s] INFO:colcon.colcon_core.shell:Creating environment hook '/home/nvidia/Desktop/code/ros2-test/face-robot-01/install/nn_computer/share/nn_computer/hook/path.ps1'
[11.948s] INFO:colcon.colcon_core.shell:Creating environment descriptor '/home/nvidia/Desktop/code/ros2-test/face-robot-01/install/nn_computer/share/nn_computer/hook/path.dsv'
[11.949s] INFO:colcon.colcon_core.shell:Creating environment hook '/home/nvidia/Desktop/code/ros2-test/face-robot-01/install/nn_computer/share/nn_computer/hook/path.sh'
[11.951s] Level 1:colcon.colcon_core.environment:checking '/home/nvidia/Desktop/code/ros2-test/face-robot-01/install/nn_computer/lib/pkgconfig/nn_computer.pc'
[11.952s] Level 1:colcon.colcon_core.environment:checking '/home/nvidia/Desktop/code/ros2-test/face-robot-01/install/nn_computer/lib/python3.8/site-packages'
[11.953s] Level 1:colcon.colcon_core.shell:create_environment_hook('nn_computer', 'pythonpath')
[11.955s] INFO:colcon.colcon_core.shell:Creating environment hook '/home/nvidia/Desktop/code/ros2-test/face-robot-01/install/nn_computer/share/nn_computer/hook/pythonpath.ps1'
[11.957s] INFO:colcon.colcon_core.shell:Creating environment descriptor '/home/nvidia/Desktop/code/ros2-test/face-robot-01/install/nn_computer/share/nn_computer/hook/pythonpath.dsv'
[11.958s] INFO:colcon.colcon_core.shell:Creating environment hook '/home/nvidia/Desktop/code/ros2-test/face-robot-01/install/nn_computer/share/nn_computer/hook/pythonpath.sh'
[11.961s] Level 1:colcon.colcon_core.environment:checking '/home/nvidia/Desktop/code/ros2-test/face-robot-01/install/nn_computer/bin'
[11.961s] Level 1:colcon.colcon_core.shell:create_environment_hook('nn_computer', 'pythonscriptspath')
[11.963s] INFO:colcon.colcon_core.shell:Creating environment hook '/home/nvidia/Desktop/code/ros2-test/face-robot-01/install/nn_computer/share/nn_computer/hook/pythonscriptspath.ps1'
[11.966s] INFO:colcon.colcon_core.shell:Creating environment descriptor '/home/nvidia/Desktop/code/ros2-test/face-robot-01/install/nn_computer/share/nn_computer/hook/pythonscriptspath.dsv'
[11.967s] INFO:colcon.colcon_core.shell:Creating environment hook '/home/nvidia/Desktop/code/ros2-test/face-robot-01/install/nn_computer/share/nn_computer/hook/pythonscriptspath.sh'
[11.969s] Level 1:colcon.colcon_core.environment:create_environment_scripts_only(nn_computer)
[11.972s] INFO:colcon.colcon_core.shell:Creating package script '/home/nvidia/Desktop/code/ros2-test/face-robot-01/install/nn_computer/share/nn_computer/package.ps1'
[11.975s] INFO:colcon.colcon_core.shell:Creating package descriptor '/home/nvidia/Desktop/code/ros2-test/face-robot-01/install/nn_computer/share/nn_computer/package.dsv'
[11.978s] INFO:colcon.colcon_core.shell:Creating package script '/home/nvidia/Desktop/code/ros2-test/face-robot-01/install/nn_computer/share/nn_computer/package.sh'
[11.980s] INFO:colcon.colcon_core.shell:Creating package script '/home/nvidia/Desktop/code/ros2-test/face-robot-01/install/nn_computer/share/nn_computer/package.bash'
[11.982s] INFO:colcon.colcon_core.shell:Creating package script '/home/nvidia/Desktop/code/ros2-test/face-robot-01/install/nn_computer/share/nn_computer/package.zsh'
[11.983s] Level 1:colcon.colcon_core.environment:create_file_with_runtime_dependencies(/home/nvidia/Desktop/code/ros2-test/face-robot-01/install/nn_computer/share/colcon-core/packages/nn_computer)
[11.988s] Level 1:colcon.colcon_core.environment:checking '/home/nvidia/Desktop/code/ros2-test/face-robot-01/install/eye_cmds' for CMake module files
[11.993s] Level 1:colcon.colcon_core.environment:checking '/home/nvidia/Desktop/code/ros2-test/face-robot-01/install/eye_cmds' for CMake config files
[11.994s] DEBUG:colcon.colcon_core.event_handler.log_command:Invoked command in '/home/nvidia/Desktop/code/ros2-test/face-robot-01/src/eye_cmds' returned '0': PYTHONPATH=/home/nvidia/Desktop/code/ros2-test/face-robot-01/build/eye_cmds/prefix_override:/home/nvidia/Desktop/code/ros2-test/face-robot-01/install/eye_cmds/lib/python3.8/site-packages:${PYTHONPATH} /usr/bin/python3 setup.py egg_info --egg-base ../../build/eye_cmds build --build-base /home/nvidia/Desktop/code/ros2-test/face-robot-01/build/eye_cmds/build install --record /home/nvidia/Desktop/code/ros2-test/face-robot-01/build/eye_cmds/install.log --single-version-externally-managed
[11.998s] Level 1:colcon.colcon_core.environment:checking '/home/nvidia/Desktop/code/ros2-test/face-robot-01/install/eye_cmds/lib'
[11.998s] Level 1:colcon.colcon_core.environment:checking '/home/nvidia/Desktop/code/ros2-test/face-robot-01/install/eye_cmds/bin'
[11.999s] Level 1:colcon.colcon_core.shell:create_environment_hook('eye_cmds', 'path')
[12.001s] INFO:colcon.colcon_core.shell:Creating environment hook '/home/nvidia/Desktop/code/ros2-test/face-robot-01/install/eye_cmds/share/eye_cmds/hook/path.ps1'
[12.003s] INFO:colcon.colcon_core.shell:Creating environment descriptor '/home/nvidia/Desktop/code/ros2-test/face-robot-01/install/eye_cmds/share/eye_cmds/hook/path.dsv'
[12.005s] INFO:colcon.colcon_core.shell:Creating environment hook '/home/nvidia/Desktop/code/ros2-test/face-robot-01/install/eye_cmds/share/eye_cmds/hook/path.sh'
[12.008s] Level 1:colcon.colcon_core.environment:checking '/home/nvidia/Desktop/code/ros2-test/face-robot-01/install/eye_cmds/lib/pkgconfig/eye_cmds.pc'
[12.009s] Level 1:colcon.colcon_core.environment:checking '/home/nvidia/Desktop/code/ros2-test/face-robot-01/install/eye_cmds/lib/python3.8/site-packages'
[12.009s] Level 1:colcon.colcon_core.shell:create_environment_hook('eye_cmds', 'pythonpath')
[12.011s] INFO:colcon.colcon_core.shell:Creating environment hook '/home/nvidia/Desktop/code/ros2-test/face-robot-01/install/eye_cmds/share/eye_cmds/hook/pythonpath.ps1'
[12.014s] INFO:colcon.colcon_core.shell:Creating environment descriptor '/home/nvidia/Desktop/code/ros2-test/face-robot-01/install/eye_cmds/share/eye_cmds/hook/pythonpath.dsv'
[12.016s] INFO:colcon.colcon_core.shell:Creating environment hook '/home/nvidia/Desktop/code/ros2-test/face-robot-01/install/eye_cmds/share/eye_cmds/hook/pythonpath.sh'
[12.018s] Level 1:colcon.colcon_core.environment:checking '/home/nvidia/Desktop/code/ros2-test/face-robot-01/install/eye_cmds/bin'
[12.019s] Level 1:colcon.colcon_core.shell:create_environment_hook('eye_cmds', 'pythonscriptspath')
[12.021s] INFO:colcon.colcon_core.shell:Creating environment hook '/home/nvidia/Desktop/code/ros2-test/face-robot-01/install/eye_cmds/share/eye_cmds/hook/pythonscriptspath.ps1'
[12.023s] INFO:colcon.colcon_core.shell:Creating environment descriptor '/home/nvidia/Desktop/code/ros2-test/face-robot-01/install/eye_cmds/share/eye_cmds/hook/pythonscriptspath.dsv'
[12.024s] INFO:colcon.colcon_core.shell:Creating environment hook '/home/nvidia/Desktop/code/ros2-test/face-robot-01/install/eye_cmds/share/eye_cmds/hook/pythonscriptspath.sh'
[12.026s] Level 1:colcon.colcon_core.environment:create_environment_scripts_only(eye_cmds)
[12.029s] INFO:colcon.colcon_core.shell:Creating package script '/home/nvidia/Desktop/code/ros2-test/face-robot-01/install/eye_cmds/share/eye_cmds/package.ps1'
[12.031s] INFO:colcon.colcon_core.shell:Creating package descriptor '/home/nvidia/Desktop/code/ros2-test/face-robot-01/install/eye_cmds/share/eye_cmds/package.dsv'
[12.037s] INFO:colcon.colcon_core.shell:Creating package script '/home/nvidia/Desktop/code/ros2-test/face-robot-01/install/eye_cmds/share/eye_cmds/package.sh'
[12.039s] INFO:colcon.colcon_core.shell:Creating package script '/home/nvidia/Desktop/code/ros2-test/face-robot-01/install/eye_cmds/share/eye_cmds/package.bash'
[12.041s] INFO:colcon.colcon_core.shell:Creating package script '/home/nvidia/Desktop/code/ros2-test/face-robot-01/install/eye_cmds/share/eye_cmds/package.zsh'
[12.042s] Level 1:colcon.colcon_core.environment:create_file_with_runtime_dependencies(/home/nvidia/Desktop/code/ros2-test/face-robot-01/install/eye_cmds/share/colcon-core/packages/eye_cmds)
[12.049s] Level 1:colcon.colcon_core.environment:checking '/home/nvidia/Desktop/code/ros2-test/face-robot-01/install/eyeball_cmds' for CMake module files
[12.054s] DEBUG:colcon.colcon_core.event_handler.log_command:Invoked command in '/home/nvidia/Desktop/code/ros2-test/face-robot-01/src/eyeball_cmds' returned '0': PYTHONPATH=/home/nvidia/Desktop/code/ros2-test/face-robot-01/build/eyeball_cmds/prefix_override:/home/nvidia/Desktop/code/ros2-test/face-robot-01/install/eyeball_cmds/lib/python3.8/site-packages:${PYTHONPATH} /usr/bin/python3 setup.py egg_info --egg-base ../../build/eyeball_cmds build --build-base /home/nvidia/Desktop/code/ros2-test/face-robot-01/build/eyeball_cmds/build install --record /home/nvidia/Desktop/code/ros2-test/face-robot-01/build/eyeball_cmds/install.log --single-version-externally-managed
[12.055s] Level 1:colcon.colcon_core.environment:checking '/home/nvidia/Desktop/code/ros2-test/face-robot-01/install/eyeball_cmds' for CMake config files
[12.058s] Level 1:colcon.colcon_core.environment:checking '/home/nvidia/Desktop/code/ros2-test/face-robot-01/install/eyeball_cmds/lib'
[12.058s] Level 1:colcon.colcon_core.environment:checking '/home/nvidia/Desktop/code/ros2-test/face-robot-01/install/eyeball_cmds/bin'
[12.058s] Level 1:colcon.colcon_core.shell:create_environment_hook('eyeball_cmds', 'path')
[12.061s] INFO:colcon.colcon_core.shell:Creating environment hook '/home/nvidia/Desktop/code/ros2-test/face-robot-01/install/eyeball_cmds/share/eyeball_cmds/hook/path.ps1'
[12.063s] INFO:colcon.colcon_core.shell:Creating environment descriptor '/home/nvidia/Desktop/code/ros2-test/face-robot-01/install/eyeball_cmds/share/eyeball_cmds/hook/path.dsv'
[12.064s] INFO:colcon.colcon_core.shell:Creating environment hook '/home/nvidia/Desktop/code/ros2-test/face-robot-01/install/eyeball_cmds/share/eyeball_cmds/hook/path.sh'
[12.066s] Level 1:colcon.colcon_core.environment:checking '/home/nvidia/Desktop/code/ros2-test/face-robot-01/install/eyeball_cmds/lib/pkgconfig/eyeball_cmds.pc'
[12.067s] Level 1:colcon.colcon_core.environment:checking '/home/nvidia/Desktop/code/ros2-test/face-robot-01/install/eyeball_cmds/lib/python3.8/site-packages'
[12.067s] Level 1:colcon.colcon_core.shell:create_environment_hook('eyeball_cmds', 'pythonpath')
[12.069s] INFO:colcon.colcon_core.shell:Creating environment hook '/home/nvidia/Desktop/code/ros2-test/face-robot-01/install/eyeball_cmds/share/eyeball_cmds/hook/pythonpath.ps1'
[12.071s] INFO:colcon.colcon_core.shell:Creating environment descriptor '/home/nvidia/Desktop/code/ros2-test/face-robot-01/install/eyeball_cmds/share/eyeball_cmds/hook/pythonpath.dsv'
[12.072s] INFO:colcon.colcon_core.shell:Creating environment hook '/home/nvidia/Desktop/code/ros2-test/face-robot-01/install/eyeball_cmds/share/eyeball_cmds/hook/pythonpath.sh'
[12.075s] Level 1:colcon.colcon_core.environment:checking '/home/nvidia/Desktop/code/ros2-test/face-robot-01/install/eyeball_cmds/bin'
[12.075s] Level 1:colcon.colcon_core.shell:create_environment_hook('eyeball_cmds', 'pythonscriptspath')
[12.077s] INFO:colcon.colcon_core.shell:Creating environment hook '/home/nvidia/Desktop/code/ros2-test/face-robot-01/install/eyeball_cmds/share/eyeball_cmds/hook/pythonscriptspath.ps1'
[12.079s] INFO:colcon.colcon_core.shell:Creating environment descriptor '/home/nvidia/Desktop/code/ros2-test/face-robot-01/install/eyeball_cmds/share/eyeball_cmds/hook/pythonscriptspath.dsv'
[12.080s] INFO:colcon.colcon_core.shell:Creating environment hook '/home/nvidia/Desktop/code/ros2-test/face-robot-01/install/eyeball_cmds/share/eyeball_cmds/hook/pythonscriptspath.sh'
[12.082s] Level 1:colcon.colcon_core.environment:create_environment_scripts_only(eyeball_cmds)
[12.085s] INFO:colcon.colcon_core.shell:Creating package script '/home/nvidia/Desktop/code/ros2-test/face-robot-01/install/eyeball_cmds/share/eyeball_cmds/package.ps1'
[12.087s] INFO:colcon.colcon_core.shell:Creating package descriptor '/home/nvidia/Desktop/code/ros2-test/face-robot-01/install/eyeball_cmds/share/eyeball_cmds/package.dsv'
[12.090s] INFO:colcon.colcon_core.shell:Creating package script '/home/nvidia/Desktop/code/ros2-test/face-robot-01/install/eyeball_cmds/share/eyeball_cmds/package.sh'
[12.092s] INFO:colcon.colcon_core.shell:Creating package script '/home/nvidia/Desktop/code/ros2-test/face-robot-01/install/eyeball_cmds/share/eyeball_cmds/package.bash'
[12.094s] INFO:colcon.colcon_core.shell:Creating package script '/home/nvidia/Desktop/code/ros2-test/face-robot-01/install/eyeball_cmds/share/eyeball_cmds/package.zsh'
[12.095s] Level 1:colcon.colcon_core.environment:create_file_with_runtime_dependencies(/home/nvidia/Desktop/code/ros2-test/face-robot-01/install/eyeball_cmds/share/colcon-core/packages/eyeball_cmds)
[12.100s] Level 1:colcon.colcon_core.environment:checking '/home/nvidia/Desktop/code/ros2-test/face-robot-01/install/mp_input' for CMake module files
[12.106s] DEBUG:colcon.colcon_core.event_handler.log_command:Invoked command in '/home/nvidia/Desktop/code/ros2-test/face-robot-01/src/mp_input' returned '0': PYTHONPATH=/home/nvidia/Desktop/code/ros2-test/face-robot-01/build/mp_input/prefix_override:/home/nvidia/Desktop/code/ros2-test/face-robot-01/install/mp_input/lib/python3.8/site-packages:${PYTHONPATH} /usr/bin/python3 setup.py egg_info --egg-base ../../build/mp_input build --build-base /home/nvidia/Desktop/code/ros2-test/face-robot-01/build/mp_input/build install --record /home/nvidia/Desktop/code/ros2-test/face-robot-01/build/mp_input/install.log --single-version-externally-managed
[12.107s] Level 1:colcon.colcon_core.environment:checking '/home/nvidia/Desktop/code/ros2-test/face-robot-01/install/mp_input' for CMake config files
[12.110s] Level 1:colcon.colcon_core.environment:checking '/home/nvidia/Desktop/code/ros2-test/face-robot-01/install/mp_input/lib'
[12.111s] Level 1:colcon.colcon_core.environment:checking '/home/nvidia/Desktop/code/ros2-test/face-robot-01/install/mp_input/bin'
[12.111s] Level 1:colcon.colcon_core.shell:create_environment_hook('mp_input', 'path')
[12.113s] INFO:colcon.colcon_core.shell:Creating environment hook '/home/nvidia/Desktop/code/ros2-test/face-robot-01/install/mp_input/share/mp_input/hook/path.ps1'
[12.115s] INFO:colcon.colcon_core.shell:Creating environment descriptor '/home/nvidia/Desktop/code/ros2-test/face-robot-01/install/mp_input/share/mp_input/hook/path.dsv'
[12.117s] INFO:colcon.colcon_core.shell:Creating environment hook '/home/nvidia/Desktop/code/ros2-test/face-robot-01/install/mp_input/share/mp_input/hook/path.sh'
[12.118s] Level 1:colcon.colcon_core.environment:checking '/home/nvidia/Desktop/code/ros2-test/face-robot-01/install/mp_input/lib/pkgconfig/mp_input.pc'
[12.119s] Level 1:colcon.colcon_core.environment:checking '/home/nvidia/Desktop/code/ros2-test/face-robot-01/install/mp_input/lib/python3.8/site-packages'
[12.120s] Level 1:colcon.colcon_core.shell:create_environment_hook('mp_input', 'pythonpath')
[12.122s] INFO:colcon.colcon_core.shell:Creating environment hook '/home/nvidia/Desktop/code/ros2-test/face-robot-01/install/mp_input/share/mp_input/hook/pythonpath.ps1'
[12.124s] INFO:colcon.colcon_core.shell:Creating environment descriptor '/home/nvidia/Desktop/code/ros2-test/face-robot-01/install/mp_input/share/mp_input/hook/pythonpath.dsv'
[12.125s] INFO:colcon.colcon_core.shell:Creating environment hook '/home/nvidia/Desktop/code/ros2-test/face-robot-01/install/mp_input/share/mp_input/hook/pythonpath.sh'
[12.127s] Level 1:colcon.colcon_core.environment:checking '/home/nvidia/Desktop/code/ros2-test/face-robot-01/install/mp_input/bin'
[12.128s] Level 1:colcon.colcon_core.shell:create_environment_hook('mp_input', 'pythonscriptspath')
[12.130s] INFO:colcon.colcon_core.shell:Creating environment hook '/home/nvidia/Desktop/code/ros2-test/face-robot-01/install/mp_input/share/mp_input/hook/pythonscriptspath.ps1'
[12.132s] INFO:colcon.colcon_core.shell:Creating environment descriptor '/home/nvidia/Desktop/code/ros2-test/face-robot-01/install/mp_input/share/mp_input/hook/pythonscriptspath.dsv'
[12.133s] INFO:colcon.colcon_core.shell:Creating environment hook '/home/nvidia/Desktop/code/ros2-test/face-robot-01/install/mp_input/share/mp_input/hook/pythonscriptspath.sh'
[12.135s] Level 1:colcon.colcon_core.environment:create_environment_scripts_only(mp_input)
[12.138s] INFO:colcon.colcon_core.shell:Creating package script '/home/nvidia/Desktop/code/ros2-test/face-robot-01/install/mp_input/share/mp_input/package.ps1'
[12.141s] INFO:colcon.colcon_core.shell:Creating package descriptor '/home/nvidia/Desktop/code/ros2-test/face-robot-01/install/mp_input/share/mp_input/package.dsv'
[12.143s] INFO:colcon.colcon_core.shell:Creating package script '/home/nvidia/Desktop/code/ros2-test/face-robot-01/install/mp_input/share/mp_input/package.sh'
[12.145s] INFO:colcon.colcon_core.shell:Creating package script '/home/nvidia/Desktop/code/ros2-test/face-robot-01/install/mp_input/share/mp_input/package.bash'
[12.147s] INFO:colcon.colcon_core.shell:Creating package script '/home/nvidia/Desktop/code/ros2-test/face-robot-01/install/mp_input/share/mp_input/package.zsh'
[12.148s] Level 1:colcon.colcon_core.environment:create_file_with_runtime_dependencies(/home/nvidia/Desktop/code/ros2-test/face-robot-01/install/mp_input/share/colcon-core/packages/mp_input)
[12.150s] DEBUG:colcon.colcon_parallel_executor.executor.parallel:closing loop
[12.151s] DEBUG:colcon.colcon_parallel_executor.executor.parallel:loop closed
[12.152s] DEBUG:colcon.colcon_parallel_executor.executor.parallel:run_until_complete finished with '0'
[12.153s] DEBUG:colcon.colcon_core.event_reactor:joining thread
[12.181s] INFO:colcon.colcon_core.plugin_system:Skipping extension 'colcon_notification.desktop_notification.terminal_notifier': Not used on non-Darwin systems
[12.182s] INFO:colcon.colcon_core.plugin_system:Skipping extension 'colcon_notification.desktop_notification.win32': Not used on non-Windows systems
[12.182s] INFO:colcon.colcon_notification.desktop_notification:Sending desktop notification using 'notify2'
[12.270s] DEBUG:colcon.colcon_core.event_reactor:joined thread
[12.273s] INFO:colcon.colcon_core.shell:Creating prefix script '/home/nvidia/Desktop/code/ros2-test/face-robot-01/install/local_setup.ps1'
[12.278s] INFO:colcon.colcon_core.shell:Creating prefix util module '/home/nvidia/Desktop/code/ros2-test/face-robot-01/install/_local_setup_util_ps1.py'
[12.284s] INFO:colcon.colcon_core.shell:Creating prefix chain script '/home/nvidia/Desktop/code/ros2-test/face-robot-01/install/setup.ps1'
[12.289s] INFO:colcon.colcon_core.shell:Creating prefix script '/home/nvidia/Desktop/code/ros2-test/face-robot-01/install/local_setup.sh'
[12.293s] INFO:colcon.colcon_core.shell:Creating prefix util module '/home/nvidia/Desktop/code/ros2-test/face-robot-01/install/_local_setup_util_sh.py'
[12.296s] INFO:colcon.colcon_core.shell:Creating prefix chain script '/home/nvidia/Desktop/code/ros2-test/face-robot-01/install/setup.sh'
[12.301s] INFO:colcon.colcon_core.shell:Creating prefix script '/home/nvidia/Desktop/code/ros2-test/face-robot-01/install/local_setup.bash'
[12.304s] INFO:colcon.colcon_core.shell:Creating prefix chain script '/home/nvidia/Desktop/code/ros2-test/face-robot-01/install/setup.bash'
[12.311s] INFO:colcon.colcon_core.shell:Creating prefix script '/home/nvidia/Desktop/code/ros2-test/face-robot-01/install/local_setup.zsh'
[12.313s] INFO:colcon.colcon_core.shell:Creating prefix chain script '/home/nvidia/Desktop/code/ros2-test/face-robot-01/install/setup.zsh'
