[1.080s] Invoking command in '/home/parallels/code/ros2-test/camera-test/src/nn_computer': CONDA_PROMPT_MODIFIER=(base) PYTHONPATH=/home/parallels/code/ros2-test/camera-test/install/nn_computer/lib/python3.8/site-packages:${PYTHONPATH} /usr/bin/python3 setup.py egg_info --egg-base ../../build/nn_computer build --build-base /home/parallels/code/ros2-test/camera-test/build/nn_computer/build install --prefix /home/parallels/code/ros2-test/camera-test/install/nn_computer --record /home/parallels/code/ros2-test/camera-test/build/nn_computer/install.log --single-version-externally-managed
[1.371s] running egg_info
[1.371s] writing ../../build/nn_computer/nn_computer.egg-info/PKG-INFO
[1.373s] writing dependency_links to ../../build/nn_computer/nn_computer.egg-info/dependency_links.txt
[1.374s] writing entry points to ../../build/nn_computer/nn_computer.egg-info/entry_points.txt
[1.374s] writing requirements to ../../build/nn_computer/nn_computer.egg-info/requires.txt
[1.375s] writing top-level names to ../../build/nn_computer/nn_computer.egg-info/top_level.txt
[1.419s] reading manifest file '../../build/nn_computer/nn_computer.egg-info/SOURCES.txt'
[1.419s] writing manifest file '../../build/nn_computer/nn_computer.egg-info/SOURCES.txt'
[1.420s] running build
[1.420s] running build_py
[1.423s] running install
[1.424s] running install_lib
[1.426s] running install_data
[1.426s] running install_egg_info
[1.427s] removing '/home/parallels/code/ros2-test/camera-test/install/nn_computer/lib/python3.8/site-packages/nn_computer-0.0.0-py3.8.egg-info' (and everything under it)
[1.455s] Copying ../../build/nn_computer/nn_computer.egg-info to /home/parallels/code/ros2-test/camera-test/install/nn_computer/lib/python3.8/site-packages/nn_computer-0.0.0-py3.8.egg-info
[1.457s] running install_scripts
[1.471s] Installing nn_node script to /home/parallels/code/ros2-test/camera-test/install/nn_computer/lib/nn_computer
[1.485s] writing list of installed files to '/home/parallels/code/ros2-test/camera-test/build/nn_computer/install.log'
[1.510s] Invoked command in '/home/parallels/code/ros2-test/camera-test/src/nn_computer' returned '0': CONDA_PROMPT_MODIFIER=(base) PYTHONPATH=/home/parallels/code/ros2-test/camera-test/install/nn_computer/lib/python3.8/site-packages:${PYTHONPATH} /usr/bin/python3 setup.py egg_info --egg-base ../../build/nn_computer build --build-base /home/parallels/code/ros2-test/camera-test/build/nn_computer/build install --prefix /home/parallels/code/ros2-test/camera-test/install/nn_computer --record /home/parallels/code/ros2-test/camera-test/build/nn_computer/install.log --single-version-externally-managed
