[10.343s] Invoking command in '/home/nvidia/Desktop/code/ros2-test/face-robot-01/src/nn_computer': PYTHONPATH=/home/nvidia/Desktop/code/ros2-test/face-robot-01/build/nn_computer/prefix_override:/home/nvidia/Desktop/code/ros2-test/face-robot-01/install/nn_computer/lib/python3.8/site-packages:${PYTHONPATH} /usr/bin/python3 setup.py egg_info --egg-base ../../build/nn_computer build --build-base /home/nvidia/Desktop/code/ros2-test/face-robot-01/build/nn_computer/build install --record /home/nvidia/Desktop/code/ros2-test/face-robot-01/build/nn_computer/install.log --single-version-externally-managed
[11.683s] running egg_info
[11.685s] writing ../../build/nn_computer/nn_computer.egg-info/PKG-INFO
[11.687s] writing dependency_links to ../../build/nn_computer/nn_computer.egg-info/dependency_links.txt
[11.690s] writing entry points to ../../build/nn_computer/nn_computer.egg-info/entry_points.txt
[11.691s] writing requirements to ../../build/nn_computer/nn_computer.egg-info/requires.txt
[11.693s] writing top-level names to ../../build/nn_computer/nn_computer.egg-info/top_level.txt
[11.878s] reading manifest file '../../build/nn_computer/nn_computer.egg-info/SOURCES.txt'
[11.883s] writing manifest file '../../build/nn_computer/nn_computer.egg-info/SOURCES.txt'
[11.884s] running build
[11.885s] running build_py
[11.885s] running install
[11.891s] running install_lib
[11.898s] running install_data
[11.902s] running install_egg_info
[11.914s] removing '/home/nvidia/Desktop/code/ros2-test/face-robot-01/install/nn_computer/lib/python3.8/site-packages/nn_computer-0.0.0-py3.8.egg-info' (and everything under it)
[11.918s] Copying ../../build/nn_computer/nn_computer.egg-info to /home/nvidia/Desktop/code/ros2-test/face-robot-01/install/nn_computer/lib/python3.8/site-packages/nn_computer-0.0.0-py3.8.egg-info
[11.921s] running install_scripts
[12.012s] Installing nn_node script to /home/nvidia/Desktop/code/ros2-test/face-robot-01/install/nn_computer/bin
[12.020s] writing list of installed files to '/home/nvidia/Desktop/code/ros2-test/face-robot-01/build/nn_computer/install.log'
[12.121s] Invoked command in '/home/nvidia/Desktop/code/ros2-test/face-robot-01/src/nn_computer' returned '0': PYTHONPATH=/home/nvidia/Desktop/code/ros2-test/face-robot-01/build/nn_computer/prefix_override:/home/nvidia/Desktop/code/ros2-test/face-robot-01/install/nn_computer/lib/python3.8/site-packages:${PYTHONPATH} /usr/bin/python3 setup.py egg_info --egg-base ../../build/nn_computer build --build-base /home/nvidia/Desktop/code/ros2-test/face-robot-01/build/nn_computer/build install --record /home/nvidia/Desktop/code/ros2-test/face-robot-01/build/nn_computer/install.log --single-version-externally-managed
