[1.261s] Invoking command in '/home/parallels/code/ros2-test/camera-test/src/neck_cmds': CONDA_PROMPT_MODIFIER=(base) PYTHONPATH=/home/parallels/code/ros2-test/camera-test/install/neck_cmds/lib/python3.8/site-packages:${PYTHONPATH} /usr/bin/python3 setup.py egg_info --egg-base ../../build/neck_cmds build --build-base /home/parallels/code/ros2-test/camera-test/build/neck_cmds/build install --prefix /home/parallels/code/ros2-test/camera-test/install/neck_cmds --record /home/parallels/code/ros2-test/camera-test/build/neck_cmds/install.log --single-version-externally-managed
[1.843s] running egg_info
[1.844s] writing ../../build/neck_cmds/neck_cmds.egg-info/PKG-INFO
[1.844s] writing dependency_links to ../../build/neck_cmds/neck_cmds.egg-info/dependency_links.txt
[1.844s] writing entry points to ../../build/neck_cmds/neck_cmds.egg-info/entry_points.txt
[1.844s] writing requirements to ../../build/neck_cmds/neck_cmds.egg-info/requires.txt
[1.844s] writing top-level names to ../../build/neck_cmds/neck_cmds.egg-info/top_level.txt
[1.926s] reading manifest file '../../build/neck_cmds/neck_cmds.egg-info/SOURCES.txt'
[1.929s] writing manifest file '../../build/neck_cmds/neck_cmds.egg-info/SOURCES.txt'
[1.930s] running build
[1.930s] running build_py
[1.931s] running install
[1.931s] running install_lib
[1.935s] running install_data
[1.937s] running install_egg_info
[1.938s] removing '/home/parallels/code/ros2-test/camera-test/install/neck_cmds/lib/python3.8/site-packages/neck_cmds-0.0.0-py3.8.egg-info' (and everything under it)
[1.939s] Copying ../../build/neck_cmds/neck_cmds.egg-info to /home/parallels/code/ros2-test/camera-test/install/neck_cmds/lib/python3.8/site-packages/neck_cmds-0.0.0-py3.8.egg-info
[1.947s] running install_scripts
[2.019s] Installing neck_node script to /home/parallels/code/ros2-test/camera-test/install/neck_cmds/lib/neck_cmds
[2.019s] writing list of installed files to '/home/parallels/code/ros2-test/camera-test/build/neck_cmds/install.log'
[2.493s] Invoked command in '/home/parallels/code/ros2-test/camera-test/src/neck_cmds' returned '0': CONDA_PROMPT_MODIFIER=(base) PYTHONPATH=/home/parallels/code/ros2-test/camera-test/install/neck_cmds/lib/python3.8/site-packages:${PYTHONPATH} /usr/bin/python3 setup.py egg_info --egg-base ../../build/neck_cmds build --build-base /home/parallels/code/ros2-test/camera-test/build/neck_cmds/build install --prefix /home/parallels/code/ros2-test/camera-test/install/neck_cmds --record /home/parallels/code/ros2-test/camera-test/build/neck_cmds/install.log --single-version-externally-managed
