[8.948s] Invoking command in '/home/nvidia/Desktop/code/ros2-test/face-robot-01/src/mp_input': PYTHONPATH=/home/nvidia/Desktop/code/ros2-test/face-robot-01/build/mp_input/prefix_override:/home/nvidia/Desktop/code/ros2-test/face-robot-01/install/mp_input/lib/python3.8/site-packages:${PYTHONPATH} /usr/bin/python3 setup.py egg_info --egg-base ../../build/mp_input build --build-base /home/nvidia/Desktop/code/ros2-test/face-robot-01/build/mp_input/build install --record /home/nvidia/Desktop/code/ros2-test/face-robot-01/build/mp_input/install.log --single-version-externally-managed
[10.159s] running egg_info
[10.163s] writing ../../build/mp_input/mp_input.egg-info/PKG-INFO
[10.171s] writing dependency_links to ../../build/mp_input/mp_input.egg-info/dependency_links.txt
[10.173s] writing entry points to ../../build/mp_input/mp_input.egg-info/entry_points.txt
[10.175s] writing requirements to ../../build/mp_input/mp_input.egg-info/requires.txt
[10.177s] writing top-level names to ../../build/mp_input/mp_input.egg-info/top_level.txt
[10.421s] reading manifest file '../../build/mp_input/mp_input.egg-info/SOURCES.txt'
[10.426s] writing manifest file '../../build/mp_input/mp_input.egg-info/SOURCES.txt'
[10.427s] running build
[10.427s] running build_py
[10.428s] copying mp_input/mpinput.py -> /home/nvidia/Desktop/code/ros2-test/face-robot-01/build/mp_input/build/lib/mp_input
[10.430s] copying mp_input/servo_motor_mp.py -> /home/nvidia/Desktop/code/ros2-test/face-robot-01/build/mp_input/build/lib/mp_input
[10.433s] running install
[10.437s] running install_lib
[10.443s] copying /home/nvidia/Desktop/code/ros2-test/face-robot-01/build/mp_input/build/lib/mp_input/mpinput.py -> /home/nvidia/Desktop/code/ros2-test/face-robot-01/install/mp_input/lib/python3.8/site-packages/mp_input
[10.444s] copying /home/nvidia/Desktop/code/ros2-test/face-robot-01/build/mp_input/build/lib/mp_input/servo_motor_mp.py -> /home/nvidia/Desktop/code/ros2-test/face-robot-01/install/mp_input/lib/python3.8/site-packages/mp_input
[10.448s] byte-compiling /home/nvidia/Desktop/code/ros2-test/face-robot-01/install/mp_input/lib/python3.8/site-packages/mp_input/mpinput.py to mpinput.cpython-38.pyc
[10.459s] byte-compiling /home/nvidia/Desktop/code/ros2-test/face-robot-01/install/mp_input/lib/python3.8/site-packages/mp_input/servo_motor_mp.py to servo_motor_mp.cpython-38.pyc
[10.468s] running install_data
[10.470s] running install_egg_info
[10.477s] removing '/home/nvidia/Desktop/code/ros2-test/face-robot-01/install/mp_input/lib/python3.8/site-packages/mp_input-0.0.0-py3.8.egg-info' (and everything under it)
[10.479s] Copying ../../build/mp_input/mp_input.egg-info to /home/nvidia/Desktop/code/ros2-test/face-robot-01/install/mp_input/lib/python3.8/site-packages/mp_input-0.0.0-py3.8.egg-info
[10.485s] running install_scripts
[10.580s] Installing eye_node script to /home/nvidia/Desktop/code/ros2-test/face-robot-01/install/mp_input/bin
[10.581s] Installing eyeball_node script to /home/nvidia/Desktop/code/ros2-test/face-robot-01/install/mp_input/bin
[10.582s] Installing mouth_node script to /home/nvidia/Desktop/code/ros2-test/face-robot-01/install/mp_input/bin
[10.584s] Installing mpinput_node script to /home/nvidia/Desktop/code/ros2-test/face-robot-01/install/mp_input/bin
[10.585s] Installing neck_node script to /home/nvidia/Desktop/code/ros2-test/face-robot-01/install/mp_input/bin
[10.586s] Installing nn_node script to /home/nvidia/Desktop/code/ros2-test/face-robot-01/install/mp_input/bin
[10.589s] writing list of installed files to '/home/nvidia/Desktop/code/ros2-test/face-robot-01/build/mp_input/install.log'
[10.903s] Invoked command in '/home/nvidia/Desktop/code/ros2-test/face-robot-01/src/mp_input' returned '0': PYTHONPATH=/home/nvidia/Desktop/code/ros2-test/face-robot-01/build/mp_input/prefix_override:/home/nvidia/Desktop/code/ros2-test/face-robot-01/install/mp_input/lib/python3.8/site-packages:${PYTHONPATH} /usr/bin/python3 setup.py egg_info --egg-base ../../build/mp_input build --build-base /home/nvidia/Desktop/code/ros2-test/face-robot-01/build/mp_input/build install --record /home/nvidia/Desktop/code/ros2-test/face-robot-01/build/mp_input/install.log --single-version-externally-managed
