[0.117s] Invoking command in '/home/parallels/code/town_ws/build/village_wang': CMAKE_PREFIX_PATH=${CMAKE_PREFIX_PATH}:/home/parallels/code/town_ws/install/village_li:/opt/ros/foxy /usr/bin/cmake --build /home/parallels/code/town_ws/build/village_wang -- -j4 -l4
[0.163s] [100%] Built target wang2_node
[0.172s] Invoked command in '/home/parallels/code/town_ws/build/village_wang' returned '0': CMAKE_PREFIX_PATH=${CMAKE_PREFIX_PATH}:/home/parallels/code/town_ws/install/village_li:/opt/ros/foxy /usr/bin/cmake --build /home/parallels/code/town_ws/build/village_wang -- -j4 -l4
[0.200s] Invoking command in '/home/parallels/code/town_ws/build/village_wang': CMAKE_PREFIX_PATH=${CMAKE_PREFIX_PATH}:/home/parallels/code/town_ws/install/village_li:/opt/ros/foxy /usr/bin/cmake --install /home/parallels/code/town_ws/build/village_wang
[0.207s] -- Install configuration: ""
[0.207s] -- Up-to-date: /home/parallels/code/town_ws/install/village_wang/share/ament_index/resource_index/package_run_dependencies/village_wang
[0.207s] -- Up-to-date: /home/parallels/code/town_ws/install/village_wang/share/ament_index/resource_index/parent_prefix_path/village_wang
[0.207s] -- Up-to-date: /home/parallels/code/town_ws/install/village_wang/share/village_wang/environment/ament_prefix_path.sh
[0.207s] -- Up-to-date: /home/parallels/code/town_ws/install/village_wang/share/village_wang/environment/ament_prefix_path.dsv
[0.207s] -- Up-to-date: /home/parallels/code/town_ws/install/village_wang/share/village_wang/environment/path.sh
[0.207s] -- Up-to-date: /home/parallels/code/town_ws/install/village_wang/share/village_wang/environment/path.dsv
[0.207s] -- Up-to-date: /home/parallels/code/town_ws/install/village_wang/share/village_wang/local_setup.bash
[0.207s] -- Up-to-date: /home/parallels/code/town_ws/install/village_wang/share/village_wang/local_setup.sh
[0.207s] -- Up-to-date: /home/parallels/code/town_ws/install/village_wang/share/village_wang/local_setup.zsh
[0.207s] -- Up-to-date: /home/parallels/code/town_ws/install/village_wang/share/village_wang/local_setup.dsv
[0.207s] -- Installing: /home/parallels/code/town_ws/install/village_wang/share/village_wang/package.dsv
[0.207s] -- Up-to-date: /home/parallels/code/town_ws/install/village_wang/share/ament_index/resource_index/packages/village_wang
[0.208s] -- Up-to-date: /home/parallels/code/town_ws/install/village_wang/share/village_wang/cmake/village_wangConfig.cmake
[0.208s] -- Up-to-date: /home/parallels/code/town_ws/install/village_wang/share/village_wang/cmake/village_wangConfig-version.cmake
[0.208s] -- Up-to-date: /home/parallels/code/town_ws/install/village_wang/share/village_wang/package.xml
[0.208s] -- Up-to-date: /home/parallels/code/town_ws/install/village_wang/lib/village_wang/wang2_node
[0.209s] Invoked command in '/home/parallels/code/town_ws/build/village_wang' returned '0': CMAKE_PREFIX_PATH=${CMAKE_PREFIX_PATH}:/home/parallels/code/town_ws/install/village_li:/opt/ros/foxy /usr/bin/cmake --install /home/parallels/code/town_ws/build/village_wang
