[10.086s] Invoking command in '/home/nvidia/Desktop/code/ros2-test/face-robot-01/src/eyeball_cmds': PYTHONPATH=/home/nvidia/Desktop/code/ros2-test/face-robot-01/build/eyeball_cmds/prefix_override:/home/nvidia/Desktop/code/ros2-test/face-robot-01/install/eyeball_cmds/lib/python3.8/site-packages:${PYTHONPATH} /usr/bin/python3 setup.py egg_info --egg-base ../../build/eyeball_cmds build --build-base /home/nvidia/Desktop/code/ros2-test/face-robot-01/build/eyeball_cmds/build install --record /home/nvidia/Desktop/code/ros2-test/face-robot-01/build/eyeball_cmds/install.log --single-version-externally-managed
[11.507s] running egg_info
[11.510s] writing ../../build/eyeball_cmds/eyeball_cmds.egg-info/PKG-INFO
[11.514s] writing dependency_links to ../../build/eyeball_cmds/eyeball_cmds.egg-info/dependency_links.txt
[11.518s] writing entry points to ../../build/eyeball_cmds/eyeball_cmds.egg-info/entry_points.txt
[11.520s] writing requirements to ../../build/eyeball_cmds/eyeball_cmds.egg-info/requires.txt
[11.522s] writing top-level names to ../../build/eyeball_cmds/eyeball_cmds.egg-info/top_level.txt
[11.742s] reading manifest file '../../build/eyeball_cmds/eyeball_cmds.egg-info/SOURCES.txt'
[11.753s] writing manifest file '../../build/eyeball_cmds/eyeball_cmds.egg-info/SOURCES.txt'
[11.755s] running build
[11.755s] running build_py
[11.757s] running install
[11.759s] running install_lib
[11.775s] running install_data
[11.775s] running install_egg_info
[11.781s] removing '/home/nvidia/Desktop/code/ros2-test/face-robot-01/install/eyeball_cmds/lib/python3.8/site-packages/eyeball_cmds-0.0.0-py3.8.egg-info' (and everything under it)
[11.787s] Copying ../../build/eyeball_cmds/eyeball_cmds.egg-info to /home/nvidia/Desktop/code/ros2-test/face-robot-01/install/eyeball_cmds/lib/python3.8/site-packages/eyeball_cmds-0.0.0-py3.8.egg-info
[11.811s] running install_scripts
[11.934s] Installing eyeball_node script to /home/nvidia/Desktop/code/ros2-test/face-robot-01/install/eyeball_cmds/bin
[11.939s] writing list of installed files to '/home/nvidia/Desktop/code/ros2-test/face-robot-01/build/eyeball_cmds/install.log'
[12.081s] Invoked command in '/home/nvidia/Desktop/code/ros2-test/face-robot-01/src/eyeball_cmds' returned '0': PYTHONPATH=/home/nvidia/Desktop/code/ros2-test/face-robot-01/build/eyeball_cmds/prefix_override:/home/nvidia/Desktop/code/ros2-test/face-robot-01/install/eyeball_cmds/lib/python3.8/site-packages:${PYTHONPATH} /usr/bin/python3 setup.py egg_info --egg-base ../../build/eyeball_cmds build --build-base /home/nvidia/Desktop/code/ros2-test/face-robot-01/build/eyeball_cmds/build install --record /home/nvidia/Desktop/code/ros2-test/face-robot-01/build/eyeball_cmds/install.log --single-version-externally-managed
