[9.309s] Invoking command in '/home/nvidia/Desktop/code/ros2-test/face-robot-01/src/eyeball_cmds': PYTHONPATH=/home/nvidia/Desktop/code/ros2-test/face-robot-01/build/eyeball_cmds/prefix_override:/home/nvidia/Desktop/code/ros2-test/face-robot-01/install/eyeball_cmds/lib/python3.8/site-packages:${PYTHONPATH} /usr/bin/python3 setup.py egg_info --egg-base ../../build/eyeball_cmds build --build-base /home/nvidia/Desktop/code/ros2-test/face-robot-01/build/eyeball_cmds/build install --record /home/nvidia/Desktop/code/ros2-test/face-robot-01/build/eyeball_cmds/install.log --single-version-externally-managed
[10.959s] running egg_info
[10.965s] writing ../../build/eyeball_cmds/eyeball_cmds.egg-info/PKG-INFO
[10.972s] writing dependency_links to ../../build/eyeball_cmds/eyeball_cmds.egg-info/dependency_links.txt
[10.976s] writing entry points to ../../build/eyeball_cmds/eyeball_cmds.egg-info/entry_points.txt
[10.978s] writing requirements to ../../build/eyeball_cmds/eyeball_cmds.egg-info/requires.txt
[10.980s] writing top-level names to ../../build/eyeball_cmds/eyeball_cmds.egg-info/top_level.txt
[11.150s] reading manifest file '../../build/eyeball_cmds/eyeball_cmds.egg-info/SOURCES.txt'
[11.164s] writing manifest file '../../build/eyeball_cmds/eyeball_cmds.egg-info/SOURCES.txt'
[11.165s] running build
[11.166s] running build_py
[11.168s] running install
[11.172s] running install_lib
[11.173s] running install_data
[11.174s] running install_egg_info
[11.184s] removing '/home/nvidia/Desktop/code/ros2-test/face-robot-01/install/eyeball_cmds/lib/python3.8/site-packages/eyeball_cmds-0.0.0-py3.8.egg-info' (and everything under it)
[11.186s] Copying ../../build/eyeball_cmds/eyeball_cmds.egg-info to /home/nvidia/Desktop/code/ros2-test/face-robot-01/install/eyeball_cmds/lib/python3.8/site-packages/eyeball_cmds-0.0.0-py3.8.egg-info
[11.190s] running install_scripts
[11.281s] Installing eyeball_node script to /home/nvidia/Desktop/code/ros2-test/face-robot-01/install/eyeball_cmds/bin
[11.283s] writing list of installed files to '/home/nvidia/Desktop/code/ros2-test/face-robot-01/build/eyeball_cmds/install.log'
[11.415s] Invoked command in '/home/nvidia/Desktop/code/ros2-test/face-robot-01/src/eyeball_cmds' returned '0': PYTHONPATH=/home/nvidia/Desktop/code/ros2-test/face-robot-01/build/eyeball_cmds/prefix_override:/home/nvidia/Desktop/code/ros2-test/face-robot-01/install/eyeball_cmds/lib/python3.8/site-packages:${PYTHONPATH} /usr/bin/python3 setup.py egg_info --egg-base ../../build/eyeball_cmds build --build-base /home/nvidia/Desktop/code/ros2-test/face-robot-01/build/eyeball_cmds/build install --record /home/nvidia/Desktop/code/ros2-test/face-robot-01/build/eyeball_cmds/install.log --single-version-externally-managed
