[10.636s] Invoking command in '/home/nvidia/Desktop/code/ros2-test/face-robot-01/src/eye_cmds': PYTHONPATH=/home/nvidia/Desktop/code/ros2-test/face-robot-01/build/eye_cmds/prefix_override:/home/nvidia/Desktop/code/ros2-test/face-robot-01/install/eye_cmds/lib/python3.8/site-packages:${PYTHONPATH} /usr/bin/python3 setup.py egg_info --egg-base ../../build/eye_cmds build --build-base /home/nvidia/Desktop/code/ros2-test/face-robot-01/build/eye_cmds/build install --record /home/nvidia/Desktop/code/ros2-test/face-robot-01/build/eye_cmds/install.log --single-version-externally-managed
[11.881s] running egg_info
[11.884s] writing ../../build/eye_cmds/eye_cmds.egg-info/PKG-INFO
[11.887s] writing dependency_links to ../../build/eye_cmds/eye_cmds.egg-info/dependency_links.txt
[11.890s] writing entry points to ../../build/eye_cmds/eye_cmds.egg-info/entry_points.txt
[11.892s] writing requirements to ../../build/eye_cmds/eye_cmds.egg-info/requires.txt
[11.895s] writing top-level names to ../../build/eye_cmds/eye_cmds.egg-info/top_level.txt
[12.117s] reading manifest file '../../build/eye_cmds/eye_cmds.egg-info/SOURCES.txt'
[12.123s] writing manifest file '../../build/eye_cmds/eye_cmds.egg-info/SOURCES.txt'
[12.125s] running build
[12.125s] running build_py
[12.132s] running install
[12.133s] running install_lib
[12.141s] running install_data
[12.155s] running install_egg_info
[12.158s] removing '/home/nvidia/Desktop/code/ros2-test/face-robot-01/install/eye_cmds/lib/python3.8/site-packages/eye_cmds-0.0.0-py3.8.egg-info' (and everything under it)
[12.175s] Copying ../../build/eye_cmds/eye_cmds.egg-info to /home/nvidia/Desktop/code/ros2-test/face-robot-01/install/eye_cmds/lib/python3.8/site-packages/eye_cmds-0.0.0-py3.8.egg-info
[12.176s] running install_scripts
[12.241s] Installing eye_node script to /home/nvidia/Desktop/code/ros2-test/face-robot-01/install/eye_cmds/bin
[12.243s] writing list of installed files to '/home/nvidia/Desktop/code/ros2-test/face-robot-01/build/eye_cmds/install.log'
[12.373s] Invoked command in '/home/nvidia/Desktop/code/ros2-test/face-robot-01/src/eye_cmds' returned '0': PYTHONPATH=/home/nvidia/Desktop/code/ros2-test/face-robot-01/build/eye_cmds/prefix_override:/home/nvidia/Desktop/code/ros2-test/face-robot-01/install/eye_cmds/lib/python3.8/site-packages:${PYTHONPATH} /usr/bin/python3 setup.py egg_info --egg-base ../../build/eye_cmds build --build-base /home/nvidia/Desktop/code/ros2-test/face-robot-01/build/eye_cmds/build install --record /home/nvidia/Desktop/code/ros2-test/face-robot-01/build/eye_cmds/install.log --single-version-externally-managed
