[10.596s] Invoking command in '/home/nvidia/Desktop/code/ros2-test/face-robot-01/src/neck_cmds': PYTHONPATH=/home/nvidia/Desktop/code/ros2-test/face-robot-01/build/neck_cmds/prefix_override:/home/nvidia/Desktop/code/ros2-test/face-robot-01/install/neck_cmds/lib/python3.8/site-packages:${PYTHONPATH} /usr/bin/python3 setup.py egg_info --egg-base ../../build/neck_cmds build --build-base /home/nvidia/Desktop/code/ros2-test/face-robot-01/build/neck_cmds/build install --record /home/nvidia/Desktop/code/ros2-test/face-robot-01/build/neck_cmds/install.log --single-version-externally-managed
[11.896s] running egg_info
[11.898s] writing ../../build/neck_cmds/neck_cmds.egg-info/PKG-INFO
[11.915s] writing dependency_links to ../../build/neck_cmds/neck_cmds.egg-info/dependency_links.txt
[11.916s] writing entry points to ../../build/neck_cmds/neck_cmds.egg-info/entry_points.txt
[11.916s] writing requirements to ../../build/neck_cmds/neck_cmds.egg-info/requires.txt
[11.917s] writing top-level names to ../../build/neck_cmds/neck_cmds.egg-info/top_level.txt
[12.188s] reading manifest file '../../build/neck_cmds/neck_cmds.egg-info/SOURCES.txt'
[12.190s] writing manifest file '../../build/neck_cmds/neck_cmds.egg-info/SOURCES.txt'
[12.195s] running build
[12.203s] running build_py
[12.207s] copying neck_cmds/servo_motor_neck.py -> /home/nvidia/Desktop/code/ros2-test/face-robot-01/build/neck_cmds/build/lib/neck_cmds
[12.211s] running install
[12.220s] running install_lib
[12.224s] copying /home/nvidia/Desktop/code/ros2-test/face-robot-01/build/neck_cmds/build/lib/neck_cmds/servo_motor_neck.py -> /home/nvidia/Desktop/code/ros2-test/face-robot-01/install/neck_cmds/lib/python3.8/site-packages/neck_cmds
[12.238s] byte-compiling /home/nvidia/Desktop/code/ros2-test/face-robot-01/install/neck_cmds/lib/python3.8/site-packages/neck_cmds/servo_motor_neck.py to servo_motor_neck.cpython-38.pyc
[12.244s] running install_data
[12.248s] running install_egg_info
[12.249s] removing '/home/nvidia/Desktop/code/ros2-test/face-robot-01/install/neck_cmds/lib/python3.8/site-packages/neck_cmds-0.0.0-py3.8.egg-info' (and everything under it)
[12.253s] Copying ../../build/neck_cmds/neck_cmds.egg-info to /home/nvidia/Desktop/code/ros2-test/face-robot-01/install/neck_cmds/lib/python3.8/site-packages/neck_cmds-0.0.0-py3.8.egg-info
[12.254s] running install_scripts
[12.324s] Installing neck_node script to /home/nvidia/Desktop/code/ros2-test/face-robot-01/install/neck_cmds/bin
[12.326s] writing list of installed files to '/home/nvidia/Desktop/code/ros2-test/face-robot-01/build/neck_cmds/install.log'
[12.515s] Invoked command in '/home/nvidia/Desktop/code/ros2-test/face-robot-01/src/neck_cmds' returned '0': PYTHONPATH=/home/nvidia/Desktop/code/ros2-test/face-robot-01/build/neck_cmds/prefix_override:/home/nvidia/Desktop/code/ros2-test/face-robot-01/install/neck_cmds/lib/python3.8/site-packages:${PYTHONPATH} /usr/bin/python3 setup.py egg_info --egg-base ../../build/neck_cmds build --build-base /home/nvidia/Desktop/code/ros2-test/face-robot-01/build/neck_cmds/build install --record /home/nvidia/Desktop/code/ros2-test/face-robot-01/build/neck_cmds/install.log --single-version-externally-managed
