[1.535s] Invoking command in '/home/parallels/code/ros2-test/camera-test/src/mp_input': CONDA_PROMPT_MODIFIER=(base) PYTHONPATH=/home/parallels/code/ros2-test/camera-test/install/mp_input/lib/python3.8/site-packages:${PYTHONPATH} /usr/bin/python3 setup.py egg_info --egg-base ../../build/mp_input build --build-base /home/parallels/code/ros2-test/camera-test/build/mp_input/build install --prefix /home/parallels/code/ros2-test/camera-test/install/mp_input --record /home/parallels/code/ros2-test/camera-test/build/mp_input/install.log --single-version-externally-managed
[2.146s] running egg_info
[2.147s] writing ../../build/mp_input/mp_input.egg-info/PKG-INFO
[2.147s] writing dependency_links to ../../build/mp_input/mp_input.egg-info/dependency_links.txt
[2.147s] writing entry points to ../../build/mp_input/mp_input.egg-info/entry_points.txt
[2.147s] writing requirements to ../../build/mp_input/mp_input.egg-info/requires.txt
[2.147s] writing top-level names to ../../build/mp_input/mp_input.egg-info/top_level.txt
[2.241s] reading manifest file '../../build/mp_input/mp_input.egg-info/SOURCES.txt'
[2.242s] writing manifest file '../../build/mp_input/mp_input.egg-info/SOURCES.txt'
[2.242s] running build
[2.242s] running build_py
[2.242s] running install
[2.243s] running install_lib
[2.244s] running install_data
[2.244s] running install_egg_info
[2.261s] removing '/home/parallels/code/ros2-test/camera-test/install/mp_input/lib/python3.8/site-packages/mp_input-0.0.0-py3.8.egg-info' (and everything under it)
[2.261s] Copying ../../build/mp_input/mp_input.egg-info to /home/parallels/code/ros2-test/camera-test/install/mp_input/lib/python3.8/site-packages/mp_input-0.0.0-py3.8.egg-info
[2.261s] running install_scripts
[2.306s] Installing eye_node script to /home/parallels/code/ros2-test/camera-test/install/mp_input/lib/mp_input
[2.306s] Installing mouth_node script to /home/parallels/code/ros2-test/camera-test/install/mp_input/lib/mp_input
[2.307s] Installing mpinput_node script to /home/parallels/code/ros2-test/camera-test/install/mp_input/lib/mp_input
[2.309s] Installing neck_node script to /home/parallels/code/ros2-test/camera-test/install/mp_input/lib/mp_input
[2.309s] Installing nn_node script to /home/parallels/code/ros2-test/camera-test/install/mp_input/lib/mp_input
[2.309s] writing list of installed files to '/home/parallels/code/ros2-test/camera-test/build/mp_input/install.log'
[2.779s] Invoked command in '/home/parallels/code/ros2-test/camera-test/src/mp_input' returned '0': CONDA_PROMPT_MODIFIER=(base) PYTHONPATH=/home/parallels/code/ros2-test/camera-test/install/mp_input/lib/python3.8/site-packages:${PYTHONPATH} /usr/bin/python3 setup.py egg_info --egg-base ../../build/mp_input build --build-base /home/parallels/code/ros2-test/camera-test/build/mp_input/build install --prefix /home/parallels/code/ros2-test/camera-test/install/mp_input --record /home/parallels/code/ros2-test/camera-test/build/mp_input/install.log --single-version-externally-managed
