[0.685s] Invoking command in '/home/parallels/code/ros2-test/camera-test/src/eye_cmds': CONDA_PROMPT_MODIFIER=(base) PYTHONPATH=/home/parallels/code/ros2-test/camera-test/install/eye_cmds/lib/python3.8/site-packages:${PYTHONPATH} /usr/bin/python3 setup.py egg_info --egg-base ../../build/eye_cmds build --build-base /home/parallels/code/ros2-test/camera-test/build/eye_cmds/build install --prefix /home/parallels/code/ros2-test/camera-test/install/eye_cmds --record /home/parallels/code/ros2-test/camera-test/build/eye_cmds/install.log --single-version-externally-managed
[0.799s] running egg_info
[0.799s] writing ../../build/eye_cmds/eye_cmds.egg-info/PKG-INFO
[0.799s] writing dependency_links to ../../build/eye_cmds/eye_cmds.egg-info/dependency_links.txt
[0.800s] writing entry points to ../../build/eye_cmds/eye_cmds.egg-info/entry_points.txt
[0.800s] writing requirements to ../../build/eye_cmds/eye_cmds.egg-info/requires.txt
[0.800s] writing top-level names to ../../build/eye_cmds/eye_cmds.egg-info/top_level.txt
[0.824s] reading manifest file '../../build/eye_cmds/eye_cmds.egg-info/SOURCES.txt'
[0.825s] writing manifest file '../../build/eye_cmds/eye_cmds.egg-info/SOURCES.txt'
[0.825s] running build
[0.825s] running build_py
[0.825s] running install
[0.826s] running install_lib
[0.826s] running install_data
[0.827s] running install_egg_info
[0.828s] removing '/home/parallels/code/ros2-test/camera-test/install/eye_cmds/lib/python3.8/site-packages/eye_cmds-0.0.0-py3.8.egg-info' (and everything under it)
[0.828s] Copying ../../build/eye_cmds/eye_cmds.egg-info to /home/parallels/code/ros2-test/camera-test/install/eye_cmds/lib/python3.8/site-packages/eye_cmds-0.0.0-py3.8.egg-info
[0.828s] running install_scripts
[0.839s] Installing eye_node script to /home/parallels/code/ros2-test/camera-test/install/eye_cmds/lib/eye_cmds
[0.839s] writing list of installed files to '/home/parallels/code/ros2-test/camera-test/build/eye_cmds/install.log'
[0.861s] Invoked command in '/home/parallels/code/ros2-test/camera-test/src/eye_cmds' returned '0': CONDA_PROMPT_MODIFIER=(base) PYTHONPATH=/home/parallels/code/ros2-test/camera-test/install/eye_cmds/lib/python3.8/site-packages:${PYTHONPATH} /usr/bin/python3 setup.py egg_info --egg-base ../../build/eye_cmds build --build-base /home/parallels/code/ros2-test/camera-test/build/eye_cmds/build install --prefix /home/parallels/code/ros2-test/camera-test/install/eye_cmds --record /home/parallels/code/ros2-test/camera-test/build/eye_cmds/install.log --single-version-externally-managed
