[0.669s] Invoking command in '/home/parallels/code/ros2-test/camera-test/src/neck_cmds': CONDA_PROMPT_MODIFIER=(base) PYTHONPATH=/home/parallels/code/ros2-test/camera-test/install/neck_cmds/lib/python3.8/site-packages:${PYTHONPATH} /usr/bin/python3 setup.py egg_info --egg-base ../../build/neck_cmds build --build-base /home/parallels/code/ros2-test/camera-test/build/neck_cmds/build install --prefix /home/parallels/code/ros2-test/camera-test/install/neck_cmds --record /home/parallels/code/ros2-test/camera-test/build/neck_cmds/install.log --single-version-externally-managed
[0.784s] running egg_info
[0.785s] writing ../../build/neck_cmds/neck_cmds.egg-info/PKG-INFO
[0.785s] writing dependency_links to ../../build/neck_cmds/neck_cmds.egg-info/dependency_links.txt
[0.785s] writing entry points to ../../build/neck_cmds/neck_cmds.egg-info/entry_points.txt
[0.785s] writing requirements to ../../build/neck_cmds/neck_cmds.egg-info/requires.txt
[0.785s] writing top-level names to ../../build/neck_cmds/neck_cmds.egg-info/top_level.txt
[0.807s] reading manifest file '../../build/neck_cmds/neck_cmds.egg-info/SOURCES.txt'
[0.807s] writing manifest file '../../build/neck_cmds/neck_cmds.egg-info/SOURCES.txt'
[0.807s] running build
[0.808s] running build_py
[0.808s] copying neck_cmds/neckcmds.py -> /home/parallels/code/ros2-test/camera-test/build/neck_cmds/build/lib/neck_cmds
[0.808s] running install
[0.808s] running install_lib
[0.809s] copying /home/parallels/code/ros2-test/camera-test/build/neck_cmds/build/lib/neck_cmds/neckcmds.py -> /home/parallels/code/ros2-test/camera-test/install/neck_cmds/lib/python3.8/site-packages/neck_cmds
[0.809s] byte-compiling /home/parallels/code/ros2-test/camera-test/install/neck_cmds/lib/python3.8/site-packages/neck_cmds/neckcmds.py to neckcmds.cpython-38.pyc
[0.810s] running install_data
[0.810s] running install_egg_info
[0.811s] removing '/home/parallels/code/ros2-test/camera-test/install/neck_cmds/lib/python3.8/site-packages/neck_cmds-0.0.0-py3.8.egg-info' (and everything under it)
[0.811s] Copying ../../build/neck_cmds/neck_cmds.egg-info to /home/parallels/code/ros2-test/camera-test/install/neck_cmds/lib/python3.8/site-packages/neck_cmds-0.0.0-py3.8.egg-info
[0.811s] running install_scripts
[0.823s] Installing neck_node script to /home/parallels/code/ros2-test/camera-test/install/neck_cmds/lib/neck_cmds
[0.823s] writing list of installed files to '/home/parallels/code/ros2-test/camera-test/build/neck_cmds/install.log'
[0.969s] Invoked command in '/home/parallels/code/ros2-test/camera-test/src/neck_cmds' returned '0': CONDA_PROMPT_MODIFIER=(base) PYTHONPATH=/home/parallels/code/ros2-test/camera-test/install/neck_cmds/lib/python3.8/site-packages:${PYTHONPATH} /usr/bin/python3 setup.py egg_info --egg-base ../../build/neck_cmds build --build-base /home/parallels/code/ros2-test/camera-test/build/neck_cmds/build install --prefix /home/parallels/code/ros2-test/camera-test/install/neck_cmds --record /home/parallels/code/ros2-test/camera-test/build/neck_cmds/install.log --single-version-externally-managed
