[0.601s] DEBUG:colcon:Command line arguments: ['/usr/bin/colcon', 'build']
[0.601s] DEBUG:colcon:Parsed command line arguments: Namespace(allow_overriding=[], ament_cmake_args=None, base_paths=['.'], build_base='build', catkin_cmake_args=None, catkin_skip_building_tests=False, cmake_args=None, cmake_clean_cache=False, cmake_clean_first=False, cmake_force_configure=False, cmake_target=None, cmake_target_skip_unavailable=False, continue_on_error=False, event_handlers=None, executor='parallel', ignore_user_meta=False, install_base='install', log_base=None, log_level=None, main=<bound method BuildVerb.main of <colcon_core.verb.build.BuildVerb object at 0xffff7f6b69a0>>, merge_install=False, metas=['./colcon.meta'], packages_above=None, packages_above_and_dependencies=None, packages_above_depth=None, packages_end=None, packages_ignore=None, packages_ignore_regex=None, packages_select=None, packages_select_build_failed=False, packages_select_by_dep=None, packages_select_regex=None, packages_select_test_failures=False, packages_skip=None, packages_skip_build_finished=False, packages_skip_by_dep=None, packages_skip_regex=None, packages_skip_test_passed=False, packages_skip_up_to=None, packages_start=None, packages_up_to=None, packages_up_to_regex=None, parallel_workers=6, paths=None, symlink_install=False, test_result_base=None, verb_extension=<colcon_core.verb.build.BuildVerb object at 0xffff7f6b69a0>, verb_name='build', verb_parser=<colcon_defaults.argument_parser.defaults.DefaultArgumentsDecorator object at 0xffff7f6b6f10>)
[0.707s] Level 1:colcon.colcon_core.package_discovery:discover_packages(colcon_meta) check parameters
[0.708s] Level 1:colcon.colcon_core.package_discovery:discover_packages(recursive) check parameters
[0.708s] Level 1:colcon.colcon_core.package_discovery:discover_packages(ignore) check parameters
[0.708s] Level 1:colcon.colcon_core.package_discovery:discover_packages(path) check parameters
[0.708s] Level 1:colcon.colcon_core.package_discovery:discover_packages(colcon_meta) discover
[0.709s] Level 1:colcon.colcon_core.package_discovery:discover_packages(recursive) discover
[0.709s] INFO:colcon.colcon_core.package_discovery:Crawling recursively for packages in '/home/nvidia/Desktop/code/ros2-test/face-robot-01'
[0.709s] Level 1:colcon.colcon_core.package_identification:_identify(.) by extensions ['ignore', 'ignore_ament_install']
[0.710s] Level 1:colcon.colcon_core.package_identification:_identify(.) by extension 'ignore'
[0.710s] Level 1:colcon.colcon_core.package_identification:_identify(.) by extension 'ignore_ament_install'
[0.711s] Level 1:colcon.colcon_core.package_identification:_identify(.) by extensions ['colcon_pkg']
[0.711s] Level 1:colcon.colcon_core.package_identification:_identify(.) by extension 'colcon_pkg'
[0.711s] Level 1:colcon.colcon_core.package_identification:_identify(.) by extensions ['colcon_meta']
[0.711s] Level 1:colcon.colcon_core.package_identification:_identify(.) by extension 'colcon_meta'
[0.712s] Level 1:colcon.colcon_core.package_identification:_identify(.) by extensions ['ros']
[0.712s] Level 1:colcon.colcon_core.package_identification:_identify(.) by extension 'ros'
[0.766s] Level 1:colcon.colcon_core.package_identification:_identify(.) by extensions ['cmake', 'python']
[0.766s] Level 1:colcon.colcon_core.package_identification:_identify(.) by extension 'cmake'
[0.767s] Level 1:colcon.colcon_core.package_identification:_identify(.) by extension 'python'
[0.767s] Level 1:colcon.colcon_core.package_identification:_identify(.) by extensions ['python_setup_py']
[0.767s] Level 1:colcon.colcon_core.package_identification:_identify(.) by extension 'python_setup_py'
[0.768s] Level 1:colcon.colcon_core.package_identification:_identify(build) by extensions ['ignore', 'ignore_ament_install']
[0.769s] Level 1:colcon.colcon_core.package_identification:_identify(build) by extension 'ignore'
[0.769s] Level 1:colcon.colcon_core.package_identification:_identify(build) ignored
[0.770s] Level 1:colcon.colcon_core.package_identification:_identify(install) by extensions ['ignore', 'ignore_ament_install']
[0.770s] Level 1:colcon.colcon_core.package_identification:_identify(install) by extension 'ignore'
[0.770s] Level 1:colcon.colcon_core.package_identification:_identify(install) ignored
[0.772s] Level 1:colcon.colcon_core.package_identification:_identify(log) by extensions ['ignore', 'ignore_ament_install']
[0.772s] Level 1:colcon.colcon_core.package_identification:_identify(log) by extension 'ignore'
[0.772s] Level 1:colcon.colcon_core.package_identification:_identify(log) ignored
[0.773s] Level 1:colcon.colcon_core.package_identification:_identify(src) by extensions ['ignore', 'ignore_ament_install']
[0.773s] Level 1:colcon.colcon_core.package_identification:_identify(src) by extension 'ignore'
[0.774s] Level 1:colcon.colcon_core.package_identification:_identify(src) by extension 'ignore_ament_install'
[0.774s] Level 1:colcon.colcon_core.package_identification:_identify(src) by extensions ['colcon_pkg']
[0.774s] Level 1:colcon.colcon_core.package_identification:_identify(src) by extension 'colcon_pkg'
[0.774s] Level 1:colcon.colcon_core.package_identification:_identify(src) by extensions ['colcon_meta']
[0.775s] Level 1:colcon.colcon_core.package_identification:_identify(src) by extension 'colcon_meta'
[0.775s] Level 1:colcon.colcon_core.package_identification:_identify(src) by extensions ['ros']
[0.775s] Level 1:colcon.colcon_core.package_identification:_identify(src) by extension 'ros'
[0.776s] Level 1:colcon.colcon_core.package_identification:_identify(src) by extensions ['cmake', 'python']
[0.776s] Level 1:colcon.colcon_core.package_identification:_identify(src) by extension 'cmake'
[0.776s] Level 1:colcon.colcon_core.package_identification:_identify(src) by extension 'python'
[0.776s] Level 1:colcon.colcon_core.package_identification:_identify(src) by extensions ['python_setup_py']
[0.776s] Level 1:colcon.colcon_core.package_identification:_identify(src) by extension 'python_setup_py'
[0.777s] Level 1:colcon.colcon_core.package_identification:_identify(src/eye_cmds) by extensions ['ignore', 'ignore_ament_install']
[0.777s] Level 1:colcon.colcon_core.package_identification:_identify(src/eye_cmds) by extension 'ignore'
[0.778s] Level 1:colcon.colcon_core.package_identification:_identify(src/eye_cmds) by extension 'ignore_ament_install'
[0.778s] Level 1:colcon.colcon_core.package_identification:_identify(src/eye_cmds) by extensions ['colcon_pkg']
[0.778s] Level 1:colcon.colcon_core.package_identification:_identify(src/eye_cmds) by extension 'colcon_pkg'
[0.778s] Level 1:colcon.colcon_core.package_identification:_identify(src/eye_cmds) by extensions ['colcon_meta']
[0.779s] Level 1:colcon.colcon_core.package_identification:_identify(src/eye_cmds) by extension 'colcon_meta'
[0.779s] Level 1:colcon.colcon_core.package_identification:_identify(src/eye_cmds) by extensions ['ros']
[0.779s] Level 1:colcon.colcon_core.package_identification:_identify(src/eye_cmds) by extension 'ros'
[0.794s] DEBUG:colcon.colcon_core.package_identification:Package 'src/eye_cmds' with type 'ros.ament_python' and name 'eye_cmds'
[0.795s] Level 1:colcon.colcon_core.package_identification:_identify(src/eyeball_cmds) by extensions ['ignore', 'ignore_ament_install']
[0.795s] Level 1:colcon.colcon_core.package_identification:_identify(src/eyeball_cmds) by extension 'ignore'
[0.795s] Level 1:colcon.colcon_core.package_identification:_identify(src/eyeball_cmds) by extension 'ignore_ament_install'
[0.796s] Level 1:colcon.colcon_core.package_identification:_identify(src/eyeball_cmds) by extensions ['colcon_pkg']
[0.796s] Level 1:colcon.colcon_core.package_identification:_identify(src/eyeball_cmds) by extension 'colcon_pkg'
[0.796s] Level 1:colcon.colcon_core.package_identification:_identify(src/eyeball_cmds) by extensions ['colcon_meta']
[0.797s] Level 1:colcon.colcon_core.package_identification:_identify(src/eyeball_cmds) by extension 'colcon_meta'
[0.797s] Level 1:colcon.colcon_core.package_identification:_identify(src/eyeball_cmds) by extensions ['ros']
[0.797s] Level 1:colcon.colcon_core.package_identification:_identify(src/eyeball_cmds) by extension 'ros'
[0.800s] DEBUG:colcon.colcon_core.package_identification:Package 'src/eyeball_cmds' with type 'ros.ament_python' and name 'eyeball_cmds'
[0.800s] Level 1:colcon.colcon_core.package_identification:_identify(src/mouth_cmds) by extensions ['ignore', 'ignore_ament_install']
[0.801s] Level 1:colcon.colcon_core.package_identification:_identify(src/mouth_cmds) by extension 'ignore'
[0.801s] Level 1:colcon.colcon_core.package_identification:_identify(src/mouth_cmds) by extension 'ignore_ament_install'
[0.801s] Level 1:colcon.colcon_core.package_identification:_identify(src/mouth_cmds) by extensions ['colcon_pkg']
[0.802s] Level 1:colcon.colcon_core.package_identification:_identify(src/mouth_cmds) by extension 'colcon_pkg'
[0.802s] Level 1:colcon.colcon_core.package_identification:_identify(src/mouth_cmds) by extensions ['colcon_meta']
[0.802s] Level 1:colcon.colcon_core.package_identification:_identify(src/mouth_cmds) by extension 'colcon_meta'
[0.802s] Level 1:colcon.colcon_core.package_identification:_identify(src/mouth_cmds) by extensions ['ros']
[0.803s] Level 1:colcon.colcon_core.package_identification:_identify(src/mouth_cmds) by extension 'ros'
[0.805s] DEBUG:colcon.colcon_core.package_identification:Package 'src/mouth_cmds' with type 'ros.ament_python' and name 'mouth_cmds'
[0.806s] Level 1:colcon.colcon_core.package_identification:_identify(src/mp_input) by extensions ['ignore', 'ignore_ament_install']
[0.807s] Level 1:colcon.colcon_core.package_identification:_identify(src/mp_input) by extension 'ignore'
[0.807s] Level 1:colcon.colcon_core.package_identification:_identify(src/mp_input) by extension 'ignore_ament_install'
[0.807s] Level 1:colcon.colcon_core.package_identification:_identify(src/mp_input) by extensions ['colcon_pkg']
[0.807s] Level 1:colcon.colcon_core.package_identification:_identify(src/mp_input) by extension 'colcon_pkg'
[0.808s] Level 1:colcon.colcon_core.package_identification:_identify(src/mp_input) by extensions ['colcon_meta']
[0.808s] Level 1:colcon.colcon_core.package_identification:_identify(src/mp_input) by extension 'colcon_meta'
[0.808s] Level 1:colcon.colcon_core.package_identification:_identify(src/mp_input) by extensions ['ros']
[0.808s] Level 1:colcon.colcon_core.package_identification:_identify(src/mp_input) by extension 'ros'
[0.811s] DEBUG:colcon.colcon_core.package_identification:Package 'src/mp_input' with type 'ros.ament_python' and name 'mp_input'
[0.811s] Level 1:colcon.colcon_core.package_identification:_identify(src/neck_cmds) by extensions ['ignore', 'ignore_ament_install']
[0.812s] Level 1:colcon.colcon_core.package_identification:_identify(src/neck_cmds) by extension 'ignore'
[0.812s] Level 1:colcon.colcon_core.package_identification:_identify(src/neck_cmds) by extension 'ignore_ament_install'
[0.812s] Level 1:colcon.colcon_core.package_identification:_identify(src/neck_cmds) by extensions ['colcon_pkg']
[0.813s] Level 1:colcon.colcon_core.package_identification:_identify(src/neck_cmds) by extension 'colcon_pkg'
[0.813s] Level 1:colcon.colcon_core.package_identification:_identify(src/neck_cmds) by extensions ['colcon_meta']
[0.813s] Level 1:colcon.colcon_core.package_identification:_identify(src/neck_cmds) by extension 'colcon_meta'
[0.813s] Level 1:colcon.colcon_core.package_identification:_identify(src/neck_cmds) by extensions ['ros']
[0.813s] Level 1:colcon.colcon_core.package_identification:_identify(src/neck_cmds) by extension 'ros'
[0.816s] DEBUG:colcon.colcon_core.package_identification:Package 'src/neck_cmds' with type 'ros.ament_python' and name 'neck_cmds'
[0.817s] Level 1:colcon.colcon_core.package_identification:_identify(src/nn_computer) by extensions ['ignore', 'ignore_ament_install']
[0.817s] Level 1:colcon.colcon_core.package_identification:_identify(src/nn_computer) by extension 'ignore'
[0.818s] Level 1:colcon.colcon_core.package_identification:_identify(src/nn_computer) by extension 'ignore_ament_install'
[0.818s] Level 1:colcon.colcon_core.package_identification:_identify(src/nn_computer) by extensions ['colcon_pkg']
[0.818s] Level 1:colcon.colcon_core.package_identification:_identify(src/nn_computer) by extension 'colcon_pkg'
[0.819s] Level 1:colcon.colcon_core.package_identification:_identify(src/nn_computer) by extensions ['colcon_meta']
[0.819s] Level 1:colcon.colcon_core.package_identification:_identify(src/nn_computer) by extension 'colcon_meta'
[0.819s] Level 1:colcon.colcon_core.package_identification:_identify(src/nn_computer) by extensions ['ros']
[0.819s] Level 1:colcon.colcon_core.package_identification:_identify(src/nn_computer) by extension 'ros'
[0.822s] DEBUG:colcon.colcon_core.package_identification:Package 'src/nn_computer' with type 'ros.ament_python' and name 'nn_computer'
[0.822s] Level 1:colcon.colcon_core.package_discovery:discover_packages(recursive) using defaults
[0.822s] Level 1:colcon.colcon_core.package_discovery:discover_packages(ignore) discover
[0.823s] Level 1:colcon.colcon_core.package_discovery:discover_packages(ignore) using defaults
[0.823s] Level 1:colcon.colcon_core.package_discovery:discover_packages(path) discover
[0.823s] Level 1:colcon.colcon_core.package_discovery:discover_packages(path) using defaults
[0.899s] Level 1:colcon.colcon_core.package_discovery:discover_packages(prefix_path) check parameters
[0.900s] Level 1:colcon.colcon_core.package_discovery:discover_packages(prefix_path) discover
[0.915s] DEBUG:colcon.colcon_installed_package_information.package_discovery:Found 256 installed packages in /opt/ros/foxy
[0.925s] Level 1:colcon.colcon_core.package_discovery:discover_packages(prefix_path) using defaults
[1.275s] Level 5:colcon.colcon_core.verb:set package 'eye_cmds' build argument 'cmake_args' from command line to 'None'
[1.275s] Level 5:colcon.colcon_core.verb:set package 'eye_cmds' build argument 'cmake_target' from command line to 'None'
[1.275s] Level 5:colcon.colcon_core.verb:set package 'eye_cmds' build argument 'cmake_target_skip_unavailable' from command line to 'False'
[1.276s] Level 5:colcon.colcon_core.verb:set package 'eye_cmds' build argument 'cmake_clean_cache' from command line to 'False'
[1.276s] Level 5:colcon.colcon_core.verb:set package 'eye_cmds' build argument 'cmake_clean_first' from command line to 'False'
[1.276s] Level 5:colcon.colcon_core.verb:set package 'eye_cmds' build argument 'cmake_force_configure' from command line to 'False'
[1.276s] Level 5:colcon.colcon_core.verb:set package 'eye_cmds' build argument 'ament_cmake_args' from command line to 'None'
[1.276s] Level 5:colcon.colcon_core.verb:set package 'eye_cmds' build argument 'catkin_cmake_args' from command line to 'None'
[1.276s] Level 5:colcon.colcon_core.verb:set package 'eye_cmds' build argument 'catkin_skip_building_tests' from command line to 'False'
[1.277s] DEBUG:colcon.colcon_core.verb:Building package 'eye_cmds' with the following arguments: {'ament_cmake_args': None, 'build_base': '/home/nvidia/Desktop/code/ros2-test/face-robot-01/build/eye_cmds', 'catkin_cmake_args': None, 'catkin_skip_building_tests': False, 'cmake_args': None, 'cmake_clean_cache': False, 'cmake_clean_first': False, 'cmake_force_configure': False, 'cmake_target': None, 'cmake_target_skip_unavailable': False, 'install_base': '/home/nvidia/Desktop/code/ros2-test/face-robot-01/install/eye_cmds', 'merge_install': False, 'path': '/home/nvidia/Desktop/code/ros2-test/face-robot-01/src/eye_cmds', 'symlink_install': False, 'test_result_base': None}
[1.280s] Level 5:colcon.colcon_core.verb:set package 'eyeball_cmds' build argument 'cmake_args' from command line to 'None'
[1.281s] Level 5:colcon.colcon_core.verb:set package 'eyeball_cmds' build argument 'cmake_target' from command line to 'None'
[1.281s] Level 5:colcon.colcon_core.verb:set package 'eyeball_cmds' build argument 'cmake_target_skip_unavailable' from command line to 'False'
[1.281s] Level 5:colcon.colcon_core.verb:set package 'eyeball_cmds' build argument 'cmake_clean_cache' from command line to 'False'
[1.281s] Level 5:colcon.colcon_core.verb:set package 'eyeball_cmds' build argument 'cmake_clean_first' from command line to 'False'
[1.281s] Level 5:colcon.colcon_core.verb:set package 'eyeball_cmds' build argument 'cmake_force_configure' from command line to 'False'
[1.282s] Level 5:colcon.colcon_core.verb:set package 'eyeball_cmds' build argument 'ament_cmake_args' from command line to 'None'
[1.282s] Level 5:colcon.colcon_core.verb:set package 'eyeball_cmds' build argument 'catkin_cmake_args' from command line to 'None'
[1.282s] Level 5:colcon.colcon_core.verb:set package 'eyeball_cmds' build argument 'catkin_skip_building_tests' from command line to 'False'
[1.282s] DEBUG:colcon.colcon_core.verb:Building package 'eyeball_cmds' with the following arguments: {'ament_cmake_args': None, 'build_base': '/home/nvidia/Desktop/code/ros2-test/face-robot-01/build/eyeball_cmds', 'catkin_cmake_args': None, 'catkin_skip_building_tests': False, 'cmake_args': None, 'cmake_clean_cache': False, 'cmake_clean_first': False, 'cmake_force_configure': False, 'cmake_target': None, 'cmake_target_skip_unavailable': False, 'install_base': '/home/nvidia/Desktop/code/ros2-test/face-robot-01/install/eyeball_cmds', 'merge_install': False, 'path': '/home/nvidia/Desktop/code/ros2-test/face-robot-01/src/eyeball_cmds', 'symlink_install': False, 'test_result_base': None}
[1.286s] Level 5:colcon.colcon_core.verb:set package 'mouth_cmds' build argument 'cmake_args' from command line to 'None'
[1.286s] Level 5:colcon.colcon_core.verb:set package 'mouth_cmds' build argument 'cmake_target' from command line to 'None'
[1.286s] Level 5:colcon.colcon_core.verb:set package 'mouth_cmds' build argument 'cmake_target_skip_unavailable' from command line to 'False'
[1.286s] Level 5:colcon.colcon_core.verb:set package 'mouth_cmds' build argument 'cmake_clean_cache' from command line to 'False'
[1.286s] Level 5:colcon.colcon_core.verb:set package 'mouth_cmds' build argument 'cmake_clean_first' from command line to 'False'
[1.287s] Level 5:colcon.colcon_core.verb:set package 'mouth_cmds' build argument 'cmake_force_configure' from command line to 'False'
[1.287s] Level 5:colcon.colcon_core.verb:set package 'mouth_cmds' build argument 'ament_cmake_args' from command line to 'None'
[1.287s] Level 5:colcon.colcon_core.verb:set package 'mouth_cmds' build argument 'catkin_cmake_args' from command line to 'None'
[1.287s] Level 5:colcon.colcon_core.verb:set package 'mouth_cmds' build argument 'catkin_skip_building_tests' from command line to 'False'
[1.288s] DEBUG:colcon.colcon_core.verb:Building package 'mouth_cmds' with the following arguments: {'ament_cmake_args': None, 'build_base': '/home/nvidia/Desktop/code/ros2-test/face-robot-01/build/mouth_cmds', 'catkin_cmake_args': None, 'catkin_skip_building_tests': False, 'cmake_args': None, 'cmake_clean_cache': False, 'cmake_clean_first': False, 'cmake_force_configure': False, 'cmake_target': None, 'cmake_target_skip_unavailable': False, 'install_base': '/home/nvidia/Desktop/code/ros2-test/face-robot-01/install/mouth_cmds', 'merge_install': False, 'path': '/home/nvidia/Desktop/code/ros2-test/face-robot-01/src/mouth_cmds', 'symlink_install': False, 'test_result_base': None}
[1.291s] Level 5:colcon.colcon_core.verb:set package 'mp_input' build argument 'cmake_args' from command line to 'None'
[1.291s] Level 5:colcon.colcon_core.verb:set package 'mp_input' build argument 'cmake_target' from command line to 'None'
[1.292s] Level 5:colcon.colcon_core.verb:set package 'mp_input' build argument 'cmake_target_skip_unavailable' from command line to 'False'
[1.292s] Level 5:colcon.colcon_core.verb:set package 'mp_input' build argument 'cmake_clean_cache' from command line to 'False'
[1.292s] Level 5:colcon.colcon_core.verb:set package 'mp_input' build argument 'cmake_clean_first' from command line to 'False'
[1.292s] Level 5:colcon.colcon_core.verb:set package 'mp_input' build argument 'cmake_force_configure' from command line to 'False'
[1.292s] Level 5:colcon.colcon_core.verb:set package 'mp_input' build argument 'ament_cmake_args' from command line to 'None'
[1.293s] Level 5:colcon.colcon_core.verb:set package 'mp_input' build argument 'catkin_cmake_args' from command line to 'None'
[1.293s] Level 5:colcon.colcon_core.verb:set package 'mp_input' build argument 'catkin_skip_building_tests' from command line to 'False'
[1.293s] DEBUG:colcon.colcon_core.verb:Building package 'mp_input' with the following arguments: {'ament_cmake_args': None, 'build_base': '/home/nvidia/Desktop/code/ros2-test/face-robot-01/build/mp_input', 'catkin_cmake_args': None, 'catkin_skip_building_tests': False, 'cmake_args': None, 'cmake_clean_cache': False, 'cmake_clean_first': False, 'cmake_force_configure': False, 'cmake_target': None, 'cmake_target_skip_unavailable': False, 'install_base': '/home/nvidia/Desktop/code/ros2-test/face-robot-01/install/mp_input', 'merge_install': False, 'path': '/home/nvidia/Desktop/code/ros2-test/face-robot-01/src/mp_input', 'symlink_install': False, 'test_result_base': None}
[1.297s] Level 5:colcon.colcon_core.verb:set package 'neck_cmds' build argument 'cmake_args' from command line to 'None'
[1.297s] Level 5:colcon.colcon_core.verb:set package 'neck_cmds' build argument 'cmake_target' from command line to 'None'
[1.297s] Level 5:colcon.colcon_core.verb:set package 'neck_cmds' build argument 'cmake_target_skip_unavailable' from command line to 'False'
[1.297s] Level 5:colcon.colcon_core.verb:set package 'neck_cmds' build argument 'cmake_clean_cache' from command line to 'False'
[1.297s] Level 5:colcon.colcon_core.verb:set package 'neck_cmds' build argument 'cmake_clean_first' from command line to 'False'
[1.297s] Level 5:colcon.colcon_core.verb:set package 'neck_cmds' build argument 'cmake_force_configure' from command line to 'False'
[1.298s] Level 5:colcon.colcon_core.verb:set package 'neck_cmds' build argument 'ament_cmake_args' from command line to 'None'
[1.298s] Level 5:colcon.colcon_core.verb:set package 'neck_cmds' build argument 'catkin_cmake_args' from command line to 'None'
[1.298s] Level 5:colcon.colcon_core.verb:set package 'neck_cmds' build argument 'catkin_skip_building_tests' from command line to 'False'
[1.298s] DEBUG:colcon.colcon_core.verb:Building package 'neck_cmds' with the following arguments: {'ament_cmake_args': None, 'build_base': '/home/nvidia/Desktop/code/ros2-test/face-robot-01/build/neck_cmds', 'catkin_cmake_args': None, 'catkin_skip_building_tests': False, 'cmake_args': None, 'cmake_clean_cache': False, 'cmake_clean_first': False, 'cmake_force_configure': False, 'cmake_target': None, 'cmake_target_skip_unavailable': False, 'install_base': '/home/nvidia/Desktop/code/ros2-test/face-robot-01/install/neck_cmds', 'merge_install': False, 'path': '/home/nvidia/Desktop/code/ros2-test/face-robot-01/src/neck_cmds', 'symlink_install': False, 'test_result_base': None}
[1.301s] Level 5:colcon.colcon_core.verb:set package 'nn_computer' build argument 'cmake_args' from command line to 'None'
[1.302s] Level 5:colcon.colcon_core.verb:set package 'nn_computer' build argument 'cmake_target' from command line to 'None'
[1.302s] Level 5:colcon.colcon_core.verb:set package 'nn_computer' build argument 'cmake_target_skip_unavailable' from command line to 'False'
[1.302s] Level 5:colcon.colcon_core.verb:set package 'nn_computer' build argument 'cmake_clean_cache' from command line to 'False'
[1.302s] Level 5:colcon.colcon_core.verb:set package 'nn_computer' build argument 'cmake_clean_first' from command line to 'False'
[1.302s] Level 5:colcon.colcon_core.verb:set package 'nn_computer' build argument 'cmake_force_configure' from command line to 'False'
[1.302s] Level 5:colcon.colcon_core.verb:set package 'nn_computer' build argument 'ament_cmake_args' from command line to 'None'
[1.303s] Level 5:colcon.colcon_core.verb:set package 'nn_computer' build argument 'catkin_cmake_args' from command line to 'None'
[1.303s] Level 5:colcon.colcon_core.verb:set package 'nn_computer' build argument 'catkin_skip_building_tests' from command line to 'False'
[1.303s] DEBUG:colcon.colcon_core.verb:Building package 'nn_computer' with the following arguments: {'ament_cmake_args': None, 'build_base': '/home/nvidia/Desktop/code/ros2-test/face-robot-01/build/nn_computer', 'catkin_cmake_args': None, 'catkin_skip_building_tests': False, 'cmake_args': None, 'cmake_clean_cache': False, 'cmake_clean_first': False, 'cmake_force_configure': False, 'cmake_target': None, 'cmake_target_skip_unavailable': False, 'install_base': '/home/nvidia/Desktop/code/ros2-test/face-robot-01/install/nn_computer', 'merge_install': False, 'path': '/home/nvidia/Desktop/code/ros2-test/face-robot-01/src/nn_computer', 'symlink_install': False, 'test_result_base': None}
[1.305s] INFO:colcon.colcon_core.executor:Executing jobs using 'parallel' executor
[1.313s] DEBUG:colcon.colcon_parallel_executor.executor.parallel:run_until_complete
[1.316s] INFO:colcon.colcon_ros.task.ament_python.build:Building ROS package in '/home/nvidia/Desktop/code/ros2-test/face-robot-01/src/eye_cmds' with build type 'ament_python'
[1.317s] Level 1:colcon.colcon_core.shell:create_environment_hook('eye_cmds', 'ament_prefix_path')
[1.332s] INFO:colcon.colcon_core.plugin_system:Skipping extension 'colcon_core.shell.bat': Not used on non-Windows systems
[1.333s] INFO:colcon.colcon_core.shell:Creating environment hook '/home/nvidia/Desktop/code/ros2-test/face-robot-01/install/eye_cmds/share/eye_cmds/hook/ament_prefix_path.ps1'
[1.337s] INFO:colcon.colcon_core.shell:Creating environment descriptor '/home/nvidia/Desktop/code/ros2-test/face-robot-01/install/eye_cmds/share/eye_cmds/hook/ament_prefix_path.dsv'
[1.339s] INFO:colcon.colcon_core.shell:Creating environment hook '/home/nvidia/Desktop/code/ros2-test/face-robot-01/install/eye_cmds/share/eye_cmds/hook/ament_prefix_path.sh'
[1.343s] INFO:colcon.colcon_core.shell:Skip shell extension 'powershell' for command environment: Not usable outside of PowerShell
[1.344s] DEBUG:colcon.colcon_core.shell:Skip shell extension 'dsv' for command environment
[1.365s] INFO:colcon.colcon_ros.task.ament_python.build:Building ROS package in '/home/nvidia/Desktop/code/ros2-test/face-robot-01/src/eyeball_cmds' with build type 'ament_python'
[1.368s] Level 1:colcon.colcon_core.shell:create_environment_hook('eyeball_cmds', 'ament_prefix_path')
[1.374s] INFO:colcon.colcon_core.shell:Creating environment hook '/home/nvidia/Desktop/code/ros2-test/face-robot-01/install/eyeball_cmds/share/eyeball_cmds/hook/ament_prefix_path.ps1'
[1.379s] INFO:colcon.colcon_core.shell:Creating environment descriptor '/home/nvidia/Desktop/code/ros2-test/face-robot-01/install/eyeball_cmds/share/eyeball_cmds/hook/ament_prefix_path.dsv'
[1.381s] INFO:colcon.colcon_core.shell:Creating environment hook '/home/nvidia/Desktop/code/ros2-test/face-robot-01/install/eyeball_cmds/share/eyeball_cmds/hook/ament_prefix_path.sh'
[1.385s] INFO:colcon.colcon_core.shell:Skip shell extension 'powershell' for command environment: Not usable outside of PowerShell
[1.385s] DEBUG:colcon.colcon_core.shell:Skip shell extension 'dsv' for command environment
[1.407s] INFO:colcon.colcon_ros.task.ament_python.build:Building ROS package in '/home/nvidia/Desktop/code/ros2-test/face-robot-01/src/mouth_cmds' with build type 'ament_python'
[1.410s] Level 1:colcon.colcon_core.shell:create_environment_hook('mouth_cmds', 'ament_prefix_path')
[1.416s] INFO:colcon.colcon_core.shell:Creating environment hook '/home/nvidia/Desktop/code/ros2-test/face-robot-01/install/mouth_cmds/share/mouth_cmds/hook/ament_prefix_path.ps1'
[1.422s] INFO:colcon.colcon_core.shell:Creating environment descriptor '/home/nvidia/Desktop/code/ros2-test/face-robot-01/install/mouth_cmds/share/mouth_cmds/hook/ament_prefix_path.dsv'
[1.424s] INFO:colcon.colcon_core.shell:Creating environment hook '/home/nvidia/Desktop/code/ros2-test/face-robot-01/install/mouth_cmds/share/mouth_cmds/hook/ament_prefix_path.sh'
[1.428s] INFO:colcon.colcon_core.shell:Skip shell extension 'powershell' for command environment: Not usable outside of PowerShell
[1.429s] DEBUG:colcon.colcon_core.shell:Skip shell extension 'dsv' for command environment
[1.450s] INFO:colcon.colcon_ros.task.ament_python.build:Building ROS package in '/home/nvidia/Desktop/code/ros2-test/face-robot-01/src/mp_input' with build type 'ament_python'
[1.453s] Level 1:colcon.colcon_core.shell:create_environment_hook('mp_input', 'ament_prefix_path')
[1.459s] INFO:colcon.colcon_core.shell:Creating environment hook '/home/nvidia/Desktop/code/ros2-test/face-robot-01/install/mp_input/share/mp_input/hook/ament_prefix_path.ps1'
[1.464s] INFO:colcon.colcon_core.shell:Creating environment descriptor '/home/nvidia/Desktop/code/ros2-test/face-robot-01/install/mp_input/share/mp_input/hook/ament_prefix_path.dsv'
[1.466s] INFO:colcon.colcon_core.shell:Creating environment hook '/home/nvidia/Desktop/code/ros2-test/face-robot-01/install/mp_input/share/mp_input/hook/ament_prefix_path.sh'
[1.471s] INFO:colcon.colcon_core.shell:Skip shell extension 'powershell' for command environment: Not usable outside of PowerShell
[1.471s] DEBUG:colcon.colcon_core.shell:Skip shell extension 'dsv' for command environment
[1.493s] INFO:colcon.colcon_ros.task.ament_python.build:Building ROS package in '/home/nvidia/Desktop/code/ros2-test/face-robot-01/src/neck_cmds' with build type 'ament_python'
[1.496s] Level 1:colcon.colcon_core.shell:create_environment_hook('neck_cmds', 'ament_prefix_path')
[1.503s] INFO:colcon.colcon_core.shell:Creating environment hook '/home/nvidia/Desktop/code/ros2-test/face-robot-01/install/neck_cmds/share/neck_cmds/hook/ament_prefix_path.ps1'
[1.507s] INFO:colcon.colcon_core.shell:Creating environment descriptor '/home/nvidia/Desktop/code/ros2-test/face-robot-01/install/neck_cmds/share/neck_cmds/hook/ament_prefix_path.dsv'
[1.509s] INFO:colcon.colcon_core.shell:Creating environment hook '/home/nvidia/Desktop/code/ros2-test/face-robot-01/install/neck_cmds/share/neck_cmds/hook/ament_prefix_path.sh'
[1.513s] INFO:colcon.colcon_core.shell:Skip shell extension 'powershell' for command environment: Not usable outside of PowerShell
[1.513s] DEBUG:colcon.colcon_core.shell:Skip shell extension 'dsv' for command environment
[1.537s] INFO:colcon.colcon_ros.task.ament_python.build:Building ROS package in '/home/nvidia/Desktop/code/ros2-test/face-robot-01/src/nn_computer' with build type 'ament_python'
[1.540s] Level 1:colcon.colcon_core.shell:create_environment_hook('nn_computer', 'ament_prefix_path')
[1.545s] INFO:colcon.colcon_core.shell:Creating environment hook '/home/nvidia/Desktop/code/ros2-test/face-robot-01/install/nn_computer/share/nn_computer/hook/ament_prefix_path.ps1'
[1.551s] INFO:colcon.colcon_core.shell:Creating environment descriptor '/home/nvidia/Desktop/code/ros2-test/face-robot-01/install/nn_computer/share/nn_computer/hook/ament_prefix_path.dsv'
[1.552s] INFO:colcon.colcon_core.shell:Creating environment hook '/home/nvidia/Desktop/code/ros2-test/face-robot-01/install/nn_computer/share/nn_computer/hook/ament_prefix_path.sh'
[1.556s] INFO:colcon.colcon_core.shell:Skip shell extension 'powershell' for command environment: Not usable outside of PowerShell
[1.557s] DEBUG:colcon.colcon_core.shell:Skip shell extension 'dsv' for command environment
[2.633s] INFO:colcon.colcon_core.task.python.build:Building Python package in '/home/nvidia/Desktop/code/ros2-test/face-robot-01/src/eye_cmds'
[2.639s] INFO:colcon.colcon_core.shell:Skip shell extension 'powershell' for command environment: Not usable outside of PowerShell
[2.639s] DEBUG:colcon.colcon_core.shell:Skip shell extension 'dsv' for command environment
[3.696s] INFO:colcon.colcon_core.task.python.build:Building Python package in '/home/nvidia/Desktop/code/ros2-test/face-robot-01/src/eyeball_cmds'
[3.703s] INFO:colcon.colcon_core.shell:Skip shell extension 'powershell' for command environment: Not usable outside of PowerShell
[3.703s] DEBUG:colcon.colcon_core.shell:Skip shell extension 'dsv' for command environment
[4.772s] INFO:colcon.colcon_core.task.python.build:Building Python package in '/home/nvidia/Desktop/code/ros2-test/face-robot-01/src/mouth_cmds'
[4.779s] INFO:colcon.colcon_core.shell:Skip shell extension 'powershell' for command environment: Not usable outside of PowerShell
[4.779s] DEBUG:colcon.colcon_core.shell:Skip shell extension 'dsv' for command environment
[5.870s] INFO:colcon.colcon_core.task.python.build:Building Python package in '/home/nvidia/Desktop/code/ros2-test/face-robot-01/src/mp_input'
[5.876s] INFO:colcon.colcon_core.shell:Skip shell extension 'powershell' for command environment: Not usable outside of PowerShell
[5.877s] DEBUG:colcon.colcon_core.shell:Skip shell extension 'dsv' for command environment
[6.929s] INFO:colcon.colcon_core.task.python.build:Building Python package in '/home/nvidia/Desktop/code/ros2-test/face-robot-01/src/neck_cmds'
[6.935s] INFO:colcon.colcon_core.shell:Skip shell extension 'powershell' for command environment: Not usable outside of PowerShell
[6.936s] DEBUG:colcon.colcon_core.shell:Skip shell extension 'dsv' for command environment
[8.000s] INFO:colcon.colcon_core.task.python.build:Building Python package in '/home/nvidia/Desktop/code/ros2-test/face-robot-01/src/nn_computer'
[8.007s] INFO:colcon.colcon_core.shell:Skip shell extension 'powershell' for command environment: Not usable outside of PowerShell
[8.007s] DEBUG:colcon.colcon_core.shell:Skip shell extension 'dsv' for command environment
[10.177s] DEBUG:colcon.colcon_core.event_handler.log_command:Invoking command in '/home/nvidia/Desktop/code/ros2-test/face-robot-01/src/eye_cmds': PYTHONPATH=/home/nvidia/Desktop/code/ros2-test/face-robot-01/build/eye_cmds/prefix_override:/home/nvidia/Desktop/code/ros2-test/face-robot-01/install/eye_cmds/lib/python3.8/site-packages:${PYTHONPATH} /usr/bin/python3 setup.py egg_info --egg-base ../../build/eye_cmds build --build-base /home/nvidia/Desktop/code/ros2-test/face-robot-01/build/eye_cmds/build install --record /home/nvidia/Desktop/code/ros2-test/face-robot-01/build/eye_cmds/install.log --single-version-externally-managed
[10.253s] DEBUG:colcon.colcon_core.event_handler.log_command:Invoking command in '/home/nvidia/Desktop/code/ros2-test/face-robot-01/src/eyeball_cmds': PYTHONPATH=/home/nvidia/Desktop/code/ros2-test/face-robot-01/build/eyeball_cmds/prefix_override:/home/nvidia/Desktop/code/ros2-test/face-robot-01/install/eyeball_cmds/lib/python3.8/site-packages:${PYTHONPATH} /usr/bin/python3 setup.py egg_info --egg-base ../../build/eyeball_cmds build --build-base /home/nvidia/Desktop/code/ros2-test/face-robot-01/build/eyeball_cmds/build install --record /home/nvidia/Desktop/code/ros2-test/face-robot-01/build/eyeball_cmds/install.log --single-version-externally-managed
[10.311s] DEBUG:colcon.colcon_core.event_handler.log_command:Invoking command in '/home/nvidia/Desktop/code/ros2-test/face-robot-01/src/neck_cmds': PYTHONPATH=/home/nvidia/Desktop/code/ros2-test/face-robot-01/build/neck_cmds/prefix_override:/home/nvidia/Desktop/code/ros2-test/face-robot-01/install/neck_cmds/lib/python3.8/site-packages:${PYTHONPATH} /usr/bin/python3 setup.py egg_info --egg-base ../../build/neck_cmds build --build-base /home/nvidia/Desktop/code/ros2-test/face-robot-01/build/neck_cmds/build install --record /home/nvidia/Desktop/code/ros2-test/face-robot-01/build/neck_cmds/install.log --single-version-externally-managed
[10.339s] DEBUG:colcon.colcon_core.event_handler.log_command:Invoking command in '/home/nvidia/Desktop/code/ros2-test/face-robot-01/src/mouth_cmds': PYTHONPATH=/home/nvidia/Desktop/code/ros2-test/face-robot-01/build/mouth_cmds/prefix_override:/home/nvidia/Desktop/code/ros2-test/face-robot-01/install/mouth_cmds/lib/python3.8/site-packages:${PYTHONPATH} /usr/bin/python3 setup.py egg_info --egg-base ../../build/mouth_cmds build --build-base /home/nvidia/Desktop/code/ros2-test/face-robot-01/build/mouth_cmds/build install --record /home/nvidia/Desktop/code/ros2-test/face-robot-01/build/mouth_cmds/install.log --single-version-externally-managed
[10.366s] DEBUG:colcon.colcon_core.event_handler.log_command:Invoking command in '/home/nvidia/Desktop/code/ros2-test/face-robot-01/src/mp_input': PYTHONPATH=/home/nvidia/Desktop/code/ros2-test/face-robot-01/build/mp_input/prefix_override:/home/nvidia/Desktop/code/ros2-test/face-robot-01/install/mp_input/lib/python3.8/site-packages:${PYTHONPATH} /usr/bin/python3 setup.py egg_info --egg-base ../../build/mp_input build --build-base /home/nvidia/Desktop/code/ros2-test/face-robot-01/build/mp_input/build install --record /home/nvidia/Desktop/code/ros2-test/face-robot-01/build/mp_input/install.log --single-version-externally-managed
[10.470s] DEBUG:colcon.colcon_core.event_handler.log_command:Invoking command in '/home/nvidia/Desktop/code/ros2-test/face-robot-01/src/nn_computer': PYTHONPATH=/home/nvidia/Desktop/code/ros2-test/face-robot-01/build/nn_computer/prefix_override:/home/nvidia/Desktop/code/ros2-test/face-robot-01/install/nn_computer/lib/python3.8/site-packages:${PYTHONPATH} /usr/bin/python3 setup.py egg_info --egg-base ../../build/nn_computer build --build-base /home/nvidia/Desktop/code/ros2-test/face-robot-01/build/nn_computer/build install --record /home/nvidia/Desktop/code/ros2-test/face-robot-01/build/nn_computer/install.log --single-version-externally-managed
[12.033s] DEBUG:colcon.colcon_core.event_handler.log_command:Invoked command in '/home/nvidia/Desktop/code/ros2-test/face-robot-01/src/eye_cmds' returned '0': PYTHONPATH=/home/nvidia/Desktop/code/ros2-test/face-robot-01/build/eye_cmds/prefix_override:/home/nvidia/Desktop/code/ros2-test/face-robot-01/install/eye_cmds/lib/python3.8/site-packages:${PYTHONPATH} /usr/bin/python3 setup.py egg_info --egg-base ../../build/eye_cmds build --build-base /home/nvidia/Desktop/code/ros2-test/face-robot-01/build/eye_cmds/build install --record /home/nvidia/Desktop/code/ros2-test/face-robot-01/build/eye_cmds/install.log --single-version-externally-managed
[12.036s] Level 1:colcon.colcon_core.environment:checking '/home/nvidia/Desktop/code/ros2-test/face-robot-01/install/eye_cmds' for CMake module files
[12.039s] Level 1:colcon.colcon_core.environment:checking '/home/nvidia/Desktop/code/ros2-test/face-robot-01/install/eye_cmds' for CMake config files
[12.051s] Level 1:colcon.colcon_core.environment:checking '/home/nvidia/Desktop/code/ros2-test/face-robot-01/install/eye_cmds/lib'
[12.052s] Level 1:colcon.colcon_core.environment:checking '/home/nvidia/Desktop/code/ros2-test/face-robot-01/install/eye_cmds/bin'
[12.053s] Level 1:colcon.colcon_core.shell:create_environment_hook('eye_cmds', 'path')
[12.057s] INFO:colcon.colcon_core.shell:Creating environment hook '/home/nvidia/Desktop/code/ros2-test/face-robot-01/install/eye_cmds/share/eye_cmds/hook/path.ps1'
[12.061s] INFO:colcon.colcon_core.shell:Creating environment descriptor '/home/nvidia/Desktop/code/ros2-test/face-robot-01/install/eye_cmds/share/eye_cmds/hook/path.dsv'
[12.063s] INFO:colcon.colcon_core.shell:Creating environment hook '/home/nvidia/Desktop/code/ros2-test/face-robot-01/install/eye_cmds/share/eye_cmds/hook/path.sh'
[12.066s] Level 1:colcon.colcon_core.environment:checking '/home/nvidia/Desktop/code/ros2-test/face-robot-01/install/eye_cmds/lib/pkgconfig/eye_cmds.pc'
[12.068s] Level 1:colcon.colcon_core.environment:checking '/home/nvidia/Desktop/code/ros2-test/face-robot-01/install/eye_cmds/lib/python3.8/site-packages'
[12.069s] Level 1:colcon.colcon_core.shell:create_environment_hook('eye_cmds', 'pythonpath')
[12.072s] INFO:colcon.colcon_core.shell:Creating environment hook '/home/nvidia/Desktop/code/ros2-test/face-robot-01/install/eye_cmds/share/eye_cmds/hook/pythonpath.ps1'
[12.075s] INFO:colcon.colcon_core.shell:Creating environment descriptor '/home/nvidia/Desktop/code/ros2-test/face-robot-01/install/eye_cmds/share/eye_cmds/hook/pythonpath.dsv'
[12.078s] INFO:colcon.colcon_core.shell:Creating environment hook '/home/nvidia/Desktop/code/ros2-test/face-robot-01/install/eye_cmds/share/eye_cmds/hook/pythonpath.sh'
[12.083s] Level 1:colcon.colcon_core.environment:checking '/home/nvidia/Desktop/code/ros2-test/face-robot-01/install/eye_cmds/bin'
[12.084s] Level 1:colcon.colcon_core.shell:create_environment_hook('eye_cmds', 'pythonscriptspath')
[12.087s] INFO:colcon.colcon_core.shell:Creating environment hook '/home/nvidia/Desktop/code/ros2-test/face-robot-01/install/eye_cmds/share/eye_cmds/hook/pythonscriptspath.ps1'
[12.092s] INFO:colcon.colcon_core.shell:Creating environment descriptor '/home/nvidia/Desktop/code/ros2-test/face-robot-01/install/eye_cmds/share/eye_cmds/hook/pythonscriptspath.dsv'
[12.096s] INFO:colcon.colcon_core.shell:Creating environment hook '/home/nvidia/Desktop/code/ros2-test/face-robot-01/install/eye_cmds/share/eye_cmds/hook/pythonscriptspath.sh'
[12.100s] Level 1:colcon.colcon_core.environment:create_environment_scripts_only(eye_cmds)
[12.105s] INFO:colcon.colcon_core.shell:Creating package script '/home/nvidia/Desktop/code/ros2-test/face-robot-01/install/eye_cmds/share/eye_cmds/package.ps1'
[12.120s] INFO:colcon.colcon_core.shell:Creating package descriptor '/home/nvidia/Desktop/code/ros2-test/face-robot-01/install/eye_cmds/share/eye_cmds/package.dsv'
[12.129s] INFO:colcon.colcon_core.shell:Creating package script '/home/nvidia/Desktop/code/ros2-test/face-robot-01/install/eye_cmds/share/eye_cmds/package.sh'
[12.134s] INFO:colcon.colcon_core.shell:Creating package script '/home/nvidia/Desktop/code/ros2-test/face-robot-01/install/eye_cmds/share/eye_cmds/package.bash'
[12.139s] INFO:colcon.colcon_core.shell:Creating package script '/home/nvidia/Desktop/code/ros2-test/face-robot-01/install/eye_cmds/share/eye_cmds/package.zsh'
[12.143s] Level 1:colcon.colcon_core.environment:create_file_with_runtime_dependencies(/home/nvidia/Desktop/code/ros2-test/face-robot-01/install/eye_cmds/share/colcon-core/packages/eye_cmds)
[12.158s] Level 1:colcon.colcon_core.environment:checking '/home/nvidia/Desktop/code/ros2-test/face-robot-01/install/neck_cmds' for CMake module files
[12.161s] DEBUG:colcon.colcon_core.event_handler.log_command:Invoked command in '/home/nvidia/Desktop/code/ros2-test/face-robot-01/src/neck_cmds' returned '0': PYTHONPATH=/home/nvidia/Desktop/code/ros2-test/face-robot-01/build/neck_cmds/prefix_override:/home/nvidia/Desktop/code/ros2-test/face-robot-01/install/neck_cmds/lib/python3.8/site-packages:${PYTHONPATH} /usr/bin/python3 setup.py egg_info --egg-base ../../build/neck_cmds build --build-base /home/nvidia/Desktop/code/ros2-test/face-robot-01/build/neck_cmds/build install --record /home/nvidia/Desktop/code/ros2-test/face-robot-01/build/neck_cmds/install.log --single-version-externally-managed
[12.163s] Level 1:colcon.colcon_core.environment:checking '/home/nvidia/Desktop/code/ros2-test/face-robot-01/install/neck_cmds' for CMake config files
[12.166s] Level 1:colcon.colcon_core.environment:checking '/home/nvidia/Desktop/code/ros2-test/face-robot-01/install/neck_cmds/lib'
[12.166s] Level 1:colcon.colcon_core.environment:checking '/home/nvidia/Desktop/code/ros2-test/face-robot-01/install/neck_cmds/bin'
[12.166s] Level 1:colcon.colcon_core.shell:create_environment_hook('neck_cmds', 'path')
[12.169s] INFO:colcon.colcon_core.shell:Creating environment hook '/home/nvidia/Desktop/code/ros2-test/face-robot-01/install/neck_cmds/share/neck_cmds/hook/path.ps1'
[12.171s] INFO:colcon.colcon_core.shell:Creating environment descriptor '/home/nvidia/Desktop/code/ros2-test/face-robot-01/install/neck_cmds/share/neck_cmds/hook/path.dsv'
[12.173s] INFO:colcon.colcon_core.shell:Creating environment hook '/home/nvidia/Desktop/code/ros2-test/face-robot-01/install/neck_cmds/share/neck_cmds/hook/path.sh'
[12.174s] Level 1:colcon.colcon_core.environment:checking '/home/nvidia/Desktop/code/ros2-test/face-robot-01/install/neck_cmds/lib/pkgconfig/neck_cmds.pc'
[12.175s] Level 1:colcon.colcon_core.environment:checking '/home/nvidia/Desktop/code/ros2-test/face-robot-01/install/neck_cmds/lib/python3.8/site-packages'
[12.176s] Level 1:colcon.colcon_core.shell:create_environment_hook('neck_cmds', 'pythonpath')
[12.178s] INFO:colcon.colcon_core.shell:Creating environment hook '/home/nvidia/Desktop/code/ros2-test/face-robot-01/install/neck_cmds/share/neck_cmds/hook/pythonpath.ps1'
[12.180s] INFO:colcon.colcon_core.shell:Creating environment descriptor '/home/nvidia/Desktop/code/ros2-test/face-robot-01/install/neck_cmds/share/neck_cmds/hook/pythonpath.dsv'
[12.182s] INFO:colcon.colcon_core.shell:Creating environment hook '/home/nvidia/Desktop/code/ros2-test/face-robot-01/install/neck_cmds/share/neck_cmds/hook/pythonpath.sh'
[12.184s] Level 1:colcon.colcon_core.environment:checking '/home/nvidia/Desktop/code/ros2-test/face-robot-01/install/neck_cmds/bin'
[12.184s] Level 1:colcon.colcon_core.shell:create_environment_hook('neck_cmds', 'pythonscriptspath')
[12.187s] INFO:colcon.colcon_core.shell:Creating environment hook '/home/nvidia/Desktop/code/ros2-test/face-robot-01/install/neck_cmds/share/neck_cmds/hook/pythonscriptspath.ps1'
[12.189s] INFO:colcon.colcon_core.shell:Creating environment descriptor '/home/nvidia/Desktop/code/ros2-test/face-robot-01/install/neck_cmds/share/neck_cmds/hook/pythonscriptspath.dsv'
[12.190s] INFO:colcon.colcon_core.shell:Creating environment hook '/home/nvidia/Desktop/code/ros2-test/face-robot-01/install/neck_cmds/share/neck_cmds/hook/pythonscriptspath.sh'
[12.192s] Level 1:colcon.colcon_core.environment:create_environment_scripts_only(neck_cmds)
[12.195s] INFO:colcon.colcon_core.shell:Creating package script '/home/nvidia/Desktop/code/ros2-test/face-robot-01/install/neck_cmds/share/neck_cmds/package.ps1'
[12.198s] INFO:colcon.colcon_core.shell:Creating package descriptor '/home/nvidia/Desktop/code/ros2-test/face-robot-01/install/neck_cmds/share/neck_cmds/package.dsv'
[12.201s] INFO:colcon.colcon_core.shell:Creating package script '/home/nvidia/Desktop/code/ros2-test/face-robot-01/install/neck_cmds/share/neck_cmds/package.sh'
[12.204s] INFO:colcon.colcon_core.shell:Creating package script '/home/nvidia/Desktop/code/ros2-test/face-robot-01/install/neck_cmds/share/neck_cmds/package.bash'
[12.208s] INFO:colcon.colcon_core.shell:Creating package script '/home/nvidia/Desktop/code/ros2-test/face-robot-01/install/neck_cmds/share/neck_cmds/package.zsh'
[12.211s] Level 1:colcon.colcon_core.environment:create_file_with_runtime_dependencies(/home/nvidia/Desktop/code/ros2-test/face-robot-01/install/neck_cmds/share/colcon-core/packages/neck_cmds)
[12.217s] Level 1:colcon.colcon_core.environment:checking '/home/nvidia/Desktop/code/ros2-test/face-robot-01/install/eyeball_cmds' for CMake module files
[12.222s] Level 1:colcon.colcon_core.environment:checking '/home/nvidia/Desktop/code/ros2-test/face-robot-01/install/eyeball_cmds' for CMake config files
[12.226s] DEBUG:colcon.colcon_core.event_handler.log_command:Invoked command in '/home/nvidia/Desktop/code/ros2-test/face-robot-01/src/eyeball_cmds' returned '0': PYTHONPATH=/home/nvidia/Desktop/code/ros2-test/face-robot-01/build/eyeball_cmds/prefix_override:/home/nvidia/Desktop/code/ros2-test/face-robot-01/install/eyeball_cmds/lib/python3.8/site-packages:${PYTHONPATH} /usr/bin/python3 setup.py egg_info --egg-base ../../build/eyeball_cmds build --build-base /home/nvidia/Desktop/code/ros2-test/face-robot-01/build/eyeball_cmds/build install --record /home/nvidia/Desktop/code/ros2-test/face-robot-01/build/eyeball_cmds/install.log --single-version-externally-managed
[12.229s] Level 1:colcon.colcon_core.environment:checking '/home/nvidia/Desktop/code/ros2-test/face-robot-01/install/eyeball_cmds/lib'
[12.229s] Level 1:colcon.colcon_core.environment:checking '/home/nvidia/Desktop/code/ros2-test/face-robot-01/install/eyeball_cmds/bin'
[12.230s] Level 1:colcon.colcon_core.shell:create_environment_hook('eyeball_cmds', 'path')
[12.232s] INFO:colcon.colcon_core.shell:Creating environment hook '/home/nvidia/Desktop/code/ros2-test/face-robot-01/install/eyeball_cmds/share/eyeball_cmds/hook/path.ps1'
[12.234s] INFO:colcon.colcon_core.shell:Creating environment descriptor '/home/nvidia/Desktop/code/ros2-test/face-robot-01/install/eyeball_cmds/share/eyeball_cmds/hook/path.dsv'
[12.236s] INFO:colcon.colcon_core.shell:Creating environment hook '/home/nvidia/Desktop/code/ros2-test/face-robot-01/install/eyeball_cmds/share/eyeball_cmds/hook/path.sh'
[12.238s] Level 1:colcon.colcon_core.environment:checking '/home/nvidia/Desktop/code/ros2-test/face-robot-01/install/eyeball_cmds/lib/pkgconfig/eyeball_cmds.pc'
[12.239s] Level 1:colcon.colcon_core.environment:checking '/home/nvidia/Desktop/code/ros2-test/face-robot-01/install/eyeball_cmds/lib/python3.8/site-packages'
[12.240s] Level 1:colcon.colcon_core.shell:create_environment_hook('eyeball_cmds', 'pythonpath')
[12.242s] INFO:colcon.colcon_core.shell:Creating environment hook '/home/nvidia/Desktop/code/ros2-test/face-robot-01/install/eyeball_cmds/share/eyeball_cmds/hook/pythonpath.ps1'
[12.244s] INFO:colcon.colcon_core.shell:Creating environment descriptor '/home/nvidia/Desktop/code/ros2-test/face-robot-01/install/eyeball_cmds/share/eyeball_cmds/hook/pythonpath.dsv'
[12.246s] INFO:colcon.colcon_core.shell:Creating environment hook '/home/nvidia/Desktop/code/ros2-test/face-robot-01/install/eyeball_cmds/share/eyeball_cmds/hook/pythonpath.sh'
[12.249s] Level 1:colcon.colcon_core.environment:checking '/home/nvidia/Desktop/code/ros2-test/face-robot-01/install/eyeball_cmds/bin'
[12.249s] Level 1:colcon.colcon_core.shell:create_environment_hook('eyeball_cmds', 'pythonscriptspath')
[12.252s] INFO:colcon.colcon_core.shell:Creating environment hook '/home/nvidia/Desktop/code/ros2-test/face-robot-01/install/eyeball_cmds/share/eyeball_cmds/hook/pythonscriptspath.ps1'
[12.254s] INFO:colcon.colcon_core.shell:Creating environment descriptor '/home/nvidia/Desktop/code/ros2-test/face-robot-01/install/eyeball_cmds/share/eyeball_cmds/hook/pythonscriptspath.dsv'
[12.255s] INFO:colcon.colcon_core.shell:Creating environment hook '/home/nvidia/Desktop/code/ros2-test/face-robot-01/install/eyeball_cmds/share/eyeball_cmds/hook/pythonscriptspath.sh'
[12.257s] Level 1:colcon.colcon_core.environment:create_environment_scripts_only(eyeball_cmds)
[12.261s] INFO:colcon.colcon_core.shell:Creating package script '/home/nvidia/Desktop/code/ros2-test/face-robot-01/install/eyeball_cmds/share/eyeball_cmds/package.ps1'
[12.264s] INFO:colcon.colcon_core.shell:Creating package descriptor '/home/nvidia/Desktop/code/ros2-test/face-robot-01/install/eyeball_cmds/share/eyeball_cmds/package.dsv'
[12.268s] INFO:colcon.colcon_core.shell:Creating package script '/home/nvidia/Desktop/code/ros2-test/face-robot-01/install/eyeball_cmds/share/eyeball_cmds/package.sh'
[12.271s] INFO:colcon.colcon_core.shell:Creating package script '/home/nvidia/Desktop/code/ros2-test/face-robot-01/install/eyeball_cmds/share/eyeball_cmds/package.bash'
[12.273s] INFO:colcon.colcon_core.shell:Creating package script '/home/nvidia/Desktop/code/ros2-test/face-robot-01/install/eyeball_cmds/share/eyeball_cmds/package.zsh'
[12.275s] Level 1:colcon.colcon_core.environment:create_file_with_runtime_dependencies(/home/nvidia/Desktop/code/ros2-test/face-robot-01/install/eyeball_cmds/share/colcon-core/packages/eyeball_cmds)
[12.280s] Level 1:colcon.colcon_core.environment:checking '/home/nvidia/Desktop/code/ros2-test/face-robot-01/install/mouth_cmds' for CMake module files
[12.285s] Level 1:colcon.colcon_core.environment:checking '/home/nvidia/Desktop/code/ros2-test/face-robot-01/install/mouth_cmds' for CMake config files
[12.287s] DEBUG:colcon.colcon_core.event_handler.log_command:Invoked command in '/home/nvidia/Desktop/code/ros2-test/face-robot-01/src/mouth_cmds' returned '0': PYTHONPATH=/home/nvidia/Desktop/code/ros2-test/face-robot-01/build/mouth_cmds/prefix_override:/home/nvidia/Desktop/code/ros2-test/face-robot-01/install/mouth_cmds/lib/python3.8/site-packages:${PYTHONPATH} /usr/bin/python3 setup.py egg_info --egg-base ../../build/mouth_cmds build --build-base /home/nvidia/Desktop/code/ros2-test/face-robot-01/build/mouth_cmds/build install --record /home/nvidia/Desktop/code/ros2-test/face-robot-01/build/mouth_cmds/install.log --single-version-externally-managed
[12.290s] Level 1:colcon.colcon_core.environment:checking '/home/nvidia/Desktop/code/ros2-test/face-robot-01/install/mouth_cmds/lib'
[12.290s] Level 1:colcon.colcon_core.environment:checking '/home/nvidia/Desktop/code/ros2-test/face-robot-01/install/mouth_cmds/bin'
[12.291s] Level 1:colcon.colcon_core.shell:create_environment_hook('mouth_cmds', 'path')
[12.293s] INFO:colcon.colcon_core.shell:Creating environment hook '/home/nvidia/Desktop/code/ros2-test/face-robot-01/install/mouth_cmds/share/mouth_cmds/hook/path.ps1'
[12.296s] INFO:colcon.colcon_core.shell:Creating environment descriptor '/home/nvidia/Desktop/code/ros2-test/face-robot-01/install/mouth_cmds/share/mouth_cmds/hook/path.dsv'
[12.297s] INFO:colcon.colcon_core.shell:Creating environment hook '/home/nvidia/Desktop/code/ros2-test/face-robot-01/install/mouth_cmds/share/mouth_cmds/hook/path.sh'
[12.299s] Level 1:colcon.colcon_core.environment:checking '/home/nvidia/Desktop/code/ros2-test/face-robot-01/install/mouth_cmds/lib/pkgconfig/mouth_cmds.pc'
[12.300s] Level 1:colcon.colcon_core.environment:checking '/home/nvidia/Desktop/code/ros2-test/face-robot-01/install/mouth_cmds/lib/python3.8/site-packages'
[12.301s] Level 1:colcon.colcon_core.shell:create_environment_hook('mouth_cmds', 'pythonpath')
[12.303s] INFO:colcon.colcon_core.shell:Creating environment hook '/home/nvidia/Desktop/code/ros2-test/face-robot-01/install/mouth_cmds/share/mouth_cmds/hook/pythonpath.ps1'
[12.305s] INFO:colcon.colcon_core.shell:Creating environment descriptor '/home/nvidia/Desktop/code/ros2-test/face-robot-01/install/mouth_cmds/share/mouth_cmds/hook/pythonpath.dsv'
[12.307s] INFO:colcon.colcon_core.shell:Creating environment hook '/home/nvidia/Desktop/code/ros2-test/face-robot-01/install/mouth_cmds/share/mouth_cmds/hook/pythonpath.sh'
[12.309s] Level 1:colcon.colcon_core.environment:checking '/home/nvidia/Desktop/code/ros2-test/face-robot-01/install/mouth_cmds/bin'
[12.310s] Level 1:colcon.colcon_core.shell:create_environment_hook('mouth_cmds', 'pythonscriptspath')
[12.312s] INFO:colcon.colcon_core.shell:Creating environment hook '/home/nvidia/Desktop/code/ros2-test/face-robot-01/install/mouth_cmds/share/mouth_cmds/hook/pythonscriptspath.ps1'
[12.314s] INFO:colcon.colcon_core.shell:Creating environment descriptor '/home/nvidia/Desktop/code/ros2-test/face-robot-01/install/mouth_cmds/share/mouth_cmds/hook/pythonscriptspath.dsv'
[12.315s] INFO:colcon.colcon_core.shell:Creating environment hook '/home/nvidia/Desktop/code/ros2-test/face-robot-01/install/mouth_cmds/share/mouth_cmds/hook/pythonscriptspath.sh'
[12.317s] Level 1:colcon.colcon_core.environment:create_environment_scripts_only(mouth_cmds)
[12.320s] INFO:colcon.colcon_core.shell:Creating package script '/home/nvidia/Desktop/code/ros2-test/face-robot-01/install/mouth_cmds/share/mouth_cmds/package.ps1'
[12.323s] INFO:colcon.colcon_core.shell:Creating package descriptor '/home/nvidia/Desktop/code/ros2-test/face-robot-01/install/mouth_cmds/share/mouth_cmds/package.dsv'
[12.326s] INFO:colcon.colcon_core.shell:Creating package script '/home/nvidia/Desktop/code/ros2-test/face-robot-01/install/mouth_cmds/share/mouth_cmds/package.sh'
[12.328s] INFO:colcon.colcon_core.shell:Creating package script '/home/nvidia/Desktop/code/ros2-test/face-robot-01/install/mouth_cmds/share/mouth_cmds/package.bash'
[12.330s] INFO:colcon.colcon_core.shell:Creating package script '/home/nvidia/Desktop/code/ros2-test/face-robot-01/install/mouth_cmds/share/mouth_cmds/package.zsh'
[12.341s] Level 1:colcon.colcon_core.environment:create_file_with_runtime_dependencies(/home/nvidia/Desktop/code/ros2-test/face-robot-01/install/mouth_cmds/share/colcon-core/packages/mouth_cmds)
[12.346s] Level 1:colcon.colcon_core.environment:checking '/home/nvidia/Desktop/code/ros2-test/face-robot-01/install/nn_computer' for CMake module files
[12.350s] Level 1:colcon.colcon_core.environment:checking '/home/nvidia/Desktop/code/ros2-test/face-robot-01/install/nn_computer' for CMake config files
[12.352s] DEBUG:colcon.colcon_core.event_handler.log_command:Invoked command in '/home/nvidia/Desktop/code/ros2-test/face-robot-01/src/nn_computer' returned '0': PYTHONPATH=/home/nvidia/Desktop/code/ros2-test/face-robot-01/build/nn_computer/prefix_override:/home/nvidia/Desktop/code/ros2-test/face-robot-01/install/nn_computer/lib/python3.8/site-packages:${PYTHONPATH} /usr/bin/python3 setup.py egg_info --egg-base ../../build/nn_computer build --build-base /home/nvidia/Desktop/code/ros2-test/face-robot-01/build/nn_computer/build install --record /home/nvidia/Desktop/code/ros2-test/face-robot-01/build/nn_computer/install.log --single-version-externally-managed
[12.355s] Level 1:colcon.colcon_core.environment:checking '/home/nvidia/Desktop/code/ros2-test/face-robot-01/install/nn_computer/lib'
[12.355s] Level 1:colcon.colcon_core.environment:checking '/home/nvidia/Desktop/code/ros2-test/face-robot-01/install/nn_computer/bin'
[12.355s] Level 1:colcon.colcon_core.shell:create_environment_hook('nn_computer', 'path')
[12.358s] INFO:colcon.colcon_core.shell:Creating environment hook '/home/nvidia/Desktop/code/ros2-test/face-robot-01/install/nn_computer/share/nn_computer/hook/path.ps1'
[12.360s] INFO:colcon.colcon_core.shell:Creating environment descriptor '/home/nvidia/Desktop/code/ros2-test/face-robot-01/install/nn_computer/share/nn_computer/hook/path.dsv'
[12.362s] INFO:colcon.colcon_core.shell:Creating environment hook '/home/nvidia/Desktop/code/ros2-test/face-robot-01/install/nn_computer/share/nn_computer/hook/path.sh'
[12.363s] Level 1:colcon.colcon_core.environment:checking '/home/nvidia/Desktop/code/ros2-test/face-robot-01/install/nn_computer/lib/pkgconfig/nn_computer.pc'
[12.364s] Level 1:colcon.colcon_core.environment:checking '/home/nvidia/Desktop/code/ros2-test/face-robot-01/install/nn_computer/lib/python3.8/site-packages'
[12.365s] Level 1:colcon.colcon_core.shell:create_environment_hook('nn_computer', 'pythonpath')
[12.367s] INFO:colcon.colcon_core.shell:Creating environment hook '/home/nvidia/Desktop/code/ros2-test/face-robot-01/install/nn_computer/share/nn_computer/hook/pythonpath.ps1'
[12.369s] INFO:colcon.colcon_core.shell:Creating environment descriptor '/home/nvidia/Desktop/code/ros2-test/face-robot-01/install/nn_computer/share/nn_computer/hook/pythonpath.dsv'
[12.370s] INFO:colcon.colcon_core.shell:Creating environment hook '/home/nvidia/Desktop/code/ros2-test/face-robot-01/install/nn_computer/share/nn_computer/hook/pythonpath.sh'
[12.373s] Level 1:colcon.colcon_core.environment:checking '/home/nvidia/Desktop/code/ros2-test/face-robot-01/install/nn_computer/bin'
[12.373s] Level 1:colcon.colcon_core.shell:create_environment_hook('nn_computer', 'pythonscriptspath')
[12.375s] INFO:colcon.colcon_core.shell:Creating environment hook '/home/nvidia/Desktop/code/ros2-test/face-robot-01/install/nn_computer/share/nn_computer/hook/pythonscriptspath.ps1'
[12.377s] INFO:colcon.colcon_core.shell:Creating environment descriptor '/home/nvidia/Desktop/code/ros2-test/face-robot-01/install/nn_computer/share/nn_computer/hook/pythonscriptspath.dsv'
[12.379s] INFO:colcon.colcon_core.shell:Creating environment hook '/home/nvidia/Desktop/code/ros2-test/face-robot-01/install/nn_computer/share/nn_computer/hook/pythonscriptspath.sh'
[12.381s] Level 1:colcon.colcon_core.environment:create_environment_scripts_only(nn_computer)
[12.384s] INFO:colcon.colcon_core.shell:Creating package script '/home/nvidia/Desktop/code/ros2-test/face-robot-01/install/nn_computer/share/nn_computer/package.ps1'
[12.386s] INFO:colcon.colcon_core.shell:Creating package descriptor '/home/nvidia/Desktop/code/ros2-test/face-robot-01/install/nn_computer/share/nn_computer/package.dsv'
[12.389s] INFO:colcon.colcon_core.shell:Creating package script '/home/nvidia/Desktop/code/ros2-test/face-robot-01/install/nn_computer/share/nn_computer/package.sh'
[12.391s] INFO:colcon.colcon_core.shell:Creating package script '/home/nvidia/Desktop/code/ros2-test/face-robot-01/install/nn_computer/share/nn_computer/package.bash'
[12.393s] INFO:colcon.colcon_core.shell:Creating package script '/home/nvidia/Desktop/code/ros2-test/face-robot-01/install/nn_computer/share/nn_computer/package.zsh'
[12.394s] Level 1:colcon.colcon_core.environment:create_file_with_runtime_dependencies(/home/nvidia/Desktop/code/ros2-test/face-robot-01/install/nn_computer/share/colcon-core/packages/nn_computer)
[12.404s] Level 1:colcon.colcon_core.environment:checking '/home/nvidia/Desktop/code/ros2-test/face-robot-01/install/mp_input' for CMake module files
[12.407s] DEBUG:colcon.colcon_core.event_handler.log_command:Invoked command in '/home/nvidia/Desktop/code/ros2-test/face-robot-01/src/mp_input' returned '0': PYTHONPATH=/home/nvidia/Desktop/code/ros2-test/face-robot-01/build/mp_input/prefix_override:/home/nvidia/Desktop/code/ros2-test/face-robot-01/install/mp_input/lib/python3.8/site-packages:${PYTHONPATH} /usr/bin/python3 setup.py egg_info --egg-base ../../build/mp_input build --build-base /home/nvidia/Desktop/code/ros2-test/face-robot-01/build/mp_input/build install --record /home/nvidia/Desktop/code/ros2-test/face-robot-01/build/mp_input/install.log --single-version-externally-managed
[12.408s] Level 1:colcon.colcon_core.environment:checking '/home/nvidia/Desktop/code/ros2-test/face-robot-01/install/mp_input' for CMake config files
[12.412s] Level 1:colcon.colcon_core.environment:checking '/home/nvidia/Desktop/code/ros2-test/face-robot-01/install/mp_input/lib'
[12.412s] Level 1:colcon.colcon_core.environment:checking '/home/nvidia/Desktop/code/ros2-test/face-robot-01/install/mp_input/bin'
[12.413s] Level 1:colcon.colcon_core.shell:create_environment_hook('mp_input', 'path')
[12.415s] INFO:colcon.colcon_core.shell:Creating environment hook '/home/nvidia/Desktop/code/ros2-test/face-robot-01/install/mp_input/share/mp_input/hook/path.ps1'
[12.417s] INFO:colcon.colcon_core.shell:Creating environment descriptor '/home/nvidia/Desktop/code/ros2-test/face-robot-01/install/mp_input/share/mp_input/hook/path.dsv'
[12.418s] INFO:colcon.colcon_core.shell:Creating environment hook '/home/nvidia/Desktop/code/ros2-test/face-robot-01/install/mp_input/share/mp_input/hook/path.sh'
[12.420s] Level 1:colcon.colcon_core.environment:checking '/home/nvidia/Desktop/code/ros2-test/face-robot-01/install/mp_input/lib/pkgconfig/mp_input.pc'
[12.421s] Level 1:colcon.colcon_core.environment:checking '/home/nvidia/Desktop/code/ros2-test/face-robot-01/install/mp_input/lib/python3.8/site-packages'
[12.422s] Level 1:colcon.colcon_core.shell:create_environment_hook('mp_input', 'pythonpath')
[12.424s] INFO:colcon.colcon_core.shell:Creating environment hook '/home/nvidia/Desktop/code/ros2-test/face-robot-01/install/mp_input/share/mp_input/hook/pythonpath.ps1'
[12.426s] INFO:colcon.colcon_core.shell:Creating environment descriptor '/home/nvidia/Desktop/code/ros2-test/face-robot-01/install/mp_input/share/mp_input/hook/pythonpath.dsv'
[12.428s] INFO:colcon.colcon_core.shell:Creating environment hook '/home/nvidia/Desktop/code/ros2-test/face-robot-01/install/mp_input/share/mp_input/hook/pythonpath.sh'
[12.430s] Level 1:colcon.colcon_core.environment:checking '/home/nvidia/Desktop/code/ros2-test/face-robot-01/install/mp_input/bin'
[12.431s] Level 1:colcon.colcon_core.shell:create_environment_hook('mp_input', 'pythonscriptspath')
[12.433s] INFO:colcon.colcon_core.shell:Creating environment hook '/home/nvidia/Desktop/code/ros2-test/face-robot-01/install/mp_input/share/mp_input/hook/pythonscriptspath.ps1'
[12.435s] INFO:colcon.colcon_core.shell:Creating environment descriptor '/home/nvidia/Desktop/code/ros2-test/face-robot-01/install/mp_input/share/mp_input/hook/pythonscriptspath.dsv'
[12.436s] INFO:colcon.colcon_core.shell:Creating environment hook '/home/nvidia/Desktop/code/ros2-test/face-robot-01/install/mp_input/share/mp_input/hook/pythonscriptspath.sh'
[12.438s] Level 1:colcon.colcon_core.environment:create_environment_scripts_only(mp_input)
[12.441s] INFO:colcon.colcon_core.shell:Creating package script '/home/nvidia/Desktop/code/ros2-test/face-robot-01/install/mp_input/share/mp_input/package.ps1'
[12.444s] INFO:colcon.colcon_core.shell:Creating package descriptor '/home/nvidia/Desktop/code/ros2-test/face-robot-01/install/mp_input/share/mp_input/package.dsv'
[12.447s] INFO:colcon.colcon_core.shell:Creating package script '/home/nvidia/Desktop/code/ros2-test/face-robot-01/install/mp_input/share/mp_input/package.sh'
[12.450s] INFO:colcon.colcon_core.shell:Creating package script '/home/nvidia/Desktop/code/ros2-test/face-robot-01/install/mp_input/share/mp_input/package.bash'
[12.451s] INFO:colcon.colcon_core.shell:Creating package script '/home/nvidia/Desktop/code/ros2-test/face-robot-01/install/mp_input/share/mp_input/package.zsh'
[12.453s] Level 1:colcon.colcon_core.environment:create_file_with_runtime_dependencies(/home/nvidia/Desktop/code/ros2-test/face-robot-01/install/mp_input/share/colcon-core/packages/mp_input)
[12.455s] DEBUG:colcon.colcon_parallel_executor.executor.parallel:closing loop
[12.457s] DEBUG:colcon.colcon_parallel_executor.executor.parallel:loop closed
[12.458s] DEBUG:colcon.colcon_parallel_executor.executor.parallel:run_until_complete finished with '0'
[12.459s] DEBUG:colcon.colcon_core.event_reactor:joining thread
[12.490s] INFO:colcon.colcon_core.plugin_system:Skipping extension 'colcon_notification.desktop_notification.terminal_notifier': Not used on non-Darwin systems
[12.490s] INFO:colcon.colcon_core.plugin_system:Skipping extension 'colcon_notification.desktop_notification.win32': Not used on non-Windows systems
[12.491s] INFO:colcon.colcon_notification.desktop_notification:Sending desktop notification using 'notify2'
[12.578s] DEBUG:colcon.colcon_core.event_reactor:joined thread
[12.582s] INFO:colcon.colcon_core.shell:Creating prefix script '/home/nvidia/Desktop/code/ros2-test/face-robot-01/install/local_setup.ps1'
[12.587s] INFO:colcon.colcon_core.shell:Creating prefix util module '/home/nvidia/Desktop/code/ros2-test/face-robot-01/install/_local_setup_util_ps1.py'
[12.593s] INFO:colcon.colcon_core.shell:Creating prefix chain script '/home/nvidia/Desktop/code/ros2-test/face-robot-01/install/setup.ps1'
[12.597s] INFO:colcon.colcon_core.shell:Creating prefix script '/home/nvidia/Desktop/code/ros2-test/face-robot-01/install/local_setup.sh'
[12.601s] INFO:colcon.colcon_core.shell:Creating prefix util module '/home/nvidia/Desktop/code/ros2-test/face-robot-01/install/_local_setup_util_sh.py'
[12.604s] INFO:colcon.colcon_core.shell:Creating prefix chain script '/home/nvidia/Desktop/code/ros2-test/face-robot-01/install/setup.sh'
[12.610s] INFO:colcon.colcon_core.shell:Creating prefix script '/home/nvidia/Desktop/code/ros2-test/face-robot-01/install/local_setup.bash'
[12.613s] INFO:colcon.colcon_core.shell:Creating prefix chain script '/home/nvidia/Desktop/code/ros2-test/face-robot-01/install/setup.bash'
[12.617s] INFO:colcon.colcon_core.shell:Creating prefix script '/home/nvidia/Desktop/code/ros2-test/face-robot-01/install/local_setup.zsh'
[12.620s] INFO:colcon.colcon_core.shell:Creating prefix chain script '/home/nvidia/Desktop/code/ros2-test/face-robot-01/install/setup.zsh'
