[9.137s] Invoking command in '/home/nvidia/Desktop/code/ros2-test/face-robot-01/src/mp_input': PYTHONPATH=/home/nvidia/Desktop/code/ros2-test/face-robot-01/build/mp_input/prefix_override:/home/nvidia/Desktop/code/ros2-test/face-robot-01/install/mp_input/lib/python3.8/site-packages:${PYTHONPATH} /usr/bin/python3 setup.py egg_info --egg-base ../../build/mp_input build --build-base /home/nvidia/Desktop/code/ros2-test/face-robot-01/build/mp_input/build install --record /home/nvidia/Desktop/code/ros2-test/face-robot-01/build/mp_input/install.log --single-version-externally-managed
[10.478s] running egg_info
[10.481s] writing ../../build/mp_input/mp_input.egg-info/PKG-INFO
[10.484s] writing dependency_links to ../../build/mp_input/mp_input.egg-info/dependency_links.txt
[10.487s] writing entry points to ../../build/mp_input/mp_input.egg-info/entry_points.txt
[10.489s] writing requirements to ../../build/mp_input/mp_input.egg-info/requires.txt
[10.490s] writing top-level names to ../../build/mp_input/mp_input.egg-info/top_level.txt
[10.677s] reading manifest file '../../build/mp_input/mp_input.egg-info/SOURCES.txt'
[10.683s] writing manifest file '../../build/mp_input/mp_input.egg-info/SOURCES.txt'
[10.684s] running build
[10.685s] running build_py
[10.686s] copying mp_input/mpinput.py -> /home/nvidia/Desktop/code/ros2-test/face-robot-01/build/mp_input/build/lib/mp_input
[10.691s] running install
[10.696s] running install_lib
[10.701s] copying /home/nvidia/Desktop/code/ros2-test/face-robot-01/build/mp_input/build/lib/mp_input/mpinput.py -> /home/nvidia/Desktop/code/ros2-test/face-robot-01/install/mp_input/lib/python3.8/site-packages/mp_input
[10.707s] byte-compiling /home/nvidia/Desktop/code/ros2-test/face-robot-01/install/mp_input/lib/python3.8/site-packages/mp_input/mpinput.py to mpinput.cpython-38.pyc
[10.717s] running install_data
[10.720s] running install_egg_info
[10.729s] removing '/home/nvidia/Desktop/code/ros2-test/face-robot-01/install/mp_input/lib/python3.8/site-packages/mp_input-0.0.0-py3.8.egg-info' (and everything under it)
[10.731s] Copying ../../build/mp_input/mp_input.egg-info to /home/nvidia/Desktop/code/ros2-test/face-robot-01/install/mp_input/lib/python3.8/site-packages/mp_input-0.0.0-py3.8.egg-info
[10.738s] running install_scripts
[10.836s] Installing eye_node script to /home/nvidia/Desktop/code/ros2-test/face-robot-01/install/mp_input/bin
[10.838s] Installing eyeball_node script to /home/nvidia/Desktop/code/ros2-test/face-robot-01/install/mp_input/bin
[10.839s] Installing mouth_node script to /home/nvidia/Desktop/code/ros2-test/face-robot-01/install/mp_input/bin
[10.841s] Installing mpinput_node script to /home/nvidia/Desktop/code/ros2-test/face-robot-01/install/mp_input/bin
[10.842s] Installing neck_node script to /home/nvidia/Desktop/code/ros2-test/face-robot-01/install/mp_input/bin
[10.844s] Installing nn_node script to /home/nvidia/Desktop/code/ros2-test/face-robot-01/install/mp_input/bin
[10.847s] writing list of installed files to '/home/nvidia/Desktop/code/ros2-test/face-robot-01/build/mp_input/install.log'
[11.199s] Invoked command in '/home/nvidia/Desktop/code/ros2-test/face-robot-01/src/mp_input' returned '0': PYTHONPATH=/home/nvidia/Desktop/code/ros2-test/face-robot-01/build/mp_input/prefix_override:/home/nvidia/Desktop/code/ros2-test/face-robot-01/install/mp_input/lib/python3.8/site-packages:${PYTHONPATH} /usr/bin/python3 setup.py egg_info --egg-base ../../build/mp_input build --build-base /home/nvidia/Desktop/code/ros2-test/face-robot-01/build/mp_input/build install --record /home/nvidia/Desktop/code/ros2-test/face-robot-01/build/mp_input/install.log --single-version-externally-managed
