running egg_info
writing ../../build/mp_input/mp_input.egg-info/PKG-INFO
writing dependency_links to ../../build/mp_input/mp_input.egg-info/dependency_links.txt
writing entry points to ../../build/mp_input/mp_input.egg-info/entry_points.txt
writing requirements to ../../build/mp_input/mp_input.egg-info/requires.txt
writing top-level names to ../../build/mp_input/mp_input.egg-info/top_level.txt
reading manifest file '../../build/mp_input/mp_input.egg-info/SOURCES.txt'
writing manifest file '../../build/mp_input/mp_input.egg-info/SOURCES.txt'
running build
running build_py
copying mp_input/mpinput.py -> /home/parallels/code/ros2-test/face-robot-01/build/mp_input/build/lib/mp_input
copying mp_input/__init__.py -> /home/parallels/code/ros2-test/face-robot-01/build/mp_input/build/lib/mp_input
copying mp_input/normalization.py -> /home/parallels/code/ros2-test/face-robot-01/build/mp_input/build/lib/mp_input
copying mp_input/lmks_data/face_geometry.py -> /home/parallels/code/ros2-test/face-robot-01/build/mp_input/build/lib/mp_input/lmks_data
copying mp_input/lmks_data/simplified_landmark_plus.py -> /home/parallels/code/ros2-test/face-robot-01/build/mp_input/build/lib/mp_input/lmks_data
copying mp_input/lmks_data/__init__.py -> /home/parallels/code/ros2-test/face-robot-01/build/mp_input/build/lib/mp_input/lmks_data
running install
running install_lib
copying /home/parallels/code/ros2-test/face-robot-01/build/mp_input/build/lib/mp_input/lmks_data/face_geometry.py -> /home/parallels/code/ros2-test/face-robot-01/install/mp_input/lib/python3.8/site-packages/mp_input/lmks_data
copying /home/parallels/code/ros2-test/face-robot-01/build/mp_input/build/lib/mp_input/lmks_data/simplified_landmark_plus.py -> /home/parallels/code/ros2-test/face-robot-01/install/mp_input/lib/python3.8/site-packages/mp_input/lmks_data
copying /home/parallels/code/ros2-test/face-robot-01/build/mp_input/build/lib/mp_input/lmks_data/__init__.py -> /home/parallels/code/ros2-test/face-robot-01/install/mp_input/lib/python3.8/site-packages/mp_input/lmks_data
copying /home/parallels/code/ros2-test/face-robot-01/build/mp_input/build/lib/mp_input/mpinput.py -> /home/parallels/code/ros2-test/face-robot-01/install/mp_input/lib/python3.8/site-packages/mp_input
copying /home/parallels/code/ros2-test/face-robot-01/build/mp_input/build/lib/mp_input/__init__.py -> /home/parallels/code/ros2-test/face-robot-01/install/mp_input/lib/python3.8/site-packages/mp_input
copying /home/parallels/code/ros2-test/face-robot-01/build/mp_input/build/lib/mp_input/normalization.py -> /home/parallels/code/ros2-test/face-robot-01/install/mp_input/lib/python3.8/site-packages/mp_input
byte-compiling /home/parallels/code/ros2-test/face-robot-01/install/mp_input/lib/python3.8/site-packages/mp_input/lmks_data/face_geometry.py to face_geometry.cpython-38.pyc
byte-compiling /home/parallels/code/ros2-test/face-robot-01/install/mp_input/lib/python3.8/site-packages/mp_input/lmks_data/simplified_landmark_plus.py to simplified_landmark_plus.cpython-38.pyc
byte-compiling /home/parallels/code/ros2-test/face-robot-01/install/mp_input/lib/python3.8/site-packages/mp_input/lmks_data/__init__.py to __init__.cpython-38.pyc
byte-compiling /home/parallels/code/ros2-test/face-robot-01/install/mp_input/lib/python3.8/site-packages/mp_input/mpinput.py to mpinput.cpython-38.pyc
byte-compiling /home/parallels/code/ros2-test/face-robot-01/install/mp_input/lib/python3.8/site-packages/mp_input/__init__.py to __init__.cpython-38.pyc
byte-compiling /home/parallels/code/ros2-test/face-robot-01/install/mp_input/lib/python3.8/site-packages/mp_input/normalization.py to normalization.cpython-38.pyc
running install_data
copying resource/mp_input -> /home/parallels/code/ros2-test/face-robot-01/install/mp_input/share/ament_index/resource_index/packages
copying package.xml -> /home/parallels/code/ros2-test/face-robot-01/install/mp_input/share/mp_input
copying launch/mp.launch.py -> /home/parallels/code/ros2-test/face-robot-01/install/mp_input/share/mp_input
running install_egg_info
removing '/home/parallels/code/ros2-test/face-robot-01/install/mp_input/lib/python3.8/site-packages/mp_input-0.0.0-py3.8.egg-info' (and everything under it)
Copying ../../build/mp_input/mp_input.egg-info to /home/parallels/code/ros2-test/face-robot-01/install/mp_input/lib/python3.8/site-packages/mp_input-0.0.0-py3.8.egg-info
running install_scripts
Installing eye_node script to /home/parallels/code/ros2-test/face-robot-01/install/mp_input/lib/mp_input
Installing mouth_node script to /home/parallels/code/ros2-test/face-robot-01/install/mp_input/lib/mp_input
Installing mpinput_node script to /home/parallels/code/ros2-test/face-robot-01/install/mp_input/lib/mp_input
Installing neck_node script to /home/parallels/code/ros2-test/face-robot-01/install/mp_input/lib/mp_input
Installing nn_node script to /home/parallels/code/ros2-test/face-robot-01/install/mp_input/lib/mp_input
writing list of installed files to '/home/parallels/code/ros2-test/face-robot-01/build/mp_input/install.log'
