[0.691s] Invoking command in '/home/parallels/code/ros2-test/face-robot-01/src/mp_input': PYTHONPATH=/home/parallels/code/ros2-test/face-robot-01/install/mp_input/lib/python3.8/site-packages:${PYTHONPATH} /usr/bin/python3 setup.py egg_info --egg-base ../../build/mp_input build --build-base /home/parallels/code/ros2-test/face-robot-01/build/mp_input/build install --prefix /home/parallels/code/ros2-test/face-robot-01/install/mp_input --record /home/parallels/code/ros2-test/face-robot-01/build/mp_input/install.log --single-version-externally-managed
[0.800s] running egg_info
[0.801s] writing ../../build/mp_input/mp_input.egg-info/PKG-INFO
[0.801s] writing dependency_links to ../../build/mp_input/mp_input.egg-info/dependency_links.txt
[0.801s] writing entry points to ../../build/mp_input/mp_input.egg-info/entry_points.txt
[0.801s] writing requirements to ../../build/mp_input/mp_input.egg-info/requires.txt
[0.801s] writing top-level names to ../../build/mp_input/mp_input.egg-info/top_level.txt
[0.821s] reading manifest file '../../build/mp_input/mp_input.egg-info/SOURCES.txt'
[0.822s] writing manifest file '../../build/mp_input/mp_input.egg-info/SOURCES.txt'
[0.822s] running build
[0.822s] running build_py
[0.822s] copying mp_input/mpinput.py -> /home/parallels/code/ros2-test/face-robot-01/build/mp_input/build/lib/mp_input
[0.822s] copying mp_input/__init__.py -> /home/parallels/code/ros2-test/face-robot-01/build/mp_input/build/lib/mp_input
[0.822s] copying mp_input/normalization.py -> /home/parallels/code/ros2-test/face-robot-01/build/mp_input/build/lib/mp_input
[0.822s] copying mp_input/lmks_data/face_geometry.py -> /home/parallels/code/ros2-test/face-robot-01/build/mp_input/build/lib/mp_input/lmks_data
[0.823s] copying mp_input/lmks_data/simplified_landmark_plus.py -> /home/parallels/code/ros2-test/face-robot-01/build/mp_input/build/lib/mp_input/lmks_data
[0.823s] copying mp_input/lmks_data/__init__.py -> /home/parallels/code/ros2-test/face-robot-01/build/mp_input/build/lib/mp_input/lmks_data
[0.823s] running install
[0.823s] running install_lib
[0.824s] copying /home/parallels/code/ros2-test/face-robot-01/build/mp_input/build/lib/mp_input/lmks_data/face_geometry.py -> /home/parallels/code/ros2-test/face-robot-01/install/mp_input/lib/python3.8/site-packages/mp_input/lmks_data
[0.824s] copying /home/parallels/code/ros2-test/face-robot-01/build/mp_input/build/lib/mp_input/lmks_data/simplified_landmark_plus.py -> /home/parallels/code/ros2-test/face-robot-01/install/mp_input/lib/python3.8/site-packages/mp_input/lmks_data
[0.824s] copying /home/parallels/code/ros2-test/face-robot-01/build/mp_input/build/lib/mp_input/lmks_data/__init__.py -> /home/parallels/code/ros2-test/face-robot-01/install/mp_input/lib/python3.8/site-packages/mp_input/lmks_data
[0.824s] copying /home/parallels/code/ros2-test/face-robot-01/build/mp_input/build/lib/mp_input/mpinput.py -> /home/parallels/code/ros2-test/face-robot-01/install/mp_input/lib/python3.8/site-packages/mp_input
[0.824s] copying /home/parallels/code/ros2-test/face-robot-01/build/mp_input/build/lib/mp_input/__init__.py -> /home/parallels/code/ros2-test/face-robot-01/install/mp_input/lib/python3.8/site-packages/mp_input
[0.825s] copying /home/parallels/code/ros2-test/face-robot-01/build/mp_input/build/lib/mp_input/normalization.py -> /home/parallels/code/ros2-test/face-robot-01/install/mp_input/lib/python3.8/site-packages/mp_input
[0.825s] byte-compiling /home/parallels/code/ros2-test/face-robot-01/install/mp_input/lib/python3.8/site-packages/mp_input/lmks_data/face_geometry.py to face_geometry.cpython-38.pyc
[0.829s] byte-compiling /home/parallels/code/ros2-test/face-robot-01/install/mp_input/lib/python3.8/site-packages/mp_input/lmks_data/simplified_landmark_plus.py to simplified_landmark_plus.cpython-38.pyc
[0.831s] byte-compiling /home/parallels/code/ros2-test/face-robot-01/install/mp_input/lib/python3.8/site-packages/mp_input/lmks_data/__init__.py to __init__.cpython-38.pyc
[0.831s] byte-compiling /home/parallels/code/ros2-test/face-robot-01/install/mp_input/lib/python3.8/site-packages/mp_input/mpinput.py to mpinput.cpython-38.pyc
[0.832s] byte-compiling /home/parallels/code/ros2-test/face-robot-01/install/mp_input/lib/python3.8/site-packages/mp_input/__init__.py to __init__.cpython-38.pyc
[0.832s] byte-compiling /home/parallels/code/ros2-test/face-robot-01/install/mp_input/lib/python3.8/site-packages/mp_input/normalization.py to normalization.cpython-38.pyc
[0.832s] running install_data
[0.833s] copying resource/mp_input -> /home/parallels/code/ros2-test/face-robot-01/install/mp_input/share/ament_index/resource_index/packages
[0.833s] copying package.xml -> /home/parallels/code/ros2-test/face-robot-01/install/mp_input/share/mp_input
[0.833s] copying launch/mp.launch.py -> /home/parallels/code/ros2-test/face-robot-01/install/mp_input/share/mp_input
[0.833s] running install_egg_info
[0.834s] removing '/home/parallels/code/ros2-test/face-robot-01/install/mp_input/lib/python3.8/site-packages/mp_input-0.0.0-py3.8.egg-info' (and everything under it)
[0.834s] Copying ../../build/mp_input/mp_input.egg-info to /home/parallels/code/ros2-test/face-robot-01/install/mp_input/lib/python3.8/site-packages/mp_input-0.0.0-py3.8.egg-info
[0.835s] running install_scripts
[0.844s] Installing eye_node script to /home/parallels/code/ros2-test/face-robot-01/install/mp_input/lib/mp_input
[0.844s] Installing mouth_node script to /home/parallels/code/ros2-test/face-robot-01/install/mp_input/lib/mp_input
[0.845s] Installing mpinput_node script to /home/parallels/code/ros2-test/face-robot-01/install/mp_input/lib/mp_input
[0.845s] Installing neck_node script to /home/parallels/code/ros2-test/face-robot-01/install/mp_input/lib/mp_input
[0.845s] Installing nn_node script to /home/parallels/code/ros2-test/face-robot-01/install/mp_input/lib/mp_input
[0.845s] writing list of installed files to '/home/parallels/code/ros2-test/face-robot-01/build/mp_input/install.log'
[0.873s] Invoked command in '/home/parallels/code/ros2-test/face-robot-01/src/mp_input' returned '0': PYTHONPATH=/home/parallels/code/ros2-test/face-robot-01/install/mp_input/lib/python3.8/site-packages:${PYTHONPATH} /usr/bin/python3 setup.py egg_info --egg-base ../../build/mp_input build --build-base /home/parallels/code/ros2-test/face-robot-01/build/mp_input/build install --prefix /home/parallels/code/ros2-test/face-robot-01/install/mp_input --record /home/parallels/code/ros2-test/face-robot-01/build/mp_input/install.log --single-version-externally-managed
