[1.031s] Invoking command in '/home/parallels/code/ros2-test/camera-test/src/nn_computer': CONDA_PROMPT_MODIFIER=(base) PYTHONPATH=/home/parallels/code/ros2-test/camera-test/install/nn_computer/lib/python3.8/site-packages:${PYTHONPATH} /usr/bin/python3 setup.py egg_info --egg-base ../../build/nn_computer build --build-base /home/parallels/code/ros2-test/camera-test/build/nn_computer/build install --prefix /home/parallels/code/ros2-test/camera-test/install/nn_computer --record /home/parallels/code/ros2-test/camera-test/build/nn_computer/install.log --single-version-externally-managed
[1.162s] running egg_info
[1.162s] writing ../../build/nn_computer/nn_computer.egg-info/PKG-INFO
[1.162s] writing dependency_links to ../../build/nn_computer/nn_computer.egg-info/dependency_links.txt
[1.162s] writing entry points to ../../build/nn_computer/nn_computer.egg-info/entry_points.txt
[1.162s] writing requirements to ../../build/nn_computer/nn_computer.egg-info/requires.txt
[1.162s] writing top-level names to ../../build/nn_computer/nn_computer.egg-info/top_level.txt
[1.181s] reading manifest file '../../build/nn_computer/nn_computer.egg-info/SOURCES.txt'
[1.182s] writing manifest file '../../build/nn_computer/nn_computer.egg-info/SOURCES.txt'
[1.182s] running build
[1.182s] running build_py
[1.182s] copying nn_computer/nncomputer.py -> /home/parallels/code/ros2-test/camera-test/build/nn_computer/build/lib/nn_computer
[1.182s] running install
[1.183s] running install_lib
[1.184s] copying /home/parallels/code/ros2-test/camera-test/build/nn_computer/build/lib/nn_computer/nncomputer.py -> /home/parallels/code/ros2-test/camera-test/install/nn_computer/lib/python3.8/site-packages/nn_computer
[1.184s] byte-compiling /home/parallels/code/ros2-test/camera-test/install/nn_computer/lib/python3.8/site-packages/nn_computer/nncomputer.py to nncomputer.cpython-38.pyc
[1.185s] running install_data
[1.186s] running install_egg_info
[1.187s] removing '/home/parallels/code/ros2-test/camera-test/install/nn_computer/lib/python3.8/site-packages/nn_computer-0.0.0-py3.8.egg-info' (and everything under it)
[1.187s] Copying ../../build/nn_computer/nn_computer.egg-info to /home/parallels/code/ros2-test/camera-test/install/nn_computer/lib/python3.8/site-packages/nn_computer-0.0.0-py3.8.egg-info
[1.188s] running install_scripts
[1.198s] Installing nn_node script to /home/parallels/code/ros2-test/camera-test/install/nn_computer/lib/nn_computer
[1.198s] writing list of installed files to '/home/parallels/code/ros2-test/camera-test/build/nn_computer/install.log'
[1.215s] Invoked command in '/home/parallels/code/ros2-test/camera-test/src/nn_computer' returned '0': CONDA_PROMPT_MODIFIER=(base) PYTHONPATH=/home/parallels/code/ros2-test/camera-test/install/nn_computer/lib/python3.8/site-packages:${PYTHONPATH} /usr/bin/python3 setup.py egg_info --egg-base ../../build/nn_computer build --build-base /home/parallels/code/ros2-test/camera-test/build/nn_computer/build install --prefix /home/parallels/code/ros2-test/camera-test/install/nn_computer --record /home/parallels/code/ros2-test/camera-test/build/nn_computer/install.log --single-version-externally-managed
