running egg_info
writing ../../build/mouth_cmds/mouth_cmds.egg-info/PKG-INFO
writing dependency_links to ../../build/mouth_cmds/mouth_cmds.egg-info/dependency_links.txt
writing entry points to ../../build/mouth_cmds/mouth_cmds.egg-info/entry_points.txt
writing requirements to ../../build/mouth_cmds/mouth_cmds.egg-info/requires.txt
writing top-level names to ../../build/mouth_cmds/mouth_cmds.egg-info/top_level.txt
reading manifest file '../../build/mouth_cmds/mouth_cmds.egg-info/SOURCES.txt'
writing manifest file '../../build/mouth_cmds/mouth_cmds.egg-info/SOURCES.txt'
running build
running build_py
copying mouth_cmds/mouthcmds.py -> /home/nvidia/Desktop/code/ros2-test/face-robot-01/build/mouth_cmds/build/lib/mouth_cmds
running install
running install_lib
copying /home/nvidia/Desktop/code/ros2-test/face-robot-01/build/mouth_cmds/build/lib/mouth_cmds/mouthcmds.py -> /home/nvidia/Desktop/code/ros2-test/face-robot-01/install/mouth_cmds/lib/python3.8/site-packages/mouth_cmds
byte-compiling /home/nvidia/Desktop/code/ros2-test/face-robot-01/install/mouth_cmds/lib/python3.8/site-packages/mouth_cmds/mouthcmds.py to mouthcmds.cpython-38.pyc
running install_data
running install_egg_info
removing '/home/nvidia/Desktop/code/ros2-test/face-robot-01/install/mouth_cmds/lib/python3.8/site-packages/mouth_cmds-0.0.0-py3.8.egg-info' (and everything under it)
Copying ../../build/mouth_cmds/mouth_cmds.egg-info to /home/nvidia/Desktop/code/ros2-test/face-robot-01/install/mouth_cmds/lib/python3.8/site-packages/mouth_cmds-0.0.0-py3.8.egg-info
running install_scripts
Installing mouth_node script to /home/nvidia/Desktop/code/ros2-test/face-robot-01/install/mouth_cmds/bin
writing list of installed files to '/home/nvidia/Desktop/code/ros2-test/face-robot-01/build/mouth_cmds/install.log'
