[8.880s] Invoking command in '/home/nvidia/Desktop/code/ros2-test/face-robot-01/src/eyeball_cmds': PYTHONPATH=/home/nvidia/Desktop/code/ros2-test/face-robot-01/build/eyeball_cmds/prefix_override:/home/nvidia/Desktop/code/ros2-test/face-robot-01/install/eyeball_cmds/lib/python3.8/site-packages:${PYTHONPATH} /usr/bin/python3 setup.py egg_info --egg-base ../../build/eyeball_cmds build --build-base /home/nvidia/Desktop/code/ros2-test/face-robot-01/build/eyeball_cmds/build install --record /home/nvidia/Desktop/code/ros2-test/face-robot-01/build/eyeball_cmds/install.log --single-version-externally-managed
[10.106s] running egg_info
[10.110s] writing ../../build/eyeball_cmds/eyeball_cmds.egg-info/PKG-INFO
[10.112s] writing dependency_links to ../../build/eyeball_cmds/eyeball_cmds.egg-info/dependency_links.txt
[10.114s] writing entry points to ../../build/eyeball_cmds/eyeball_cmds.egg-info/entry_points.txt
[10.116s] writing requirements to ../../build/eyeball_cmds/eyeball_cmds.egg-info/requires.txt
[10.118s] writing top-level names to ../../build/eyeball_cmds/eyeball_cmds.egg-info/top_level.txt
[10.329s] reading manifest file '../../build/eyeball_cmds/eyeball_cmds.egg-info/SOURCES.txt'
[10.335s] writing manifest file '../../build/eyeball_cmds/eyeball_cmds.egg-info/SOURCES.txt'
[10.336s] running build
[10.337s] running build_py
[10.337s] copying eyeball_cmds/eyeballcmds.py -> /home/nvidia/Desktop/code/ros2-test/face-robot-01/build/eyeball_cmds/build/lib/eyeball_cmds
[10.351s] copying eyeball_cmds/servo_motor_face.py -> /home/nvidia/Desktop/code/ros2-test/face-robot-01/build/eyeball_cmds/build/lib/eyeball_cmds
[10.353s] running install
[10.357s] running install_lib
[10.365s] copying /home/nvidia/Desktop/code/ros2-test/face-robot-01/build/eyeball_cmds/build/lib/eyeball_cmds/eyeballcmds.py -> /home/nvidia/Desktop/code/ros2-test/face-robot-01/install/eyeball_cmds/lib/python3.8/site-packages/eyeball_cmds
[10.367s] copying /home/nvidia/Desktop/code/ros2-test/face-robot-01/build/eyeball_cmds/build/lib/eyeball_cmds/servo_motor_face.py -> /home/nvidia/Desktop/code/ros2-test/face-robot-01/install/eyeball_cmds/lib/python3.8/site-packages/eyeball_cmds
[10.370s] byte-compiling /home/nvidia/Desktop/code/ros2-test/face-robot-01/install/eyeball_cmds/lib/python3.8/site-packages/eyeball_cmds/eyeballcmds.py to eyeballcmds.cpython-38.pyc
[10.378s] byte-compiling /home/nvidia/Desktop/code/ros2-test/face-robot-01/install/eyeball_cmds/lib/python3.8/site-packages/eyeball_cmds/servo_motor_face.py to servo_motor_face.cpython-38.pyc
[10.388s] running install_data
[10.390s] running install_egg_info
[10.398s] removing '/home/nvidia/Desktop/code/ros2-test/face-robot-01/install/eyeball_cmds/lib/python3.8/site-packages/eyeball_cmds-0.0.0-py3.8.egg-info' (and everything under it)
[10.401s] Copying ../../build/eyeball_cmds/eyeball_cmds.egg-info to /home/nvidia/Desktop/code/ros2-test/face-robot-01/install/eyeball_cmds/lib/python3.8/site-packages/eyeball_cmds-0.0.0-py3.8.egg-info
[10.406s] running install_scripts
[10.496s] Installing eyeball_node script to /home/nvidia/Desktop/code/ros2-test/face-robot-01/install/eyeball_cmds/bin
[10.500s] writing list of installed files to '/home/nvidia/Desktop/code/ros2-test/face-robot-01/build/eyeball_cmds/install.log'
[10.659s] Invoked command in '/home/nvidia/Desktop/code/ros2-test/face-robot-01/src/eyeball_cmds' returned '0': PYTHONPATH=/home/nvidia/Desktop/code/ros2-test/face-robot-01/build/eyeball_cmds/prefix_override:/home/nvidia/Desktop/code/ros2-test/face-robot-01/install/eyeball_cmds/lib/python3.8/site-packages:${PYTHONPATH} /usr/bin/python3 setup.py egg_info --egg-base ../../build/eyeball_cmds build --build-base /home/nvidia/Desktop/code/ros2-test/face-robot-01/build/eyeball_cmds/build install --record /home/nvidia/Desktop/code/ros2-test/face-robot-01/build/eyeball_cmds/install.log --single-version-externally-managed
