[9.915s] Invoking command in '/home/nvidia/Desktop/code/ros2-test/face-robot-01/src/neck_cmds': PYTHONPATH=/home/nvidia/Desktop/code/ros2-test/face-robot-01/build/neck_cmds/prefix_override:/home/nvidia/Desktop/code/ros2-test/face-robot-01/install/neck_cmds/lib/python3.8/site-packages:${PYTHONPATH} /usr/bin/python3 setup.py egg_info --egg-base ../../build/neck_cmds build --build-base /home/nvidia/Desktop/code/ros2-test/face-robot-01/build/neck_cmds/build install --record /home/nvidia/Desktop/code/ros2-test/face-robot-01/build/neck_cmds/install.log --single-version-externally-managed
[11.889s] running egg_info
[11.894s] writing ../../build/neck_cmds/neck_cmds.egg-info/PKG-INFO
[11.897s] writing dependency_links to ../../build/neck_cmds/neck_cmds.egg-info/dependency_links.txt
[11.899s] writing entry points to ../../build/neck_cmds/neck_cmds.egg-info/entry_points.txt
[11.902s] writing requirements to ../../build/neck_cmds/neck_cmds.egg-info/requires.txt
[11.902s] writing top-level names to ../../build/neck_cmds/neck_cmds.egg-info/top_level.txt
[12.113s] reading manifest file '../../build/neck_cmds/neck_cmds.egg-info/SOURCES.txt'
[12.114s] writing manifest file '../../build/neck_cmds/neck_cmds.egg-info/SOURCES.txt'
[12.114s] running build
[12.115s] running build_py
[12.116s] running install
[12.116s] running install_lib
[12.120s] running install_data
[12.122s] running install_egg_info
[12.131s] removing '/home/nvidia/Desktop/code/ros2-test/face-robot-01/install/neck_cmds/lib/python3.8/site-packages/neck_cmds-0.0.0-py3.8.egg-info' (and everything under it)
[12.135s] Copying ../../build/neck_cmds/neck_cmds.egg-info to /home/nvidia/Desktop/code/ros2-test/face-robot-01/install/neck_cmds/lib/python3.8/site-packages/neck_cmds-0.0.0-py3.8.egg-info
[12.143s] running install_scripts
[12.235s] Installing neck_node script to /home/nvidia/Desktop/code/ros2-test/face-robot-01/install/neck_cmds/bin
[12.238s] writing list of installed files to '/home/nvidia/Desktop/code/ros2-test/face-robot-01/build/neck_cmds/install.log'
[12.357s] Invoked command in '/home/nvidia/Desktop/code/ros2-test/face-robot-01/src/neck_cmds' returned '0': PYTHONPATH=/home/nvidia/Desktop/code/ros2-test/face-robot-01/build/neck_cmds/prefix_override:/home/nvidia/Desktop/code/ros2-test/face-robot-01/install/neck_cmds/lib/python3.8/site-packages:${PYTHONPATH} /usr/bin/python3 setup.py egg_info --egg-base ../../build/neck_cmds build --build-base /home/nvidia/Desktop/code/ros2-test/face-robot-01/build/neck_cmds/build install --record /home/nvidia/Desktop/code/ros2-test/face-robot-01/build/neck_cmds/install.log --single-version-externally-managed
