[0.678s] Invoking command in '/home/parallels/code/ros2-test/face-robot-01/src/mp_input': PYTHONPATH=/home/parallels/code/ros2-test/face-robot-01/install/mp_input/lib/python3.8/site-packages:${PYTHONPATH} /usr/bin/python3 setup.py egg_info --egg-base ../../build/mp_input build --build-base /home/parallels/code/ros2-test/face-robot-01/build/mp_input/build install --prefix /home/parallels/code/ros2-test/face-robot-01/install/mp_input --record /home/parallels/code/ros2-test/face-robot-01/build/mp_input/install.log --single-version-externally-managed
[0.790s] running egg_info
[0.791s] writing ../../build/mp_input/mp_input.egg-info/PKG-INFO
[0.791s] writing dependency_links to ../../build/mp_input/mp_input.egg-info/dependency_links.txt
[0.792s] writing entry points to ../../build/mp_input/mp_input.egg-info/entry_points.txt
[0.792s] writing requirements to ../../build/mp_input/mp_input.egg-info/requires.txt
[0.792s] writing top-level names to ../../build/mp_input/mp_input.egg-info/top_level.txt
[0.816s] reading manifest file '../../build/mp_input/mp_input.egg-info/SOURCES.txt'
[0.816s] writing manifest file '../../build/mp_input/mp_input.egg-info/SOURCES.txt'
[0.816s] running build
[0.816s] running build_py
[0.817s] running install
[0.817s] running install_lib
[0.818s] running install_data
[0.819s] copying launch/mp.launch.py -> /home/parallels/code/ros2-test/face-robot-01/install/mp_input/share/mp_input
[0.819s] running install_egg_info
[0.820s] removing '/home/parallels/code/ros2-test/face-robot-01/install/mp_input/lib/python3.8/site-packages/mp_input-0.0.0-py3.8.egg-info' (and everything under it)
[0.821s] Copying ../../build/mp_input/mp_input.egg-info to /home/parallels/code/ros2-test/face-robot-01/install/mp_input/lib/python3.8/site-packages/mp_input-0.0.0-py3.8.egg-info
[0.826s] running install_scripts
[0.838s] Installing eye_node script to /home/parallels/code/ros2-test/face-robot-01/install/mp_input/lib/mp_input
[0.838s] Installing eyeball_node script to /home/parallels/code/ros2-test/face-robot-01/install/mp_input/lib/mp_input
[0.838s] Installing mouth_node script to /home/parallels/code/ros2-test/face-robot-01/install/mp_input/lib/mp_input
[0.839s] Installing mpinput_node script to /home/parallels/code/ros2-test/face-robot-01/install/mp_input/lib/mp_input
[0.839s] Installing neck_node script to /home/parallels/code/ros2-test/face-robot-01/install/mp_input/lib/mp_input
[0.839s] Installing nn_node script to /home/parallels/code/ros2-test/face-robot-01/install/mp_input/lib/mp_input
[0.839s] writing list of installed files to '/home/parallels/code/ros2-test/face-robot-01/build/mp_input/install.log'
[0.870s] Invoked command in '/home/parallels/code/ros2-test/face-robot-01/src/mp_input' returned '0': PYTHONPATH=/home/parallels/code/ros2-test/face-robot-01/install/mp_input/lib/python3.8/site-packages:${PYTHONPATH} /usr/bin/python3 setup.py egg_info --egg-base ../../build/mp_input build --build-base /home/parallels/code/ros2-test/face-robot-01/build/mp_input/build install --prefix /home/parallels/code/ros2-test/face-robot-01/install/mp_input --record /home/parallels/code/ros2-test/face-robot-01/build/mp_input/install.log --single-version-externally-managed
