[0.434s] Invoking command in '/home/parallels/code/ros2-test/face-robot-01/src/neck_cmds': PYTHONPATH=/home/parallels/code/ros2-test/face-robot-01/install/neck_cmds/lib/python3.8/site-packages:${PYTHONPATH} /usr/bin/python3 setup.py egg_info --egg-base ../../build/neck_cmds build --build-base /home/parallels/code/ros2-test/face-robot-01/build/neck_cmds/build install --prefix /home/parallels/code/ros2-test/face-robot-01/install/neck_cmds --record /home/parallels/code/ros2-test/face-robot-01/build/neck_cmds/install.log --single-version-externally-managed
[0.534s] running egg_info
[0.534s] writing ../../build/neck_cmds/neck_cmds.egg-info/PKG-INFO
[0.534s] writing dependency_links to ../../build/neck_cmds/neck_cmds.egg-info/dependency_links.txt
[0.534s] writing entry points to ../../build/neck_cmds/neck_cmds.egg-info/entry_points.txt
[0.534s] writing requirements to ../../build/neck_cmds/neck_cmds.egg-info/requires.txt
[0.534s] writing top-level names to ../../build/neck_cmds/neck_cmds.egg-info/top_level.txt
[0.551s] reading manifest file '../../build/neck_cmds/neck_cmds.egg-info/SOURCES.txt'
[0.551s] writing manifest file '../../build/neck_cmds/neck_cmds.egg-info/SOURCES.txt'
[0.551s] running build
[0.551s] running build_py
[0.552s] copying neck_cmds/neckcmds.py -> /home/parallels/code/ros2-test/face-robot-01/build/neck_cmds/build/lib/neck_cmds
[0.552s] copying neck_cmds/__init__.py -> /home/parallels/code/ros2-test/face-robot-01/build/neck_cmds/build/lib/neck_cmds
[0.552s] running install
[0.552s] running install_lib
[0.552s] copying /home/parallels/code/ros2-test/face-robot-01/build/neck_cmds/build/lib/neck_cmds/neckcmds.py -> /home/parallels/code/ros2-test/face-robot-01/install/neck_cmds/lib/python3.8/site-packages/neck_cmds
[0.552s] copying /home/parallels/code/ros2-test/face-robot-01/build/neck_cmds/build/lib/neck_cmds/__init__.py -> /home/parallels/code/ros2-test/face-robot-01/install/neck_cmds/lib/python3.8/site-packages/neck_cmds
[0.553s] byte-compiling /home/parallels/code/ros2-test/face-robot-01/install/neck_cmds/lib/python3.8/site-packages/neck_cmds/neckcmds.py to neckcmds.cpython-38.pyc
[0.553s] byte-compiling /home/parallels/code/ros2-test/face-robot-01/install/neck_cmds/lib/python3.8/site-packages/neck_cmds/__init__.py to __init__.cpython-38.pyc
[0.553s] running install_data
[0.554s] copying resource/neck_cmds -> /home/parallels/code/ros2-test/face-robot-01/install/neck_cmds/share/ament_index/resource_index/packages
[0.554s] copying package.xml -> /home/parallels/code/ros2-test/face-robot-01/install/neck_cmds/share/neck_cmds
[0.554s] running install_egg_info
[0.554s] removing '/home/parallels/code/ros2-test/face-robot-01/install/neck_cmds/lib/python3.8/site-packages/neck_cmds-0.0.0-py3.8.egg-info' (and everything under it)
[0.555s] Copying ../../build/neck_cmds/neck_cmds.egg-info to /home/parallels/code/ros2-test/face-robot-01/install/neck_cmds/lib/python3.8/site-packages/neck_cmds-0.0.0-py3.8.egg-info
[0.555s] running install_scripts
[0.564s] Installing neck_node script to /home/parallels/code/ros2-test/face-robot-01/install/neck_cmds/lib/neck_cmds
[0.564s] writing list of installed files to '/home/parallels/code/ros2-test/face-robot-01/build/neck_cmds/install.log'
[0.580s] Invoked command in '/home/parallels/code/ros2-test/face-robot-01/src/neck_cmds' returned '0': PYTHONPATH=/home/parallels/code/ros2-test/face-robot-01/install/neck_cmds/lib/python3.8/site-packages:${PYTHONPATH} /usr/bin/python3 setup.py egg_info --egg-base ../../build/neck_cmds build --build-base /home/parallels/code/ros2-test/face-robot-01/build/neck_cmds/build install --prefix /home/parallels/code/ros2-test/face-robot-01/install/neck_cmds --record /home/parallels/code/ros2-test/face-robot-01/build/neck_cmds/install.log --single-version-externally-managed
