[0.710s] Invoking command in '/home/parallels/code/ros2-test/face-robot-01/src/mouth_cmds': PYTHONPATH=/home/parallels/code/ros2-test/face-robot-01/install/mouth_cmds/lib/python3.8/site-packages:${PYTHONPATH} /usr/bin/python3 setup.py egg_info --egg-base ../../build/mouth_cmds build --build-base /home/parallels/code/ros2-test/face-robot-01/build/mouth_cmds/build install --prefix /home/parallels/code/ros2-test/face-robot-01/install/mouth_cmds --record /home/parallels/code/ros2-test/face-robot-01/build/mouth_cmds/install.log --single-version-externally-managed
[0.823s] running egg_info
[0.823s] writing ../../build/mouth_cmds/mouth_cmds.egg-info/PKG-INFO
[0.823s] writing dependency_links to ../../build/mouth_cmds/mouth_cmds.egg-info/dependency_links.txt
[0.823s] writing entry points to ../../build/mouth_cmds/mouth_cmds.egg-info/entry_points.txt
[0.823s] writing requirements to ../../build/mouth_cmds/mouth_cmds.egg-info/requires.txt
[0.823s] writing top-level names to ../../build/mouth_cmds/mouth_cmds.egg-info/top_level.txt
[0.843s] reading manifest file '../../build/mouth_cmds/mouth_cmds.egg-info/SOURCES.txt'
[0.844s] writing manifest file '../../build/mouth_cmds/mouth_cmds.egg-info/SOURCES.txt'
[0.844s] running build
[0.844s] running build_py
[0.844s] copying mouth_cmds/mouthcmds.py -> /home/parallels/code/ros2-test/face-robot-01/build/mouth_cmds/build/lib/mouth_cmds
[0.844s] copying mouth_cmds/__init__.py -> /home/parallels/code/ros2-test/face-robot-01/build/mouth_cmds/build/lib/mouth_cmds
[0.844s] running install
[0.845s] running install_lib
[0.847s] copying /home/parallels/code/ros2-test/face-robot-01/build/mouth_cmds/build/lib/mouth_cmds/mouthcmds.py -> /home/parallels/code/ros2-test/face-robot-01/install/mouth_cmds/lib/python3.8/site-packages/mouth_cmds
[0.847s] copying /home/parallels/code/ros2-test/face-robot-01/build/mouth_cmds/build/lib/mouth_cmds/__init__.py -> /home/parallels/code/ros2-test/face-robot-01/install/mouth_cmds/lib/python3.8/site-packages/mouth_cmds
[0.848s] byte-compiling /home/parallels/code/ros2-test/face-robot-01/install/mouth_cmds/lib/python3.8/site-packages/mouth_cmds/mouthcmds.py to mouthcmds.cpython-38.pyc
[0.849s] byte-compiling /home/parallels/code/ros2-test/face-robot-01/install/mouth_cmds/lib/python3.8/site-packages/mouth_cmds/__init__.py to __init__.cpython-38.pyc
[0.849s] running install_data
[0.849s] copying resource/mouth_cmds -> /home/parallels/code/ros2-test/face-robot-01/install/mouth_cmds/share/ament_index/resource_index/packages
[0.850s] copying package.xml -> /home/parallels/code/ros2-test/face-robot-01/install/mouth_cmds/share/mouth_cmds
[0.850s] running install_egg_info
[0.851s] removing '/home/parallels/code/ros2-test/face-robot-01/install/mouth_cmds/lib/python3.8/site-packages/mouth_cmds-0.0.0-py3.8.egg-info' (and everything under it)
[0.851s] Copying ../../build/mouth_cmds/mouth_cmds.egg-info to /home/parallels/code/ros2-test/face-robot-01/install/mouth_cmds/lib/python3.8/site-packages/mouth_cmds-0.0.0-py3.8.egg-info
[0.852s] running install_scripts
[0.863s] Installing mouth_node script to /home/parallels/code/ros2-test/face-robot-01/install/mouth_cmds/lib/mouth_cmds
[0.863s] writing list of installed files to '/home/parallels/code/ros2-test/face-robot-01/build/mouth_cmds/install.log'
[0.877s] Invoked command in '/home/parallels/code/ros2-test/face-robot-01/src/mouth_cmds' returned '0': PYTHONPATH=/home/parallels/code/ros2-test/face-robot-01/install/mouth_cmds/lib/python3.8/site-packages:${PYTHONPATH} /usr/bin/python3 setup.py egg_info --egg-base ../../build/mouth_cmds build --build-base /home/parallels/code/ros2-test/face-robot-01/build/mouth_cmds/build install --prefix /home/parallels/code/ros2-test/face-robot-01/install/mouth_cmds --record /home/parallels/code/ros2-test/face-robot-01/build/mouth_cmds/install.log --single-version-externally-managed
