CMake Error at /opt/ros/foxy/share/rosidl_adapter/cmake/rosidl_adapt_interfaces.cmake:60 (message):
  execute_process(/home/parallels/miniconda3/bin/python3 -m rosidl_adapter
  --package-name robot_interfaces --arguments-file
  /home/parallels/code/ros2-test/face-robot-02/build/robot_interfaces/rosidl_adapter__arguments__robot_interfaces.json
  --output-dir
  /home/parallels/code/ros2-test/face-robot-02/build/robot_interfaces/rosidl_adapter/robot_interfaces
  --output-file
  /home/parallels/code/ros2-test/face-robot-02/build/robot_interfaces/rosidl_adapter/robot_interfaces.idls)
  returned error code 1:

  Traceback (most recent call last):

    File "/home/parallels/miniconda3/lib/python3.9/runpy.py", line 197, in _run_module_as_main
      return _run_code(code, main_globals, None,
    File "/home/parallels/miniconda3/lib/python3.9/runpy.py", line 87, in _run_code
      exec(code, run_globals)
    File "/opt/ros/foxy/lib/python3.8/site-packages/rosidl_adapter/__main__.py", line 19, in <module>
      sys.exit(main())
    File "/opt/ros/foxy/lib/python3.8/site-packages/rosidl_adapter/main.py", line 53, in main
      abs_idl_file = convert_to_idl(
    File "/opt/ros/foxy/lib/python3.8/site-packages/rosidl_adapter/__init__.py", line 23, in convert_to_idl
      from rosidl_adapter.srv import convert_srv_to_idl
    File "/opt/ros/foxy/lib/python3.8/site-packages/rosidl_adapter/srv/__init__.py", line 16, in <module>
      from rosidl_adapter.resource import expand_template
    File "/opt/ros/foxy/lib/python3.8/site-packages/rosidl_adapter/resource/__init__.py", line 19, in <module>
      import em

  ModuleNotFoundError: No module named 'em'

Call Stack (most recent call first):
  /opt/ros/foxy/share/rosidl_cmake/cmake/rosidl_generate_interfaces.cmake:130 (rosidl_adapt_interfaces)
  CMakeLists.txt:26 (rosidl_generate_interfaces)


