[0.680s] Invoking command in '/home/parallels/code/ros2-test/camera-test/src/eye_cmds': CONDA_PROMPT_MODIFIER=(base) PYTHONPATH=/home/parallels/code/ros2-test/camera-test/install/eye_cmds/lib/python3.8/site-packages:${PYTHONPATH} /usr/bin/python3 setup.py egg_info --egg-base ../../build/eye_cmds build --build-base /home/parallels/code/ros2-test/camera-test/build/eye_cmds/build install --prefix /home/parallels/code/ros2-test/camera-test/install/eye_cmds --record /home/parallels/code/ros2-test/camera-test/build/eye_cmds/install.log --single-version-externally-managed
[0.802s] running egg_info
[0.803s] writing ../../build/eye_cmds/eye_cmds.egg-info/PKG-INFO
[0.803s] writing dependency_links to ../../build/eye_cmds/eye_cmds.egg-info/dependency_links.txt
[0.803s] writing entry points to ../../build/eye_cmds/eye_cmds.egg-info/entry_points.txt
[0.803s] writing requirements to ../../build/eye_cmds/eye_cmds.egg-info/requires.txt
[0.804s] writing top-level names to ../../build/eye_cmds/eye_cmds.egg-info/top_level.txt
[0.828s] reading manifest file '../../build/eye_cmds/eye_cmds.egg-info/SOURCES.txt'
[0.829s] writing manifest file '../../build/eye_cmds/eye_cmds.egg-info/SOURCES.txt'
[0.829s] running build
[0.829s] running build_py
[0.829s] copying eye_cmds/eyecmds.py -> /home/parallels/code/ros2-test/camera-test/build/eye_cmds/build/lib/eye_cmds
[0.829s] running install
[0.829s] running install_lib
[0.830s] copying /home/parallels/code/ros2-test/camera-test/build/eye_cmds/build/lib/eye_cmds/eyecmds.py -> /home/parallels/code/ros2-test/camera-test/install/eye_cmds/lib/python3.8/site-packages/eye_cmds
[0.831s] byte-compiling /home/parallels/code/ros2-test/camera-test/install/eye_cmds/lib/python3.8/site-packages/eye_cmds/eyecmds.py to eyecmds.cpython-38.pyc
[0.833s] running install_data
[0.833s] running install_egg_info
[0.834s] removing '/home/parallels/code/ros2-test/camera-test/install/eye_cmds/lib/python3.8/site-packages/eye_cmds-0.0.0-py3.8.egg-info' (and everything under it)
[0.834s] Copying ../../build/eye_cmds/eye_cmds.egg-info to /home/parallels/code/ros2-test/camera-test/install/eye_cmds/lib/python3.8/site-packages/eye_cmds-0.0.0-py3.8.egg-info
[0.835s] running install_scripts
[0.850s] Installing eye_node script to /home/parallels/code/ros2-test/camera-test/install/eye_cmds/lib/eye_cmds
[0.850s] writing list of installed files to '/home/parallels/code/ros2-test/camera-test/build/eye_cmds/install.log'
[0.870s] Invoked command in '/home/parallels/code/ros2-test/camera-test/src/eye_cmds' returned '0': CONDA_PROMPT_MODIFIER=(base) PYTHONPATH=/home/parallels/code/ros2-test/camera-test/install/eye_cmds/lib/python3.8/site-packages:${PYTHONPATH} /usr/bin/python3 setup.py egg_info --egg-base ../../build/eye_cmds build --build-base /home/parallels/code/ros2-test/camera-test/build/eye_cmds/build install --prefix /home/parallels/code/ros2-test/camera-test/install/eye_cmds --record /home/parallels/code/ros2-test/camera-test/build/eye_cmds/install.log --single-version-externally-managed
