[9.755s] Invoking command in '/home/nvidia/Desktop/code/ros2-test/face-robot-01/src/eye_cmds': PYTHONPATH=/home/nvidia/Desktop/code/ros2-test/face-robot-01/build/eye_cmds/prefix_override:/home/nvidia/Desktop/code/ros2-test/face-robot-01/install/eye_cmds/lib/python3.8/site-packages:${PYTHONPATH} /usr/bin/python3 setup.py egg_info --egg-base ../../build/eye_cmds build --build-base /home/nvidia/Desktop/code/ros2-test/face-robot-01/build/eye_cmds/build install --record /home/nvidia/Desktop/code/ros2-test/face-robot-01/build/eye_cmds/install.log --single-version-externally-managed
[11.016s] running egg_info
[11.019s] writing ../../build/eye_cmds/eye_cmds.egg-info/PKG-INFO
[11.021s] writing dependency_links to ../../build/eye_cmds/eye_cmds.egg-info/dependency_links.txt
[11.022s] writing entry points to ../../build/eye_cmds/eye_cmds.egg-info/entry_points.txt
[11.025s] writing requirements to ../../build/eye_cmds/eye_cmds.egg-info/requires.txt
[11.026s] writing top-level names to ../../build/eye_cmds/eye_cmds.egg-info/top_level.txt
[11.237s] reading manifest file '../../build/eye_cmds/eye_cmds.egg-info/SOURCES.txt'
[11.243s] writing manifest file '../../build/eye_cmds/eye_cmds.egg-info/SOURCES.txt'
[11.245s] running build
[11.246s] running build_py
[11.248s] running install
[11.253s] running install_lib
[11.261s] running install_data
[11.264s] running install_egg_info
[11.274s] removing '/home/nvidia/Desktop/code/ros2-test/face-robot-01/install/eye_cmds/lib/python3.8/site-packages/eye_cmds-0.0.0-py3.8.egg-info' (and everything under it)
[11.281s] Copying ../../build/eye_cmds/eye_cmds.egg-info to /home/nvidia/Desktop/code/ros2-test/face-robot-01/install/eye_cmds/lib/python3.8/site-packages/eye_cmds-0.0.0-py3.8.egg-info
[11.306s] running install_scripts
[11.412s] Installing eye_node script to /home/nvidia/Desktop/code/ros2-test/face-robot-01/install/eye_cmds/bin
[11.415s] writing list of installed files to '/home/nvidia/Desktop/code/ros2-test/face-robot-01/build/eye_cmds/install.log'
[11.566s] Invoked command in '/home/nvidia/Desktop/code/ros2-test/face-robot-01/src/eye_cmds' returned '0': PYTHONPATH=/home/nvidia/Desktop/code/ros2-test/face-robot-01/build/eye_cmds/prefix_override:/home/nvidia/Desktop/code/ros2-test/face-robot-01/install/eye_cmds/lib/python3.8/site-packages:${PYTHONPATH} /usr/bin/python3 setup.py egg_info --egg-base ../../build/eye_cmds build --build-base /home/nvidia/Desktop/code/ros2-test/face-robot-01/build/eye_cmds/build install --record /home/nvidia/Desktop/code/ros2-test/face-robot-01/build/eye_cmds/install.log --single-version-externally-managed
