[8.754s] Invoking command in '/home/nvidia/Desktop/code/ros2-test/face-robot-01/src/mouth_cmds': PYTHONPATH=/home/nvidia/Desktop/code/ros2-test/face-robot-01/build/mouth_cmds/prefix_override:/home/nvidia/Desktop/code/ros2-test/face-robot-01/install/mouth_cmds/lib/python3.8/site-packages:${PYTHONPATH} /usr/bin/python3 setup.py egg_info --egg-base ../../build/mouth_cmds build --build-base /home/nvidia/Desktop/code/ros2-test/face-robot-01/build/mouth_cmds/build install --record /home/nvidia/Desktop/code/ros2-test/face-robot-01/build/mouth_cmds/install.log --single-version-externally-managed
[10.139s] running egg_info
[10.146s] writing ../../build/mouth_cmds/mouth_cmds.egg-info/PKG-INFO
[10.148s] writing dependency_links to ../../build/mouth_cmds/mouth_cmds.egg-info/dependency_links.txt
[10.150s] writing entry points to ../../build/mouth_cmds/mouth_cmds.egg-info/entry_points.txt
[10.151s] writing requirements to ../../build/mouth_cmds/mouth_cmds.egg-info/requires.txt
[10.153s] writing top-level names to ../../build/mouth_cmds/mouth_cmds.egg-info/top_level.txt
[10.422s] reading manifest file '../../build/mouth_cmds/mouth_cmds.egg-info/SOURCES.txt'
[10.429s] writing manifest file '../../build/mouth_cmds/mouth_cmds.egg-info/SOURCES.txt'
[10.430s] running build
[10.430s] running build_py
[10.433s] running install
[10.438s] running install_lib
[10.455s] running install_data
[10.461s] running install_egg_info
[10.469s] removing '/home/nvidia/Desktop/code/ros2-test/face-robot-01/install/mouth_cmds/lib/python3.8/site-packages/mouth_cmds-0.0.0-py3.8.egg-info' (and everything under it)
[10.477s] Copying ../../build/mouth_cmds/mouth_cmds.egg-info to /home/nvidia/Desktop/code/ros2-test/face-robot-01/install/mouth_cmds/lib/python3.8/site-packages/mouth_cmds-0.0.0-py3.8.egg-info
[10.493s] running install_scripts
[10.614s] Installing mouth_node script to /home/nvidia/Desktop/code/ros2-test/face-robot-01/install/mouth_cmds/bin
[10.622s] writing list of installed files to '/home/nvidia/Desktop/code/ros2-test/face-robot-01/build/mouth_cmds/install.log'
[10.937s] Invoked command in '/home/nvidia/Desktop/code/ros2-test/face-robot-01/src/mouth_cmds' returned '0': PYTHONPATH=/home/nvidia/Desktop/code/ros2-test/face-robot-01/build/mouth_cmds/prefix_override:/home/nvidia/Desktop/code/ros2-test/face-robot-01/install/mouth_cmds/lib/python3.8/site-packages:${PYTHONPATH} /usr/bin/python3 setup.py egg_info --egg-base ../../build/mouth_cmds build --build-base /home/nvidia/Desktop/code/ros2-test/face-robot-01/build/mouth_cmds/build install --record /home/nvidia/Desktop/code/ros2-test/face-robot-01/build/mouth_cmds/install.log --single-version-externally-managed
