[1.355s] Invoking command in '/home/parallels/code/ros2-test/camera-test/src/eye_cmds': CONDA_PROMPT_MODIFIER=(base) PYTHONPATH=/home/parallels/code/ros2-test/camera-test/install/eye_cmds/lib/python3.8/site-packages:${PYTHONPATH} /usr/bin/python3 setup.py egg_info --egg-base ../../build/eye_cmds build --build-base /home/parallels/code/ros2-test/camera-test/build/eye_cmds/build install --prefix /home/parallels/code/ros2-test/camera-test/install/eye_cmds --record /home/parallels/code/ros2-test/camera-test/build/eye_cmds/install.log --single-version-externally-managed
[1.928s] running egg_info
[1.929s] writing ../../build/eye_cmds/eye_cmds.egg-info/PKG-INFO
[1.930s] writing dependency_links to ../../build/eye_cmds/eye_cmds.egg-info/dependency_links.txt
[1.930s] writing entry points to ../../build/eye_cmds/eye_cmds.egg-info/entry_points.txt
[1.930s] writing requirements to ../../build/eye_cmds/eye_cmds.egg-info/requires.txt
[1.931s] writing top-level names to ../../build/eye_cmds/eye_cmds.egg-info/top_level.txt
[2.039s] reading manifest file '../../build/eye_cmds/eye_cmds.egg-info/SOURCES.txt'
[2.039s] writing manifest file '../../build/eye_cmds/eye_cmds.egg-info/SOURCES.txt'
[2.039s] running build
[2.039s] running build_py
[2.039s] running install
[2.040s] running install_lib
[2.068s] running install_data
[2.069s] running install_egg_info
[2.069s] removing '/home/parallels/code/ros2-test/camera-test/install/eye_cmds/lib/python3.8/site-packages/eye_cmds-0.0.0-py3.8.egg-info' (and everything under it)
[2.070s] Copying ../../build/eye_cmds/eye_cmds.egg-info to /home/parallels/code/ros2-test/camera-test/install/eye_cmds/lib/python3.8/site-packages/eye_cmds-0.0.0-py3.8.egg-info
[2.070s] running install_scripts
[2.134s] Installing eye_node script to /home/parallels/code/ros2-test/camera-test/install/eye_cmds/lib/eye_cmds
[2.136s] writing list of installed files to '/home/parallels/code/ros2-test/camera-test/build/eye_cmds/install.log'
[2.514s] Invoked command in '/home/parallels/code/ros2-test/camera-test/src/eye_cmds' returned '0': CONDA_PROMPT_MODIFIER=(base) PYTHONPATH=/home/parallels/code/ros2-test/camera-test/install/eye_cmds/lib/python3.8/site-packages:${PYTHONPATH} /usr/bin/python3 setup.py egg_info --egg-base ../../build/eye_cmds build --build-base /home/parallels/code/ros2-test/camera-test/build/eye_cmds/build install --prefix /home/parallels/code/ros2-test/camera-test/install/eye_cmds --record /home/parallels/code/ros2-test/camera-test/build/eye_cmds/install.log --single-version-externally-managed
