[1.015s] Invoking command in '/home/parallels/code/ros2-test/camera-test/src/neck_cmds': CONDA_PROMPT_MODIFIER=(base) PYTHONPATH=/home/parallels/code/ros2-test/camera-test/install/neck_cmds/lib/python3.8/site-packages:${PYTHONPATH} /usr/bin/python3 setup.py egg_info --egg-base ../../build/neck_cmds build --build-base /home/parallels/code/ros2-test/camera-test/build/neck_cmds/build install --prefix /home/parallels/code/ros2-test/camera-test/install/neck_cmds --record /home/parallels/code/ros2-test/camera-test/build/neck_cmds/install.log --single-version-externally-managed
[1.347s] running egg_info
[1.347s] writing ../../build/neck_cmds/neck_cmds.egg-info/PKG-INFO
[1.347s] writing dependency_links to ../../build/neck_cmds/neck_cmds.egg-info/dependency_links.txt
[1.347s] writing entry points to ../../build/neck_cmds/neck_cmds.egg-info/entry_points.txt
[1.349s] writing requirements to ../../build/neck_cmds/neck_cmds.egg-info/requires.txt
[1.349s] writing top-level names to ../../build/neck_cmds/neck_cmds.egg-info/top_level.txt
[1.390s] reading manifest file '../../build/neck_cmds/neck_cmds.egg-info/SOURCES.txt'
[1.391s] writing manifest file '../../build/neck_cmds/neck_cmds.egg-info/SOURCES.txt'
[1.393s] running build
[1.393s] running build_py
[1.393s] running install
[1.393s] running install_lib
[1.394s] running install_data
[1.394s] running install_egg_info
[1.395s] removing '/home/parallels/code/ros2-test/camera-test/install/neck_cmds/lib/python3.8/site-packages/neck_cmds-0.0.0-py3.8.egg-info' (and everything under it)
[1.395s] Copying ../../build/neck_cmds/neck_cmds.egg-info to /home/parallels/code/ros2-test/camera-test/install/neck_cmds/lib/python3.8/site-packages/neck_cmds-0.0.0-py3.8.egg-info
[1.396s] running install_scripts
[1.423s] Installing neck_node script to /home/parallels/code/ros2-test/camera-test/install/neck_cmds/lib/neck_cmds
[1.424s] writing list of installed files to '/home/parallels/code/ros2-test/camera-test/build/neck_cmds/install.log'
[1.457s] Invoked command in '/home/parallels/code/ros2-test/camera-test/src/neck_cmds' returned '0': CONDA_PROMPT_MODIFIER=(base) PYTHONPATH=/home/parallels/code/ros2-test/camera-test/install/neck_cmds/lib/python3.8/site-packages:${PYTHONPATH} /usr/bin/python3 setup.py egg_info --egg-base ../../build/neck_cmds build --build-base /home/parallels/code/ros2-test/camera-test/build/neck_cmds/build install --prefix /home/parallels/code/ros2-test/camera-test/install/neck_cmds --record /home/parallels/code/ros2-test/camera-test/build/neck_cmds/install.log --single-version-externally-managed
