[13.971s] Invoking command in '/home/nvidia/Desktop/code/ros2-test/face-robot-01/src/eye_cmds': PYTHONPATH=/home/nvidia/Desktop/code/ros2-test/face-robot-01/build/eye_cmds/prefix_override:/home/nvidia/Desktop/code/ros2-test/face-robot-01/install/eye_cmds/lib/python3.8/site-packages:${PYTHONPATH} /usr/bin/python3 setup.py egg_info --egg-base ../../build/eye_cmds build --build-base /home/nvidia/Desktop/code/ros2-test/face-robot-01/build/eye_cmds/build install --record /home/nvidia/Desktop/code/ros2-test/face-robot-01/build/eye_cmds/install.log --single-version-externally-managed
[17.242s] running egg_info
[17.243s] writing ../../build/eye_cmds/eye_cmds.egg-info/PKG-INFO
[17.244s] writing dependency_links to ../../build/eye_cmds/eye_cmds.egg-info/dependency_links.txt
[17.245s] writing entry points to ../../build/eye_cmds/eye_cmds.egg-info/entry_points.txt
[17.245s] writing requirements to ../../build/eye_cmds/eye_cmds.egg-info/requires.txt
[17.246s] writing top-level names to ../../build/eye_cmds/eye_cmds.egg-info/top_level.txt
[17.564s] reading manifest file '../../build/eye_cmds/eye_cmds.egg-info/SOURCES.txt'
[17.569s] writing manifest file '../../build/eye_cmds/eye_cmds.egg-info/SOURCES.txt'
[17.570s] running build
[17.572s] running build_py
[17.573s] running install
[17.577s] running install_lib
[17.597s] running install_data
[17.601s] running install_egg_info
[17.614s] removing '/home/nvidia/Desktop/code/ros2-test/face-robot-01/install/eye_cmds/lib/python3.8/site-packages/eye_cmds-0.0.0-py3.8.egg-info' (and everything under it)
[17.617s] Copying ../../build/eye_cmds/eye_cmds.egg-info to /home/nvidia/Desktop/code/ros2-test/face-robot-01/install/eye_cmds/lib/python3.8/site-packages/eye_cmds-0.0.0-py3.8.egg-info
[17.625s] running install_scripts
[17.790s] Installing eye_node script to /home/nvidia/Desktop/code/ros2-test/face-robot-01/install/eye_cmds/bin
[17.797s] writing list of installed files to '/home/nvidia/Desktop/code/ros2-test/face-robot-01/build/eye_cmds/install.log'
[18.116s] Invoked command in '/home/nvidia/Desktop/code/ros2-test/face-robot-01/src/eye_cmds' returned '0': PYTHONPATH=/home/nvidia/Desktop/code/ros2-test/face-robot-01/build/eye_cmds/prefix_override:/home/nvidia/Desktop/code/ros2-test/face-robot-01/install/eye_cmds/lib/python3.8/site-packages:${PYTHONPATH} /usr/bin/python3 setup.py egg_info --egg-base ../../build/eye_cmds build --build-base /home/nvidia/Desktop/code/ros2-test/face-robot-01/build/eye_cmds/build install --record /home/nvidia/Desktop/code/ros2-test/face-robot-01/build/eye_cmds/install.log --single-version-externally-managed
