[0.694s] Invoking command in '/home/parallels/code/ros2-test/camera-test/src/neck_cmds': CONDA_PROMPT_MODIFIER=(base) PYTHONPATH=/home/parallels/code/ros2-test/camera-test/install/neck_cmds/lib/python3.8/site-packages:${PYTHONPATH} /usr/bin/python3 setup.py egg_info --egg-base ../../build/neck_cmds build --build-base /home/parallels/code/ros2-test/camera-test/build/neck_cmds/build install --prefix /home/parallels/code/ros2-test/camera-test/install/neck_cmds --record /home/parallels/code/ros2-test/camera-test/build/neck_cmds/install.log --single-version-externally-managed
[0.820s] running egg_info
[0.821s] writing ../../build/neck_cmds/neck_cmds.egg-info/PKG-INFO
[0.821s] writing dependency_links to ../../build/neck_cmds/neck_cmds.egg-info/dependency_links.txt
[0.821s] writing entry points to ../../build/neck_cmds/neck_cmds.egg-info/entry_points.txt
[0.822s] writing requirements to ../../build/neck_cmds/neck_cmds.egg-info/requires.txt
[0.822s] writing top-level names to ../../build/neck_cmds/neck_cmds.egg-info/top_level.txt
[0.842s] reading manifest file '../../build/neck_cmds/neck_cmds.egg-info/SOURCES.txt'
[0.842s] writing manifest file '../../build/neck_cmds/neck_cmds.egg-info/SOURCES.txt'
[0.843s] running build
[0.843s] running build_py
[0.843s] running install
[0.848s] running install_lib
[0.848s] running install_data
[0.848s] running install_egg_info
[0.848s] removing '/home/parallels/code/ros2-test/camera-test/install/neck_cmds/lib/python3.8/site-packages/neck_cmds-0.0.0-py3.8.egg-info' (and everything under it)
[0.848s] Copying ../../build/neck_cmds/neck_cmds.egg-info to /home/parallels/code/ros2-test/camera-test/install/neck_cmds/lib/python3.8/site-packages/neck_cmds-0.0.0-py3.8.egg-info
[0.848s] running install_scripts
[0.859s] Installing neck_node script to /home/parallels/code/ros2-test/camera-test/install/neck_cmds/lib/neck_cmds
[0.859s] writing list of installed files to '/home/parallels/code/ros2-test/camera-test/build/neck_cmds/install.log'
[0.984s] Invoked command in '/home/parallels/code/ros2-test/camera-test/src/neck_cmds' returned '0': CONDA_PROMPT_MODIFIER=(base) PYTHONPATH=/home/parallels/code/ros2-test/camera-test/install/neck_cmds/lib/python3.8/site-packages:${PYTHONPATH} /usr/bin/python3 setup.py egg_info --egg-base ../../build/neck_cmds build --build-base /home/parallels/code/ros2-test/camera-test/build/neck_cmds/build install --prefix /home/parallels/code/ros2-test/camera-test/install/neck_cmds --record /home/parallels/code/ros2-test/camera-test/build/neck_cmds/install.log --single-version-externally-managed
