[0.008s] Invoking command in '/home/parallels/code/ros2-test/face-robot-02/build/robot_interfaces': CMAKE_PREFIX_PATH=/opt/ros/foxy /usr/bin/cmake /home/parallels/code/ros2-test/face-robot-02/src/robot_interfaces -DCMAKE_INSTALL_PREFIX=/home/parallels/code/ros2-test/face-robot-02/install/robot_interfaces
[0.020s] -- Found ament_cmake: 0.9.9 (/opt/ros/foxy/share/ament_cmake/cmake)
[0.036s] -- Found PythonInterp: /home/parallels/miniconda3/bin/python3 (found suitable version "3.9.12", minimum required is "3") 
[0.036s] -- Using PYTHON_EXECUTABLE: /home/parallels/miniconda3/bin/python3
[0.111s] -- Found std_msgs: 2.0.5 (/opt/ros/foxy/share/std_msgs/cmake)
[0.125s] -- Using all available rosidl_typesupport_c: rosidl_typesupport_fastrtps_c;rosidl_typesupport_introspection_c
[0.127s] -- Found rosidl_adapter: 1.2.1 (/opt/ros/foxy/share/rosidl_adapter/cmake)
[0.206s] -- Using all available rosidl_typesupport_cpp: rosidl_typesupport_fastrtps_cpp;rosidl_typesupport_introspection_cpp
[0.233s] -- Found rosidl_default_generators: 1.0.1 (/opt/ros/foxy/share/rosidl_default_generators/cmake)
[0.253s] -- Found PythonInterp: /home/parallels/miniconda3/bin/python3 (found version "3.9.12") 
[0.280s] CMake Error at /opt/ros/foxy/share/rosidl_adapter/cmake/rosidl_adapt_interfaces.cmake:60 (message):
[0.280s]   execute_process(/home/parallels/miniconda3/bin/python3 -m rosidl_adapter
[0.280s]   --package-name robot_interfaces --arguments-file
[0.280s]   /home/parallels/code/ros2-test/face-robot-02/build/robot_interfaces/rosidl_adapter__arguments__robot_interfaces.json
[0.280s]   --output-dir
[0.280s]   /home/parallels/code/ros2-test/face-robot-02/build/robot_interfaces/rosidl_adapter/robot_interfaces
[0.280s]   --output-file
[0.280s]   /home/parallels/code/ros2-test/face-robot-02/build/robot_interfaces/rosidl_adapter/robot_interfaces.idls)
[0.280s]   returned error code 1:
[0.280s] 
[0.280s]   Traceback (most recent call last):
[0.280s] 
[0.280s]     File "/home/parallels/miniconda3/lib/python3.9/runpy.py", line 197, in _run_module_as_main
[0.280s]       return _run_code(code, main_globals, None,
[0.280s]     File "/home/parallels/miniconda3/lib/python3.9/runpy.py", line 87, in _run_code
[0.280s]       exec(code, run_globals)
[0.280s]     File "/opt/ros/foxy/lib/python3.8/site-packages/rosidl_adapter/__main__.py", line 19, in <module>
[0.280s]       sys.exit(main())
[0.280s]     File "/opt/ros/foxy/lib/python3.8/site-packages/rosidl_adapter/main.py", line 53, in main
[0.280s]       abs_idl_file = convert_to_idl(
[0.281s]     File "/opt/ros/foxy/lib/python3.8/site-packages/rosidl_adapter/__init__.py", line 23, in convert_to_idl
[0.281s]       from rosidl_adapter.srv import convert_srv_to_idl
[0.281s]     File "/opt/ros/foxy/lib/python3.8/site-packages/rosidl_adapter/srv/__init__.py", line 16, in <module>
[0.281s]       from rosidl_adapter.resource import expand_template
[0.281s]     File "/opt/ros/foxy/lib/python3.8/site-packages/rosidl_adapter/resource/__init__.py", line 19, in <module>
[0.281s]       import em
[0.281s] 
[0.281s]   ModuleNotFoundError: No module named 'em'
[0.281s] 
[0.281s] Call Stack (most recent call first):
[0.281s]   /opt/ros/foxy/share/rosidl_cmake/cmake/rosidl_generate_interfaces.cmake:130 (rosidl_adapt_interfaces)
[0.281s]   CMakeLists.txt:26 (rosidl_generate_interfaces)
[0.281s] 
[0.281s] 
[0.281s] -- Configuring incomplete, errors occurred!
[0.281s] See also "/home/parallels/code/ros2-test/face-robot-02/build/robot_interfaces/CMakeFiles/CMakeOutput.log".
[0.284s] Invoked command in '/home/parallels/code/ros2-test/face-robot-02/build/robot_interfaces' returned '1': CMAKE_PREFIX_PATH=/opt/ros/foxy /usr/bin/cmake /home/parallels/code/ros2-test/face-robot-02/src/robot_interfaces -DCMAKE_INSTALL_PREFIX=/home/parallels/code/ros2-test/face-robot-02/install/robot_interfaces
