[0.627s] Invoking command in '/home/parallels/code/ros2-test/camera-test/src/nn_computer': CONDA_PROMPT_MODIFIER=(base) PYTHONPATH=/home/parallels/code/ros2-test/camera-test/install/nn_computer/lib/python3.8/site-packages:${PYTHONPATH} /usr/bin/python3 setup.py egg_info --egg-base ../../build/nn_computer build --build-base /home/parallels/code/ros2-test/camera-test/build/nn_computer/build install --prefix /home/parallels/code/ros2-test/camera-test/install/nn_computer --record /home/parallels/code/ros2-test/camera-test/build/nn_computer/install.log --single-version-externally-managed
[0.747s] running egg_info
[0.747s] writing ../../build/nn_computer/nn_computer.egg-info/PKG-INFO
[0.747s] writing dependency_links to ../../build/nn_computer/nn_computer.egg-info/dependency_links.txt
[0.747s] writing entry points to ../../build/nn_computer/nn_computer.egg-info/entry_points.txt
[0.748s] writing requirements to ../../build/nn_computer/nn_computer.egg-info/requires.txt
[0.748s] writing top-level names to ../../build/nn_computer/nn_computer.egg-info/top_level.txt
[0.770s] reading manifest file '../../build/nn_computer/nn_computer.egg-info/SOURCES.txt'
[0.770s] writing manifest file '../../build/nn_computer/nn_computer.egg-info/SOURCES.txt'
[0.770s] running build
[0.770s] running build_py
[0.770s] copying nn_computer/nncomputer.py -> /home/parallels/code/ros2-test/camera-test/build/nn_computer/build/lib/nn_computer
[0.770s] running install
[0.774s] running install_lib
[0.774s] copying /home/parallels/code/ros2-test/camera-test/build/nn_computer/build/lib/nn_computer/nncomputer.py -> /home/parallels/code/ros2-test/camera-test/install/nn_computer/lib/python3.8/site-packages/nn_computer
[0.774s] byte-compiling /home/parallels/code/ros2-test/camera-test/install/nn_computer/lib/python3.8/site-packages/nn_computer/nncomputer.py to nncomputer.cpython-38.pyc
[0.775s] running install_data
[0.776s] running install_egg_info
[0.777s] removing '/home/parallels/code/ros2-test/camera-test/install/nn_computer/lib/python3.8/site-packages/nn_computer-0.0.0-py3.8.egg-info' (and everything under it)
[0.778s] Copying ../../build/nn_computer/nn_computer.egg-info to /home/parallels/code/ros2-test/camera-test/install/nn_computer/lib/python3.8/site-packages/nn_computer-0.0.0-py3.8.egg-info
[0.778s] running install_scripts
[0.817s] Installing nn_node script to /home/parallels/code/ros2-test/camera-test/install/nn_computer/lib/nn_computer
[0.817s] writing list of installed files to '/home/parallels/code/ros2-test/camera-test/build/nn_computer/install.log'
[0.851s] Invoked command in '/home/parallels/code/ros2-test/camera-test/src/nn_computer' returned '0': CONDA_PROMPT_MODIFIER=(base) PYTHONPATH=/home/parallels/code/ros2-test/camera-test/install/nn_computer/lib/python3.8/site-packages:${PYTHONPATH} /usr/bin/python3 setup.py egg_info --egg-base ../../build/nn_computer build --build-base /home/parallels/code/ros2-test/camera-test/build/nn_computer/build install --prefix /home/parallels/code/ros2-test/camera-test/install/nn_computer --record /home/parallels/code/ros2-test/camera-test/build/nn_computer/install.log --single-version-externally-managed
