[0.285s] Invoking command in '/home/parallels/code/town_ws/src/village_li': PYTHONPATH=/home/parallels/code/town_ws/install/village_li/lib/python3.8/site-packages:${PYTHONPATH} /usr/bin/python3 setup.py egg_info --egg-base ../../build/village_li build --build-base /home/parallels/code/town_ws/build/village_li/build install --prefix /home/parallels/code/town_ws/install/village_li --record /home/parallels/code/town_ws/build/village_li/install.log --single-version-externally-managed
[0.380s] running egg_info
[0.381s] writing ../../build/village_li/village_li.egg-info/PKG-INFO
[0.381s] writing dependency_links to ../../build/village_li/village_li.egg-info/dependency_links.txt
[0.381s] writing entry points to ../../build/village_li/village_li.egg-info/entry_points.txt
[0.381s] writing requirements to ../../build/village_li/village_li.egg-info/requires.txt
[0.381s] writing top-level names to ../../build/village_li/village_li.egg-info/top_level.txt
[0.397s] reading manifest file '../../build/village_li/village_li.egg-info/SOURCES.txt'
[0.397s] writing manifest file '../../build/village_li/village_li.egg-info/SOURCES.txt'
[0.398s] running build
[0.398s] running build_py
[0.398s] copying village_li/li4.py -> /home/parallels/code/town_ws/build/village_li/build/lib/village_li
[0.398s] running install
[0.398s] running install_lib
[0.399s] copying /home/parallels/code/town_ws/build/village_li/build/lib/village_li/li4.py -> /home/parallels/code/town_ws/install/village_li/lib/python3.8/site-packages/village_li
[0.399s] byte-compiling /home/parallels/code/town_ws/install/village_li/lib/python3.8/site-packages/village_li/li4.py to li4.cpython-38.pyc
[0.400s] running install_data
[0.400s] running install_egg_info
[0.400s] removing '/home/parallels/code/town_ws/install/village_li/lib/python3.8/site-packages/village_li-0.0.0-py3.8.egg-info' (and everything under it)
[0.401s] Copying ../../build/village_li/village_li.egg-info to /home/parallels/code/town_ws/install/village_li/lib/python3.8/site-packages/village_li-0.0.0-py3.8.egg-info
[0.401s] running install_scripts
[0.411s] Installing li4_node script to /home/parallels/code/town_ws/install/village_li/lib/village_li
[0.411s] writing list of installed files to '/home/parallels/code/town_ws/build/village_li/install.log'
[0.423s] Invoked command in '/home/parallels/code/town_ws/src/village_li' returned '0': PYTHONPATH=/home/parallels/code/town_ws/install/village_li/lib/python3.8/site-packages:${PYTHONPATH} /usr/bin/python3 setup.py egg_info --egg-base ../../build/village_li build --build-base /home/parallels/code/town_ws/build/village_li/build install --prefix /home/parallels/code/town_ws/install/village_li --record /home/parallels/code/town_ws/build/village_li/install.log --single-version-externally-managed
