[8.956s] Invoking command in '/home/nvidia/Desktop/code/ros2-test/face-robot-01/src/neck_cmds': PYTHONPATH=/home/nvidia/Desktop/code/ros2-test/face-robot-01/build/neck_cmds/prefix_override:/home/nvidia/Desktop/code/ros2-test/face-robot-01/install/neck_cmds/lib/python3.8/site-packages:${PYTHONPATH} /usr/bin/python3 setup.py egg_info --egg-base ../../build/neck_cmds build --build-base /home/nvidia/Desktop/code/ros2-test/face-robot-01/build/neck_cmds/build install --record /home/nvidia/Desktop/code/ros2-test/face-robot-01/build/neck_cmds/install.log --single-version-externally-managed
[10.298s] running egg_info
[10.302s] writing ../../build/neck_cmds/neck_cmds.egg-info/PKG-INFO
[10.305s] writing dependency_links to ../../build/neck_cmds/neck_cmds.egg-info/dependency_links.txt
[10.307s] writing entry points to ../../build/neck_cmds/neck_cmds.egg-info/entry_points.txt
[10.309s] writing requirements to ../../build/neck_cmds/neck_cmds.egg-info/requires.txt
[10.311s] writing top-level names to ../../build/neck_cmds/neck_cmds.egg-info/top_level.txt
[10.544s] reading manifest file '../../build/neck_cmds/neck_cmds.egg-info/SOURCES.txt'
[10.550s] writing manifest file '../../build/neck_cmds/neck_cmds.egg-info/SOURCES.txt'
[10.552s] running build
[10.552s] running build_py
[10.556s] running install
[10.561s] running install_lib
[10.571s] running install_data
[10.578s] running install_egg_info
[10.589s] removing '/home/nvidia/Desktop/code/ros2-test/face-robot-01/install/neck_cmds/lib/python3.8/site-packages/neck_cmds-0.0.0-py3.8.egg-info' (and everything under it)
[10.593s] Copying ../../build/neck_cmds/neck_cmds.egg-info to /home/nvidia/Desktop/code/ros2-test/face-robot-01/install/neck_cmds/lib/python3.8/site-packages/neck_cmds-0.0.0-py3.8.egg-info
[10.600s] running install_scripts
[10.713s] Installing neck_node script to /home/nvidia/Desktop/code/ros2-test/face-robot-01/install/neck_cmds/bin
[10.716s] writing list of installed files to '/home/nvidia/Desktop/code/ros2-test/face-robot-01/build/neck_cmds/install.log'
[11.029s] Invoked command in '/home/nvidia/Desktop/code/ros2-test/face-robot-01/src/neck_cmds' returned '0': PYTHONPATH=/home/nvidia/Desktop/code/ros2-test/face-robot-01/build/neck_cmds/prefix_override:/home/nvidia/Desktop/code/ros2-test/face-robot-01/install/neck_cmds/lib/python3.8/site-packages:${PYTHONPATH} /usr/bin/python3 setup.py egg_info --egg-base ../../build/neck_cmds build --build-base /home/nvidia/Desktop/code/ros2-test/face-robot-01/build/neck_cmds/build install --record /home/nvidia/Desktop/code/ros2-test/face-robot-01/build/neck_cmds/install.log --single-version-externally-managed
