[0.007s] Invoking command in '/home/parallels/code/ros2-test/face-robot-02/build/robot_interfaces': /usr/bin/cmake /home/parallels/code/ros2-test/face-robot-02/src/robot_interfaces -DCMAKE_INSTALL_PREFIX=/home/parallels/code/ros2-test/face-robot-02/install/robot_interfaces
[0.018s] -- Found ament_cmake: 0.9.9 (/opt/ros/foxy/share/ament_cmake/cmake)
[0.033s] -- Found PythonInterp: /home/parallels/miniconda3/bin/python3 (found suitable version "3.9.12", minimum required is "3") 
[0.033s] -- Using PYTHON_EXECUTABLE: /home/parallels/miniconda3/bin/python3
[0.047s] Traceback (most recent call last):
[0.047s]   File "/opt/ros/foxy/share/ament_cmake_core/cmake/package_templates/templates_2_cmake.py", line 21, in <module>
[0.047s]     from ament_package.templates import get_environment_hook_template_path
[0.047s] ModuleNotFoundError: No module named 'ament_package'
[0.049s] CMake Error at /opt/ros/foxy/share/ament_cmake_core/cmake/ament_cmake_package_templates-extras.cmake:41 (message):
[0.049s]   execute_process(/home/parallels/miniconda3/bin/python3
[0.049s]   /opt/ros/foxy/share/ament_cmake_core/cmake/package_templates/templates_2_cmake.py
[0.049s]   /home/parallels/code/ros2-test/face-robot-02/build/robot_interfaces/ament_cmake_package_templates/templates.cmake)
[0.049s]   returned error code 1
[0.049s] Call Stack (most recent call first):
[0.049s]   /opt/ros/foxy/share/ament_cmake_core/cmake/ament_cmake_coreConfig.cmake:41 (include)
[0.049s]   /opt/ros/foxy/share/ament_cmake/cmake/ament_cmake_export_dependencies-extras.cmake:15 (find_package)
[0.049s]   /opt/ros/foxy/share/ament_cmake/cmake/ament_cmakeConfig.cmake:41 (include)
[0.049s]   CMakeLists.txt:19 (find_package)
[0.049s] 
[0.049s] 
[0.049s] -- Configuring incomplete, errors occurred!
[0.049s] See also "/home/parallels/code/ros2-test/face-robot-02/build/robot_interfaces/CMakeFiles/CMakeOutput.log".
[0.051s] Invoked command in '/home/parallels/code/ros2-test/face-robot-02/build/robot_interfaces' returned '1': /usr/bin/cmake /home/parallels/code/ros2-test/face-robot-02/src/robot_interfaces -DCMAKE_INSTALL_PREFIX=/home/parallels/code/ros2-test/face-robot-02/install/robot_interfaces
