[0.701s] Invoking command in '/home/parallels/code/ros2-test/camera-test/src/eye_cmds': CONDA_PROMPT_MODIFIER=(base) PYTHONPATH=/home/parallels/code/ros2-test/camera-test/install/eye_cmds/lib/python3.8/site-packages:${PYTHONPATH} /usr/bin/python3 setup.py egg_info --egg-base ../../build/eye_cmds build --build-base /home/parallels/code/ros2-test/camera-test/build/eye_cmds/build install --prefix /home/parallels/code/ros2-test/camera-test/install/eye_cmds --record /home/parallels/code/ros2-test/camera-test/build/eye_cmds/install.log --single-version-externally-managed
[0.808s] running egg_info
[0.808s] creating ../../build/eye_cmds/eye_cmds.egg-info
[0.808s] writing ../../build/eye_cmds/eye_cmds.egg-info/PKG-INFO
[0.808s] writing dependency_links to ../../build/eye_cmds/eye_cmds.egg-info/dependency_links.txt
[0.808s] writing entry points to ../../build/eye_cmds/eye_cmds.egg-info/entry_points.txt
[0.808s] writing requirements to ../../build/eye_cmds/eye_cmds.egg-info/requires.txt
[0.808s] writing top-level names to ../../build/eye_cmds/eye_cmds.egg-info/top_level.txt
[0.809s] writing manifest file '../../build/eye_cmds/eye_cmds.egg-info/SOURCES.txt'
[0.827s] reading manifest file '../../build/eye_cmds/eye_cmds.egg-info/SOURCES.txt'
[0.828s] writing manifest file '../../build/eye_cmds/eye_cmds.egg-info/SOURCES.txt'
[0.828s] running build
[0.828s] running build_py
[0.828s] creating /home/parallels/code/ros2-test/camera-test/build/eye_cmds/build
[0.828s] creating /home/parallels/code/ros2-test/camera-test/build/eye_cmds/build/lib
[0.828s] creating /home/parallels/code/ros2-test/camera-test/build/eye_cmds/build/lib/eye_cmds
[0.828s] copying eye_cmds/__init__.py -> /home/parallels/code/ros2-test/camera-test/build/eye_cmds/build/lib/eye_cmds
[0.829s] running install
[0.829s] running install_lib
[0.830s] creating /home/parallels/code/ros2-test/camera-test/install/eye_cmds/lib/python3.8/site-packages/eye_cmds
[0.830s] copying /home/parallels/code/ros2-test/camera-test/build/eye_cmds/build/lib/eye_cmds/__init__.py -> /home/parallels/code/ros2-test/camera-test/install/eye_cmds/lib/python3.8/site-packages/eye_cmds
[0.830s] byte-compiling /home/parallels/code/ros2-test/camera-test/install/eye_cmds/lib/python3.8/site-packages/eye_cmds/__init__.py to __init__.cpython-38.pyc
[0.831s] running install_data
[0.831s] creating /home/parallels/code/ros2-test/camera-test/install/eye_cmds/share/ament_index
[0.831s] creating /home/parallels/code/ros2-test/camera-test/install/eye_cmds/share/ament_index/resource_index
[0.831s] creating /home/parallels/code/ros2-test/camera-test/install/eye_cmds/share/ament_index/resource_index/packages
[0.831s] copying resource/eye_cmds -> /home/parallels/code/ros2-test/camera-test/install/eye_cmds/share/ament_index/resource_index/packages
[0.831s] copying package.xml -> /home/parallels/code/ros2-test/camera-test/install/eye_cmds/share/eye_cmds
[0.831s] running install_egg_info
[0.832s] Copying ../../build/eye_cmds/eye_cmds.egg-info to /home/parallels/code/ros2-test/camera-test/install/eye_cmds/lib/python3.8/site-packages/eye_cmds-0.0.0-py3.8.egg-info
[0.832s] running install_scripts
[0.847s] Installing eye_node script to /home/parallels/code/ros2-test/camera-test/install/eye_cmds/lib/eye_cmds
[0.847s] writing list of installed files to '/home/parallels/code/ros2-test/camera-test/build/eye_cmds/install.log'
[0.859s] Invoked command in '/home/parallels/code/ros2-test/camera-test/src/eye_cmds' returned '0': CONDA_PROMPT_MODIFIER=(base) PYTHONPATH=/home/parallels/code/ros2-test/camera-test/install/eye_cmds/lib/python3.8/site-packages:${PYTHONPATH} /usr/bin/python3 setup.py egg_info --egg-base ../../build/eye_cmds build --build-base /home/parallels/code/ros2-test/camera-test/build/eye_cmds/build install --prefix /home/parallels/code/ros2-test/camera-test/install/eye_cmds --record /home/parallels/code/ros2-test/camera-test/build/eye_cmds/install.log --single-version-externally-managed
