[3.489s] Invoking command in '/home/nvidia/Desktop/code/ros2-test/face-robot-01/src/nn_computer': PYTHONPATH=/home/nvidia/Desktop/code/ros2-test/face-robot-01/build/nn_computer/prefix_override:/home/nvidia/Desktop/code/ros2-test/face-robot-01/install/nn_computer/lib/python3.8/site-packages:${PYTHONPATH} /usr/bin/python3 setup.py egg_info --egg-base ../../build/nn_computer build --build-base /home/nvidia/Desktop/code/ros2-test/face-robot-01/build/nn_computer/build install --record /home/nvidia/Desktop/code/ros2-test/face-robot-01/build/nn_computer/install.log --single-version-externally-managed
[4.491s] running egg_info
[4.495s] writing ../../build/nn_computer/nn_computer.egg-info/PKG-INFO
[4.498s] writing dependency_links to ../../build/nn_computer/nn_computer.egg-info/dependency_links.txt
[4.500s] writing entry points to ../../build/nn_computer/nn_computer.egg-info/entry_points.txt
[4.511s] writing requirements to ../../build/nn_computer/nn_computer.egg-info/requires.txt
[4.512s] writing top-level names to ../../build/nn_computer/nn_computer.egg-info/top_level.txt
[4.654s] reading manifest file '../../build/nn_computer/nn_computer.egg-info/SOURCES.txt'
[4.659s] writing manifest file '../../build/nn_computer/nn_computer.egg-info/SOURCES.txt'
[4.659s] running build
[4.660s] running build_py
[4.661s] running install
[4.664s] running install_lib
[4.671s] running install_data
[4.682s] running install_egg_info
[4.689s] removing '/home/nvidia/Desktop/code/ros2-test/face-robot-01/install/nn_computer/lib/python3.8/site-packages/nn_computer-0.0.0-py3.8.egg-info' (and everything under it)
[4.692s] Copying ../../build/nn_computer/nn_computer.egg-info to /home/nvidia/Desktop/code/ros2-test/face-robot-01/install/nn_computer/lib/python3.8/site-packages/nn_computer-0.0.0-py3.8.egg-info
[4.696s] running install_scripts
[4.758s] Installing nn_node script to /home/nvidia/Desktop/code/ros2-test/face-robot-01/install/nn_computer/bin
[4.763s] writing list of installed files to '/home/nvidia/Desktop/code/ros2-test/face-robot-01/build/nn_computer/install.log'
[4.856s] Invoked command in '/home/nvidia/Desktop/code/ros2-test/face-robot-01/src/nn_computer' returned '0': PYTHONPATH=/home/nvidia/Desktop/code/ros2-test/face-robot-01/build/nn_computer/prefix_override:/home/nvidia/Desktop/code/ros2-test/face-robot-01/install/nn_computer/lib/python3.8/site-packages:${PYTHONPATH} /usr/bin/python3 setup.py egg_info --egg-base ../../build/nn_computer build --build-base /home/nvidia/Desktop/code/ros2-test/face-robot-01/build/nn_computer/build install --record /home/nvidia/Desktop/code/ros2-test/face-robot-01/build/nn_computer/install.log --single-version-externally-managed
