[1.495s] Invoking command in '/home/parallels/code/ros2-test/camera-test/src/mouth_cmds': CONDA_PROMPT_MODIFIER=(base) PYTHONPATH=/home/parallels/code/ros2-test/camera-test/install/mouth_cmds/lib/python3.8/site-packages:${PYTHONPATH} /usr/bin/python3 setup.py egg_info --egg-base ../../build/mouth_cmds build --build-base /home/parallels/code/ros2-test/camera-test/build/mouth_cmds/build install --prefix /home/parallels/code/ros2-test/camera-test/install/mouth_cmds --record /home/parallels/code/ros2-test/camera-test/build/mouth_cmds/install.log --single-version-externally-managed
[1.724s] running egg_info
[1.725s] writing ../../build/mouth_cmds/mouth_cmds.egg-info/PKG-INFO
[1.725s] writing dependency_links to ../../build/mouth_cmds/mouth_cmds.egg-info/dependency_links.txt
[1.725s] writing entry points to ../../build/mouth_cmds/mouth_cmds.egg-info/entry_points.txt
[1.726s] writing requirements to ../../build/mouth_cmds/mouth_cmds.egg-info/requires.txt
[1.726s] writing top-level names to ../../build/mouth_cmds/mouth_cmds.egg-info/top_level.txt
[1.782s] reading manifest file '../../build/mouth_cmds/mouth_cmds.egg-info/SOURCES.txt'
[1.782s] writing manifest file '../../build/mouth_cmds/mouth_cmds.egg-info/SOURCES.txt'
[1.783s] running build
[1.783s] running build_py
[1.783s] running install
[1.783s] running install_lib
[1.800s] running install_data
[1.801s] running install_egg_info
[1.808s] removing '/home/parallels/code/ros2-test/camera-test/install/mouth_cmds/lib/python3.8/site-packages/mouth_cmds-0.0.0-py3.8.egg-info' (and everything under it)
[1.809s] Copying ../../build/mouth_cmds/mouth_cmds.egg-info to /home/parallels/code/ros2-test/camera-test/install/mouth_cmds/lib/python3.8/site-packages/mouth_cmds-0.0.0-py3.8.egg-info
[1.810s] running install_scripts
[1.858s] Installing mouth_node script to /home/parallels/code/ros2-test/camera-test/install/mouth_cmds/lib/mouth_cmds
[1.858s] writing list of installed files to '/home/parallels/code/ros2-test/camera-test/build/mouth_cmds/install.log'
[1.986s] Invoked command in '/home/parallels/code/ros2-test/camera-test/src/mouth_cmds' returned '0': CONDA_PROMPT_MODIFIER=(base) PYTHONPATH=/home/parallels/code/ros2-test/camera-test/install/mouth_cmds/lib/python3.8/site-packages:${PYTHONPATH} /usr/bin/python3 setup.py egg_info --egg-base ../../build/mouth_cmds build --build-base /home/parallels/code/ros2-test/camera-test/build/mouth_cmds/build install --prefix /home/parallels/code/ros2-test/camera-test/install/mouth_cmds --record /home/parallels/code/ros2-test/camera-test/build/mouth_cmds/install.log --single-version-externally-managed
