[4.387s] Invoking command in '/home/nvidia/Desktop/code/ros2-test/face-robot-01/src/neck_cmds': PYTHONPATH=/home/nvidia/Desktop/code/ros2-test/face-robot-01/build/neck_cmds/prefix_override:/home/nvidia/Desktop/code/ros2-test/face-robot-01/install/neck_cmds/lib/python3.8/site-packages:${PYTHONPATH} /usr/bin/python3 setup.py egg_info --egg-base ../../build/neck_cmds build --build-base /home/nvidia/Desktop/code/ros2-test/face-robot-01/build/neck_cmds/build install --record /home/nvidia/Desktop/code/ros2-test/face-robot-01/build/neck_cmds/install.log --single-version-externally-managed
[5.694s] running egg_info
[5.696s] writing ../../build/neck_cmds/neck_cmds.egg-info/PKG-INFO
[5.698s] writing dependency_links to ../../build/neck_cmds/neck_cmds.egg-info/dependency_links.txt
[5.699s] writing entry points to ../../build/neck_cmds/neck_cmds.egg-info/entry_points.txt
[5.700s] writing requirements to ../../build/neck_cmds/neck_cmds.egg-info/requires.txt
[5.701s] writing top-level names to ../../build/neck_cmds/neck_cmds.egg-info/top_level.txt
[6.016s] reading manifest file '../../build/neck_cmds/neck_cmds.egg-info/SOURCES.txt'
[6.029s] writing manifest file '../../build/neck_cmds/neck_cmds.egg-info/SOURCES.txt'
[6.030s] running build
[6.030s] running build_py
[6.031s] running install
[6.034s] running install_lib
[6.044s] running install_data
[6.046s] running install_egg_info
[6.067s] removing '/home/nvidia/Desktop/code/ros2-test/face-robot-01/install/neck_cmds/lib/python3.8/site-packages/neck_cmds-0.0.0-py3.8.egg-info' (and everything under it)
[6.069s] Copying ../../build/neck_cmds/neck_cmds.egg-info to /home/nvidia/Desktop/code/ros2-test/face-robot-01/install/neck_cmds/lib/python3.8/site-packages/neck_cmds-0.0.0-py3.8.egg-info
[6.078s] running install_scripts
[6.208s] Installing neck_node script to /home/nvidia/Desktop/code/ros2-test/face-robot-01/install/neck_cmds/bin
[6.215s] writing list of installed files to '/home/nvidia/Desktop/code/ros2-test/face-robot-01/build/neck_cmds/install.log'
[6.362s] Invoked command in '/home/nvidia/Desktop/code/ros2-test/face-robot-01/src/neck_cmds' returned '0': PYTHONPATH=/home/nvidia/Desktop/code/ros2-test/face-robot-01/build/neck_cmds/prefix_override:/home/nvidia/Desktop/code/ros2-test/face-robot-01/install/neck_cmds/lib/python3.8/site-packages:${PYTHONPATH} /usr/bin/python3 setup.py egg_info --egg-base ../../build/neck_cmds build --build-base /home/nvidia/Desktop/code/ros2-test/face-robot-01/build/neck_cmds/build install --record /home/nvidia/Desktop/code/ros2-test/face-robot-01/build/neck_cmds/install.log --single-version-externally-managed
