[9.408s] Invoking command in '/home/nvidia/Desktop/code/ros2-test/face-robot-01/src/eye_cmds': PYTHONPATH=/home/nvidia/Desktop/code/ros2-test/face-robot-01/build/eye_cmds/prefix_override:/home/nvidia/Desktop/code/ros2-test/face-robot-01/install/eye_cmds/lib/python3.8/site-packages:${PYTHONPATH} /usr/bin/python3 setup.py egg_info --egg-base ../../build/eye_cmds build --build-base /home/nvidia/Desktop/code/ros2-test/face-robot-01/build/eye_cmds/build install --record /home/nvidia/Desktop/code/ros2-test/face-robot-01/build/eye_cmds/install.log --single-version-externally-managed
[10.627s] running egg_info
[10.633s] writing ../../build/eye_cmds/eye_cmds.egg-info/PKG-INFO
[10.637s] writing dependency_links to ../../build/eye_cmds/eye_cmds.egg-info/dependency_links.txt
[10.639s] writing entry points to ../../build/eye_cmds/eye_cmds.egg-info/entry_points.txt
[10.641s] writing requirements to ../../build/eye_cmds/eye_cmds.egg-info/requires.txt
[10.643s] writing top-level names to ../../build/eye_cmds/eye_cmds.egg-info/top_level.txt
[10.857s] reading manifest file '../../build/eye_cmds/eye_cmds.egg-info/SOURCES.txt'
[10.861s] writing manifest file '../../build/eye_cmds/eye_cmds.egg-info/SOURCES.txt'
[10.862s] running build
[10.863s] running build_py
[10.864s] copying eye_cmds/servo_motor_face.py -> /home/nvidia/Desktop/code/ros2-test/face-robot-01/build/eye_cmds/build/lib/eye_cmds
[10.864s] running install
[10.868s] running install_lib
[10.875s] copying /home/nvidia/Desktop/code/ros2-test/face-robot-01/build/eye_cmds/build/lib/eye_cmds/servo_motor_face.py -> /home/nvidia/Desktop/code/ros2-test/face-robot-01/install/eye_cmds/lib/python3.8/site-packages/eye_cmds
[10.878s] byte-compiling /home/nvidia/Desktop/code/ros2-test/face-robot-01/install/eye_cmds/lib/python3.8/site-packages/eye_cmds/servo_motor_face.py to servo_motor_face.cpython-38.pyc
[10.892s] running install_data
[10.894s] running install_egg_info
[10.901s] removing '/home/nvidia/Desktop/code/ros2-test/face-robot-01/install/eye_cmds/lib/python3.8/site-packages/eye_cmds-0.0.0-py3.8.egg-info' (and everything under it)
[10.904s] Copying ../../build/eye_cmds/eye_cmds.egg-info to /home/nvidia/Desktop/code/ros2-test/face-robot-01/install/eye_cmds/lib/python3.8/site-packages/eye_cmds-0.0.0-py3.8.egg-info
[10.910s] running install_scripts
[11.003s] Installing eye_node script to /home/nvidia/Desktop/code/ros2-test/face-robot-01/install/eye_cmds/bin
[11.006s] writing list of installed files to '/home/nvidia/Desktop/code/ros2-test/face-robot-01/build/eye_cmds/install.log'
[11.305s] Invoked command in '/home/nvidia/Desktop/code/ros2-test/face-robot-01/src/eye_cmds' returned '0': PYTHONPATH=/home/nvidia/Desktop/code/ros2-test/face-robot-01/build/eye_cmds/prefix_override:/home/nvidia/Desktop/code/ros2-test/face-robot-01/install/eye_cmds/lib/python3.8/site-packages:${PYTHONPATH} /usr/bin/python3 setup.py egg_info --egg-base ../../build/eye_cmds build --build-base /home/nvidia/Desktop/code/ros2-test/face-robot-01/build/eye_cmds/build install --record /home/nvidia/Desktop/code/ros2-test/face-robot-01/build/eye_cmds/install.log --single-version-externally-managed
